Log file open, 01/22/20 02:50:50
LogInit:Display: Running engine for game: EntregaJuegoUnreal2
LogPlatformFile: Not using cached read wrapper
LogInit:Display: RandInit(1655715551) SRandInit(1655715551).
LogTaskGraph: Started task graph with 5 named threads and 10 total threads with 1 sets of task threads.
LogStats: Stats thread started at 0.112337
LogInit: Using libcurl 7.47.1
LogInit:  - built for x86_64-pc-win32
LogInit:  - supports SSL with OpenSSL/1.0.2g
LogInit:  - supports HTTP deflate (compression) using libz 1.2.8
LogInit:  - other features:
LogInit:      CURL_VERSION_SSL
LogInit:      CURL_VERSION_LIBZ
LogInit:      CURL_VERSION_IPV6
LogInit:      CURL_VERSION_ASYNCHDNS
LogInit:      CURL_VERSION_LARGEFILE
LogInit:      CURL_VERSION_IDN
LogInit:  CurlRequestOptions (configurable via config and command line):
LogInit:  - bVerifyPeer = false  - Libcurl will NOT verify peer certificate
LogInit:  - bUseHttpProxy = false  - Libcurl will NOT use HTTP proxy
LogInit:  - bDontReuseConnections = false  - Libcurl will reuse connections
LogInit:  - CertBundlePath = nullptr  - Libcurl will use whatever was configured at build time.
LogInit: Build: ++UE4+Release-4.16-CL-3561208
LogInit: Engine Version: 4.16.3-3561208+++UE4+Release-4.16
LogInit: Compatible Engine Version: 4.16.0-3452394+++UE4+Release-4.16
LogInit: Net CL: 3452394
LogDevObjectVersion: Number of dev versions registered: 16
LogDevObjectVersion:   Dev-Blueprints (B0D832E4-1F89-4F0D-ACCF-7EB736FD4AA2): 9
LogDevObjectVersion:   Dev-Build (E1C64328-A22C-4D53-A36C-8E866417BD8C): 0
LogDevObjectVersion:   Dev-Core (375EC13C-06E4-48FB-B500-84F0262A717E): 2
LogDevObjectVersion:   Dev-Editor (E4B068ED-F494-42E9-A231-DA0B2E46BB41): 17
LogDevObjectVersion:   Dev-Framework (CFFC743F-43B0-4480-9391-14DF171D2073): 23
LogDevObjectVersion:   Dev-Mobile (B02B49B5-BB20-44E9-A304-32B752E40360): 0
LogDevObjectVersion:   Dev-Networking (A4E4105C-59A1-49B5-A7C5-40C4547EDFEE): 0
LogDevObjectVersion:   Dev-Online (39C831C9-5AE6-47DC-9A44-9C173E1C8E7C): 0
LogDevObjectVersion:   Dev-Physics (78F01B33-EBEA-4F98-B9B4-84EACCB95AA2): 0
LogDevObjectVersion:   Dev-Platform (6631380F-2D4D-43E0-8009-CF276956A95A): 0
LogDevObjectVersion:   Dev-Rendering (12F88B9F-8875-4AFC-A67C-D90C383ABD29): 15
LogDevObjectVersion:   Dev-Sequencer (7B5AE74C-D270-4C10-A958-57980B212A5A): 4
LogDevObjectVersion:   Dev-VR (D7296918-1DD6-4BDD-9DE2-64A83CC13884): 0
LogDevObjectVersion:   Dev-LoadTimes (C2A15278-BFE7-4AFE-6C17-90FF531DF755): 1
LogDevObjectVersion:   Private-Geometry (6EACA3D4-40EC-4CC1-B786-8BED09428FC5): 1
LogDevObjectVersion:   Dev-AnimPhys (29E575DD-E0A3-4627-9D10-D276232CDCEA): 3
LogInit: Compiled (64-bit): Jul 28 2017 11:49:47
LogInit: Compiled with Visual C++: 19.00.24215.01
LogInit: Build Configuration: Development
LogInit: Branch Name: ++UE4+Release-4.16
LogInit: Command line:  
LogInit: Base directory: C:/Program Files (x86)/Epic Games/UE_4.16/Engine/Binaries/Win64/
LogInit: Installed Engine Build: 1
LogInit: Presizing for max 8388607 objects, including 0 objects not considered by GC, pre-allocating 0 bytes for permanent pool.
LogInit: Object subsystem initialized
[2020.01.22-01.50.50:700][  0]LogInit: Selected Device Profile: [Windows]
[2020.01.22-01.50.50:700][  0]LogInit: Applying CVar settings loaded from the selected device profile: [Windows]
[2020.01.22-01.50.50:712][  0]LogInit: Computer: DESKTOP-VCH55FJ
[2020.01.22-01.50.50:712][  0]LogInit: User: CarlosGómez
[2020.01.22-01.50.50:712][  0]LogInit: CPU Page size=4096, Cores=6
[2020.01.22-01.50.50:712][  0]LogInit: High frequency timer resolution =10.000000 MHz
[2020.01.22-01.50.50:713][  0]LogMemory: Memory total: Physical=16.0GB (16GB approx)
[2020.01.22-01.50.50:713][  0]LogMemory: Platform Memory Stats for Windows
[2020.01.22-01.50.50:713][  0]LogMemory: Process Physical Memory: 273.82 MB used, 273.82 MB peak
[2020.01.22-01.50.50:713][  0]LogMemory: Process Virtual Memory: 271.32 MB used, 271.32 MB peak
[2020.01.22-01.50.50:713][  0]LogMemory: Physical Memory: 4272.14 MB used,  12061.56 MB free, 16333.70 MB total
[2020.01.22-01.50.50:713][  0]LogMemory: Virtual Memory: 4785.21 MB used,  12061.56 MB free, 134217728.00 MB total
[2020.01.22-01.50.50:779][  0]LogInit: Overriding language with editor language configuration option (en).
[2020.01.22-01.50.50:779][  0]LogInit: Overriding locale with editor locale configuration option (en).
[2020.01.22-01.50.51:622][  0]LogD3D11RHI: D3D11 adapters:
[2020.01.22-01.50.51:701][  0]LogD3D11RHI:    0. 'NVIDIA GeForce GTX 1660 Ti' (Feature Level 11_0)
[2020.01.22-01.50.51:701][  0]LogD3D11RHI:       5991/0/8166 MB DedicatedVideo/DedicatedSystem/SharedSystem, Outputs:2, VendorId:0x10de
[2020.01.22-01.50.51:703][  0]LogD3D11RHI:    1. 'Microsoft Basic Render Driver' (Feature Level 11_0)
[2020.01.22-01.50.51:703][  0]LogD3D11RHI:       0/0/8166 MB DedicatedVideo/DedicatedSystem/SharedSystem, Outputs:0, VendorId:0x1414
[2020.01.22-01.50.51:703][  0]LogD3D11RHI: Chosen D3D11 Adapter: 0
[2020.01.22-01.50.51:709][  0]LogD3D11RHI: Creating new Direct3DDevice
[2020.01.22-01.50.51:709][  0]LogD3D11RHI:     GPU DeviceId: 0x2182 (for the marketing name, search the web for "GPU Device Id")
[2020.01.22-01.50.51:709][  0]LogWindows: EnumDisplayDevices:
[2020.01.22-01.50.51:709][  0]LogWindows:    0. 'NVIDIA GeForce GTX 1660 Ti' (P:1 D:1)
[2020.01.22-01.50.51:709][  0]LogWindows:    1. 'NVIDIA GeForce GTX 1660 Ti' (P:0 D:1)
[2020.01.22-01.50.51:709][  0]LogWindows:    2. 'NVIDIA GeForce GTX 1660 Ti' (P:0 D:0)
[2020.01.22-01.50.51:709][  0]LogWindows:    3. 'NVIDIA GeForce GTX 1660 Ti' (P:0 D:0)
[2020.01.22-01.50.51:710][  0]LogWindows: DebugString: GetVideoDriverDetailsInvalid PrimaryIsNotTheChoosenAdapter GetVideoDriverDetailsInvalid PrimaryIsNotTheChoosenAdapter GetVideoDriverDetailsInvalid PrimaryIsNotTheChoosenAdapter GetVideoDriverDetailsInvalid PrimaryIsNotTheChoosenAdapter FoundDriverCount:0 
[2020.01.22-01.50.51:710][  0]LogD3D11RHI:     Adapter Name: NVIDIA GeForce GTX 1660 Ti
[2020.01.22-01.50.51:710][  0]LogD3D11RHI:   Driver Version: Unknown (internal:Unknown, unified:Unknown)
[2020.01.22-01.50.51:710][  0]LogD3D11RHI:      Driver Date: Unknown
[2020.01.22-01.50.51:710][  0]LogRHI: Texture pool is 1361 MB (70% of 1945 MB)
[2020.01.22-01.50.51:763][  0]LogD3D11RHI: Async texture creation enabled
[2020.01.22-01.50.51:774][  0]LogD3D11RHI: GPU Timing Frequency: 1000.000000 (Debug: 2 1)
[2020.01.22-01.50.51:776][  0]LogShaderCompilers: Guid format shader working directory is -30 characters bigger than the processId version (../../../../../../Users/Carlos Gómez/Desktop/videojuego_shooter/EntregaJuegoUnreal2/Intermediate/Shaders/WorkingDirectory/1300/).
[2020.01.22-01.50.51:776][  0]LogShaderCompilers: Cleaned the shader compiler working directory 'C:/Users/Carlos Gómez/AppData/Local/Temp/UnrealShaderWorkingDir/FDBEDE8F40A5C11582CC3ABE7ECD99C9/'.
[2020.01.22-01.50.51:776][  0]LogShaderCompilers:Display: Using Local Shader Compiler.
[2020.01.22-01.50.52:678][  0]LogTemp:Display: Loaded TP AllDesktopTargetPlatform
[2020.01.22-01.50.52:728][  0]LogTemp:Display: Loaded TP MacClientTargetPlatform
[2020.01.22-01.50.52:779][  0]LogTemp:Display: Loaded TP MacNoEditorTargetPlatform
[2020.01.22-01.50.52:828][  0]LogTemp:Display: Loaded TP MacServerTargetPlatform
[2020.01.22-01.50.52:879][  0]LogTemp:Display: Loaded TP MacTargetPlatform
[2020.01.22-01.50.52:936][  0]LogTemp:Display: Loaded TP WindowsClientTargetPlatform
[2020.01.22-01.50.52:986][  0]LogTemp:Display: Loaded TP WindowsNoEditorTargetPlatform
[2020.01.22-01.50.53:037][  0]LogTemp:Display: Loaded TP WindowsServerTargetPlatform
[2020.01.22-01.50.53:080][  0]LogTemp:Display: Loaded TP WindowsTargetPlatform
[2020.01.22-01.50.53:129][  0]LogTemp:Display: Loaded TP AndroidTargetPlatform
[2020.01.22-01.50.53:178][  0]LogTemp:Display: Loaded TP Android_ASTCTargetPlatform
[2020.01.22-01.50.53:227][  0]LogTemp:Display: Loaded TP Android_ATCTargetPlatform
[2020.01.22-01.50.53:277][  0]LogTemp:Display: Loaded TP Android_DXTTargetPlatform
[2020.01.22-01.50.53:326][  0]LogTemp:Display: Loaded TP Android_ETC1TargetPlatform
[2020.01.22-01.50.53:375][  0]LogTemp:Display: Loaded TP Android_ETC2TargetPlatform
[2020.01.22-01.50.53:473][  0]LogTemp:Display: Loaded TP Android_MultiTargetPlatform
[2020.01.22-01.50.53:473][  0]LogTemp:Display: Loaded TP Android_PVRTCTargetPlatform
[2020.01.22-01.50.53:513][  0]LogTemp:Display: Loaded TP HTML5TargetPlatform
[2020.01.22-01.50.53:606][  0]LogTemp:Display: Loaded TP IOSTargetPlatform
[2020.01.22-01.50.53:636][  0]LogTemp:Display: Loaded TP TVOSTargetPlatform
[2020.01.22-01.50.53:685][  0]LogTemp:Display: Loaded TP LinuxClientTargetPlatform
[2020.01.22-01.50.53:734][  0]LogTemp:Display: Loaded TP LinuxNoEditorTargetPlatform
[2020.01.22-01.50.53:783][  0]LogTemp:Display: Loaded TP LinuxServerTargetPlatform
[2020.01.22-01.50.53:832][  0]LogTemp:Display: Loaded TP LinuxTargetPlatform
[2020.01.22-01.50.53:832][  0]LogTargetPlatformManager:Display: Building Assets For Windows
[2020.01.22-01.50.54:313][  0]LogDerivedDataCache:Display: Max Cache Size: 512 MB
[2020.01.22-01.50.54:393][  0]LogDerivedDataCache: Loaded boot cache 0.08s 90MB C:/Users/Carlos Gómez/AppData/Local/UnrealEngine/4.16/DerivedDataCache/Boot.ddc.
[2020.01.22-01.50.54:393][  0]LogDerivedDataCache:Display: Loaded Boot cache: C:/Users/Carlos Gómez/AppData/Local/UnrealEngine/4.16/DerivedDataCache/Boot.ddc
[2020.01.22-01.50.54:393][  0]LogDerivedDataCache: FDerivedDataBackendGraph:  Pak pak cache file ../../../../../../Users/Carlos Gómez/Desktop/videojuego_shooter/EntregaJuegoUnreal2/DerivedDataCache/DDC.ddp not found, will not use a pak cache.
[2020.01.22-01.50.54:393][  0]LogDerivedDataCache: Unable to find inner node Pak for hierarchical cache Hierarchy.
[2020.01.22-01.50.54:393][  0]LogDerivedDataCache: FDerivedDataBackendGraph:  CompressedPak pak cache file ../../../../../../Users/Carlos Gómez/Desktop/videojuego_shooter/EntregaJuegoUnreal2/DerivedDataCache/Compressed.ddp not found, will not use a pak cache.
[2020.01.22-01.50.54:393][  0]LogDerivedDataCache: Unable to find inner node CompressedPak for hierarchical cache Hierarchy.
[2020.01.22-01.50.54:408][  0]LogDerivedDataCache:Display: Pak cache opened for reading ../../../Engine/DerivedDataCache/Compressed.ddp.
[2020.01.22-01.50.54:420][  0]LogDerivedDataCache: Using Local data cache path C:/Users/Carlos Gómez/AppData/Local/UnrealEngine/Common/DerivedDataCache: Writable
[2020.01.22-01.50.54:430][  0]LogMaterial: Verifying Global Shaders for PCD3D_SM5
[2020.01.22-01.50.54:430][  0]LogSlate: Using Freetype 2.6.0
[2020.01.22-01.50.54:431][  0]LogSlate: SlateFontCache - WITH_FREETYPE: 1, WITH_HARFBUZZ: 1
[2020.01.22-01.50.54:431][  0]LogSlate: SlateFontCache - WITH_FREETYPE: 1, WITH_HARFBUZZ: 1
[2020.01.22-01.50.54:738][  0]LogInit: Selected Device Profile: [Windows]
[2020.01.22-01.50.54:799][  0]LogContentStreaming: Texture pool size is 0.00 MB
[2020.01.22-01.50.54:935][  0]LogMeshUtilities: Using QuadricMeshReduction for automatic static mesh reduction
[2020.01.22-01.50.54:979][  0]LogSimplygon: Simplygon DLL not present - disabling.
[2020.01.22-01.50.55:025][  0]LogMeshUtilities: Using SimplygonSwarm for distributed automatic mesh merging
[2020.01.22-01.50.55:025][  0]LogMeshUtilities: No automatic skeletal mesh reduction module available
[2020.01.22-01.50.55:025][  0]LogMeshUtilities: No automatic mesh merging module available
[2020.01.22-01.50.55:514][  0]LogNetVersion: EntregaJuegoUnreal2 , NetCL: 3452394, EngineNetVer: 2, GameNetVer: 0 (Checksum: 2631086534)
[2020.01.22-01.50.55:575][  0]LogAssetRegistry: FAssetRegistry took 0.0257 seconds to start up
[2020.01.22-01.50.55:617][  0]LogPackageLocalizationCache: Processed 4 localized package path(s) for 1 prioritized culture(s) in 0.017950 seconds
[2020.01.22-01.50.55:622][  0]LogUObjectArray: 34194 objects as part of root set at end of initial load.
[2020.01.22-01.50.55:622][  0]LogUObjectAllocator: 7260416 out of 0 bytes used by permanent object pool.
[2020.01.22-01.50.55:622][  0]LogUObjectArray: CloseDisregardForGC: 0/0 objects in disregard for GC pool
[2020.01.22-01.50.55:685][  0]LogInit: WinSock: version 1.1 (2.2), MaxSocks=32767, MaxUdp=65467
[2020.01.22-01.50.57:357][  0]LogWmfMedia: Failed to load mf.dll
[2020.01.22-01.50.57:357][  0]LogWmfMedia: Failed to load required Windows Media Foundation libraries
[2020.01.22-01.50.57:402][  0]LogWindowsMoviePlayer: Could not load mf.dll. Library not found.
[2020.01.22-01.50.57:402][  0]LogWindowsMoviePlayer: Could not load mfplat.dll. Library not found.
[2020.01.22-01.50.57:403][  0]LogWindowsMoviePlayer: Could not load mfplay.dll. Library not found.
[2020.01.22-01.50.57:822][  0]LogTcpMessaging: Initializing TcpMessaging bridge
[2020.01.22-01.50.57:861][  0]LogUdpMessaging: Initializing bridge on interface 0.0.0.0:0 to multicast group 230.0.0.1:6666.
[2020.01.22-01.50.58:358][  0]LogMaterial: Uniform references updated for custom material expression Custom.
[2020.01.22-01.50.58:724][  0]SourceControl: Info Source control is disabled
[2020.01.22-01.50.58:725][  0]SourceControl: Info Source control is disabled
[2020.01.22-01.50.58:771][  0]SourceControl: Info Source control is disabled
[2020.01.22-01.50.58:818][  0]SourceControl: Info Source control is disabled
[2020.01.22-01.50.59:466][  0]LogAndroidPermission: UAndroidPermissionCallbackProxy::GetInstance
[2020.01.22-01.51.00:034][  0]LogEngine: Initializing Engine...
[2020.01.22-01.51.00:034][  0]LogHMD: Failed to initialize OpenVR with code 110
[2020.01.22-01.51.00:192][  0]LogStats: UGameplayTagsManager::ConstructGameplayTagTree: Construct from data asset -  0.000 s
[2020.01.22-01.51.00:192][  0]LogStats: UGameplayTagsManager::ConstructGameplayTagTree: GameplayTagTreeChangedEvent.Broadcast -  0.000 s
[2020.01.22-01.51.00:313][  0]LogAIModule: Creating AISystem for world Untitled
[2020.01.22-01.51.00:345][  0]LogInit: XAudio2 using 'Speakers (2- USB Audio Device)' : 2 channels at 48 kHz using 16 bits per sample (channel mask 0x3)
[2020.01.22-01.51.00:361][  0]LogInit: FAudioDevice initialized.
[2020.01.22-01.51.00:414][  0]LogDerivedDataCache: Saved boot cache 0.05s 90MB C:/Users/Carlos Gómez/AppData/Local/UnrealEngine/4.16/DerivedDataCache/Boot.ddc.
[2020.01.22-01.51.00:432][  0]LogInit: Texture streaming: Enabled
[2020.01.22-01.51.00:528][  0]LogEngineSessionManager: EngineSessionManager initialized
[2020.01.22-01.51.00:743][  0]LogInit: Transaction tracking system initialized
[2020.01.22-01.51.01:050][  0]BlueprintLog: New page: Editor Load
[2020.01.22-01.51.01:960][  0]LocalizationService: Info Localization service is disabled
[2020.01.22-01.51.02:615][  0]LogConsoleResponse:Display: 
[2020.01.22-01.51.02:739][  0]LogCook:Display: Max memory allowance for cook 16384mb min free memory 0mb
[2020.01.22-01.51.02:739][  0]LogCook:Display: Mobile HDR setting 1
[2020.01.22-01.51.02:913][  0]LogFileCache: Scanning file cache for directory 'C:/Users/Carlos Gómez/Desktop/videojuego_shooter/EntregaJuegoUnreal2/Content/' took 0.02s
[2020.01.22-01.51.03:729][  0]SourceControl: Info Source control is disabled
[2020.01.22-01.51.03:729][  0]Cmd: MAP LOAD FILE="../../../../../../Users/Carlos Gómez/Desktop/videojuego_shooter/EntregaJuegoUnreal2/Content/FirstPersonBP/Maps/MenuPrincipal.umap" TEMPLATE=0 SHOWPROGRESS=1 FEATURELEVEL=3
[2020.01.22-01.51.03:730][  0]LightingResults: New page: Lighting Build
[2020.01.22-01.51.03:770][  0]MapCheck: New page: Map Check
[2020.01.22-01.51.03:770][  0]LightingResults: New page: Lighting Build
[2020.01.22-01.51.03:810][  0]LogAIModule: Creating AISystem for world MenuPrincipal
[2020.01.22-01.51.03:811][  0]LogEditorServer: Finished looking for orphan Actors (0.000 secs)
[2020.01.22-01.51.03:817][  0]Cmd: MAP CHECKDEP NOCLEARLOG
[2020.01.22-01.51.03:863][  0]MapCheck: Info Map check complete: 0 Error(s), 0 Warning(s), took 46.658ms to complete.
[2020.01.22-01.51.03:864][  0]LogFileHelpers: Loading map 'MenuPrincipal' took 0.134
[2020.01.22-01.51.04:001][  0]LogCollectionManager: Loaded 0 collections in 0.001615 seconds
[2020.01.22-01.51.04:081][  0]LogFileCache: Scanning file cache for directory 'C:/Users/Carlos Gómez/Desktop/videojuego_shooter/EntregaJuegoUnreal2/Saved/Collections/' took 0.01s
[2020.01.22-01.51.04:081][  0]LogFileCache: Scanning file cache for directory 'C:/Users/Carlos Gómez/Desktop/videojuego_shooter/EntregaJuegoUnreal2/Content/Developers/CarlosGómez/Collections/' took 0.01s
[2020.01.22-01.51.04:081][  0]LogFileCache: Scanning file cache for directory 'C:/Users/Carlos Gómez/Desktop/videojuego_shooter/EntregaJuegoUnreal2/Content/Collections/' took 0.01s
[2020.01.22-01.51.04:081][  0]LogCollectionManager: Rebuilt the GUID cache for 0 collections in 0.000002 seconds
[2020.01.22-01.51.04:090][  0]LogContentBrowser: Native class hierarchy populated in 0.0093 seconds. Added 2329 classes and 491 folders.
[2020.01.22-01.51.04:153][  0]LogContentBrowser: Native class hierarchy updated for 'WidgetCarousel' in 0.0005 seconds. Added 0 classes and 0 folders.
[2020.01.22-01.51.04:189][  0]LogContentBrowser: Native class hierarchy updated for 'AddContentDialog' in 0.0005 seconds. Added 0 classes and 0 folders.
[2020.01.22-01.51.04:231][  0]LogContentBrowser: Native class hierarchy updated for 'SceneOutliner' in 0.0005 seconds. Added 1 classes and 2 folders.
[2020.01.22-01.51.04:305][  0]LogCrashTracker: Crashtracker disabled due to settings.
[2020.01.22-01.51.04:311][  0]LogSlate: Took 0.000238 seconds to synchronously load lazily loaded font '../../../Engine/Content/Slate/Fonts/Roboto-Regular.ttf' (155K)
[2020.01.22-01.51.04:313][  0]LogSlate: Took 0.000285 seconds to synchronously load lazily loaded font '../../../Engine/Content/Slate/Fonts/Roboto-Bold.ttf' (160K)
[2020.01.22-01.51.04:319][  0]LogSlate: Took 0.000248 seconds to synchronously load lazily loaded font '../../../Engine/Content/Editor/Slate/Fonts/FontAwesome.ttf' (139K)
[2020.01.22-01.51.04:396][  0]LogRenderer: Reallocating scene render targets to support 1208x576 NumSamples 1 (Frame:1).
[2020.01.22-01.51.04:537][  0]LogUObjectGlobals:Warning: Failed to find object 'Class None.'
[2020.01.22-01.51.04:602][  0]LogContentBrowser: Native class hierarchy updated for 'HierarchicalLODOutliner' in 0.0006 seconds. Added 1 classes and 2 folders.
[2020.01.22-01.51.04:602][  0]LogLoad: (Engine Initialization) Total time: 15.52 seconds
[2020.01.22-01.51.04:602][  0]LogLoad: (Engine Initialization) Total Blueprint compile time: 0.05 seconds
[2020.01.22-01.51.04:602][  0]LogExternalProfiler: No external profilers were discovered.  External profiling features will not be available.
[2020.01.22-01.51.04:611][  0]LogOcInput: OculusInput pre-init called
[2020.01.22-01.51.04:611][  0]LogHMD: Starting GearVRController plugin
[2020.01.22-01.51.04:642][  0]LogContentStreaming: Texture pool size now 1000 MB
[2020.01.22-01.51.04:681][  0]LogSlate: Took 0.000148 seconds to synchronously load lazily loaded font '../../../Engine/Content/Slate/Fonts/Roboto-Light.ttf' (159K)
[2020.01.22-01.51.04:709][  1]LogAssetRegistry: Asset discovery search completed in 9.1562 seconds
[2020.01.22-01.51.04:711][  1]LogCollectionManager: Rebuilt the object cache for 0 collections in 0.000001 seconds (found 0 objects)
[2020.01.22-01.51.04:711][  1]LogCollectionManager: Fixed up redirectors for 0 collections in 0.000026 seconds (updated 0 objects)
[2020.01.22-01.51.09:705][593]LogFileCache: Retrieving MD5 hashes for directory 'C:/Users/Carlos Gómez/Desktop/videojuego_shooter/EntregaJuegoUnreal2/Content/' took 5.08s
[2020.01.22-01.51.11:520][707]LogSlate: Took 0.000201 seconds to synchronously load lazily loaded font '../../../Engine/Content/Slate/Fonts/Roboto-Light.ttf' (159K)
[2020.01.22-01.51.11:895][707]LogContentBrowser: Native class hierarchy updated for 'BlueprintGraph' in 0.0009 seconds. Added 112 classes and 0 folders.
[2020.01.22-01.51.12:440][707]LogSlate: Took 0.000161 seconds to synchronously load lazily loaded font '../../../Engine/Content/Slate/Fonts/Roboto-Regular.ttf' (155K)
[2020.01.22-01.51.12:512][707]LogSlate: Took 0.000305 seconds to synchronously load lazily loaded font '../../../Engine/Content/Editor/Slate/Fonts/Roboto-BoldCondensed.ttf' (158K)
[2020.01.22-01.51.12:646][708]LogSlate: Took 0.000259 seconds to synchronously load lazily loaded font '../../../Engine/Content/Editor/Slate/Fonts/Roboto-Italic.ttf' (157K)
[2020.01.22-01.52.28:603][745]LogSavePackage: Save=194.69ms
[2020.01.22-01.52.28:603][745]LogSavePackage: Moving '../../../../../../Users/Carlos Gómez/Desktop/videojuego_shooter/EntregaJuegoUnreal2/Saved/JugadorF3F068884C7E0FA749AE34B3773B419E.tmp' to '../../../../../../Users/Carlos Gómez/Desktop/videojuego_shooter/EntregaJuegoUnreal2/Content/FirstPersonBP/Blueprints/Jugador.uasset'
[2020.01.22-01.52.28:606][745]LogSavePackage:Display: Finished SavePackage ../../../../../../Users/Carlos Gómez/Desktop/videojuego_shooter/EntregaJuegoUnreal2/Content/FirstPersonBP/Blueprints/Jugador.uasset
[2020.01.22-01.54.20:699][536]LogSavePackage: Save=193.87ms
[2020.01.22-01.54.20:699][536]LogSavePackage: Moving '../../../../../../Users/Carlos Gómez/Desktop/videojuego_shooter/EntregaJuegoUnreal2/Saved/Jugador6174FB4E4B20A1C235277093C9FBE3EC.tmp' to '../../../../../../Users/Carlos Gómez/Desktop/videojuego_shooter/EntregaJuegoUnreal2/Content/FirstPersonBP/Blueprints/Jugador.uasset'
[2020.01.22-01.54.20:701][536]LogSavePackage:Display: Finished SavePackage ../../../../../../Users/Carlos Gómez/Desktop/videojuego_shooter/EntregaJuegoUnreal2/Content/FirstPersonBP/Blueprints/Jugador.uasset
[2020.01.22-01.54.21:167][578]BlueprintLog: New page: Compile Jugador
[2020.01.22-01.55.15:973][993]BlueprintLog: New page: Compile Jugador
[2020.01.22-01.55.17:252][ 18]LogSavePackage: Save=201.66ms
[2020.01.22-01.55.17:252][ 18]LogSavePackage: Moving '../../../../../../Users/Carlos Gómez/Desktop/videojuego_shooter/EntregaJuegoUnreal2/Saved/Jugador5E977A2B4C857B4739FCC2BAAEA92BA4.tmp' to '../../../../../../Users/Carlos Gómez/Desktop/videojuego_shooter/EntregaJuegoUnreal2/Content/FirstPersonBP/Blueprints/Jugador.uasset'
[2020.01.22-01.55.17:255][ 18]LogSavePackage:Display: Finished SavePackage ../../../../../../Users/Carlos Gómez/Desktop/videojuego_shooter/EntregaJuegoUnreal2/Content/FirstPersonBP/Blueprints/Jugador.uasset
[2020.01.22-01.55.28:376][898]LogSavePackage: Save=187.67ms
[2020.01.22-01.55.28:376][898]LogSavePackage: Moving '../../../../../../Users/Carlos Gómez/Desktop/videojuego_shooter/EntregaJuegoUnreal2/Saved/JugadorFA7DD5F849D305E12DEB9788241F7B39.tmp' to '../../../../../../Users/Carlos Gómez/Desktop/videojuego_shooter/EntregaJuegoUnreal2/Content/FirstPersonBP/Blueprints/Jugador.uasset'
[2020.01.22-01.55.28:379][898]LogSavePackage:Display: Finished SavePackage ../../../../../../Users/Carlos Gómez/Desktop/videojuego_shooter/EntregaJuegoUnreal2/Content/FirstPersonBP/Blueprints/Jugador.uasset
[2020.01.22-01.55.51:879][797]LogSavePackage: Save=189.46ms
[2020.01.22-01.55.51:879][797]LogSavePackage: Moving '../../../../../../Users/Carlos Gómez/Desktop/videojuego_shooter/EntregaJuegoUnreal2/Saved/Jugador0C8BFFF846CA97BA4FB7179934E349C2.tmp' to '../../../../../../Users/Carlos Gómez/Desktop/videojuego_shooter/EntregaJuegoUnreal2/Content/FirstPersonBP/Blueprints/Jugador.uasset'
[2020.01.22-01.55.51:882][797]LogSavePackage:Display: Finished SavePackage ../../../../../../Users/Carlos Gómez/Desktop/videojuego_shooter/EntregaJuegoUnreal2/Content/FirstPersonBP/Blueprints/Jugador.uasset
[2020.01.22-01.55.54:454][965]LogSavePackage: Save=184.97ms
[2020.01.22-01.55.54:454][965]LogSavePackage: Moving '../../../../../../Users/Carlos Gómez/Desktop/videojuego_shooter/EntregaJuegoUnreal2/Saved/Jugador0B910B074AB92772488A38A7BDEA4586.tmp' to '../../../../../../Users/Carlos Gómez/Desktop/videojuego_shooter/EntregaJuegoUnreal2/Content/FirstPersonBP/Blueprints/Jugador.uasset'
[2020.01.22-01.55.54:455][965]LogSavePackage:Display: Finished SavePackage ../../../../../../Users/Carlos Gómez/Desktop/videojuego_shooter/EntregaJuegoUnreal2/Content/FirstPersonBP/Blueprints/Jugador.uasset
[2020.01.22-01.57.59:515][576]LogSavePackage: Save=202.26ms
[2020.01.22-01.57.59:515][576]LogSavePackage: Moving '../../../../../../Users/Carlos Gómez/Desktop/videojuego_shooter/EntregaJuegoUnreal2/Saved/Jugador64EC6797446CF1FABE97BE87D507B88F.tmp' to '../../../../../../Users/Carlos Gómez/Desktop/videojuego_shooter/EntregaJuegoUnreal2/Content/FirstPersonBP/Blueprints/Jugador.uasset'
[2020.01.22-01.57.59:518][576]LogSavePackage:Display: Finished SavePackage ../../../../../../Users/Carlos Gómez/Desktop/videojuego_shooter/EntregaJuegoUnreal2/Content/FirstPersonBP/Blueprints/Jugador.uasset
[2020.01.22-01.57.59:785][598]BlueprintLog: New page: Compile Jugador
[2020.01.22-02.03.31:994][235]LogSavePackage: Save=207.40ms
[2020.01.22-02.03.31:994][235]LogSavePackage: Moving '../../../../../../Users/Carlos Gómez/Desktop/videojuego_shooter/EntregaJuegoUnreal2/Saved/Jugador564FFC0D4801196D800987A293489E0A.tmp' to '../../../../../../Users/Carlos Gómez/Desktop/videojuego_shooter/EntregaJuegoUnreal2/Content/FirstPersonBP/Blueprints/Jugador.uasset'
[2020.01.22-02.03.31:996][235]LogSavePackage:Display: Finished SavePackage ../../../../../../Users/Carlos Gómez/Desktop/videojuego_shooter/EntregaJuegoUnreal2/Content/FirstPersonBP/Blueprints/Jugador.uasset
[2020.01.22-02.03.32:519][284]BlueprintLog: New page: Compile Jugador
[2020.01.22-02.04.04:465][ 65]LogSavePackage: Save=208.28ms
[2020.01.22-02.04.04:465][ 65]LogSavePackage: Moving '../../../../../../Users/Carlos Gómez/Desktop/videojuego_shooter/EntregaJuegoUnreal2/Saved/Jugador516D9E8644FDE9A3D0E3199D1E1C7CE2.tmp' to '../../../../../../Users/Carlos Gómez/Desktop/videojuego_shooter/EntregaJuegoUnreal2/Content/FirstPersonBP/Blueprints/Jugador.uasset'
[2020.01.22-02.04.04:466][ 65]LogSavePackage:Display: Finished SavePackage ../../../../../../Users/Carlos Gómez/Desktop/videojuego_shooter/EntregaJuegoUnreal2/Content/FirstPersonBP/Blueprints/Jugador.uasset
[2020.01.22-02.05.48:287][577]LogSavePackage: Save=207.69ms
[2020.01.22-02.05.48:287][577]LogSavePackage: Moving '../../../../../../Users/Carlos Gómez/Desktop/videojuego_shooter/EntregaJuegoUnreal2/Saved/Jugador2CB5E2A84700D9500D6CC9BA3EFC761B.tmp' to '../../../../../../Users/Carlos Gómez/Desktop/videojuego_shooter/EntregaJuegoUnreal2/Content/FirstPersonBP/Blueprints/Jugador.uasset'
[2020.01.22-02.05.48:290][577]LogSavePackage:Display: Finished SavePackage ../../../../../../Users/Carlos Gómez/Desktop/videojuego_shooter/EntregaJuegoUnreal2/Content/FirstPersonBP/Blueprints/Jugador.uasset
[2020.01.22-02.06.17:576][819]LogSavePackage: Save=206.57ms
[2020.01.22-02.06.17:576][819]LogSavePackage: Moving '../../../../../../Users/Carlos Gómez/Desktop/videojuego_shooter/EntregaJuegoUnreal2/Saved/JugadorF624233749C1552FE1D2B0AE005EC17E.tmp' to '../../../../../../Users/Carlos Gómez/Desktop/videojuego_shooter/EntregaJuegoUnreal2/Content/FirstPersonBP/Blueprints/Jugador.uasset'
[2020.01.22-02.06.17:579][819]LogSavePackage:Display: Finished SavePackage ../../../../../../Users/Carlos Gómez/Desktop/videojuego_shooter/EntregaJuegoUnreal2/Content/FirstPersonBP/Blueprints/Jugador.uasset
[2020.01.22-02.07.50:799][942]BlueprintLog: New page: Compile Jugador
[2020.01.22-02.08.06:354][328]LogSlate: Took 0.000232 seconds to synchronously load lazily loaded font '../../../Engine/Content/Slate/Fonts/Roboto-Light.ttf' (159K)
[2020.01.22-02.08.10:383][662]LogSavePackage: Save=212.60ms
[2020.01.22-02.08.10:384][662]LogSavePackage: Moving '../../../../../../Users/Carlos Gómez/Desktop/videojuego_shooter/EntregaJuegoUnreal2/Saved/JugadorBF4DCD5E495E330A51F2A38A6FD7E3B0.tmp' to '../../../../../../Users/Carlos Gómez/Desktop/videojuego_shooter/EntregaJuegoUnreal2/Content/FirstPersonBP/Blueprints/Jugador.uasset'
[2020.01.22-02.08.10:387][662]LogSavePackage:Display: Finished SavePackage ../../../../../../Users/Carlos Gómez/Desktop/videojuego_shooter/EntregaJuegoUnreal2/Content/FirstPersonBP/Blueprints/Jugador.uasset
[2020.01.22-02.08.27:338][946]LogEditorTransaction: Undo Move Node
[2020.01.22-02.08.48:985][756]LogSavePackage: Save=209.83ms
[2020.01.22-02.08.48:985][756]LogSavePackage: Moving '../../../../../../Users/Carlos Gómez/Desktop/videojuego_shooter/EntregaJuegoUnreal2/Saved/JugadorFED576894EC101DE55792CA2CF023598.tmp' to '../../../../../../Users/Carlos Gómez/Desktop/videojuego_shooter/EntregaJuegoUnreal2/Content/FirstPersonBP/Blueprints/Jugador.uasset'
[2020.01.22-02.08.48:987][756]LogSavePackage:Display: Finished SavePackage ../../../../../../Users/Carlos Gómez/Desktop/videojuego_shooter/EntregaJuegoUnreal2/Content/FirstPersonBP/Blueprints/Jugador.uasset
[2020.01.22-02.08.49:268][776]BlueprintLog: New page: Compile Jugador
[2020.01.22-02.08.59:550][521]LogSavePackage: Save=210.23ms
[2020.01.22-02.08.59:550][521]LogSavePackage: Moving '../../../../../../Users/Carlos Gómez/Desktop/videojuego_shooter/EntregaJuegoUnreal2/Saved/Jugador5784B9EF431D5A8580A7698C56486EDF.tmp' to '../../../../../../Users/Carlos Gómez/Desktop/videojuego_shooter/EntregaJuegoUnreal2/Content/FirstPersonBP/Blueprints/Jugador.uasset'
[2020.01.22-02.08.59:551][521]LogSavePackage:Display: Finished SavePackage ../../../../../../Users/Carlos Gómez/Desktop/videojuego_shooter/EntregaJuegoUnreal2/Content/FirstPersonBP/Blueprints/Jugador.uasset
[2020.01.22-02.09.32:585][336]LogSavePackage: Save=202.38ms
[2020.01.22-02.09.32:586][336]LogSavePackage: Moving '../../../../../../Users/Carlos Gómez/Desktop/videojuego_shooter/EntregaJuegoUnreal2/Saved/Jugador1F89BF7547EC19F2AFC13D8271946D79.tmp' to '../../../../../../Users/Carlos Gómez/Desktop/videojuego_shooter/EntregaJuegoUnreal2/Content/FirstPersonBP/Blueprints/Jugador.uasset'
[2020.01.22-02.09.32:587][336]LogSavePackage:Display: Finished SavePackage ../../../../../../Users/Carlos Gómez/Desktop/videojuego_shooter/EntregaJuegoUnreal2/Content/FirstPersonBP/Blueprints/Jugador.uasset
[2020.01.22-02.09.47:634][669]LogSavePackage: Save=211.71ms
[2020.01.22-02.09.47:634][669]LogSavePackage: Moving '../../../../../../Users/Carlos Gómez/Desktop/videojuego_shooter/EntregaJuegoUnreal2/Saved/Jugador416B861446364407711CCAA973A1A633.tmp' to '../../../../../../Users/Carlos Gómez/Desktop/videojuego_shooter/EntregaJuegoUnreal2/Content/FirstPersonBP/Blueprints/Jugador.uasset'
[2020.01.22-02.09.47:636][669]LogSavePackage:Display: Finished SavePackage ../../../../../../Users/Carlos Gómez/Desktop/videojuego_shooter/EntregaJuegoUnreal2/Content/FirstPersonBP/Blueprints/Jugador.uasset
[2020.01.22-02.09.49:431][798]LogSavePackage: Save=204.44ms
[2020.01.22-02.09.49:431][798]LogSavePackage: Moving '../../../../../../Users/Carlos Gómez/Desktop/videojuego_shooter/EntregaJuegoUnreal2/Saved/Jugador2479878E432F32E72AFD97A003E44D6C.tmp' to '../../../../../../Users/Carlos Gómez/Desktop/videojuego_shooter/EntregaJuegoUnreal2/Content/FirstPersonBP/Blueprints/Jugador.uasset'
[2020.01.22-02.09.49:433][798]LogSavePackage:Display: Finished SavePackage ../../../../../../Users/Carlos Gómez/Desktop/videojuego_shooter/EntregaJuegoUnreal2/Content/FirstPersonBP/Blueprints/Jugador.uasset
[2020.01.22-02.10.28:544][445]LogSlate: Took 0.007862 seconds to synchronously load lazily loaded font '../../../Engine/Content/Slate/Fonts/DroidSansFallback.ttf' (3848K)
[2020.01.22-02.12.28:721][704]LogSavePackage: Save=217.93ms
[2020.01.22-02.12.28:721][704]LogSavePackage: Moving '../../../../../../Users/Carlos Gómez/Desktop/videojuego_shooter/EntregaJuegoUnreal2/Saved/Jugador1537E6DA48918F1093340D8745DEAF2D.tmp' to '../../../../../../Users/Carlos Gómez/Desktop/videojuego_shooter/EntregaJuegoUnreal2/Content/FirstPersonBP/Blueprints/Jugador.uasset'
[2020.01.22-02.12.28:724][704]LogSavePackage:Display: Finished SavePackage ../../../../../../Users/Carlos Gómez/Desktop/videojuego_shooter/EntregaJuegoUnreal2/Content/FirstPersonBP/Blueprints/Jugador.uasset
[2020.01.22-02.12.29:121][736]BlueprintLog: New page: Compile Jugador
[2020.01.22-02.13.31:828][978]LogEditorTransaction: Undo Delete current selection
[2020.01.22-02.13.32:021][982]LogEditorTransaction: Undo Delete current selection
[2020.01.22-02.13.32:309][992]LogEditorTransaction: Undo Delete current selection
[2020.01.22-02.13.32:508][997]LogEditorTransaction: Undo Add Node
[2020.01.22-02.13.32:768][  7]LogEditorTransaction: Undo Move Nodes
[2020.01.22-02.13.32:990][ 14]LogEditorTransaction: Undo Move Node
[2020.01.22-02.13.33:206][ 20]LogEditorTransaction: Undo Move Nodes
[2020.01.22-02.13.33:410][ 25]LogEditorTransaction: Undo Move Node
[2020.01.22-02.13.33:653][ 34]LogEditorTransaction: Undo Move Nodes
[2020.01.22-02.13.33:860][ 40]LogEditorTransaction: Undo Create Pin Link
[2020.01.22-02.13.34:184][ 55]LogEditorTransaction: Undo Move Nodes
[2020.01.22-02.13.34:451][ 66]LogEditorTransaction: Undo Paste clipboard contents
[2020.01.22-02.13.34:768][ 81]LogEditorTransaction: Undo Create Pin Link
[2020.01.22-02.13.35:035][ 92]LogEditorTransaction: Undo Move Node
[2020.01.22-02.13.35:560][125]LogEditorTransaction: Undo Move Nodes
[2020.01.22-02.13.35:850][138]LogEditorTransaction: Undo Move Nodes
[2020.01.22-02.13.36:297][164]LogEditorTransaction: Undo Move Nodes
[2020.01.22-02.13.37:147][224]LogEditorTransaction: Undo Move Node
[2020.01.22-02.13.37:375][232]LogEditorTransaction: Undo Move Node
[2020.01.22-02.13.37:817][258]LogEditorTransaction: Undo Move Node
[2020.01.22-02.13.38:091][270]LogEditorTransaction: Undo Add Node
[2020.01.22-02.13.38:650][306]LogEditorTransaction: Undo Add Node
[2020.01.22-02.13.39:177][340]LogEditorTransaction: Undo Move Node
[2020.01.22-02.13.39:746][377]LogEditorTransaction: Undo Add Component Nodes
[2020.01.22-02.13.42:940][624]BlueprintLog: New page: Compile Jugador
[2020.01.22-02.13.43:082][624]LogUObjectHash:Warning: Ambiguous search, could be K2Node_DynamicCast /Game/FirstPersonBP/Blueprints/Jugador.Jugador:EventGraph.K2Node_DynamicCast_88 or K2Node_DynamicCast /Game/FirstPersonBP/Blueprints/Jugador.Jugador:EventGraph.K2Node_DynamicCast_88
[2020.01.22-02.13.43:082][624]LogUObjectHash:Warning: Ambiguous search, could be K2Node_VariableGet /Game/FirstPersonBP/Blueprints/Jugador.Jugador:EventGraph.K2Node_VariableGet_204 or K2Node_VariableGet /Game/FirstPersonBP/Blueprints/Jugador.Jugador:EventGraph.K2Node_VariableGet_204
[2020.01.22-02.13.43:082][624]LogUObjectHash:Warning: Ambiguous search, could be K2Node_VariableGet /Game/FirstPersonBP/Blueprints/Jugador.Jugador:EventGraph.K2Node_VariableGet_349 or K2Node_VariableGet /Game/FirstPersonBP/Blueprints/Jugador.Jugador:EventGraph.K2Node_VariableGet_349
[2020.01.22-02.17.01:878][742]LogSavePackage: Save=210.92ms
[2020.01.22-02.17.01:878][742]LogSavePackage: Moving '../../../../../../Users/Carlos Gómez/Desktop/videojuego_shooter/EntregaJuegoUnreal2/Saved/Jugador79026FC74F86DDDCEBCA1C9727615C9D.tmp' to '../../../../../../Users/Carlos Gómez/Desktop/videojuego_shooter/EntregaJuegoUnreal2/Content/FirstPersonBP/Blueprints/Jugador.uasset'
[2020.01.22-02.17.01:880][742]LogSavePackage:Display: Finished SavePackage ../../../../../../Users/Carlos Gómez/Desktop/videojuego_shooter/EntregaJuegoUnreal2/Content/FirstPersonBP/Blueprints/Jugador.uasset
[2020.01.22-02.17.04:379][996]LogTemp: Repeting last play command: Selected Viewport
[2020.01.22-02.17.04:475][996]LogBlueprintUserMessages: Early PlayInEditor Detection: Level '/Game/FirstPersonBP/Maps/MenuPrincipal.MenuPrincipal:PersistentLevel' has LevelScriptBlueprint '/Game/FirstPersonBP/Maps/MenuPrincipal.MenuPrincipal:PersistentLevel.MenuPrincipal' with GeneratedClass '/Game/FirstPersonBP/Maps/MenuPrincipal.MenuPrincipal_C' with ClassGeneratedBy '/Game/FirstPersonBP/Maps/MenuPrincipal.MenuPrincipal:PersistentLevel.MenuPrincipal'
[2020.01.22-02.17.04:475][996]LogPlayLevel: PlayLevel: No blueprints needed recompiling
[2020.01.22-02.17.04:475][996]PIE: New page: PIE session: MenuPrincipal (Jan 22, 2020, 4:17:04 AM)
[2020.01.22-02.17.04:475][996]LogPlayLevel: Creating play world package: /Game/FirstPersonBP/Maps/UEDPIE_0_MenuPrincipal
[2020.01.22-02.17.04:476][996]LogPlayLevel: PIE: StaticDuplicateObject took: (0.000901s)
[2020.01.22-02.17.04:477][996]LogAIModule: Creating AISystem for world MenuPrincipal
[2020.01.22-02.17.04:477][996]LogPlayLevel: PIE: World Init took: (0.000585s)
[2020.01.22-02.17.04:477][996]LogPlayLevel: PIE: Created PIE world by copying editor world from /Game/FirstPersonBP/Maps/MenuPrincipal.MenuPrincipal to /Game/FirstPersonBP/Maps/UEDPIE_0_MenuPrincipal.MenuPrincipal (0.001667s)
[2020.01.22-02.17.04:515][996]LogInit: XAudio2 using 'Speakers (2- USB Audio Device)' : 2 channels at 48 kHz using 16 bits per sample (channel mask 0x3)
[2020.01.22-02.17.04:525][996]LogInit: FAudioDevice initialized.
[2020.01.22-02.17.04:571][996]LogLoad: Game class is 'ModoMenu_C'
[2020.01.22-02.17.04:572][996]LogWorld: Bringing World /Game/FirstPersonBP/Maps/UEDPIE_0_MenuPrincipal.MenuPrincipal up for play (max tick rate 0) at 2020.01.22-03.17.04
[2020.01.22-02.17.04:573][996]LogWorld: Bringing up level for play took: 0.000618
[2020.01.22-02.17.04:615][996]LogContentBrowser: Native class hierarchy updated for 'MovieSceneCapture' in 0.0006 seconds. Added 11 classes and 0 folders.
[2020.01.22-02.17.04:616][996]PIE: Info Play in editor start time for /Game/FirstPersonBP/Maps/UEDPIE_0_MenuPrincipal 0.265
[2020.01.22-02.17.04:617][996]LogBlueprintUserMessages: Late PlayInEditor Detection: Level '/Game/FirstPersonBP/Maps/MenuPrincipal.MenuPrincipal:PersistentLevel' has LevelScriptBlueprint '/Game/FirstPersonBP/Maps/MenuPrincipal.MenuPrincipal:PersistentLevel.MenuPrincipal' with GeneratedClass '/Game/FirstPersonBP/Maps/MenuPrincipal.MenuPrincipal_C' with ClassGeneratedBy '/Game/FirstPersonBP/Maps/MenuPrincipal.MenuPrincipal:PersistentLevel.MenuPrincipal'
[2020.01.22-02.17.05:653][118]LogNet: Browse: /Game/FirstPersonBP/Maps/FirstPersonExampleMap
[2020.01.22-02.17.05:653][118]LogLoad: LoadMap: /Game/FirstPersonBP/Maps/FirstPersonExampleMap
[2020.01.22-02.17.05:671][118]Cmd: MEM
[2020.01.22-02.17.05:688][118]LogMemory: Platform Memory Stats for Windows
[2020.01.22-02.17.05:688][118]LogMemory: Process Physical Memory: 1611.13 MB used, 1611.13 MB peak
[2020.01.22-02.17.05:688][118]LogMemory: Process Virtual Memory: 2467.59 MB used, 2475.78 MB peak
[2020.01.22-02.17.05:688][118]LogMemory: Physical Memory: 5714.00 MB used,  10619.71 MB free, 16333.70 MB total
[2020.01.22-02.17.05:688][118]LogMemory: Virtual Memory: 7541.64 MB used,  10619.71 MB free, 134217728.00 MB total
[2020.01.22-02.17.05:688][118]LogMemory: 
[2020.01.22-02.17.05:688][118]Allocator Stats for TBB: (not implemented)
[2020.01.22-02.17.06:178][118]LogLinker:Warning: Can't find file '/Game/cha_unity/Arboles/Texturas/leaves'
[2020.01.22-02.17.06:178][118]LogLinker:Warning: Can't find file for asset '/Game/cha_unity/Arboles/Texturas/leaves' while loading ../../../../../../Users/Carlos Gómez/Desktop/videojuego_shooter/EntregaJuegoUnreal2/Content/Estructuras/Arboles/Arboles/Tree_FBX.uasset.
[2020.01.22-02.17.06:178][118]LoadErrors:Error: Error /Game/Estructuras/Arboles/Arboles/Tree_FBX : Can't find file for asset. /Game/cha_unity/Arboles/Texturas/leaves
[2020.01.22-02.17.06:178][118]LogLinker:Warning: Can't find file '/Game/cha_unity/Arboles/Texturas/trunk'
[2020.01.22-02.17.06:178][118]LogLinker:Warning: Can't find file for asset '/Game/cha_unity/Arboles/Texturas/trunk' while loading ../../../../../../Users/Carlos Gómez/Desktop/videojuego_shooter/EntregaJuegoUnreal2/Content/Estructuras/Arboles/Arboles/Tree_FBX.uasset.
[2020.01.22-02.17.06:178][118]LoadErrors:Error: Error /Game/Estructuras/Arboles/Arboles/Tree_FBX : Can't find file for asset. /Game/cha_unity/Arboles/Texturas/trunk
[2020.01.22-02.17.06:179][118]LogLinker:Warning: Can't find file '/Game/cha_unity/Arboles/Texturas/leaves'
[2020.01.22-02.17.06:179][118]LogLinker:Warning: Can't find file for asset '/Game/cha_unity/Arboles/Texturas/leaves' while loading ../../../../../../Users/Carlos Gómez/Desktop/videojuego_shooter/EntregaJuegoUnreal2/Content/Estructuras/Arboles/Arboles/Tree_FBX.uasset.
[2020.01.22-02.17.06:179][118]LogLinker:Warning: Can't find file '/Game/cha_unity/Arboles/Texturas/trunk'
[2020.01.22-02.17.06:179][118]LogLinker:Warning: Can't find file for asset '/Game/cha_unity/Arboles/Texturas/trunk' while loading ../../../../../../Users/Carlos Gómez/Desktop/videojuego_shooter/EntregaJuegoUnreal2/Content/Estructuras/Arboles/Arboles/Tree_FBX.uasset.
[2020.01.22-02.17.06:343][118]LogLinker:Warning: Can't find file '/Game/cha_unity/Arboles/Texturas/trunk'
[2020.01.22-02.17.06:343][118]LoadErrors: Info Failed to load /Game/cha_unity/Arboles/Texturas/trunk.trunk Referenced by Tree_FBX
[2020.01.22-02.17.06:343][118]LogLinker:Warning: Can't find file for asset '/Game/cha_unity/Arboles/Texturas/trunk' while loading NULL.
[2020.01.22-02.17.06:343][118]LogLinker:Warning: Can't find file '/Game/cha_unity/Arboles/Texturas/leaves'
[2020.01.22-02.17.06:343][118]LoadErrors: Info Failed to load /Game/cha_unity/Arboles/Texturas/leaves.leaves Referenced by Tree_FBX
[2020.01.22-02.17.06:343][118]LogLinker:Warning: Can't find file for asset '/Game/cha_unity/Arboles/Texturas/leaves' while loading NULL.
[2020.01.22-02.17.07:770][118]LogAIModule: Creating AISystem for world FirstPersonExampleMap
[2020.01.22-02.17.07:771][118]LogLoad: Game class is 'FirstPersonGameMode_C'
[2020.01.22-02.17.07:787][118]LogWorld: Bringing World /Game/FirstPersonBP/Maps/UEDPIE_0_FirstPersonExampleMap.FirstPersonExampleMap up for play (max tick rate 0) at 2020.01.22-03.17.07
[2020.01.22-02.17.07:788][118]LogWorld: Bringing up level for play took: 0.016375
[2020.01.22-02.17.07:793][118]LogLoad: Took 2.139621 seconds to LoadMap(/Game/FirstPersonBP/Maps/FirstPersonExampleMap)
[2020.01.22-02.17.09:149][197]LogBlueprintUserMessages: [ZombieSimple_92] atacando
[2020.01.22-02.17.10:138][281]LogBlueprintUserMessages: [MuroZombies2] 150
[2020.01.22-02.17.11:649][412]LogBlueprintUserMessages: [MuroZombies2] 100
[2020.01.22-02.17.12:156][454]LogBlueprintUserMessages: [ZombieSimple_92] atacando
[2020.01.22-02.17.13:162][536]LogBlueprintUserMessages: [MuroZombies2] 50
[2020.01.22-02.17.14:666][661]LogBlueprintUserMessages: [MuroZombies2] 0
[2020.01.22-02.17.16:228][769]LogBlueprintUserMessages: [Gun_Pistol_C_0] Finished
[2020.01.22-02.17.17:519][869]LogBlueprintUserMessages: [ZombieSimple_92] Daño : 150
[2020.01.22-02.17.17:906][893]LogBlueprintUserMessages: [ZombieSimple_92] Daño : 150
[2020.01.22-02.17.18:380][919]LogBlueprintUserMessages: [ZombieSimple_92] Daño : 150
[2020.01.22-02.17.18:822][947]LogBlueprintUserMessages: [ZombieSimple_92] atacando
[2020.01.22-02.17.22:042][221]LogBlueprintUserMessages: [Gun_Pistol_C_0] Finished
[2020.01.22-02.17.25:422][518]LogBlueprintUserMessages: [Gun_Pistol_C_0] Finished
[2020.01.22-02.17.45:126][230]LogBlueprintUserMessages: [Gun_Pistol_C_0] Finished
[2020.01.22-02.17.58:268][273]LogBlueprintUserMessages: Early EndPlayMap Detection: Level '/Game/FirstPersonBP/Maps/MenuPrincipal.MenuPrincipal:PersistentLevel' has LevelScriptBlueprint '/Game/FirstPersonBP/Maps/MenuPrincipal.MenuPrincipal:PersistentLevel.MenuPrincipal' with GeneratedClass '/Game/FirstPersonBP/Maps/MenuPrincipal.MenuPrincipal_C' with ClassGeneratedBy '/Game/FirstPersonBP/Maps/MenuPrincipal.MenuPrincipal:PersistentLevel.MenuPrincipal'
[2020.01.22-02.17.58:318][273]LogBlueprintUserMessages: Late EndPlayMap Detection: Level '/Game/FirstPersonBP/Maps/MenuPrincipal.MenuPrincipal:PersistentLevel' has LevelScriptBlueprint '/Game/FirstPersonBP/Maps/MenuPrincipal.MenuPrincipal:PersistentLevel.MenuPrincipal' with GeneratedClass '/Game/FirstPersonBP/Maps/MenuPrincipal.MenuPrincipal_C' with ClassGeneratedBy '/Game/FirstPersonBP/Maps/MenuPrincipal.MenuPrincipal:PersistentLevel.MenuPrincipal'
[2020.01.22-02.17.59:740][418]LogSavePackage: Save=121.30ms
[2020.01.22-02.17.59:740][418]LogSavePackage: Moving '../../../../../../Users/Carlos Gómez/Desktop/videojuego_shooter/EntregaJuegoUnreal2/Saved/MenuPrincipalC652DB444754F5AC6DC97093E22E7D2D.tmp' to '../../../../../../Users/Carlos Gómez/Desktop/videojuego_shooter/EntregaJuegoUnreal2/Content/FirstPersonBP/Maps/MenuPrincipal.umap'
[2020.01.22-02.17.59:741][418]LogSavePackage:Display: Finished SavePackage ../../../../../../Users/Carlos Gómez/Desktop/videojuego_shooter/EntregaJuegoUnreal2/Content/FirstPersonBP/Maps/MenuPrincipal.umap
[2020.01.22-02.18.04:519][920]LogWindowsTextInputMethodSystem:Display: IME system now deactivated.
[2020.01.22-02.18.04:705][921]Cmd: QUIT_EDITOR
[2020.01.22-02.18.05:056][921]LogExit: Preparing to exit.
[2020.01.22-02.18.05:753][921]LogDirectoryWatcher: A directory notification for 'C:/Users/Carlos Gómez/Desktop/videojuego_shooter/EntregaJuegoUnreal2/Content/' was aborted.
[2020.01.22-02.18.05:784][921]LogExit: Editor shut down
[2020.01.22-02.18.05:787][921]LogExit: Transaction tracking system shut down
[2020.01.22-02.18.05:986][921]LogObj: Freed 0b from 0 cluster array pools.
[2020.01.22-02.18.05:986][921]LogExit: Object subsystem successfully closed.
[2020.01.22-02.18.06:017][921]LogD3D11RHI: Shutdown
[2020.01.22-02.18.06:018][921]LogD3D11RHI: CleanupD3DDevice
[2020.01.22-02.18.06:136][921]LogD3D11RHI: ~FD3D11DynamicRHI
[2020.01.22-02.18.06:151][921]LogModuleManager: Shutting down and abandoning module MovieSceneCapture (532)
[2020.01.22-02.18.06:151][921]LogModuleManager: Shutting down and abandoning module SequencerWidgets (530)
[2020.01.22-02.18.06:151][921]LogModuleManager: Shutting down and abandoning module BlueprintGraph (528)
[2020.01.22-02.18.06:151][921]LogModuleManager: Shutting down and abandoning module BlueprintProfiler (526)
[2020.01.22-02.18.06:152][921]LogModuleManager: Shutting down and abandoning module HierarchicalLODOutliner (524)
[2020.01.22-02.18.06:152][921]LogModuleManager: Shutting down and abandoning module CrashTracker (522)
[2020.01.22-02.18.06:152][921]LogModuleManager: Shutting down and abandoning module SceneOutliner (520)
[2020.01.22-02.18.06:152][921]LogModuleManager: Shutting down and abandoning module AddContentDialog (518)
[2020.01.22-02.18.06:152][921]LogDirectoryWatcher: A directory notification for 'C:/Program Files (x86)/Epic Games/UE_4.16/FeaturePacks/' was aborted.
[2020.01.22-02.18.06:152][921]LogModuleManager: Shutting down and abandoning module WidgetCarousel (517)
[2020.01.22-02.18.06:152][921]LogModuleManager: Shutting down and abandoning module EditorWidgets (514)
[2020.01.22-02.18.06:152][921]LogModuleManager: Shutting down and abandoning module CollectionManager (512)
[2020.01.22-02.18.06:152][921]LogDirectoryWatcher: A directory notification for 'C:/Users/Carlos Gómez/Desktop/videojuego_shooter/EntregaJuegoUnreal2/Content/Collections/' was aborted.
[2020.01.22-02.18.06:152][921]LogDirectoryWatcher: A directory notification for 'C:/Users/Carlos Gómez/Desktop/videojuego_shooter/EntregaJuegoUnreal2/Content/Developers/CarlosGómez/Collections/' was aborted.
[2020.01.22-02.18.06:152][921]LogDirectoryWatcher: A directory notification for 'C:/Users/Carlos Gómez/Desktop/videojuego_shooter/EntregaJuegoUnreal2/Saved/Collections/' was aborted.
[2020.01.22-02.18.06:153][921]LogModuleManager: Shutting down and abandoning module StatsViewer (510)
[2020.01.22-02.18.06:153][921]LogModuleManager: Shutting down and abandoning module FoliageEdit (508)
[2020.01.22-02.18.06:153][921]LogModuleManager: Shutting down and abandoning module LandscapeEditor (506)
[2020.01.22-02.18.06:153][921]LogModuleManager: Shutting down and abandoning module MeshPaintMode (504)
[2020.01.22-02.18.06:153][921]LogModuleManager: Shutting down and abandoning module SceneDepthPickerMode (502)
[2020.01.22-02.18.06:153][921]LogModuleManager: Shutting down and abandoning module ActorPickerMode (500)
[2020.01.22-02.18.06:153][921]LogModuleManager: Shutting down and abandoning module GeometryMode (498)
[2020.01.22-02.18.06:153][921]LogModuleManager: Shutting down and abandoning module TextureAlignMode (496)
[2020.01.22-02.18.06:153][921]LogModuleManager: Shutting down and abandoning module BspMode (494)
[2020.01.22-02.18.06:153][921]LogModuleManager: Shutting down and abandoning module HardwareSurvey (492)
[2020.01.22-02.18.06:153][921]LogModuleManager: Shutting down and abandoning module SequenceRecorderSections (490)
[2020.01.22-02.18.06:153][921]LogModuleManager: Shutting down and abandoning module AutomationWorker (488)
[2020.01.22-02.18.06:153][921]LogModuleManager: Shutting down and abandoning module MatineeToLevelSequence (486)
[2020.01.22-02.18.06:153][921]LogModuleManager: Shutting down and abandoning module LevelSequenceEditor (484)
[2020.01.22-02.18.06:153][921]LogModuleManager: Shutting down and abandoning module PlacementMode (483)
[2020.01.22-02.18.06:153][921]LogModuleManager: Shutting down and abandoning module WmfMediaFactory (480)
[2020.01.22-02.18.06:153][921]LogModuleManager: Shutting down and abandoning module WmfMediaEditor (478)
[2020.01.22-02.18.06:153][921]LogModuleManager: Shutting down and abandoning module AvfMediaFactory (476)
[2020.01.22-02.18.06:153][921]LogModuleManager: Shutting down and abandoning module AvfMediaEditor (474)
[2020.01.22-02.18.06:153][921]LogModuleManager: Shutting down and abandoning module AndroidMediaFactory (472)
[2020.01.22-02.18.06:153][921]LogModuleManager: Shutting down and abandoning module Media (471)
[2020.01.22-02.18.06:153][921]LogModuleManager: Shutting down and abandoning module AndroidMediaEditor (468)
[2020.01.22-02.18.06:153][921]LogModuleManager: Shutting down and abandoning module CharacterAI (466)
[2020.01.22-02.18.06:153][921]LogModuleManager: Shutting down and abandoning module AudioCapture (464)
[2020.01.22-02.18.06:153][921]LogModuleManager: Shutting down and abandoning module SequenceRecorder (463)
[2020.01.22-02.18.06:153][921]LogModuleManager: Shutting down and abandoning module SmartSnapping (460)
[2020.01.22-02.18.06:153][921]LogModuleManager: Shutting down and abandoning module SessionServices (458)
[2020.01.22-02.18.06:153][921]LogModuleManager: Shutting down and abandoning module ViewportSnapping (456)
[2020.01.22-02.18.06:153][921]LogModuleManager: Shutting down and abandoning module ViewportInteraction (454)
[2020.01.22-02.18.06:153][921]LogModuleManager: Shutting down and abandoning module ClothPainter (452)
[2020.01.22-02.18.06:153][921]LogModuleManager: Shutting down and abandoning module LogVisualizer (450)
[2020.01.22-02.18.06:153][921]LogModuleManager: Shutting down and abandoning module IntroTutorials (448)
[2020.01.22-02.18.06:153][921]LogModuleManager: Shutting down and abandoning module GameProjectGeneration (447)
[2020.01.22-02.18.06:153][921]LogModuleManager: Shutting down and abandoning module EditorLiveStreaming (444)
[2020.01.22-02.18.06:153][921]LogModuleManager: Shutting down and abandoning module IOSPlatformEditor (442)
[2020.01.22-02.18.06:153][921]LogModuleManager: Shutting down and abandoning module HTML5PlatformEditor (440)
[2020.01.22-02.18.06:153][921]LogModuleManager: Shutting down and abandoning module AndroidPlatformEditor (438)
[2020.01.22-02.18.06:153][921]LogModuleManager: Shutting down and abandoning module AndroidDeviceDetection (437)
[2020.01.22-02.18.07:105][921]LogModuleManager: Shutting down and abandoning module IOSRuntimeSettings (434)
[2020.01.22-02.18.07:105][921]LogModuleManager: Shutting down and abandoning module AndroidRuntimeSettings (432)
[2020.01.22-02.18.07:105][921]LogModuleManager: Shutting down and abandoning module InputBindingEditor (430)
[2020.01.22-02.18.07:105][921]LogModuleManager: Shutting down and abandoning module MergeActors (428)
[2020.01.22-02.18.07:105][921]LogModuleManager: Shutting down and abandoning module SizeMap (426)
[2020.01.22-02.18.07:105][921]LogModuleManager: Shutting down and abandoning module TreeMap (424)
[2020.01.22-02.18.07:105][921]LogModuleManager: Shutting down and abandoning module ReferenceViewer (422)
[2020.01.22-02.18.07:105][921]LogModuleManager: Shutting down and abandoning module LocalizationDashboard (420)
[2020.01.22-02.18.07:105][921]LogModuleManager: Shutting down and abandoning module LocalizationService (419)
[2020.01.22-02.18.07:105][921]LogModuleManager: Shutting down and abandoning module HardwareTargeting (416)
[2020.01.22-02.18.07:105][921]LogModuleManager: Shutting down and abandoning module DeviceProfileEditor (414)
[2020.01.22-02.18.07:105][921]LogModuleManager: Shutting down and abandoning module UndoHistory (412)
[2020.01.22-02.18.07:105][921]LogModuleManager: Shutting down and abandoning module UserFeedback (410)
[2020.01.22-02.18.07:105][921]LogModuleManager: Shutting down and abandoning module XmlParser (408)
[2020.01.22-02.18.07:105][921]LogModuleManager: Shutting down and abandoning module Blutility (406)
[2020.01.22-02.18.07:105][921]LogModuleManager: Shutting down and abandoning module ProjectSettingsViewer (404)
[2020.01.22-02.18.07:105][921]LogModuleManager: Shutting down and abandoning module ProjectTargetPlatformEditor (403)
[2020.01.22-02.18.07:105][921]LogModuleManager: Shutting down and abandoning module EditorSettingsViewer (400)
[2020.01.22-02.18.07:105][921]LogModuleManager: Shutting down and abandoning module SettingsEditor (398)
[2020.01.22-02.18.07:106][921]LogModuleManager: Shutting down and abandoning module ProjectLauncher (396)
[2020.01.22-02.18.07:106][921]LogModuleManager: Shutting down and abandoning module SessionFrontend (394)
[2020.01.22-02.18.07:106][921]LogModuleManager: Shutting down and abandoning module ProfilerClient (392)
[2020.01.22-02.18.07:106][921]LogModuleManager: Shutting down and abandoning module DeviceManager (390)
[2020.01.22-02.18.07:106][921]LogModuleManager: Shutting down and abandoning module TargetDeviceServices (389)
[2020.01.22-02.18.07:161][921]LogModuleManager: Shutting down and abandoning module AutomationController (386)
[2020.01.22-02.18.07:161][921]LogModuleManager: Shutting down and abandoning module AutomationWindow (384)
[2020.01.22-02.18.07:161][921]LogModuleManager: Shutting down and abandoning module Layers (382)
[2020.01.22-02.18.07:161][921]LogModuleManager: Shutting down and abandoning module ComponentVisualizers (380)
[2020.01.22-02.18.07:161][921]LogModuleManager: Shutting down and abandoning module DetailCustomizations (378)
[2020.01.22-02.18.07:161][921]LogModuleManager: Shutting down and abandoning module PackagesDialog (376)
[2020.01.22-02.18.07:161][921]LogModuleManager: Shutting down and abandoning module Persona (374)
[2020.01.22-02.18.07:161][921]LogModuleManager: Shutting down and abandoning module AdvancedPreviewScene (373)
[2020.01.22-02.18.07:161][921]LogModuleManager: Shutting down and abandoning module AnimGraph (371)
[2020.01.22-02.18.07:161][921]LogModuleManager: Shutting down and abandoning module Kismet (368)
[2020.01.22-02.18.07:169][921]LogModuleManager: Shutting down and abandoning module ClassViewer (366)
[2020.01.22-02.18.07:169][921]LogModuleManager: Shutting down and abandoning module Toolbox (364)
[2020.01.22-02.18.07:169][921]LogModuleManager: Shutting down and abandoning module ModuleUI (362)
[2020.01.22-02.18.07:169][921]LogModuleManager: Shutting down and abandoning module MovieSceneTools (360)
[2020.01.22-02.18.07:169][921]LogModuleManager: Shutting down and abandoning module OutputLog (358)
[2020.01.22-02.18.07:169][921]LogModuleManager: Shutting down and abandoning module GammaUI (356)
[2020.01.22-02.18.07:169][921]LogModuleManager: Shutting down and abandoning module Documentation (354)
[2020.01.22-02.18.07:169][921]LogModuleManager: Shutting down and abandoning module MovieSceneTracks (352)
[2020.01.22-02.18.07:169][921]LogModuleManager: Shutting down and abandoning module MovieScene (350)
[2020.01.22-02.18.07:169][921]LogModuleManager: Shutting down and abandoning module Niagara (348)
[2020.01.22-02.18.07:169][921]LogModuleManager: Shutting down and abandoning module NiagaraEditor (347)
[2020.01.22-02.18.07:169][921]LogModuleManager: Shutting down and abandoning module StreamingPauseRendering (344)
[2020.01.22-02.18.07:169][921]LogModuleManager: Shutting down and abandoning module AnalyticsET (342)
[2020.01.22-02.18.07:169][921]LogModuleManager: Shutting down and abandoning module PortalServices (340)
[2020.01.22-02.18.07:169][921]LogModuleManager: Shutting down and abandoning module PortalRpc (338)
[2020.01.22-02.18.07:169][921]LogModuleManager: Shutting down and abandoning module MessagingRpc (336)
[2020.01.22-02.18.07:169][921]LogModuleManager: Shutting down and abandoning module AIModule (334)
[2020.01.22-02.18.07:169][921]LogModuleManager: Shutting down and abandoning module GameplayDebugger (333)
[2020.01.22-02.18.07:169][921]LogModuleManager: Shutting down and abandoning module AITestSuite (331)
[2020.01.22-02.18.07:169][921]LogModuleManager: Shutting down and abandoning module ProfilerService (328)
[2020.01.22-02.18.07:222][921]LogModuleManager: Shutting down and abandoning module TaskGraph (326)
[2020.01.22-02.18.07:222][921]LogModuleManager: Shutting down and abandoning module SteamVRController (324)
[2020.01.22-02.18.07:222][921]LogModuleManager: Shutting down and abandoning module SteamVR (322)
[2020.01.22-02.18.07:222][921]LogModuleManager: Shutting down and abandoning module ProceduralMeshComponentEditor (320)
[2020.01.22-02.18.07:222][921]LogModuleManager: Shutting down and abandoning module ProceduralMeshComponent (318)
[2020.01.22-02.18.07:222][921]LogModuleManager: Shutting down and abandoning module OculusLibrary (316)
[2020.01.22-02.18.07:222][921]LogModuleManager: Shutting down and abandoning module OculusInput (314)
[2020.01.22-02.18.07:222][921]LogModuleManager: Shutting down and abandoning module MobilePatchingUtils (312)
[2020.01.22-02.18.07:222][921]LogModuleManager: Shutting down and abandoning module CustomMeshComponent (310)
[2020.01.22-02.18.07:222][921]LogModuleManager: Shutting down and abandoning module CableComponent (308)
[2020.01.22-02.18.07:222][921]LogModuleManager: Shutting down and abandoning module ArchVisCharacter (306)
[2020.01.22-02.18.07:222][921]LogModuleManager: Shutting down and abandoning module AndroidPermission (304)
[2020.01.22-02.18.07:222][921]LogModuleManager: Shutting down and abandoning module MediaPlayerEditor (300)
[2020.01.22-02.18.07:222][921]LogModuleManager: Shutting down and abandoning module HTML5Networking (298)
[2020.01.22-02.18.07:222][921]LogModuleManager: Shutting down and abandoning module AlembicImporter (296)
[2020.01.22-02.18.07:222][921]LogModuleManager: Shutting down and abandoning module AlembicLibrary (295)
[2020.01.22-02.18.07:222][921]LogModuleManager: Shutting down and abandoning module GeometryCache (294)
[2020.01.22-02.18.07:222][921]LogModuleManager: Shutting down and abandoning module GeometryCacheEd (293)
[2020.01.22-02.18.07:222][921]LogModuleManager: Shutting down and abandoning module SuperSearchEditor (288)
[2020.01.22-02.18.07:222][921]LogModuleManager: Shutting down and abandoning module SuperSearch (287)
[2020.01.22-02.18.07:222][921]LogModuleManager: Shutting down and abandoning module SpeedTreeImporter (284)
[2020.01.22-02.18.07:222][921]LogModuleManager: Shutting down and abandoning module PluginBrowser (282)
[2020.01.22-02.18.07:222][921]LogModuleManager: Shutting down and abandoning module MobileLauncherProfileWizard (280)
[2020.01.22-02.18.07:222][921]LogModuleManager: Shutting down and abandoning module VisualStudioSourceCodeAccess (278)
[2020.01.22-02.18.07:222][921]LogModuleManager: Shutting down and abandoning module DesktopPlatform (277)
[2020.01.22-02.18.07:222][921]LogModuleManager: Shutting down and abandoning module UObjectPlugin (274)
[2020.01.22-02.18.07:222][921]LogModuleManager: Shutting down and abandoning module SubversionSourceControl (272)
[2020.01.22-02.18.07:222][921]LogModuleManager: Shutting down and abandoning module PerforceSourceControl (270)
[2020.01.22-02.18.07:223][921]LogModuleManager: Shutting down and abandoning module GitSourceControl (268)
[2020.01.22-02.18.07:223][921]LogModuleManager: Shutting down and abandoning module SourceControl (267)
[2020.01.22-02.18.07:223][921]LogModuleManager: Shutting down and abandoning module LightPropagationVolumeEditor (264)
[2020.01.22-02.18.07:223][921]LogModuleManager: Shutting down and abandoning module PaperTiledImporter (262)
[2020.01.22-02.18.07:223][921]LogModuleManager: Shutting down and abandoning module PaperSpriteSheetImporter (260)
[2020.01.22-02.18.07:223][921]LogModuleManager: Shutting down and abandoning module Paper2DEditor (258)
[2020.01.22-02.18.07:223][921]LogModuleManager: Shutting down and abandoning module MeshPaint (257)
[2020.01.22-02.18.07:223][921]LogModuleManager: Shutting down and abandoning module LevelEditor (255)
[2020.01.22-02.18.07:223][921]LogModuleManager: Shutting down and abandoning module PixelInspectorModule (254)
[2020.01.22-02.18.07:223][921]LogModuleManager: Shutting down and abandoning module MainFrame (252)
[2020.01.22-02.18.07:223][921]LogModuleManager: Shutting down and abandoning module HotReload (251)
[2020.01.22-02.18.07:224][921]LogModuleManager: Shutting down and abandoning module PhysXVehiclesEditor (246)
[2020.01.22-02.18.07:224][921]LogModuleManager: Shutting down and abandoning module PhysXVehicles (244)
[2020.01.22-02.18.07:224][921]LogModuleManager: Shutting down and abandoning module LocationServicesBPLibrary (242)
[2020.01.22-02.18.07:224][921]LogModuleManager: Shutting down and abandoning module ImmediatePhysicsEditor (240)
[2020.01.22-02.18.07:224][921]LogModuleManager: Shutting down and abandoning module ImmediatePhysics (238)
[2020.01.22-02.18.07:224][921]LogModuleManager: Shutting down and abandoning module UdpMessaging (236)
[2020.01.22-02.18.07:325][921]LogModuleManager: Shutting down and abandoning module TcpMessaging (234)
[2020.01.22-02.18.07:426][921]LogModuleManager: Shutting down and abandoning module GameplayTagsEditor (232)
[2020.01.22-02.18.07:426][921]LogModuleManager: Shutting down and abandoning module FacialAnimationEditor (230)
[2020.01.22-02.18.07:426][921]LogModuleManager: Shutting down and abandoning module FacialAnimation (228)
[2020.01.22-02.18.07:426][921]LogModuleManager: Shutting down and abandoning module AssetManagerEditor (226)
[2020.01.22-02.18.07:426][921]LogModuleManager: Shutting down and abandoning module GraphEditor (225)
[2020.01.22-02.18.07:426][921]LogModuleManager: Shutting down and abandoning module ContentBrowser (223)
[2020.01.22-02.18.07:426][921]LogModuleManager: Shutting down and abandoning module LightPropagationVolumeRuntime (220)
[2020.01.22-02.18.07:426][921]LogModuleManager: Shutting down and abandoning module Paper2D (218)
[2020.01.22-02.18.07:426][921]LogModuleManager: Shutting down and abandoning module WindowsMoviePlayer (216)
[2020.01.22-02.18.07:426][921]LogModuleManager: Shutting down and abandoning module WmfMedia (214)
[2020.01.22-02.18.07:426][921]LogModuleManager: Shutting down and abandoning module ClothingSystemEditor (212)
[2020.01.22-02.18.07:426][921]LogModuleManager: Shutting down and abandoning module ClothingSystemRuntime (210)
[2020.01.22-02.18.07:426][921]LogModuleManager: Shutting down and abandoning module MediaAssets (208)
[2020.01.22-02.18.07:426][921]LogModuleManager: Shutting down and abandoning module GameLiveStreaming (206)
[2020.01.22-02.18.07:427][921]LogModuleManager: Shutting down and abandoning module VREditor (204)
[2020.01.22-02.18.07:427][921]LogModuleManager: Shutting down and abandoning module StringTableEditor (202)
[2020.01.22-02.18.07:427][921]LogModuleManager: Shutting down and abandoning module GameplayTasksEditor (200)
[2020.01.22-02.18.07:427][921]LogModuleManager: Shutting down and abandoning module BehaviorTreeEditor (198)
[2020.01.22-02.18.07:427][921]LogModuleManager: Shutting down and abandoning module FunctionalTesting (196)
[2020.01.22-02.18.07:427][921]LogModuleManager: Shutting down and abandoning module CollisionAnalyzer (194)
[2020.01.22-02.18.07:427][921]LogModuleManager: Shutting down and abandoning module UMG (192)
[2020.01.22-02.18.07:427][921]LogModuleManager: Shutting down and abandoning module UMGEditor (191)
[2020.01.22-02.18.07:427][921]LogModuleManager: Shutting down and abandoning module Sequencer (190)
[2020.01.22-02.18.07:427][921]LogModuleManager: Shutting down and abandoning module AssetTools (188)
[2020.01.22-02.18.07:427][921]LogModuleManager: Shutting down and abandoning module MessageLog (187)
[2020.01.22-02.18.07:427][921]LogModuleManager: Shutting down and abandoning module WorkspaceMenuStructure (186)
[2020.01.22-02.18.07:427][921]LogModuleManager: Shutting down and abandoning module SlateReflector (180)
[2020.01.22-02.18.07:427][921]LogModuleManager: Shutting down and abandoning module Slate (178)
[2020.01.22-02.18.07:427][921]LogModuleManager: Shutting down and abandoning module EditorStyle (176)
[2020.01.22-02.18.07:429][921]LogModuleManager: Shutting down and abandoning module SourceCodeAccess (174)
[2020.01.22-02.18.07:429][921]LogModuleManager: Shutting down and abandoning module HeadMountedDisplay (172)
[2020.01.22-02.18.07:429][921]LogModuleManager: Shutting down and abandoning module XAudio2 (170)
[2020.01.22-02.18.07:429][921]LogModuleManager: Shutting down and abandoning module Networking (168)
[2020.01.22-02.18.07:429][921]LogModuleManager: Shutting down and abandoning module Core (164)
[2020.01.22-02.18.07:429][921]LogModuleManager: Shutting down and abandoning module AssetRegistry (162)
[2020.01.22-02.18.07:597][921]LogDirectoryWatcher: A directory notification for '../../../Engine/Content/' was aborted.
[2020.01.22-02.18.07:597][921]LogDirectoryWatcher: A directory notification for '../../../../../../Users/Carlos Gómez/Desktop/videojuego_shooter/EntregaJuegoUnreal2/Content/' was aborted.
[2020.01.22-02.18.07:597][921]LogDirectoryWatcher: A directory notification for '../../../Engine/Plugins/2D/Paper2D/Content/' was aborted.
[2020.01.22-02.18.07:597][921]LogDirectoryWatcher: A directory notification for '../../../Engine/Plugins/Runtime/GearVR/Content/' was aborted.
[2020.01.22-02.18.07:600][921]LogModuleManager: Shutting down and abandoning module DirectoryWatcher (161)
[2020.01.22-02.18.07:601][921]LogModuleManager: Shutting down and abandoning module KismetCompiler (158)
[2020.01.22-02.18.07:601][921]LogModuleManager: Shutting down and abandoning module LevelSequence (156)
[2020.01.22-02.18.07:601][921]LogModuleManager: Shutting down and abandoning module PhysXFormats (154)
[2020.01.22-02.18.07:601][921]LogModuleManager: Shutting down and abandoning module MeshUtilities (152)
[2020.01.22-02.18.07:601][921]LogModuleManager: Shutting down and abandoning module SimplygonSwarm (151)
[2020.01.22-02.18.07:601][921]LogModuleManager: Shutting down and abandoning module SimplygonMeshReduction (149)
[2020.01.22-02.18.07:601][921]LogModuleManager: Shutting down and abandoning module QuadricMeshReduction (147)
[2020.01.22-02.18.07:601][921]LogModuleManager: Shutting down and abandoning module DerivedDataCache (144)
[2020.01.22-02.18.07:699][921]LogDerivedDataCache: Shutdown
[2020.01.22-02.18.07:699][921]LogModuleManager: Shutting down and abandoning module TargetPlatform (142)
[2020.01.22-02.18.07:699][921]LogModuleManager: Shutting down and abandoning module VulkanShaderFormat (141)
[2020.01.22-02.18.07:699][921]LogModuleManager: Shutting down and abandoning module ShaderFormatVectorVM (139)
[2020.01.22-02.18.07:699][921]LogModuleManager: Shutting down and abandoning module ShaderFormatOpenGL (137)
[2020.01.22-02.18.07:699][921]LogModuleManager: Shutting down and abandoning module ShaderFormatD3D (135)
[2020.01.22-02.18.07:699][921]LogModuleManager: Shutting down and abandoning module MetalShaderFormat (133)
[2020.01.22-02.18.07:699][921]LogModuleManager: Shutting down and abandoning module TextureFormatUncompressed (131)
[2020.01.22-02.18.07:699][921]LogModuleManager: Shutting down and abandoning module TextureFormatPVR (129)
[2020.01.22-02.18.07:699][921]LogModuleManager: Shutting down and abandoning module TextureFormatDXT (127)
[2020.01.22-02.18.07:699][921]LogModuleManager: Shutting down and abandoning module TextureFormatIntelISPCTexComp (125)
[2020.01.22-02.18.07:699][921]LogModuleManager: Shutting down and abandoning module TextureFormatASTC (123)
[2020.01.22-02.18.07:699][921]LogModuleManager: Shutting down and abandoning module ImageWrapper (122)
[2020.01.22-02.18.07:699][921]LogModuleManager: Shutting down and abandoning module TextureFormatAndroid (119)
[2020.01.22-02.18.07:699][921]LogModuleManager: Shutting down and abandoning module AudioFormatOpus (117)
[2020.01.22-02.18.07:699][921]LogModuleManager: Shutting down and abandoning module AudioFormatOgg (115)
[2020.01.22-02.18.07:699][921]LogModuleManager: Shutting down and abandoning module AudioFormatADPCM (113)
[2020.01.22-02.18.07:699][921]LogModuleManager: Shutting down and abandoning module LinuxTargetPlatform (111)
[2020.01.22-02.18.07:699][921]LogModuleManager: Shutting down and abandoning module LinuxServerTargetPlatform (109)
[2020.01.22-02.18.07:699][921]LogModuleManager: Shutting down and abandoning module LinuxNoEditorTargetPlatform (107)
[2020.01.22-02.18.07:699][921]LogModuleManager: Shutting down and abandoning module LinuxClientTargetPlatform (105)
[2020.01.22-02.18.07:699][921]LogModuleManager: Shutting down and abandoning module TVOSTargetPlatform (103)
[2020.01.22-02.18.07:699][921]LogModuleManager: Shutting down and abandoning module Messaging (101)
[2020.01.22-02.18.07:699][921]LogModuleManager: Shutting down and abandoning module IOSTargetPlatform (99)
[2020.01.22-02.18.07:699][921]LogModuleManager: Shutting down and abandoning module HTML5TargetPlatform (97)
[2020.01.22-02.18.07:699][921]LogModuleManager: Shutting down and abandoning module Android_PVRTCTargetPlatform (95)
[2020.01.22-02.18.07:699][921]LogModuleManager: Shutting down and abandoning module Android_MultiTargetPlatform (93)
[2020.01.22-02.18.07:699][921]LogModuleManager: Shutting down and abandoning module Android_ETC2TargetPlatform (91)
[2020.01.22-02.18.07:699][921]LogModuleManager: Shutting down and abandoning module Android_ETC1TargetPlatform (89)
[2020.01.22-02.18.07:699][921]LogModuleManager: Shutting down and abandoning module Android_DXTTargetPlatform (87)
[2020.01.22-02.18.07:699][921]LogModuleManager: Shutting down and abandoning module Android_ATCTargetPlatform (85)
[2020.01.22-02.18.07:700][921]LogModuleManager: Shutting down and abandoning module Android_ASTCTargetPlatform (83)
[2020.01.22-02.18.07:700][921]LogModuleManager: Shutting down and abandoning module AndroidTargetPlatform (81)
[2020.01.22-02.18.07:700][921]LogModuleManager: Shutting down and abandoning module WindowsTargetPlatform (79)
[2020.01.22-02.18.07:700][921]LogModuleManager: Shutting down and abandoning module WindowsServerTargetPlatform (77)
[2020.01.22-02.18.07:700][921]LogModuleManager: Shutting down and abandoning module WindowsNoEditorTargetPlatform (75)
[2020.01.22-02.18.07:700][921]LogModuleManager: Shutting down and abandoning module WindowsClientTargetPlatform (73)
[2020.01.22-02.18.07:700][921]LogModuleManager: Shutting down and abandoning module MacTargetPlatform (71)
[2020.01.22-02.18.07:700][921]LogModuleManager: Shutting down and abandoning module MacServerTargetPlatform (69)
[2020.01.22-02.18.07:700][921]LogModuleManager: Shutting down and abandoning module MacNoEditorTargetPlatform (67)
[2020.01.22-02.18.07:700][921]LogModuleManager: Shutting down and abandoning module MacClientTargetPlatform (65)
[2020.01.22-02.18.07:700][921]LogModuleManager: Shutting down and abandoning module AllDesktopTargetPlatform (63)
[2020.01.22-02.18.07:700][921]LogModuleManager: Shutting down and abandoning module InputCore (60)
[2020.01.22-02.18.07:700][921]LogModuleManager: Shutting down and abandoning module Settings (58)
[2020.01.22-02.18.07:700][921]LogModuleManager: Shutting down and abandoning module OculusRift (56)
[2020.01.22-02.18.07:700][921]LogModuleManager: Shutting down and abandoning module GearVRController (54)
[2020.01.22-02.18.07:700][921]LogModuleManager: Shutting down and abandoning module GearVR (52)
[2020.01.22-02.18.07:700][921]LogModuleManager: Shutting down and abandoning module ExampleDeviceProfileSelector (50)
[2020.01.22-02.18.07:700][921]LogModuleManager: Shutting down and abandoning module OnlineBlueprintSupport (48)
[2020.01.22-02.18.07:700][921]LogModuleManager: Shutting down and abandoning module OnlineSubsystem (44)
[2020.01.22-02.18.07:700][921]LogOnline:Display: Unloading online subsystem: NULL
[2020.01.22-02.18.07:700][921]LogModuleManager: Shutting down and abandoning module XMPP (43)
[2020.01.22-02.18.07:700][921]LogModuleManager: Shutting down and abandoning module HTTP (41)
[2020.01.22-02.18.07:700][921]LogHttp:Display: Http module shutting down, but needs to wait on 1 outstanding Http requests:
[2020.01.22-02.18.07:700][921]LogHttp:Display: 	verb=[POST] url=[https://datarouter.ol.epicgames.com/datarouter/api/v1/public/data?SessionID=%7B5FA7DCFC-4DE1-00E9-BA8F-9C8689CFBD5B%7D&AppID=UEEditor.Rocket.Release&AppVersion=4.16.3-3561208%2B%2B%2BUE4%2BRelease-4.16&UserID=96c22fcc4a13df48a702c0b25280ec08%7C5727c0aceda34a2a8745d0ddd25f12e5%7C2451b241-4f41-47a9-baf2-594cddf6b242&AppEnvironment=datacollector-binary&UploadType=eteventstream] status=Processing
[2020.01.22-02.18.07:727][921]LogModuleManager: Shutting down and abandoning module SSL (40)
[2020.01.22-02.18.07:728][921]LogModuleManager: Shutting down and abandoning module HTTPChunkInstaller (36)
[2020.01.22-02.18.07:728][921]LogModuleManager: Shutting down and abandoning module AnimationModifiers (34)
[2020.01.22-02.18.07:728][921]LogModuleManager: Shutting down and abandoning module PropertyEditor (33)
[2020.01.22-02.18.07:728][921]LogModuleManager: Shutting down and abandoning module AudioEditor (30)
[2020.01.22-02.18.07:728][921]LogModuleManager: Shutting down and abandoning module TextureCompressor (28)
[2020.01.22-02.18.07:728][921]LogModuleManager: Shutting down and abandoning module ShaderCore (26)
[2020.01.22-02.18.07:728][921]LogModuleManager: Shutting down and abandoning module Landscape (24)
[2020.01.22-02.18.07:728][921]LogModuleManager: Shutting down and abandoning module SlateRHIRenderer (22)
[2020.01.22-02.18.07:730][921]LogModuleManager: Shutting down and abandoning module OpenGLDrv (20)
[2020.01.22-02.18.07:730][921]LogModuleManager: Shutting down and abandoning module D3D11RHI (18)
[2020.01.22-02.18.07:730][921]LogModuleManager: Shutting down and abandoning module AnimGraphRuntime (16)
[2020.01.22-02.18.07:730][921]LogModuleManager: Shutting down and abandoning module Renderer (14)
[2020.01.22-02.18.07:730][921]LogModuleManager: Shutting down and abandoning module Engine (12)
[2020.01.22-02.18.07:730][921]LogModuleManager: Shutting down and abandoning module CoreUObject (10)
[2020.01.22-02.18.07:730][921]LogModuleManager: Shutting down and abandoning module NetworkFile (8)
[2020.01.22-02.18.07:730][921]LogModuleManager: Shutting down and abandoning module StreamingFile (6)
[2020.01.22-02.18.07:730][921]LogModuleManager: Shutting down and abandoning module SandboxFile (4)
[2020.01.22-02.18.07:730][921]LogModuleManager: Shutting down and abandoning module PakFile (2)
[2020.01.22-02.18.07:732][921]LogExit: Exiting.
[2020.01.22-02.18.07:764][921]Log file closed, 01/22/20 03:18:07
