Log file open, 01/10/20 21:00:39
LogInit:Display: Running engine for game: EntregaJuegoUnreal2
LogPlatformFile: Not using cached read wrapper
LogInit:Display: RandInit(1174480049) SRandInit(1174480049).
LogTaskGraph: Started task graph with 5 named threads and 10 total threads with 1 sets of task threads.
LogStats: Stats thread started at 0.109858
LogInit: Using libcurl 7.47.1
LogInit:  - built for x86_64-pc-win32
LogInit:  - supports SSL with OpenSSL/1.0.2g
LogInit:  - supports HTTP deflate (compression) using libz 1.2.8
LogInit:  - other features:
LogInit:      CURL_VERSION_SSL
LogInit:      CURL_VERSION_LIBZ
LogInit:      CURL_VERSION_IPV6
LogInit:      CURL_VERSION_ASYNCHDNS
LogInit:      CURL_VERSION_LARGEFILE
LogInit:      CURL_VERSION_IDN
LogInit:  CurlRequestOptions (configurable via config and command line):
LogInit:  - bVerifyPeer = false  - Libcurl will NOT verify peer certificate
LogInit:  - bUseHttpProxy = false  - Libcurl will NOT use HTTP proxy
LogInit:  - bDontReuseConnections = false  - Libcurl will reuse connections
LogInit:  - CertBundlePath = nullptr  - Libcurl will use whatever was configured at build time.
LogInit: Build: ++UE4+Release-4.16-CL-3561208
LogInit: Engine Version: 4.16.3-3561208+++UE4+Release-4.16
LogInit: Compatible Engine Version: 4.16.0-3452394+++UE4+Release-4.16
LogInit: Net CL: 3452394
LogDevObjectVersion: Number of dev versions registered: 16
LogDevObjectVersion:   Dev-Blueprints (B0D832E4-1F89-4F0D-ACCF-7EB736FD4AA2): 9
LogDevObjectVersion:   Dev-Build (E1C64328-A22C-4D53-A36C-8E866417BD8C): 0
LogDevObjectVersion:   Dev-Core (375EC13C-06E4-48FB-B500-84F0262A717E): 2
LogDevObjectVersion:   Dev-Editor (E4B068ED-F494-42E9-A231-DA0B2E46BB41): 17
LogDevObjectVersion:   Dev-Framework (CFFC743F-43B0-4480-9391-14DF171D2073): 23
LogDevObjectVersion:   Dev-Mobile (B02B49B5-BB20-44E9-A304-32B752E40360): 0
LogDevObjectVersion:   Dev-Networking (A4E4105C-59A1-49B5-A7C5-40C4547EDFEE): 0
LogDevObjectVersion:   Dev-Online (39C831C9-5AE6-47DC-9A44-9C173E1C8E7C): 0
LogDevObjectVersion:   Dev-Physics (78F01B33-EBEA-4F98-B9B4-84EACCB95AA2): 0
LogDevObjectVersion:   Dev-Platform (6631380F-2D4D-43E0-8009-CF276956A95A): 0
LogDevObjectVersion:   Dev-Rendering (12F88B9F-8875-4AFC-A67C-D90C383ABD29): 15
LogDevObjectVersion:   Dev-Sequencer (7B5AE74C-D270-4C10-A958-57980B212A5A): 4
LogDevObjectVersion:   Dev-VR (D7296918-1DD6-4BDD-9DE2-64A83CC13884): 0
LogDevObjectVersion:   Dev-LoadTimes (C2A15278-BFE7-4AFE-6C17-90FF531DF755): 1
LogDevObjectVersion:   Private-Geometry (6EACA3D4-40EC-4CC1-B786-8BED09428FC5): 1
LogDevObjectVersion:   Dev-AnimPhys (29E575DD-E0A3-4627-9D10-D276232CDCEA): 3
LogInit: Compiled (64-bit): Jul 28 2017 11:49:47
LogInit: Compiled with Visual C++: 19.00.24215.01
LogInit: Build Configuration: Development
LogInit: Branch Name: ++UE4+Release-4.16
LogInit: Command line:  
LogInit: Base directory: C:/Program Files (x86)/Epic Games/UE_4.16/Engine/Binaries/Win64/
LogInit: Installed Engine Build: 1
LogInit: Presizing for max 8388607 objects, including 0 objects not considered by GC, pre-allocating 0 bytes for permanent pool.
LogInit: Object subsystem initialized
[2020.01.10-20.00.39:959][  0]LogInit: Selected Device Profile: [Windows]
[2020.01.10-20.00.39:959][  0]LogInit: Applying CVar settings loaded from the selected device profile: [Windows]
[2020.01.10-20.00.39:972][  0]LogInit: Computer: DESKTOP-VCH55FJ
[2020.01.10-20.00.39:972][  0]LogInit: User: CarlosGómez
[2020.01.10-20.00.39:972][  0]LogInit: CPU Page size=4096, Cores=6
[2020.01.10-20.00.39:972][  0]LogInit: High frequency timer resolution =10.000000 MHz
[2020.01.10-20.00.39:972][  0]LogMemory: Memory total: Physical=16.0GB (16GB approx)
[2020.01.10-20.00.39:972][  0]LogMemory: Platform Memory Stats for Windows
[2020.01.10-20.00.39:972][  0]LogMemory: Process Physical Memory: 274.99 MB used, 275.00 MB peak
[2020.01.10-20.00.39:972][  0]LogMemory: Process Virtual Memory: 267.55 MB used, 267.55 MB peak
[2020.01.10-20.00.39:972][  0]LogMemory: Physical Memory: 4259.41 MB used,  12074.29 MB free, 16333.70 MB total
[2020.01.10-20.00.39:972][  0]LogMemory: Virtual Memory: 4781.21 MB used,  12074.29 MB free, 134217728.00 MB total
[2020.01.10-20.00.40:046][  0]LogInit: Overriding language with editor language configuration option (en).
[2020.01.10-20.00.40:046][  0]LogInit: Overriding locale with editor locale configuration option (en).
[2020.01.10-20.00.40:890][  0]LogD3D11RHI: D3D11 adapters:
[2020.01.10-20.00.40:973][  0]LogD3D11RHI:    0. 'NVIDIA GeForce GTX 1660 Ti' (Feature Level 11_0)
[2020.01.10-20.00.40:973][  0]LogD3D11RHI:       5991/0/8166 MB DedicatedVideo/DedicatedSystem/SharedSystem, Outputs:2, VendorId:0x10de
[2020.01.10-20.00.40:975][  0]LogD3D11RHI:    1. 'Microsoft Basic Render Driver' (Feature Level 11_0)
[2020.01.10-20.00.40:975][  0]LogD3D11RHI:       0/0/8166 MB DedicatedVideo/DedicatedSystem/SharedSystem, Outputs:0, VendorId:0x1414
[2020.01.10-20.00.40:975][  0]LogD3D11RHI: Chosen D3D11 Adapter: 0
[2020.01.10-20.00.40:982][  0]LogD3D11RHI: Creating new Direct3DDevice
[2020.01.10-20.00.40:982][  0]LogD3D11RHI:     GPU DeviceId: 0x2182 (for the marketing name, search the web for "GPU Device Id")
[2020.01.10-20.00.40:982][  0]LogWindows: EnumDisplayDevices:
[2020.01.10-20.00.40:982][  0]LogWindows:    0. 'NVIDIA GeForce GTX 1660 Ti' (P:1 D:1)
[2020.01.10-20.00.40:982][  0]LogWindows:    1. 'NVIDIA GeForce GTX 1660 Ti' (P:0 D:1)
[2020.01.10-20.00.40:983][  0]LogWindows:    2. 'NVIDIA GeForce GTX 1660 Ti' (P:0 D:0)
[2020.01.10-20.00.40:983][  0]LogWindows:    3. 'NVIDIA GeForce GTX 1660 Ti' (P:0 D:0)
[2020.01.10-20.00.40:983][  0]LogWindows: DebugString: GetVideoDriverDetailsInvalid PrimaryIsNotTheChoosenAdapter GetVideoDriverDetailsInvalid PrimaryIsNotTheChoosenAdapter GetVideoDriverDetailsInvalid PrimaryIsNotTheChoosenAdapter GetVideoDriverDetailsInvalid PrimaryIsNotTheChoosenAdapter FoundDriverCount:0 
[2020.01.10-20.00.40:983][  0]LogD3D11RHI:     Adapter Name: NVIDIA GeForce GTX 1660 Ti
[2020.01.10-20.00.40:983][  0]LogD3D11RHI:   Driver Version: Unknown (internal:Unknown, unified:Unknown)
[2020.01.10-20.00.40:983][  0]LogD3D11RHI:      Driver Date: Unknown
[2020.01.10-20.00.40:983][  0]LogRHI: Texture pool is 1361 MB (70% of 1945 MB)
[2020.01.10-20.00.41:035][  0]LogD3D11RHI: Async texture creation enabled
[2020.01.10-20.00.41:046][  0]LogD3D11RHI: GPU Timing Frequency: 1000.000000 (Debug: 2 1)
[2020.01.10-20.00.41:048][  0]LogShaderCompilers: Guid format shader working directory is -30 characters bigger than the processId version (../../../../../../Users/Carlos Gómez/Desktop/videojuego_shooter/EntregaJuegoUnreal2/Intermediate/Shaders/WorkingDirectory/3700/).
[2020.01.10-20.00.41:049][  0]LogShaderCompilers: Cleaned the shader compiler working directory 'C:/Users/Carlos Gómez/AppData/Local/Temp/UnrealShaderWorkingDir/63D882C944490F9FF2BF47B849503459/'.
[2020.01.10-20.00.41:049][  0]LogShaderCompilers:Display: Using Local Shader Compiler.
[2020.01.10-20.00.41:960][  0]LogTemp:Display: Loaded TP AllDesktopTargetPlatform
[2020.01.10-20.00.42:011][  0]LogTemp:Display: Loaded TP MacClientTargetPlatform
[2020.01.10-20.00.42:061][  0]LogTemp:Display: Loaded TP MacNoEditorTargetPlatform
[2020.01.10-20.00.42:112][  0]LogTemp:Display: Loaded TP MacServerTargetPlatform
[2020.01.10-20.00.42:162][  0]LogTemp:Display: Loaded TP MacTargetPlatform
[2020.01.10-20.00.42:213][  0]LogTemp:Display: Loaded TP WindowsClientTargetPlatform
[2020.01.10-20.00.42:263][  0]LogTemp:Display: Loaded TP WindowsNoEditorTargetPlatform
[2020.01.10-20.00.42:315][  0]LogTemp:Display: Loaded TP WindowsServerTargetPlatform
[2020.01.10-20.00.42:360][  0]LogTemp:Display: Loaded TP WindowsTargetPlatform
[2020.01.10-20.00.42:410][  0]LogTemp:Display: Loaded TP AndroidTargetPlatform
[2020.01.10-20.00.42:459][  0]LogTemp:Display: Loaded TP Android_ASTCTargetPlatform
[2020.01.10-20.00.42:508][  0]LogTemp:Display: Loaded TP Android_ATCTargetPlatform
[2020.01.10-20.00.42:558][  0]LogTemp:Display: Loaded TP Android_DXTTargetPlatform
[2020.01.10-20.00.42:607][  0]LogTemp:Display: Loaded TP Android_ETC1TargetPlatform
[2020.01.10-20.00.42:657][  0]LogTemp:Display: Loaded TP Android_ETC2TargetPlatform
[2020.01.10-20.00.42:756][  0]LogTemp:Display: Loaded TP Android_MultiTargetPlatform
[2020.01.10-20.00.42:756][  0]LogTemp:Display: Loaded TP Android_PVRTCTargetPlatform
[2020.01.10-20.00.42:797][  0]LogTemp:Display: Loaded TP HTML5TargetPlatform
[2020.01.10-20.00.42:894][  0]LogTemp:Display: Loaded TP IOSTargetPlatform
[2020.01.10-20.00.42:924][  0]LogTemp:Display: Loaded TP TVOSTargetPlatform
[2020.01.10-20.00.42:973][  0]LogTemp:Display: Loaded TP LinuxClientTargetPlatform
[2020.01.10-20.00.43:022][  0]LogTemp:Display: Loaded TP LinuxNoEditorTargetPlatform
[2020.01.10-20.00.43:072][  0]LogTemp:Display: Loaded TP LinuxServerTargetPlatform
[2020.01.10-20.00.43:121][  0]LogTemp:Display: Loaded TP LinuxTargetPlatform
[2020.01.10-20.00.43:121][  0]LogTargetPlatformManager:Display: Building Assets For Windows
[2020.01.10-20.00.43:623][  0]LogDerivedDataCache:Display: Max Cache Size: 512 MB
[2020.01.10-20.00.43:711][  0]LogDerivedDataCache: Loaded boot cache 0.09s 90MB C:/Users/Carlos Gómez/AppData/Local/UnrealEngine/4.16/DerivedDataCache/Boot.ddc.
[2020.01.10-20.00.43:711][  0]LogDerivedDataCache:Display: Loaded Boot cache: C:/Users/Carlos Gómez/AppData/Local/UnrealEngine/4.16/DerivedDataCache/Boot.ddc
[2020.01.10-20.00.43:711][  0]LogDerivedDataCache: FDerivedDataBackendGraph:  Pak pak cache file ../../../../../../Users/Carlos Gómez/Desktop/videojuego_shooter/EntregaJuegoUnreal2/DerivedDataCache/DDC.ddp not found, will not use a pak cache.
[2020.01.10-20.00.43:711][  0]LogDerivedDataCache: Unable to find inner node Pak for hierarchical cache Hierarchy.
[2020.01.10-20.00.43:711][  0]LogDerivedDataCache: FDerivedDataBackendGraph:  CompressedPak pak cache file ../../../../../../Users/Carlos Gómez/Desktop/videojuego_shooter/EntregaJuegoUnreal2/DerivedDataCache/Compressed.ddp not found, will not use a pak cache.
[2020.01.10-20.00.43:711][  0]LogDerivedDataCache: Unable to find inner node CompressedPak for hierarchical cache Hierarchy.
[2020.01.10-20.00.43:727][  0]LogDerivedDataCache:Display: Pak cache opened for reading ../../../Engine/DerivedDataCache/Compressed.ddp.
[2020.01.10-20.00.43:739][  0]LogDerivedDataCache: Using Local data cache path C:/Users/Carlos Gómez/AppData/Local/UnrealEngine/Common/DerivedDataCache: Writable
[2020.01.10-20.00.43:749][  0]LogMaterial: Verifying Global Shaders for PCD3D_SM5
[2020.01.10-20.00.43:749][  0]LogSlate: Using Freetype 2.6.0
[2020.01.10-20.00.43:749][  0]LogSlate: SlateFontCache - WITH_FREETYPE: 1, WITH_HARFBUZZ: 1
[2020.01.10-20.00.43:750][  0]LogSlate: SlateFontCache - WITH_FREETYPE: 1, WITH_HARFBUZZ: 1
[2020.01.10-20.00.44:090][  0]LogInit: Selected Device Profile: [Windows]
[2020.01.10-20.00.44:153][  0]LogContentStreaming: Texture pool size is 0.00 MB
[2020.01.10-20.00.44:291][  0]LogMeshUtilities: Using QuadricMeshReduction for automatic static mesh reduction
[2020.01.10-20.00.44:336][  0]LogSimplygon: Simplygon DLL not present - disabling.
[2020.01.10-20.00.44:385][  0]LogMeshUtilities: Using SimplygonSwarm for distributed automatic mesh merging
[2020.01.10-20.00.44:385][  0]LogMeshUtilities: No automatic skeletal mesh reduction module available
[2020.01.10-20.00.44:385][  0]LogMeshUtilities: No automatic mesh merging module available
[2020.01.10-20.00.44:885][  0]LogNetVersion: EntregaJuegoUnreal2 , NetCL: 3452394, EngineNetVer: 2, GameNetVer: 0 (Checksum: 2631086534)
[2020.01.10-20.00.44:947][  0]LogAssetRegistry: FAssetRegistry took 0.0266 seconds to start up
[2020.01.10-20.00.44:988][  0]LogPackageLocalizationCache: Processed 4 localized package path(s) for 1 prioritized culture(s) in 0.018268 seconds
[2020.01.10-20.00.44:993][  0]LogUObjectArray: 34194 objects as part of root set at end of initial load.
[2020.01.10-20.00.44:993][  0]LogUObjectAllocator: 7260416 out of 0 bytes used by permanent object pool.
[2020.01.10-20.00.44:993][  0]LogUObjectArray: CloseDisregardForGC: 0/0 objects in disregard for GC pool
[2020.01.10-20.00.45:057][  0]LogInit: WinSock: version 1.1 (2.2), MaxSocks=32767, MaxUdp=65467
[2020.01.10-20.00.46:769][  0]LogWmfMedia: Failed to load mf.dll
[2020.01.10-20.00.46:769][  0]LogWmfMedia: Failed to load required Windows Media Foundation libraries
[2020.01.10-20.00.46:816][  0]LogWindowsMoviePlayer: Could not load mf.dll. Library not found.
[2020.01.10-20.00.46:816][  0]LogWindowsMoviePlayer: Could not load mfplat.dll. Library not found.
[2020.01.10-20.00.46:817][  0]LogWindowsMoviePlayer: Could not load mfplay.dll. Library not found.
[2020.01.10-20.00.47:246][  0]LogTcpMessaging: Initializing TcpMessaging bridge
[2020.01.10-20.00.47:287][  0]LogUdpMessaging: Initializing bridge on interface 0.0.0.0:0 to multicast group 230.0.0.1:6666.
[2020.01.10-20.00.47:801][  0]LogMaterial: Uniform references updated for custom material expression Custom.
[2020.01.10-20.00.48:174][  0]SourceControl: Info Source control is disabled
[2020.01.10-20.00.48:175][  0]SourceControl: Info Source control is disabled
[2020.01.10-20.00.48:224][  0]SourceControl: Info Source control is disabled
[2020.01.10-20.00.48:273][  0]SourceControl: Info Source control is disabled
[2020.01.10-20.00.48:944][  0]LogAndroidPermission: UAndroidPermissionCallbackProxy::GetInstance
[2020.01.10-20.00.49:524][  0]LogEngine: Initializing Engine...
[2020.01.10-20.00.49:525][  0]LogHMD: Failed to initialize OpenVR with code 110
[2020.01.10-20.00.49:688][  0]LogStats: UGameplayTagsManager::ConstructGameplayTagTree: Construct from data asset -  0.000 s
[2020.01.10-20.00.49:688][  0]LogStats: UGameplayTagsManager::ConstructGameplayTagTree: GameplayTagTreeChangedEvent.Broadcast -  0.000 s
[2020.01.10-20.00.49:820][  0]LogAIModule: Creating AISystem for world Untitled
[2020.01.10-20.00.49:851][  0]LogInit: XAudio2 using 'Speakers (2- USB Audio Device)' : 2 channels at 48 kHz using 16 bits per sample (channel mask 0x3)
[2020.01.10-20.00.49:869][  0]LogInit: FAudioDevice initialized.
[2020.01.10-20.00.49:924][  0]LogDerivedDataCache: Saved boot cache 0.05s 90MB C:/Users/Carlos Gómez/AppData/Local/UnrealEngine/4.16/DerivedDataCache/Boot.ddc.
[2020.01.10-20.00.49:943][  0]LogInit: Texture streaming: Enabled
[2020.01.10-20.00.50:039][  0]LogEngineSessionManager: EngineSessionManager initialized
[2020.01.10-20.00.50:254][  0]LogInit: Transaction tracking system initialized
[2020.01.10-20.00.50:560][  0]BlueprintLog: New page: Editor Load
[2020.01.10-20.00.51:499][  0]LocalizationService: Info Localization service is disabled
[2020.01.10-20.00.52:203][  0]LogConsoleResponse:Display: 
[2020.01.10-20.00.52:326][  0]LogCook:Display: Max memory allowance for cook 16384mb min free memory 0mb
[2020.01.10-20.00.52:326][  0]LogCook:Display: Mobile HDR setting 1
[2020.01.10-20.00.52:479][  0]LogFileCache: Scanning file cache for directory 'C:/Users/Carlos Gómez/Desktop/videojuego_shooter/EntregaJuegoUnreal2/Content/' took 0.02s
[2020.01.10-20.00.53:359][  0]SourceControl: Info Source control is disabled
[2020.01.10-20.00.53:359][  0]Cmd: MAP LOAD FILE="../../../../../../Users/Carlos Gómez/Desktop/videojuego_shooter/EntregaJuegoUnreal2/Content/FirstPersonBP/Maps/FirstPersonExampleMap.umap" TEMPLATE=0 SHOWPROGRESS=1 FEATURELEVEL=3
[2020.01.10-20.00.53:359][  0]LightingResults: New page: Lighting Build
[2020.01.10-20.00.53:401][  0]MapCheck: New page: Map Check
[2020.01.10-20.00.53:401][  0]LightingResults: New page: Lighting Build
[2020.01.10-20.00.53:997][  0]LogAIModule: Creating AISystem for world FirstPersonExampleMap
[2020.01.10-20.00.54:007][  0]LogEditorServer: Finished looking for orphan Actors (0.000 secs)
[2020.01.10-20.00.54:020][  0]Cmd: MAP CHECKDEP NOCLEARLOG
[2020.01.10-20.00.54:081][  0]MapCheck: Info Map check complete: 0 Error(s), 0 Warning(s), took 61.006ms to complete.
[2020.01.10-20.00.54:081][  0]LogFileHelpers: Loading map 'FirstPersonExampleMap' took 0.722
[2020.01.10-20.00.54:220][  0]LogCollectionManager: Loaded 0 collections in 0.001611 seconds
[2020.01.10-20.00.54:299][  0]LogFileCache: Scanning file cache for directory 'C:/Users/Carlos Gómez/Desktop/videojuego_shooter/EntregaJuegoUnreal2/Saved/Collections/' took 0.01s
[2020.01.10-20.00.54:299][  0]LogFileCache: Scanning file cache for directory 'C:/Users/Carlos Gómez/Desktop/videojuego_shooter/EntregaJuegoUnreal2/Content/Developers/CarlosGómez/Collections/' took 0.01s
[2020.01.10-20.00.54:299][  0]LogFileCache: Scanning file cache for directory 'C:/Users/Carlos Gómez/Desktop/videojuego_shooter/EntregaJuegoUnreal2/Content/Collections/' took 0.01s
[2020.01.10-20.00.54:299][  0]LogCollectionManager: Rebuilt the GUID cache for 0 collections in 0.000002 seconds
[2020.01.10-20.00.54:309][  0]LogContentBrowser: Native class hierarchy populated in 0.0093 seconds. Added 2329 classes and 491 folders.
[2020.01.10-20.00.54:373][  0]LogContentBrowser: Native class hierarchy updated for 'WidgetCarousel' in 0.0005 seconds. Added 0 classes and 0 folders.
[2020.01.10-20.00.54:410][  0]LogContentBrowser: Native class hierarchy updated for 'AddContentDialog' in 0.0005 seconds. Added 0 classes and 0 folders.
[2020.01.10-20.00.54:453][  0]LogContentBrowser: Native class hierarchy updated for 'SceneOutliner' in 0.0006 seconds. Added 1 classes and 2 folders.
[2020.01.10-20.00.54:491][  0]LogCrashTracker: Crashtracker disabled due to settings.
[2020.01.10-20.00.54:495][  0]LogSlate: Took 0.000203 seconds to synchronously load lazily loaded font '../../../Engine/Content/Slate/Fonts/Roboto-Regular.ttf' (155K)
[2020.01.10-20.00.54:497][  0]LogSlate: Took 0.000263 seconds to synchronously load lazily loaded font '../../../Engine/Content/Slate/Fonts/Roboto-Bold.ttf' (160K)
[2020.01.10-20.00.54:502][  0]LogSlate: Took 0.000209 seconds to synchronously load lazily loaded font '../../../Engine/Content/Editor/Slate/Fonts/FontAwesome.ttf' (139K)
[2020.01.10-20.00.54:576][  0]LogRenderer: Reallocating scene render targets to support 1208x576 NumSamples 1 (Frame:1).
[2020.01.10-20.00.54:632][  0]LogSlate: Took 0.000172 seconds to synchronously load lazily loaded font '../../../Engine/Content/Slate/Fonts/Roboto-Light.ttf' (159K)
[2020.01.10-20.00.54:741][  0]LogUObjectGlobals:Warning: Failed to find object 'Class None.'
[2020.01.10-20.00.54:807][  0]LogContentBrowser: Native class hierarchy updated for 'HierarchicalLODOutliner' in 0.0006 seconds. Added 1 classes and 2 folders.
[2020.01.10-20.00.54:807][  0]LogLoad: (Engine Initialization) Total time: 16.46 seconds
[2020.01.10-20.00.54:807][  0]LogLoad: (Engine Initialization) Total Blueprint compile time: 0.18 seconds
[2020.01.10-20.00.54:807][  0]LogExternalProfiler: No external profilers were discovered.  External profiling features will not be available.
[2020.01.10-20.00.54:817][  0]LogOcInput: OculusInput pre-init called
[2020.01.10-20.00.54:817][  0]LogHMD: Starting GearVRController plugin
[2020.01.10-20.00.54:852][  0]LogContentStreaming: Texture pool size now 1000 MB
[2020.01.10-20.00.54:917][  1]LogAssetRegistry: Asset discovery search completed in 9.9928 seconds
[2020.01.10-20.00.54:919][  1]LogCollectionManager: Rebuilt the object cache for 0 collections in 0.000000 seconds (found 0 objects)
[2020.01.10-20.00.54:919][  1]LogCollectionManager: Fixed up redirectors for 0 collections in 0.000026 seconds (updated 0 objects)
[2020.01.10-20.00.59:321][518]LogTemp: Repeting last play command: Selected Viewport
[2020.01.10-20.00.59:375][518]LogBlueprintUserMessages: Early PlayInEditor Detection: Level '/Game/FirstPersonBP/Maps/FirstPersonExampleMap.FirstPersonExampleMap:PersistentLevel' has LevelScriptBlueprint '/Game/FirstPersonBP/Maps/FirstPersonExampleMap.FirstPersonExampleMap:PersistentLevel.FirstPersonExampleMap' with GeneratedClass '/Game/FirstPersonBP/Maps/FirstPersonExampleMap.FirstPersonExampleMap_C' with ClassGeneratedBy '/Game/FirstPersonBP/Maps/FirstPersonExampleMap.FirstPersonExampleMap:PersistentLevel.FirstPersonExampleMap'
[2020.01.10-20.00.59:375][518]LogPlayLevel: PlayLevel: No blueprints needed recompiling
[2020.01.10-20.00.59:376][518]PIE: New page: PIE session: FirstPersonExampleMap (Jan 10, 2020, 10:00:59 PM)
[2020.01.10-20.00.59:376][518]LogPlayLevel: Creating play world package: /Game/FirstPersonBP/Maps/UEDPIE_0_FirstPersonExampleMap
[2020.01.10-20.00.59:402][518]LogPlayLevel: PIE: StaticDuplicateObject took: (0.025986s)
[2020.01.10-20.00.59:402][518]LogAIModule: Creating AISystem for world FirstPersonExampleMap
[2020.01.10-20.00.59:403][518]LogPlayLevel: PIE: World Init took: (0.000710s)
[2020.01.10-20.00.59:403][518]LogPlayLevel: PIE: Created PIE world by copying editor world from /Game/FirstPersonBP/Maps/FirstPersonExampleMap.FirstPersonExampleMap to /Game/FirstPersonBP/Maps/UEDPIE_0_FirstPersonExampleMap.FirstPersonExampleMap (0.026930s)
[2020.01.10-20.00.59:435][518]LogInit: XAudio2 using 'Speakers (2- USB Audio Device)' : 2 channels at 48 kHz using 16 bits per sample (channel mask 0x3)
[2020.01.10-20.00.59:445][518]LogInit: FAudioDevice initialized.
[2020.01.10-20.00.59:492][518]LogLoad: Game class is 'FirstPersonGameMode_C'
[2020.01.10-20.00.59:497][518]LogWorld: Bringing World /Game/FirstPersonBP/Maps/UEDPIE_0_FirstPersonExampleMap.FirstPersonExampleMap up for play (max tick rate 0) at 2020.01.10-21.00.59
[2020.01.10-20.00.59:497][518]LogWorld: Bringing up level for play took: 0.003217
[2020.01.10-20.00.59:547][518]LogContentBrowser: Native class hierarchy updated for 'MovieSceneCapture' in 0.0006 seconds. Added 11 classes and 0 folders.
[2020.01.10-20.00.59:550][518]PIE: Info Play in editor start time for /Game/FirstPersonBP/Maps/UEDPIE_0_FirstPersonExampleMap 0.141
[2020.01.10-20.00.59:550][518]LogBlueprintUserMessages: Late PlayInEditor Detection: Level '/Game/FirstPersonBP/Maps/FirstPersonExampleMap.FirstPersonExampleMap:PersistentLevel' has LevelScriptBlueprint '/Game/FirstPersonBP/Maps/FirstPersonExampleMap.FirstPersonExampleMap:PersistentLevel.FirstPersonExampleMap' with GeneratedClass '/Game/FirstPersonBP/Maps/FirstPersonExampleMap.FirstPersonExampleMap_C' with ClassGeneratedBy '/Game/FirstPersonBP/Maps/FirstPersonExampleMap.FirstPersonExampleMap:PersistentLevel.FirstPersonExampleMap'
[2020.01.10-20.00.59:906][555]LogFileCache: Retrieving MD5 hashes for directory 'C:/Users/Carlos Gómez/Desktop/videojuego_shooter/EntregaJuegoUnreal2/Content/' took 5.08s
[2020.01.10-20.01.06:429][337]LogBlueprintUserMessages: Early EndPlayMap Detection: Level '/Game/FirstPersonBP/Maps/FirstPersonExampleMap.FirstPersonExampleMap:PersistentLevel' has LevelScriptBlueprint '/Game/FirstPersonBP/Maps/FirstPersonExampleMap.FirstPersonExampleMap:PersistentLevel.FirstPersonExampleMap' with GeneratedClass '/Game/FirstPersonBP/Maps/FirstPersonExampleMap.FirstPersonExampleMap_C' with ClassGeneratedBy '/Game/FirstPersonBP/Maps/FirstPersonExampleMap.FirstPersonExampleMap:PersistentLevel.FirstPersonExampleMap'
[2020.01.10-20.01.06:465][337]LogBlueprintUserMessages: Late EndPlayMap Detection: Level '/Game/FirstPersonBP/Maps/FirstPersonExampleMap.FirstPersonExampleMap:PersistentLevel' has LevelScriptBlueprint '/Game/FirstPersonBP/Maps/FirstPersonExampleMap.FirstPersonExampleMap:PersistentLevel.FirstPersonExampleMap' with GeneratedClass '/Game/FirstPersonBP/Maps/FirstPersonExampleMap.FirstPersonExampleMap_C' with ClassGeneratedBy '/Game/FirstPersonBP/Maps/FirstPersonExampleMap.FirstPersonExampleMap:PersistentLevel.FirstPersonExampleMap'
[2020.01.10-20.01.14:705][465]LogEditorViewport: Clicking on Actor (LMB): StaticMeshActor (FenceBricks+BarrotsFull11)
[2020.01.10-20.01.18:460][899]LogEditorViewport: Clicking on Actor (LMB): StaticMeshActor (Floor)
[2020.01.10-20.01.19:444][ 10]Cmd: SELECT NONE
[2020.01.10-20.01.20:880][181]LogTemp: Repeting last play command: Selected Viewport
[2020.01.10-20.01.20:903][181]LogBlueprintUserMessages: Early PlayInEditor Detection: Level '/Game/FirstPersonBP/Maps/FirstPersonExampleMap.FirstPersonExampleMap:PersistentLevel' has LevelScriptBlueprint '/Game/FirstPersonBP/Maps/FirstPersonExampleMap.FirstPersonExampleMap:PersistentLevel.FirstPersonExampleMap' with GeneratedClass '/Game/FirstPersonBP/Maps/FirstPersonExampleMap.FirstPersonExampleMap_C' with ClassGeneratedBy '/Game/FirstPersonBP/Maps/FirstPersonExampleMap.FirstPersonExampleMap:PersistentLevel.FirstPersonExampleMap'
[2020.01.10-20.01.20:903][181]LogPlayLevel: PlayLevel: No blueprints needed recompiling
[2020.01.10-20.01.20:903][181]PIE: New page: PIE session: FirstPersonExampleMap (Jan 10, 2020, 10:01:20 PM)
[2020.01.10-20.01.20:903][181]LogPlayLevel: Creating play world package: /Game/FirstPersonBP/Maps/UEDPIE_0_FirstPersonExampleMap
[2020.01.10-20.01.20:923][181]LogPlayLevel: PIE: StaticDuplicateObject took: (0.019441s)
[2020.01.10-20.01.20:924][181]LogAIModule: Creating AISystem for world FirstPersonExampleMap
[2020.01.10-20.01.20:924][181]LogPlayLevel: PIE: World Init took: (0.001187s)
[2020.01.10-20.01.20:924][181]LogPlayLevel: PIE: Created PIE world by copying editor world from /Game/FirstPersonBP/Maps/FirstPersonExampleMap.FirstPersonExampleMap to /Game/FirstPersonBP/Maps/UEDPIE_0_FirstPersonExampleMap.FirstPersonExampleMap (0.021027s)
[2020.01.10-20.01.20:959][181]LogInit: XAudio2 using 'Speakers (2- USB Audio Device)' : 2 channels at 48 kHz using 16 bits per sample (channel mask 0x3)
[2020.01.10-20.01.20:969][181]LogInit: FAudioDevice initialized.
[2020.01.10-20.01.21:000][181]LogLoad: Game class is 'FirstPersonGameMode_C'
[2020.01.10-20.01.21:003][181]LogWorld: Bringing World /Game/FirstPersonBP/Maps/UEDPIE_0_FirstPersonExampleMap.FirstPersonExampleMap up for play (max tick rate 0) at 2020.01.10-21.01.21
[2020.01.10-20.01.21:004][181]LogWorld: Bringing up level for play took: 0.002845
[2020.01.10-20.01.21:006][181]PIE: Info Play in editor start time for /Game/FirstPersonBP/Maps/UEDPIE_0_FirstPersonExampleMap -0.402
[2020.01.10-20.01.21:007][181]LogBlueprintUserMessages: Late PlayInEditor Detection: Level '/Game/FirstPersonBP/Maps/FirstPersonExampleMap.FirstPersonExampleMap:PersistentLevel' has LevelScriptBlueprint '/Game/FirstPersonBP/Maps/FirstPersonExampleMap.FirstPersonExampleMap:PersistentLevel.FirstPersonExampleMap' with GeneratedClass '/Game/FirstPersonBP/Maps/FirstPersonExampleMap.FirstPersonExampleMap_C' with ClassGeneratedBy '/Game/FirstPersonBP/Maps/FirstPersonExampleMap.FirstPersonExampleMap:PersistentLevel.FirstPersonExampleMap'
[2020.01.10-20.01.31:515][439]LogBlueprintUserMessages: Early EndPlayMap Detection: Level '/Game/FirstPersonBP/Maps/FirstPersonExampleMap.FirstPersonExampleMap:PersistentLevel' has LevelScriptBlueprint '/Game/FirstPersonBP/Maps/FirstPersonExampleMap.FirstPersonExampleMap:PersistentLevel.FirstPersonExampleMap' with GeneratedClass '/Game/FirstPersonBP/Maps/FirstPersonExampleMap.FirstPersonExampleMap_C' with ClassGeneratedBy '/Game/FirstPersonBP/Maps/FirstPersonExampleMap.FirstPersonExampleMap:PersistentLevel.FirstPersonExampleMap'
[2020.01.10-20.01.31:550][439]LogBlueprintUserMessages: Late EndPlayMap Detection: Level '/Game/FirstPersonBP/Maps/FirstPersonExampleMap.FirstPersonExampleMap:PersistentLevel' has LevelScriptBlueprint '/Game/FirstPersonBP/Maps/FirstPersonExampleMap.FirstPersonExampleMap:PersistentLevel.FirstPersonExampleMap' with GeneratedClass '/Game/FirstPersonBP/Maps/FirstPersonExampleMap.FirstPersonExampleMap_C' with ClassGeneratedBy '/Game/FirstPersonBP/Maps/FirstPersonExampleMap.FirstPersonExampleMap:PersistentLevel.FirstPersonExampleMap'
[2020.01.10-20.01.33:671][642]LogSlate: Took 0.000277 seconds to synchronously load lazily loaded font '../../../Engine/Content/Editor/Slate/Fonts/Roboto-Italic.ttf' (157K)
[2020.01.10-20.01.37:940][ 80]Cmd: SELECT NONE
[2020.01.10-20.01.38:826][185]LogTemp: Repeting last play command: Selected Viewport
[2020.01.10-20.01.38:849][185]LogBlueprintUserMessages: Early PlayInEditor Detection: Level '/Game/FirstPersonBP/Maps/FirstPersonExampleMap.FirstPersonExampleMap:PersistentLevel' has LevelScriptBlueprint '/Game/FirstPersonBP/Maps/FirstPersonExampleMap.FirstPersonExampleMap:PersistentLevel.FirstPersonExampleMap' with GeneratedClass '/Game/FirstPersonBP/Maps/FirstPersonExampleMap.FirstPersonExampleMap_C' with ClassGeneratedBy '/Game/FirstPersonBP/Maps/FirstPersonExampleMap.FirstPersonExampleMap:PersistentLevel.FirstPersonExampleMap'
[2020.01.10-20.01.38:849][185]LogPlayLevel: PlayLevel: No blueprints needed recompiling
[2020.01.10-20.01.38:850][185]PIE: New page: PIE session: FirstPersonExampleMap (Jan 10, 2020, 10:01:38 PM)
[2020.01.10-20.01.38:850][185]LogPlayLevel: Creating play world package: /Game/FirstPersonBP/Maps/UEDPIE_0_FirstPersonExampleMap
[2020.01.10-20.01.38:871][185]LogPlayLevel: PIE: StaticDuplicateObject took: (0.021521s)
[2020.01.10-20.01.38:872][185]LogAIModule: Creating AISystem for world FirstPersonExampleMap
[2020.01.10-20.01.38:872][185]LogPlayLevel: PIE: World Init took: (0.000991s)
[2020.01.10-20.01.38:872][185]LogPlayLevel: PIE: Created PIE world by copying editor world from /Game/FirstPersonBP/Maps/FirstPersonExampleMap.FirstPersonExampleMap to /Game/FirstPersonBP/Maps/UEDPIE_0_FirstPersonExampleMap.FirstPersonExampleMap (0.022810s)
[2020.01.10-20.01.38:908][185]LogInit: XAudio2 using 'Speakers (2- USB Audio Device)' : 2 channels at 48 kHz using 16 bits per sample (channel mask 0x3)
[2020.01.10-20.01.38:918][185]LogInit: FAudioDevice initialized.
[2020.01.10-20.01.38:955][185]LogLoad: Game class is 'FirstPersonGameMode_C'
[2020.01.10-20.01.38:960][185]LogWorld: Bringing World /Game/FirstPersonBP/Maps/UEDPIE_0_FirstPersonExampleMap.FirstPersonExampleMap up for play (max tick rate 0) at 2020.01.10-21.01.38
[2020.01.10-20.01.38:961][185]LogWorld: Bringing up level for play took: 0.004815
[2020.01.10-20.01.38:964][185]PIE: Info Play in editor start time for /Game/FirstPersonBP/Maps/UEDPIE_0_FirstPersonExampleMap -0.444
[2020.01.10-20.01.38:964][185]LogBlueprintUserMessages: Late PlayInEditor Detection: Level '/Game/FirstPersonBP/Maps/FirstPersonExampleMap.FirstPersonExampleMap:PersistentLevel' has LevelScriptBlueprint '/Game/FirstPersonBP/Maps/FirstPersonExampleMap.FirstPersonExampleMap:PersistentLevel.FirstPersonExampleMap' with GeneratedClass '/Game/FirstPersonBP/Maps/FirstPersonExampleMap.FirstPersonExampleMap_C' with ClassGeneratedBy '/Game/FirstPersonBP/Maps/FirstPersonExampleMap.FirstPersonExampleMap:PersistentLevel.FirstPersonExampleMap'
[2020.01.10-20.01.46:513][ 87]LogBlueprintUserMessages: Early EndPlayMap Detection: Level '/Game/FirstPersonBP/Maps/FirstPersonExampleMap.FirstPersonExampleMap:PersistentLevel' has LevelScriptBlueprint '/Game/FirstPersonBP/Maps/FirstPersonExampleMap.FirstPersonExampleMap:PersistentLevel.FirstPersonExampleMap' with GeneratedClass '/Game/FirstPersonBP/Maps/FirstPersonExampleMap.FirstPersonExampleMap_C' with ClassGeneratedBy '/Game/FirstPersonBP/Maps/FirstPersonExampleMap.FirstPersonExampleMap:PersistentLevel.FirstPersonExampleMap'
[2020.01.10-20.01.46:545][ 87]LogBlueprintUserMessages: Late EndPlayMap Detection: Level '/Game/FirstPersonBP/Maps/FirstPersonExampleMap.FirstPersonExampleMap:PersistentLevel' has LevelScriptBlueprint '/Game/FirstPersonBP/Maps/FirstPersonExampleMap.FirstPersonExampleMap:PersistentLevel.FirstPersonExampleMap' with GeneratedClass '/Game/FirstPersonBP/Maps/FirstPersonExampleMap.FirstPersonExampleMap_C' with ClassGeneratedBy '/Game/FirstPersonBP/Maps/FirstPersonExampleMap.FirstPersonExampleMap:PersistentLevel.FirstPersonExampleMap'
[2020.01.10-20.01.51:403][259]Cmd: QUIT_EDITOR
[2020.01.10-20.01.52:417][259]LogWindowsTextInputMethodSystem:Display: IME system now deactivated.
[2020.01.10-20.01.52:475][259]LogExit: Preparing to exit.
[2020.01.10-20.01.53:438][259]LogDirectoryWatcher: A directory notification for 'C:/Users/Carlos Gómez/Desktop/videojuego_shooter/EntregaJuegoUnreal2/Content/' was aborted.
[2020.01.10-20.01.53:465][259]LogExit: Editor shut down
[2020.01.10-20.01.53:469][259]LogExit: Transaction tracking system shut down
[2020.01.10-20.01.53:526][259]LogObj: Freed 0b from 0 cluster array pools.
[2020.01.10-20.01.53:526][259]LogExit: Object subsystem successfully closed.
[2020.01.10-20.01.53:543][259]LogD3D11RHI: Shutdown
[2020.01.10-20.01.53:543][259]LogD3D11RHI: CleanupD3DDevice
[2020.01.10-20.01.53:661][259]LogD3D11RHI: ~FD3D11DynamicRHI
[2020.01.10-20.01.53:677][259]LogModuleManager: Shutting down and abandoning module MovieSceneCapture (526)
[2020.01.10-20.01.53:677][259]LogModuleManager: Shutting down and abandoning module HierarchicalLODOutliner (524)
[2020.01.10-20.01.53:677][259]LogModuleManager: Shutting down and abandoning module CrashTracker (522)
[2020.01.10-20.01.53:677][259]LogModuleManager: Shutting down and abandoning module SceneOutliner (520)
[2020.01.10-20.01.53:677][259]LogModuleManager: Shutting down and abandoning module AddContentDialog (518)
[2020.01.10-20.01.53:677][259]LogDirectoryWatcher: A directory notification for 'C:/Program Files (x86)/Epic Games/UE_4.16/FeaturePacks/' was aborted.
[2020.01.10-20.01.53:678][259]LogModuleManager: Shutting down and abandoning module WidgetCarousel (517)
[2020.01.10-20.01.53:678][259]LogModuleManager: Shutting down and abandoning module EditorWidgets (514)
[2020.01.10-20.01.53:678][259]LogModuleManager: Shutting down and abandoning module CollectionManager (512)
[2020.01.10-20.01.53:678][259]LogDirectoryWatcher: A directory notification for 'C:/Users/Carlos Gómez/Desktop/videojuego_shooter/EntregaJuegoUnreal2/Content/Collections/' was aborted.
[2020.01.10-20.01.53:678][259]LogDirectoryWatcher: A directory notification for 'C:/Users/Carlos Gómez/Desktop/videojuego_shooter/EntregaJuegoUnreal2/Content/Developers/CarlosGómez/Collections/' was aborted.
[2020.01.10-20.01.53:678][259]LogDirectoryWatcher: A directory notification for 'C:/Users/Carlos Gómez/Desktop/videojuego_shooter/EntregaJuegoUnreal2/Saved/Collections/' was aborted.
[2020.01.10-20.01.53:678][259]LogModuleManager: Shutting down and abandoning module StatsViewer (510)
[2020.01.10-20.01.53:678][259]LogModuleManager: Shutting down and abandoning module FoliageEdit (508)
[2020.01.10-20.01.53:678][259]LogModuleManager: Shutting down and abandoning module LandscapeEditor (506)
[2020.01.10-20.01.53:678][259]LogModuleManager: Shutting down and abandoning module MeshPaintMode (504)
[2020.01.10-20.01.53:678][259]LogModuleManager: Shutting down and abandoning module SceneDepthPickerMode (502)
[2020.01.10-20.01.53:678][259]LogModuleManager: Shutting down and abandoning module ActorPickerMode (500)
[2020.01.10-20.01.53:678][259]LogModuleManager: Shutting down and abandoning module GeometryMode (498)
[2020.01.10-20.01.53:678][259]LogModuleManager: Shutting down and abandoning module TextureAlignMode (496)
[2020.01.10-20.01.53:678][259]LogModuleManager: Shutting down and abandoning module BspMode (494)
[2020.01.10-20.01.53:678][259]LogModuleManager: Shutting down and abandoning module HardwareSurvey (492)
[2020.01.10-20.01.53:678][259]LogModuleManager: Shutting down and abandoning module SequenceRecorderSections (490)
[2020.01.10-20.01.53:678][259]LogModuleManager: Shutting down and abandoning module AutomationWorker (488)
[2020.01.10-20.01.53:678][259]LogModuleManager: Shutting down and abandoning module MatineeToLevelSequence (486)
[2020.01.10-20.01.53:678][259]LogModuleManager: Shutting down and abandoning module LevelSequenceEditor (484)
[2020.01.10-20.01.53:678][259]LogModuleManager: Shutting down and abandoning module PlacementMode (483)
[2020.01.10-20.01.53:678][259]LogModuleManager: Shutting down and abandoning module WmfMediaFactory (480)
[2020.01.10-20.01.53:678][259]LogModuleManager: Shutting down and abandoning module WmfMediaEditor (478)
[2020.01.10-20.01.53:678][259]LogModuleManager: Shutting down and abandoning module AvfMediaFactory (476)
[2020.01.10-20.01.53:678][259]LogModuleManager: Shutting down and abandoning module AvfMediaEditor (474)
[2020.01.10-20.01.53:678][259]LogModuleManager: Shutting down and abandoning module AndroidMediaFactory (472)
[2020.01.10-20.01.53:678][259]LogModuleManager: Shutting down and abandoning module Media (471)
[2020.01.10-20.01.53:678][259]LogModuleManager: Shutting down and abandoning module AndroidMediaEditor (468)
[2020.01.10-20.01.53:678][259]LogModuleManager: Shutting down and abandoning module CharacterAI (466)
[2020.01.10-20.01.53:678][259]LogModuleManager: Shutting down and abandoning module AudioCapture (464)
[2020.01.10-20.01.53:678][259]LogModuleManager: Shutting down and abandoning module SequenceRecorder (463)
[2020.01.10-20.01.53:678][259]LogModuleManager: Shutting down and abandoning module SmartSnapping (460)
[2020.01.10-20.01.53:678][259]LogModuleManager: Shutting down and abandoning module SessionServices (458)
[2020.01.10-20.01.53:678][259]LogModuleManager: Shutting down and abandoning module ViewportSnapping (456)
[2020.01.10-20.01.53:678][259]LogModuleManager: Shutting down and abandoning module ViewportInteraction (454)
[2020.01.10-20.01.53:678][259]LogModuleManager: Shutting down and abandoning module ClothPainter (452)
[2020.01.10-20.01.53:678][259]LogModuleManager: Shutting down and abandoning module LogVisualizer (450)
[2020.01.10-20.01.53:679][259]LogModuleManager: Shutting down and abandoning module IntroTutorials (448)
[2020.01.10-20.01.53:679][259]LogModuleManager: Shutting down and abandoning module GameProjectGeneration (447)
[2020.01.10-20.01.53:679][259]LogModuleManager: Shutting down and abandoning module EditorLiveStreaming (444)
[2020.01.10-20.01.53:679][259]LogModuleManager: Shutting down and abandoning module IOSPlatformEditor (442)
[2020.01.10-20.01.53:679][259]LogModuleManager: Shutting down and abandoning module HTML5PlatformEditor (440)
[2020.01.10-20.01.53:679][259]LogModuleManager: Shutting down and abandoning module AndroidPlatformEditor (438)
[2020.01.10-20.01.53:679][259]LogModuleManager: Shutting down and abandoning module AndroidDeviceDetection (437)
[2020.01.10-20.01.53:891][259]LogModuleManager: Shutting down and abandoning module IOSRuntimeSettings (434)
[2020.01.10-20.01.53:891][259]LogModuleManager: Shutting down and abandoning module AndroidRuntimeSettings (432)
[2020.01.10-20.01.53:891][259]LogModuleManager: Shutting down and abandoning module InputBindingEditor (430)
[2020.01.10-20.01.53:891][259]LogModuleManager: Shutting down and abandoning module MergeActors (428)
[2020.01.10-20.01.53:891][259]LogModuleManager: Shutting down and abandoning module SizeMap (426)
[2020.01.10-20.01.53:891][259]LogModuleManager: Shutting down and abandoning module TreeMap (424)
[2020.01.10-20.01.53:891][259]LogModuleManager: Shutting down and abandoning module ReferenceViewer (422)
[2020.01.10-20.01.53:891][259]LogModuleManager: Shutting down and abandoning module LocalizationDashboard (420)
[2020.01.10-20.01.53:891][259]LogModuleManager: Shutting down and abandoning module LocalizationService (419)
[2020.01.10-20.01.53:891][259]LogModuleManager: Shutting down and abandoning module HardwareTargeting (416)
[2020.01.10-20.01.53:891][259]LogModuleManager: Shutting down and abandoning module DeviceProfileEditor (414)
[2020.01.10-20.01.53:891][259]LogModuleManager: Shutting down and abandoning module UndoHistory (412)
[2020.01.10-20.01.53:891][259]LogModuleManager: Shutting down and abandoning module UserFeedback (410)
[2020.01.10-20.01.53:891][259]LogModuleManager: Shutting down and abandoning module XmlParser (408)
[2020.01.10-20.01.53:891][259]LogModuleManager: Shutting down and abandoning module Blutility (406)
[2020.01.10-20.01.53:892][259]LogModuleManager: Shutting down and abandoning module ProjectSettingsViewer (404)
[2020.01.10-20.01.53:892][259]LogModuleManager: Shutting down and abandoning module ProjectTargetPlatformEditor (403)
[2020.01.10-20.01.53:892][259]LogModuleManager: Shutting down and abandoning module EditorSettingsViewer (400)
[2020.01.10-20.01.53:892][259]LogModuleManager: Shutting down and abandoning module SettingsEditor (398)
[2020.01.10-20.01.53:892][259]LogModuleManager: Shutting down and abandoning module ProjectLauncher (396)
[2020.01.10-20.01.53:892][259]LogModuleManager: Shutting down and abandoning module SessionFrontend (394)
[2020.01.10-20.01.53:892][259]LogModuleManager: Shutting down and abandoning module ProfilerClient (392)
[2020.01.10-20.01.53:892][259]LogModuleManager: Shutting down and abandoning module DeviceManager (390)
[2020.01.10-20.01.53:892][259]LogModuleManager: Shutting down and abandoning module TargetDeviceServices (389)
[2020.01.10-20.01.53:947][259]LogModuleManager: Shutting down and abandoning module AutomationController (386)
[2020.01.10-20.01.53:947][259]LogModuleManager: Shutting down and abandoning module AutomationWindow (384)
[2020.01.10-20.01.53:947][259]LogModuleManager: Shutting down and abandoning module Layers (382)
[2020.01.10-20.01.53:947][259]LogModuleManager: Shutting down and abandoning module ComponentVisualizers (380)
[2020.01.10-20.01.53:947][259]LogModuleManager: Shutting down and abandoning module DetailCustomizations (378)
[2020.01.10-20.01.53:947][259]LogModuleManager: Shutting down and abandoning module PackagesDialog (376)
[2020.01.10-20.01.53:947][259]LogModuleManager: Shutting down and abandoning module Persona (374)
[2020.01.10-20.01.53:947][259]LogModuleManager: Shutting down and abandoning module AdvancedPreviewScene (373)
[2020.01.10-20.01.53:947][259]LogModuleManager: Shutting down and abandoning module AnimGraph (371)
[2020.01.10-20.01.53:947][259]LogModuleManager: Shutting down and abandoning module Kismet (368)
[2020.01.10-20.01.53:948][259]LogModuleManager: Shutting down and abandoning module ClassViewer (366)
[2020.01.10-20.01.53:948][259]LogModuleManager: Shutting down and abandoning module Toolbox (364)
[2020.01.10-20.01.53:948][259]LogModuleManager: Shutting down and abandoning module ModuleUI (362)
[2020.01.10-20.01.53:948][259]LogModuleManager: Shutting down and abandoning module MovieSceneTools (360)
[2020.01.10-20.01.53:948][259]LogModuleManager: Shutting down and abandoning module OutputLog (358)
[2020.01.10-20.01.53:948][259]LogModuleManager: Shutting down and abandoning module GammaUI (356)
[2020.01.10-20.01.53:948][259]LogModuleManager: Shutting down and abandoning module Documentation (354)
[2020.01.10-20.01.53:948][259]LogModuleManager: Shutting down and abandoning module MovieSceneTracks (352)
[2020.01.10-20.01.53:948][259]LogModuleManager: Shutting down and abandoning module MovieScene (350)
[2020.01.10-20.01.53:948][259]LogModuleManager: Shutting down and abandoning module Niagara (348)
[2020.01.10-20.01.53:948][259]LogModuleManager: Shutting down and abandoning module NiagaraEditor (347)
[2020.01.10-20.01.53:948][259]LogModuleManager: Shutting down and abandoning module StreamingPauseRendering (344)
[2020.01.10-20.01.53:948][259]LogModuleManager: Shutting down and abandoning module AnalyticsET (342)
[2020.01.10-20.01.53:948][259]LogModuleManager: Shutting down and abandoning module PortalServices (340)
[2020.01.10-20.01.53:948][259]LogModuleManager: Shutting down and abandoning module PortalRpc (338)
[2020.01.10-20.01.53:948][259]LogModuleManager: Shutting down and abandoning module MessagingRpc (336)
[2020.01.10-20.01.53:948][259]LogModuleManager: Shutting down and abandoning module AIModule (334)
[2020.01.10-20.01.53:948][259]LogModuleManager: Shutting down and abandoning module GameplayDebugger (333)
[2020.01.10-20.01.53:949][259]LogModuleManager: Shutting down and abandoning module AITestSuite (331)
[2020.01.10-20.01.53:949][259]LogModuleManager: Shutting down and abandoning module ProfilerService (328)
[2020.01.10-20.01.54:064][259]LogModuleManager: Shutting down and abandoning module TaskGraph (326)
[2020.01.10-20.01.54:064][259]LogModuleManager: Shutting down and abandoning module SteamVRController (324)
[2020.01.10-20.01.54:064][259]LogModuleManager: Shutting down and abandoning module SteamVR (322)
[2020.01.10-20.01.54:064][259]LogModuleManager: Shutting down and abandoning module ProceduralMeshComponentEditor (320)
[2020.01.10-20.01.54:064][259]LogModuleManager: Shutting down and abandoning module ProceduralMeshComponent (318)
[2020.01.10-20.01.54:064][259]LogModuleManager: Shutting down and abandoning module OculusLibrary (316)
[2020.01.10-20.01.54:064][259]LogModuleManager: Shutting down and abandoning module OculusInput (314)
[2020.01.10-20.01.54:064][259]LogModuleManager: Shutting down and abandoning module MobilePatchingUtils (312)
[2020.01.10-20.01.54:064][259]LogModuleManager: Shutting down and abandoning module CustomMeshComponent (310)
[2020.01.10-20.01.54:064][259]LogModuleManager: Shutting down and abandoning module CableComponent (308)
[2020.01.10-20.01.54:064][259]LogModuleManager: Shutting down and abandoning module ArchVisCharacter (306)
[2020.01.10-20.01.54:064][259]LogModuleManager: Shutting down and abandoning module AndroidPermission (304)
[2020.01.10-20.01.54:064][259]LogModuleManager: Shutting down and abandoning module MediaPlayerEditor (300)
[2020.01.10-20.01.54:064][259]LogModuleManager: Shutting down and abandoning module HTML5Networking (298)
[2020.01.10-20.01.54:064][259]LogModuleManager: Shutting down and abandoning module AlembicImporter (296)
[2020.01.10-20.01.54:064][259]LogModuleManager: Shutting down and abandoning module AlembicLibrary (295)
[2020.01.10-20.01.54:064][259]LogModuleManager: Shutting down and abandoning module GeometryCache (294)
[2020.01.10-20.01.54:064][259]LogModuleManager: Shutting down and abandoning module GeometryCacheEd (293)
[2020.01.10-20.01.54:064][259]LogModuleManager: Shutting down and abandoning module SuperSearchEditor (288)
[2020.01.10-20.01.54:064][259]LogModuleManager: Shutting down and abandoning module SuperSearch (287)
[2020.01.10-20.01.54:064][259]LogModuleManager: Shutting down and abandoning module SpeedTreeImporter (284)
[2020.01.10-20.01.54:064][259]LogModuleManager: Shutting down and abandoning module PluginBrowser (282)
[2020.01.10-20.01.54:064][259]LogModuleManager: Shutting down and abandoning module MobileLauncherProfileWizard (280)
[2020.01.10-20.01.54:064][259]LogModuleManager: Shutting down and abandoning module VisualStudioSourceCodeAccess (278)
[2020.01.10-20.01.54:064][259]LogModuleManager: Shutting down and abandoning module DesktopPlatform (277)
[2020.01.10-20.01.54:065][259]LogModuleManager: Shutting down and abandoning module UObjectPlugin (274)
[2020.01.10-20.01.54:065][259]LogModuleManager: Shutting down and abandoning module SubversionSourceControl (272)
[2020.01.10-20.01.54:065][259]LogModuleManager: Shutting down and abandoning module PerforceSourceControl (270)
[2020.01.10-20.01.54:065][259]LogModuleManager: Shutting down and abandoning module GitSourceControl (268)
[2020.01.10-20.01.54:065][259]LogModuleManager: Shutting down and abandoning module SourceControl (267)
[2020.01.10-20.01.54:065][259]LogModuleManager: Shutting down and abandoning module LightPropagationVolumeEditor (264)
[2020.01.10-20.01.54:065][259]LogModuleManager: Shutting down and abandoning module PaperTiledImporter (262)
[2020.01.10-20.01.54:065][259]LogModuleManager: Shutting down and abandoning module PaperSpriteSheetImporter (260)
[2020.01.10-20.01.54:065][259]LogModuleManager: Shutting down and abandoning module Paper2DEditor (258)
[2020.01.10-20.01.54:065][259]LogModuleManager: Shutting down and abandoning module MeshPaint (257)
[2020.01.10-20.01.54:065][259]LogModuleManager: Shutting down and abandoning module LevelEditor (255)
[2020.01.10-20.01.54:066][259]LogModuleManager: Shutting down and abandoning module PixelInspectorModule (254)
[2020.01.10-20.01.54:066][259]LogModuleManager: Shutting down and abandoning module MainFrame (252)
[2020.01.10-20.01.54:066][259]LogModuleManager: Shutting down and abandoning module HotReload (251)
[2020.01.10-20.01.54:066][259]LogModuleManager: Shutting down and abandoning module PhysXVehiclesEditor (246)
[2020.01.10-20.01.54:067][259]LogModuleManager: Shutting down and abandoning module PhysXVehicles (244)
[2020.01.10-20.01.54:067][259]LogModuleManager: Shutting down and abandoning module LocationServicesBPLibrary (242)
[2020.01.10-20.01.54:067][259]LogModuleManager: Shutting down and abandoning module ImmediatePhysicsEditor (240)
[2020.01.10-20.01.54:067][259]LogModuleManager: Shutting down and abandoning module ImmediatePhysics (238)
[2020.01.10-20.01.54:067][259]LogModuleManager: Shutting down and abandoning module UdpMessaging (236)
[2020.01.10-20.01.54:168][259]LogModuleManager: Shutting down and abandoning module TcpMessaging (234)
[2020.01.10-20.01.54:279][259]LogModuleManager: Shutting down and abandoning module GameplayTagsEditor (232)
[2020.01.10-20.01.54:279][259]LogModuleManager: Shutting down and abandoning module FacialAnimationEditor (230)
[2020.01.10-20.01.54:279][259]LogModuleManager: Shutting down and abandoning module FacialAnimation (228)
[2020.01.10-20.01.54:279][259]LogModuleManager: Shutting down and abandoning module AssetManagerEditor (226)
[2020.01.10-20.01.54:279][259]LogModuleManager: Shutting down and abandoning module GraphEditor (225)
[2020.01.10-20.01.54:279][259]LogModuleManager: Shutting down and abandoning module ContentBrowser (223)
[2020.01.10-20.01.54:281][259]LogModuleManager: Shutting down and abandoning module LightPropagationVolumeRuntime (220)
[2020.01.10-20.01.54:281][259]LogModuleManager: Shutting down and abandoning module Paper2D (218)
[2020.01.10-20.01.54:281][259]LogModuleManager: Shutting down and abandoning module WindowsMoviePlayer (216)
[2020.01.10-20.01.54:281][259]LogModuleManager: Shutting down and abandoning module WmfMedia (214)
[2020.01.10-20.01.54:281][259]LogModuleManager: Shutting down and abandoning module ClothingSystemEditor (212)
[2020.01.10-20.01.54:281][259]LogModuleManager: Shutting down and abandoning module ClothingSystemRuntime (210)
[2020.01.10-20.01.54:281][259]LogModuleManager: Shutting down and abandoning module MediaAssets (208)
[2020.01.10-20.01.54:281][259]LogModuleManager: Shutting down and abandoning module GameLiveStreaming (206)
[2020.01.10-20.01.54:281][259]LogModuleManager: Shutting down and abandoning module VREditor (204)
[2020.01.10-20.01.54:281][259]LogModuleManager: Shutting down and abandoning module StringTableEditor (202)
[2020.01.10-20.01.54:281][259]LogModuleManager: Shutting down and abandoning module GameplayTasksEditor (200)
[2020.01.10-20.01.54:281][259]LogModuleManager: Shutting down and abandoning module BehaviorTreeEditor (198)
[2020.01.10-20.01.54:281][259]LogModuleManager: Shutting down and abandoning module FunctionalTesting (196)
[2020.01.10-20.01.54:281][259]LogModuleManager: Shutting down and abandoning module CollisionAnalyzer (194)
[2020.01.10-20.01.54:281][259]LogModuleManager: Shutting down and abandoning module UMG (192)
[2020.01.10-20.01.54:281][259]LogModuleManager: Shutting down and abandoning module UMGEditor (191)
[2020.01.10-20.01.54:281][259]LogModuleManager: Shutting down and abandoning module Sequencer (190)
[2020.01.10-20.01.54:281][259]LogModuleManager: Shutting down and abandoning module AssetTools (188)
[2020.01.10-20.01.54:281][259]LogModuleManager: Shutting down and abandoning module MessageLog (187)
[2020.01.10-20.01.54:281][259]LogModuleManager: Shutting down and abandoning module WorkspaceMenuStructure (186)
[2020.01.10-20.01.54:281][259]LogModuleManager: Shutting down and abandoning module SlateReflector (180)
[2020.01.10-20.01.54:281][259]LogModuleManager: Shutting down and abandoning module Slate (178)
[2020.01.10-20.01.54:281][259]LogModuleManager: Shutting down and abandoning module EditorStyle (176)
[2020.01.10-20.01.54:284][259]LogModuleManager: Shutting down and abandoning module SourceCodeAccess (174)
[2020.01.10-20.01.54:284][259]LogModuleManager: Shutting down and abandoning module HeadMountedDisplay (172)
[2020.01.10-20.01.54:284][259]LogModuleManager: Shutting down and abandoning module XAudio2 (170)
[2020.01.10-20.01.54:284][259]LogModuleManager: Shutting down and abandoning module Networking (168)
[2020.01.10-20.01.54:284][259]LogModuleManager: Shutting down and abandoning module Core (164)
[2020.01.10-20.01.54:284][259]LogModuleManager: Shutting down and abandoning module AssetRegistry (162)
[2020.01.10-20.01.54:436][259]LogDirectoryWatcher: A directory notification for '../../../Engine/Content/' was aborted.
[2020.01.10-20.01.54:436][259]LogDirectoryWatcher: A directory notification for '../../../../../../Users/Carlos Gómez/Desktop/videojuego_shooter/EntregaJuegoUnreal2/Content/' was aborted.
[2020.01.10-20.01.54:436][259]LogDirectoryWatcher: A directory notification for '../../../Engine/Plugins/2D/Paper2D/Content/' was aborted.
[2020.01.10-20.01.54:436][259]LogDirectoryWatcher: A directory notification for '../../../Engine/Plugins/Runtime/GearVR/Content/' was aborted.
[2020.01.10-20.01.54:439][259]LogModuleManager: Shutting down and abandoning module DirectoryWatcher (161)
[2020.01.10-20.01.54:440][259]LogModuleManager: Shutting down and abandoning module KismetCompiler (158)
[2020.01.10-20.01.54:440][259]LogModuleManager: Shutting down and abandoning module LevelSequence (156)
[2020.01.10-20.01.54:440][259]LogModuleManager: Shutting down and abandoning module PhysXFormats (154)
[2020.01.10-20.01.54:440][259]LogModuleManager: Shutting down and abandoning module MeshUtilities (152)
[2020.01.10-20.01.54:440][259]LogModuleManager: Shutting down and abandoning module SimplygonSwarm (151)
[2020.01.10-20.01.54:440][259]LogModuleManager: Shutting down and abandoning module SimplygonMeshReduction (149)
[2020.01.10-20.01.54:440][259]LogModuleManager: Shutting down and abandoning module QuadricMeshReduction (147)
[2020.01.10-20.01.54:440][259]LogModuleManager: Shutting down and abandoning module DerivedDataCache (144)
[2020.01.10-20.01.54:783][259]LogDerivedDataCache: Shutdown
[2020.01.10-20.01.54:783][259]LogModuleManager: Shutting down and abandoning module TargetPlatform (142)
[2020.01.10-20.01.54:783][259]LogModuleManager: Shutting down and abandoning module VulkanShaderFormat (141)
[2020.01.10-20.01.54:783][259]LogModuleManager: Shutting down and abandoning module ShaderFormatVectorVM (139)
[2020.01.10-20.01.54:783][259]LogModuleManager: Shutting down and abandoning module ShaderFormatOpenGL (137)
[2020.01.10-20.01.54:783][259]LogModuleManager: Shutting down and abandoning module ShaderFormatD3D (135)
[2020.01.10-20.01.54:783][259]LogModuleManager: Shutting down and abandoning module MetalShaderFormat (133)
[2020.01.10-20.01.54:783][259]LogModuleManager: Shutting down and abandoning module TextureFormatUncompressed (131)
[2020.01.10-20.01.54:783][259]LogModuleManager: Shutting down and abandoning module TextureFormatPVR (129)
[2020.01.10-20.01.54:783][259]LogModuleManager: Shutting down and abandoning module TextureFormatDXT (127)
[2020.01.10-20.01.54:783][259]LogModuleManager: Shutting down and abandoning module TextureFormatIntelISPCTexComp (125)
[2020.01.10-20.01.54:784][259]LogModuleManager: Shutting down and abandoning module TextureFormatASTC (123)
[2020.01.10-20.01.54:784][259]LogModuleManager: Shutting down and abandoning module ImageWrapper (122)
[2020.01.10-20.01.54:784][259]LogModuleManager: Shutting down and abandoning module TextureFormatAndroid (119)
[2020.01.10-20.01.54:784][259]LogModuleManager: Shutting down and abandoning module AudioFormatOpus (117)
[2020.01.10-20.01.54:784][259]LogModuleManager: Shutting down and abandoning module AudioFormatOgg (115)
[2020.01.10-20.01.54:784][259]LogModuleManager: Shutting down and abandoning module AudioFormatADPCM (113)
[2020.01.10-20.01.54:784][259]LogModuleManager: Shutting down and abandoning module LinuxTargetPlatform (111)
[2020.01.10-20.01.54:784][259]LogModuleManager: Shutting down and abandoning module LinuxServerTargetPlatform (109)
[2020.01.10-20.01.54:784][259]LogModuleManager: Shutting down and abandoning module LinuxNoEditorTargetPlatform (107)
[2020.01.10-20.01.54:784][259]LogModuleManager: Shutting down and abandoning module LinuxClientTargetPlatform (105)
[2020.01.10-20.01.54:784][259]LogModuleManager: Shutting down and abandoning module TVOSTargetPlatform (103)
[2020.01.10-20.01.54:784][259]LogModuleManager: Shutting down and abandoning module Messaging (101)
[2020.01.10-20.01.54:784][259]LogModuleManager: Shutting down and abandoning module IOSTargetPlatform (99)
[2020.01.10-20.01.54:784][259]LogModuleManager: Shutting down and abandoning module HTML5TargetPlatform (97)
[2020.01.10-20.01.54:784][259]LogModuleManager: Shutting down and abandoning module Android_PVRTCTargetPlatform (95)
[2020.01.10-20.01.54:784][259]LogModuleManager: Shutting down and abandoning module Android_MultiTargetPlatform (93)
[2020.01.10-20.01.54:784][259]LogModuleManager: Shutting down and abandoning module Android_ETC2TargetPlatform (91)
[2020.01.10-20.01.54:784][259]LogModuleManager: Shutting down and abandoning module Android_ETC1TargetPlatform (89)
[2020.01.10-20.01.54:784][259]LogModuleManager: Shutting down and abandoning module Android_DXTTargetPlatform (87)
[2020.01.10-20.01.54:784][259]LogModuleManager: Shutting down and abandoning module Android_ATCTargetPlatform (85)
[2020.01.10-20.01.54:784][259]LogModuleManager: Shutting down and abandoning module Android_ASTCTargetPlatform (83)
[2020.01.10-20.01.54:784][259]LogModuleManager: Shutting down and abandoning module AndroidTargetPlatform (81)
[2020.01.10-20.01.54:784][259]LogModuleManager: Shutting down and abandoning module WindowsTargetPlatform (79)
[2020.01.10-20.01.54:784][259]LogModuleManager: Shutting down and abandoning module WindowsServerTargetPlatform (77)
[2020.01.10-20.01.54:784][259]LogModuleManager: Shutting down and abandoning module WindowsNoEditorTargetPlatform (75)
[2020.01.10-20.01.54:784][259]LogModuleManager: Shutting down and abandoning module WindowsClientTargetPlatform (73)
[2020.01.10-20.01.54:784][259]LogModuleManager: Shutting down and abandoning module MacTargetPlatform (71)
[2020.01.10-20.01.54:784][259]LogModuleManager: Shutting down and abandoning module MacServerTargetPlatform (69)
[2020.01.10-20.01.54:784][259]LogModuleManager: Shutting down and abandoning module MacNoEditorTargetPlatform (67)
[2020.01.10-20.01.54:784][259]LogModuleManager: Shutting down and abandoning module MacClientTargetPlatform (65)
[2020.01.10-20.01.54:784][259]LogModuleManager: Shutting down and abandoning module AllDesktopTargetPlatform (63)
[2020.01.10-20.01.54:784][259]LogModuleManager: Shutting down and abandoning module InputCore (60)
[2020.01.10-20.01.54:784][259]LogModuleManager: Shutting down and abandoning module Settings (58)
[2020.01.10-20.01.54:784][259]LogModuleManager: Shutting down and abandoning module OculusRift (56)
[2020.01.10-20.01.54:784][259]LogModuleManager: Shutting down and abandoning module GearVRController (54)
[2020.01.10-20.01.54:784][259]LogModuleManager: Shutting down and abandoning module GearVR (52)
[2020.01.10-20.01.54:784][259]LogModuleManager: Shutting down and abandoning module ExampleDeviceProfileSelector (50)
[2020.01.10-20.01.54:784][259]LogModuleManager: Shutting down and abandoning module OnlineBlueprintSupport (48)
[2020.01.10-20.01.54:784][259]LogModuleManager: Shutting down and abandoning module OnlineSubsystem (44)
[2020.01.10-20.01.54:784][259]LogOnline:Display: Unloading online subsystem: NULL
[2020.01.10-20.01.54:784][259]LogModuleManager: Shutting down and abandoning module XMPP (43)
[2020.01.10-20.01.54:784][259]LogModuleManager: Shutting down and abandoning module HTTP (41)
[2020.01.10-20.01.54:784][259]LogHttp:Display: Http module shutting down, but needs to wait on 1 outstanding Http requests:
[2020.01.10-20.01.54:784][259]LogHttp:Display: 	verb=[POST] url=[https://datarouter.ol.epicgames.com/datarouter/api/v1/public/data?SessionID=%7B89D9CCEC-4EF7-0EC4-32FA-348FF9B5B3AE%7D&AppID=UEEditor.Rocket.Release&AppVersion=4.16.3-3561208%2B%2B%2BUE4%2BRelease-4.16&UserID=96c22fcc4a13df48a702c0b25280ec08%7C5727c0aceda34a2a8745d0ddd25f12e5%7C2451b241-4f41-47a9-baf2-594cddf6b242&AppEnvironment=datacollector-binary&UploadType=eteventstream] status=Processing
[2020.01.10-20.01.54:785][259]LogModuleManager: Shutting down and abandoning module SSL (40)
[2020.01.10-20.01.54:787][259]LogModuleManager: Shutting down and abandoning module HTTPChunkInstaller (36)
[2020.01.10-20.01.54:787][259]LogModuleManager: Shutting down and abandoning module AnimationModifiers (34)
[2020.01.10-20.01.54:787][259]LogModuleManager: Shutting down and abandoning module PropertyEditor (33)
[2020.01.10-20.01.54:787][259]LogModuleManager: Shutting down and abandoning module AudioEditor (30)
[2020.01.10-20.01.54:787][259]LogModuleManager: Shutting down and abandoning module TextureCompressor (28)
[2020.01.10-20.01.54:787][259]LogModuleManager: Shutting down and abandoning module ShaderCore (26)
[2020.01.10-20.01.54:787][259]LogModuleManager: Shutting down and abandoning module Landscape (24)
[2020.01.10-20.01.54:787][259]LogModuleManager: Shutting down and abandoning module SlateRHIRenderer (22)
[2020.01.10-20.01.54:788][259]LogModuleManager: Shutting down and abandoning module OpenGLDrv (20)
[2020.01.10-20.01.54:788][259]LogModuleManager: Shutting down and abandoning module D3D11RHI (18)
[2020.01.10-20.01.54:788][259]LogModuleManager: Shutting down and abandoning module AnimGraphRuntime (16)
[2020.01.10-20.01.54:788][259]LogModuleManager: Shutting down and abandoning module Renderer (14)
[2020.01.10-20.01.54:788][259]LogModuleManager: Shutting down and abandoning module Engine (12)
[2020.01.10-20.01.54:788][259]LogModuleManager: Shutting down and abandoning module CoreUObject (10)
[2020.01.10-20.01.54:788][259]LogModuleManager: Shutting down and abandoning module NetworkFile (8)
[2020.01.10-20.01.54:788][259]LogModuleManager: Shutting down and abandoning module StreamingFile (6)
[2020.01.10-20.01.54:788][259]LogModuleManager: Shutting down and abandoning module SandboxFile (4)
[2020.01.10-20.01.54:788][259]LogModuleManager: Shutting down and abandoning module PakFile (2)
[2020.01.10-20.01.54:790][259]LogExit: Exiting.
[2020.01.10-20.01.54:809][259]Log file closed, 01/10/20 21:01:54
