Log file open, 01/16/20 19:04:51
LogInit:Display: Running engine for game: EntregaJuegoUnreal2
LogPlatformFile: Not using cached read wrapper
LogInit:Display: RandInit(-2130978837) SRandInit(-2130978837).
LogTaskGraph: Started task graph with 5 named threads and 8 total threads with 1 sets of task threads.
LogStats: Stats thread started at 2.301066
LogInit: Using libcurl 7.47.1
LogInit:  - built for x86_64-pc-win32
LogInit:  - supports SSL with OpenSSL/1.0.2g
LogInit:  - supports HTTP deflate (compression) using libz 1.2.8
LogInit:  - other features:
LogInit:      CURL_VERSION_SSL
LogInit:      CURL_VERSION_LIBZ
LogInit:      CURL_VERSION_IPV6
LogInit:      CURL_VERSION_ASYNCHDNS
LogInit:      CURL_VERSION_LARGEFILE
LogInit:      CURL_VERSION_IDN
LogInit:  CurlRequestOptions (configurable via config and command line):
LogInit:  - bVerifyPeer = false  - Libcurl will NOT verify peer certificate
LogInit:  - bUseHttpProxy = false  - Libcurl will NOT use HTTP proxy
LogInit:  - bDontReuseConnections = false  - Libcurl will reuse connections
LogInit:  - CertBundlePath = nullptr  - Libcurl will use whatever was configured at build time.
LogInit: Build: ++UE4+Release-4.16-CL-3561208
LogInit: Engine Version: 4.16.3-3561208+++UE4+Release-4.16
LogInit: Compatible Engine Version: 4.16.0-3452394+++UE4+Release-4.16
LogInit: Net CL: 3452394
LogDevObjectVersion: Number of dev versions registered: 16
LogDevObjectVersion:   Dev-Blueprints (B0D832E4-1F89-4F0D-ACCF-7EB736FD4AA2): 9
LogDevObjectVersion:   Dev-Build (E1C64328-A22C-4D53-A36C-8E866417BD8C): 0
LogDevObjectVersion:   Dev-Core (375EC13C-06E4-48FB-B500-84F0262A717E): 2
LogDevObjectVersion:   Dev-Editor (E4B068ED-F494-42E9-A231-DA0B2E46BB41): 17
LogDevObjectVersion:   Dev-Framework (CFFC743F-43B0-4480-9391-14DF171D2073): 23
LogDevObjectVersion:   Dev-Mobile (B02B49B5-BB20-44E9-A304-32B752E40360): 0
LogDevObjectVersion:   Dev-Networking (A4E4105C-59A1-49B5-A7C5-40C4547EDFEE): 0
LogDevObjectVersion:   Dev-Online (39C831C9-5AE6-47DC-9A44-9C173E1C8E7C): 0
LogDevObjectVersion:   Dev-Physics (78F01B33-EBEA-4F98-B9B4-84EACCB95AA2): 0
LogDevObjectVersion:   Dev-Platform (6631380F-2D4D-43E0-8009-CF276956A95A): 0
LogDevObjectVersion:   Dev-Rendering (12F88B9F-8875-4AFC-A67C-D90C383ABD29): 15
LogDevObjectVersion:   Dev-Sequencer (7B5AE74C-D270-4C10-A958-57980B212A5A): 4
LogDevObjectVersion:   Dev-VR (D7296918-1DD6-4BDD-9DE2-64A83CC13884): 0
LogDevObjectVersion:   Dev-LoadTimes (C2A15278-BFE7-4AFE-6C17-90FF531DF755): 1
LogDevObjectVersion:   Private-Geometry (6EACA3D4-40EC-4CC1-B786-8BED09428FC5): 1
LogDevObjectVersion:   Dev-AnimPhys (29E575DD-E0A3-4627-9D10-D276232CDCEA): 3
LogInit: Compiled (64-bit): Jul 28 2017 11:49:47
LogInit: Compiled with Visual C++: 19.00.24215.01
LogInit: Build Configuration: Development
LogInit: Branch Name: ++UE4+Release-4.16
LogInit: Command line:  
LogInit: Base directory: D:/Program Files (x86)/Epic Games/UE_4.16/Engine/Binaries/Win64/
LogInit: Installed Engine Build: 1
LogInit: Presizing for max 8388607 objects, including 0 objects not considered by GC, pre-allocating 0 bytes for permanent pool.
LogInit: Object subsystem initialized
[2020.01.16-18.04.53:165][  0]LogInit: Selected Device Profile: [Windows]
[2020.01.16-18.04.53:165][  0]LogInit: Applying CVar settings loaded from the selected device profile: [Windows]
[2020.01.16-18.04.53:277][  0]LogInit: Computer: DESKTOP-JHFJI5B
[2020.01.16-18.04.53:277][  0]LogInit: User: DiegoTrapiello
[2020.01.16-18.04.53:277][  0]LogInit: CPU Page size=4096, Cores=4
[2020.01.16-18.04.53:277][  0]LogInit: High frequency timer resolution =3.914066 MHz
[2020.01.16-18.04.53:289][  0]LogMemory: Memory total: Physical=16.0GB (16GB approx)
[2020.01.16-18.04.53:289][  0]LogMemory: Platform Memory Stats for Windows
[2020.01.16-18.04.53:289][  0]LogMemory: Process Physical Memory: 273.74 MB used, 273.74 MB peak
[2020.01.16-18.04.53:289][  0]LogMemory: Process Virtual Memory: 262.90 MB used, 262.90 MB peak
[2020.01.16-18.04.53:289][  0]LogMemory: Physical Memory: 8751.37 MB used,  7592.05 MB free, 16343.42 MB total
[2020.01.16-18.04.53:289][  0]LogMemory: Virtual Memory: 4757.66 MB used,  7592.05 MB free, 134217728.00 MB total
[2020.01.16-18.04.54:010][  0]LogInit: Overriding language with editor language configuration option (en).
[2020.01.16-18.04.54:010][  0]LogInit: Overriding locale with editor locale configuration option (en).
[2020.01.16-18.04.59:474][  0]LogD3D11RHI: D3D11 adapters:
[2020.01.16-18.04.59:574][  0]LogD3D11RHI:    0. 'NVIDIA GeForce GTX 1070' (Feature Level 11_0)
[2020.01.16-18.04.59:574][  0]LogD3D11RHI:       8088/0/8171 MB DedicatedVideo/DedicatedSystem/SharedSystem, Outputs:1, VendorId:0x10de
[2020.01.16-18.04.59:576][  0]LogD3D11RHI:    1. 'Microsoft Basic Render Driver' (Feature Level 11_0)
[2020.01.16-18.04.59:576][  0]LogD3D11RHI:       0/0/8171 MB DedicatedVideo/DedicatedSystem/SharedSystem, Outputs:0, VendorId:0x1414
[2020.01.16-18.04.59:576][  0]LogD3D11RHI: Chosen D3D11 Adapter: 0
[2020.01.16-18.04.59:587][  0]LogD3D11RHI: Creating new Direct3DDevice
[2020.01.16-18.04.59:587][  0]LogD3D11RHI:     GPU DeviceId: 0x1b81 (for the marketing name, search the web for "GPU Device Id")
[2020.01.16-18.04.59:587][  0]LogWindows: EnumDisplayDevices:
[2020.01.16-18.04.59:587][  0]LogWindows:    0. 'NVIDIA GeForce GTX 1070' (P:1 D:1)
[2020.01.16-18.04.59:588][  0]LogWindows:    1. 'NVIDIA GeForce GTX 1070' (P:0 D:0)
[2020.01.16-18.04.59:588][  0]LogWindows:    2. 'NVIDIA GeForce GTX 1070' (P:0 D:0)
[2020.01.16-18.04.59:588][  0]LogWindows:    3. 'NVIDIA GeForce GTX 1070' (P:0 D:0)
[2020.01.16-18.04.59:588][  0]LogWindows: DebugString: GetVideoDriverDetailsInvalid PrimaryIsNotTheChoosenAdapter GetVideoDriverDetailsInvalid PrimaryIsNotTheChoosenAdapter GetVideoDriverDetailsInvalid PrimaryIsNotTheChoosenAdapter GetVideoDriverDetailsInvalid PrimaryIsNotTheChoosenAdapter FoundDriverCount:0 
[2020.01.16-18.04.59:588][  0]LogD3D11RHI:     Adapter Name: NVIDIA GeForce GTX 1070
[2020.01.16-18.04.59:588][  0]LogD3D11RHI:   Driver Version: Unknown (internal:Unknown, unified:Unknown)
[2020.01.16-18.04.59:588][  0]LogD3D11RHI:      Driver Date: Unknown
[2020.01.16-18.04.59:589][  0]LogRHI: Texture pool is 1361 MB (70% of 1945 MB)
[2020.01.16-18.04.59:645][  0]LogD3D11RHI: Async texture creation enabled
[2020.01.16-18.04.59:939][  0]LogD3D11RHI: GPU Timing Frequency: 1000.000000 (Debug: 2 1)
[2020.01.16-18.05.00:075][  0]LogShaderCompilers: Guid format shader working directory is -43 characters bigger than the processId version (../../../../../../Diego Trapiello/Documents/Unreal Projects/videojuego_shooter/EntregaJuegoUnreal2/Intermediate/Shaders/WorkingDirectory/25032/).
[2020.01.16-18.05.00:075][  0]LogShaderCompilers: Cleaned the shader compiler working directory 'C:/Users/Diego Trapiello/AppData/Local/Temp/UnrealShaderWorkingDir/4C2D97C345149C15A03C49B3317F6048/'.
[2020.01.16-18.05.00:087][  0]LogShaderCompilers:Display: Using Local Shader Compiler.
[2020.01.16-18.05.02:418][  0]LogTemp:Display: Loaded TP AllDesktopTargetPlatform
[2020.01.16-18.05.02:475][  0]LogTemp:Display: Loaded TP MacClientTargetPlatform
[2020.01.16-18.05.02:533][  0]LogTemp:Display: Loaded TP MacNoEditorTargetPlatform
[2020.01.16-18.05.02:591][  0]LogTemp:Display: Loaded TP MacServerTargetPlatform
[2020.01.16-18.05.02:667][  0]LogTemp:Display: Loaded TP MacTargetPlatform
[2020.01.16-18.05.02:736][  0]LogTemp:Display: Loaded TP WindowsClientTargetPlatform
[2020.01.16-18.05.02:801][  0]LogTemp:Display: Loaded TP WindowsNoEditorTargetPlatform
[2020.01.16-18.05.02:869][  0]LogTemp:Display: Loaded TP WindowsServerTargetPlatform
[2020.01.16-18.05.02:933][  0]LogTemp:Display: Loaded TP WindowsTargetPlatform
[2020.01.16-18.05.03:000][  0]LogTemp:Display: Loaded TP AndroidTargetPlatform
[2020.01.16-18.05.03:055][  0]LogTemp:Display: Loaded TP Android_ASTCTargetPlatform
[2020.01.16-18.05.03:115][  0]LogTemp:Display: Loaded TP Android_ATCTargetPlatform
[2020.01.16-18.05.03:172][  0]LogTemp:Display: Loaded TP Android_DXTTargetPlatform
[2020.01.16-18.05.03:230][  0]LogTemp:Display: Loaded TP Android_ETC1TargetPlatform
[2020.01.16-18.05.03:287][  0]LogTemp:Display: Loaded TP Android_ETC2TargetPlatform
[2020.01.16-18.05.03:432][  0]LogTemp:Display: Loaded TP Android_MultiTargetPlatform
[2020.01.16-18.05.03:432][  0]LogTemp:Display: Loaded TP Android_PVRTCTargetPlatform
[2020.01.16-18.05.03:489][  0]LogTemp:Display: Loaded TP HTML5TargetPlatform
[2020.01.16-18.05.03:642][  0]LogTemp:Display: Loaded TP IOSTargetPlatform
[2020.01.16-18.05.03:670][  0]LogTemp:Display: Loaded TP TVOSTargetPlatform
[2020.01.16-18.05.03:730][  0]LogTemp:Display: Loaded TP LinuxClientTargetPlatform
[2020.01.16-18.05.03:789][  0]LogTemp:Display: Loaded TP LinuxNoEditorTargetPlatform
[2020.01.16-18.05.03:846][  0]LogTemp:Display: Loaded TP LinuxServerTargetPlatform
[2020.01.16-18.05.03:904][  0]LogTemp:Display: Loaded TP LinuxTargetPlatform
[2020.01.16-18.05.03:904][  0]LogTargetPlatformManager:Display: Building Assets For Windows
[2020.01.16-18.05.05:141][  0]LogDerivedDataCache:Display: Max Cache Size: 512 MB
[2020.01.16-18.05.05:501][  0]LogDerivedDataCache: Loaded boot cache 0.36s 90MB C:/Users/Diego Trapiello/AppData/Local/UnrealEngine/4.16/DerivedDataCache/Boot.ddc.
[2020.01.16-18.05.05:501][  0]LogDerivedDataCache:Display: Loaded Boot cache: C:/Users/Diego Trapiello/AppData/Local/UnrealEngine/4.16/DerivedDataCache/Boot.ddc
[2020.01.16-18.05.05:501][  0]LogDerivedDataCache: FDerivedDataBackendGraph:  Pak pak cache file ../../../../../../Diego Trapiello/Documents/Unreal Projects/videojuego_shooter/EntregaJuegoUnreal2/DerivedDataCache/DDC.ddp not found, will not use a pak cache.
[2020.01.16-18.05.05:501][  0]LogDerivedDataCache: Unable to find inner node Pak for hierarchical cache Hierarchy.
[2020.01.16-18.05.05:501][  0]LogDerivedDataCache: FDerivedDataBackendGraph:  CompressedPak pak cache file ../../../../../../Diego Trapiello/Documents/Unreal Projects/videojuego_shooter/EntregaJuegoUnreal2/DerivedDataCache/Compressed.ddp not found, will not use a pak cache.
[2020.01.16-18.05.05:501][  0]LogDerivedDataCache: Unable to find inner node CompressedPak for hierarchical cache Hierarchy.
[2020.01.16-18.05.05:556][  0]LogDerivedDataCache:Display: Pak cache opened for reading ../../../Engine/DerivedDataCache/Compressed.ddp.
[2020.01.16-18.05.05:570][  0]LogDerivedDataCache: Using Local data cache path C:/Users/Diego Trapiello/AppData/Local/UnrealEngine/Common/DerivedDataCache: Writable
[2020.01.16-18.05.05:642][  0]LogMaterial: Verifying Global Shaders for PCD3D_SM5
[2020.01.16-18.05.05:702][  0]LogSlate: Using Freetype 2.6.0
[2020.01.16-18.05.05:768][  0]LogSlate: SlateFontCache - WITH_FREETYPE: 1, WITH_HARFBUZZ: 1
[2020.01.16-18.05.05:769][  0]LogSlate: SlateFontCache - WITH_FREETYPE: 1, WITH_HARFBUZZ: 1
[2020.01.16-18.05.11:595][  0]LogInit: Selected Device Profile: [Windows]
[2020.01.16-18.05.12:349][  0]LogContentStreaming: Texture pool size is 0.00 MB
[2020.01.16-18.05.13:196][  0]LogMeshUtilities: Using QuadricMeshReduction for automatic static mesh reduction
[2020.01.16-18.05.13:395][  0]LogSimplygon: Simplygon DLL not present - disabling.
[2020.01.16-18.05.13:661][  0]LogMeshUtilities: Using SimplygonSwarm for distributed automatic mesh merging
[2020.01.16-18.05.13:661][  0]LogMeshUtilities: No automatic skeletal mesh reduction module available
[2020.01.16-18.05.13:661][  0]LogMeshUtilities: No automatic mesh merging module available
[2020.01.16-18.05.18:603][  0]LogNetVersion: EntregaJuegoUnreal2 , NetCL: 3452394, EngineNetVer: 2, GameNetVer: 0 (Checksum: 2631086534)
[2020.01.16-18.05.19:042][  0]LogAssetRegistry: FAssetRegistry took 0.0383 seconds to start up
[2020.01.16-18.05.19:310][  0]LogPackageLocalizationCache: Processed 4 localized package path(s) for 1 prioritized culture(s) in 0.155969 seconds
[2020.01.16-18.05.19:317][  0]LogUObjectArray: 34194 objects as part of root set at end of initial load.
[2020.01.16-18.05.19:317][  0]LogUObjectAllocator: 7260424 out of 0 bytes used by permanent object pool.
[2020.01.16-18.05.19:317][  0]LogUObjectArray: CloseDisregardForGC: 0/0 objects in disregard for GC pool
[2020.01.16-18.05.19:490][  0]LogInit: WinSock: version 1.1 (2.2), MaxSocks=32767, MaxUdp=65467
[2020.01.16-18.05.35:412][  0]LogTcpMessaging: Initializing TcpMessaging bridge
[2020.01.16-18.05.35:510][  0]LogUdpMessaging: Initializing bridge on interface 0.0.0.0:0 to multicast group 230.0.0.1:6666.
[2020.01.16-18.05.37:425][  0]LogMaterial: Uniform references updated for custom material expression Custom.
[2020.01.16-18.05.38:810][  0]SourceControl: Info Source control is disabled
[2020.01.16-18.05.38:812][  0]SourceControl: Info Source control is disabled
[2020.01.16-18.05.38:983][  0]SourceControl: Info Source control is disabled
[2020.01.16-18.05.39:279][  0]SourceControl: Info Source control is disabled
[2020.01.16-18.05.42:314][  0]LogAndroidPermission: UAndroidPermissionCallbackProxy::GetInstance
[2020.01.16-18.05.45:188][  0]LogEngine: Initializing Engine...
[2020.01.16-18.05.45:209][  0]LogHMD: Failed to initialize OpenVR with code 110
[2020.01.16-18.05.46:086][  0]LogStats: UGameplayTagsManager::ConstructGameplayTagTree: Construct from data asset -  0.000 s
[2020.01.16-18.05.46:093][  0]LogStats: UGameplayTagsManager::ConstructGameplayTagTree: GameplayTagTreeChangedEvent.Broadcast -  0.000 s
[2020.01.16-18.05.47:058][  0]LogAIModule: Creating AISystem for world Untitled
[2020.01.16-18.05.47:380][  0]LogInit: XAudio2 using 'Altavoces (Realtek High Definition Audio)' : 4 channels at 44.1 kHz using 16 bits per sample (channel mask 0x33)
[2020.01.16-18.05.47:636][  0]LogInit: FAudioDevice initialized.
[2020.01.16-18.05.47:711][  0]LogDerivedDataCache: Saved boot cache 0.07s 90MB C:/Users/Diego Trapiello/AppData/Local/UnrealEngine/4.16/DerivedDataCache/Boot.ddc.
[2020.01.16-18.05.47:724][  0]LogInit: Texture streaming: Enabled
[2020.01.16-18.05.47:898][  0]LogEngineSessionManager: EngineSessionManager initialized
[2020.01.16-18.05.49:011][  0]LogInit: Transaction tracking system initialized
[2020.01.16-18.05.52:978][  0]BlueprintLog: New page: Editor Load
[2020.01.16-18.05.58:488][  0]LocalizationService: Info Localization service is disabled
[2020.01.16-18.06.03:033][  0]LogConsoleResponse:Display: 
[2020.01.16-18.06.07:409][  0]LogFileCache: Scanning file cache for directory 'D:/Diego Trapiello/Documents/Unreal Projects/videojuego_shooter/EntregaJuegoUnreal2/Content/' took 0.04s
[2020.01.16-18.06.07:409][  0]LogCook:Display: Max memory allowance for cook 16384mb min free memory 0mb
[2020.01.16-18.06.07:410][  0]LogCook:Display: Mobile HDR setting 1
[2020.01.16-18.06.11:921][  0]SourceControl: Info Source control is disabled
[2020.01.16-18.06.11:975][  0]LightingResults: New page: Lighting Build
[2020.01.16-18.06.12:336][  0]MapCheck: New page: Map Check
[2020.01.16-18.06.12:336][  0]LightingResults: New page: Lighting Build
[2020.01.16-18.06.25:828][  0]LogAIModule: Creating AISystem for world FirstPersonExampleMap
[2020.01.16-18.06.26:608][  0]LogEditorServer: Finished looking for orphan Actors (0.000 secs)
[2020.01.16-18.06.26:797][  0]Cmd: MAP CHECKDEP NOCLEARLOG
[2020.01.16-18.06.26:969][  0]MapCheck: Info Map check complete: 0 Error(s), 0 Warning(s), took 160.232ms to complete.
[2020.01.16-18.06.26:969][  0]LogFileHelpers: Loading map 'FirstPersonExampleMap' took 15.026
[2020.01.16-18.06.28:673][  0]LogCollectionManager: Loaded 0 collections in 0.002585 seconds
[2020.01.16-18.06.28:910][  0]LogFileCache: Scanning file cache for directory 'D:/Diego Trapiello/Documents/Unreal Projects/videojuego_shooter/EntregaJuegoUnreal2/Saved/Collections/' took 0.01s
[2020.01.16-18.06.28:910][  0]LogFileCache: Scanning file cache for directory 'D:/Diego Trapiello/Documents/Unreal Projects/videojuego_shooter/EntregaJuegoUnreal2/Content/Developers/DiegoTrapiello/Collections/' took 0.01s
[2020.01.16-18.06.28:910][  0]LogFileCache: Scanning file cache for directory 'D:/Diego Trapiello/Documents/Unreal Projects/videojuego_shooter/EntregaJuegoUnreal2/Content/Collections/' took 0.01s
[2020.01.16-18.06.28:910][  0]LogCollectionManager: Rebuilt the GUID cache for 0 collections in 0.000003 seconds
[2020.01.16-18.06.28:942][  0]LogContentBrowser: Native class hierarchy populated in 0.0158 seconds. Added 2329 classes and 491 folders.
[2020.01.16-18.06.29:116][  0]LogContentBrowser: Native class hierarchy updated for 'WidgetCarousel' in 0.0007 seconds. Added 0 classes and 0 folders.
[2020.01.16-18.06.29:869][  0]LogContentBrowser: Native class hierarchy updated for 'AddContentDialog' in 0.0009 seconds. Added 0 classes and 0 folders.
[2020.01.16-18.06.29:965][  0]LogContentBrowser: Native class hierarchy updated for 'SceneOutliner' in 0.0010 seconds. Added 1 classes and 2 folders.
[2020.01.16-18.06.30:325][  0]LogCrashTracker: Crashtracker disabled due to settings.
[2020.01.16-18.06.30:471][  0]LogSlate: Took 0.019223 seconds to synchronously load lazily loaded font '../../../Engine/Content/Slate/Fonts/Roboto-Regular.ttf' (155K)
[2020.01.16-18.06.30:507][  0]LogSlate: Took 0.015054 seconds to synchronously load lazily loaded font '../../../Engine/Content/Slate/Fonts/Roboto-Bold.ttf' (160K)
[2020.01.16-18.06.30:561][  0]LogSlate: Took 0.016041 seconds to synchronously load lazily loaded font '../../../Engine/Content/Editor/Slate/Fonts/FontAwesome.ttf' (139K)
[2020.01.16-18.06.30:977][  0]LogRenderer: Reallocating scene render targets to support 764x576 NumSamples 1 (Frame:1).
[2020.01.16-18.06.31:445][  0]LogUObjectGlobals:Warning: Failed to find object 'Class None.'
[2020.01.16-18.06.31:600][  0]LogContentBrowser: Native class hierarchy updated for 'HierarchicalLODOutliner' in 0.0011 seconds. Added 1 classes and 2 folders.
[2020.01.16-18.06.31:600][  0]LogLoad: (Engine Initialization) Total time: 108.34 seconds
[2020.01.16-18.06.31:600][  0]LogLoad: (Engine Initialization) Total Blueprint compile time: 1.67 seconds
[2020.01.16-18.06.31:600][  0]LogExternalProfiler: Found external profiler: VSPerf
[2020.01.16-18.06.31:600][  0]LogExternalProfiler: Using external profiler: VSPerf
[2020.01.16-18.06.31:967][  0]LogOcInput: OculusInput pre-init called
[2020.01.16-18.06.31:967][  0]LogHMD: Starting GearVRController plugin
[2020.01.16-18.06.32:348][  0]LogContentStreaming: Texture pool size now 1000 MB
[2020.01.16-18.06.32:831][  1]LogSlate: Took 0.025206 seconds to synchronously load lazily loaded font '../../../Engine/Content/Slate/Fonts/Roboto-Light.ttf' (159K)
[2020.01.16-18.06.33:021][  2]LogAssetRegistry: Asset discovery search completed in 74.0016 seconds
[2020.01.16-18.06.33:024][  2]LogCollectionManager: Rebuilt the object cache for 0 collections in 0.000001 seconds (found 0 objects)
[2020.01.16-18.06.33:024][  2]LogCollectionManager: Fixed up redirectors for 0 collections in 0.000050 seconds (updated 0 objects)
[2020.01.16-18.06.37:630][ 16]LogFileCache: Retrieving MD5 hashes for directory 'D:/Diego Trapiello/Documents/Unreal Projects/videojuego_shooter/EntregaJuegoUnreal2/Content/' took 5.59s
[2020.01.16-18.07.00:859][726]LogTemp: Executing iPhonePackager certificates Engine -bundlename com.YourCompany.EntregaJuegoUnreal2
[2020.01.16-18.07.00:859][726]LogTemp: CWD: D:\Program Files (x86)\Epic Games\UE_4.16\Engine\Binaries\DotNET\IOS
[2020.01.16-18.07.00:859][726]LogTemp: Initial Dir: D:\Program Files (x86)\Epic Games\UE_4.16
[2020.01.16-18.07.00:859][726]LogTemp: Env CWD: D:\Program Files (x86)\Epic Games\UE_4.16\Engine\Binaries\DotNET\IOS
[2020.01.16-18.07.00:859][726]LogTemp: BranchPath = DESKTOP-JHFJI5B/D/Program Files (x86)/Epic Games/UE_4.16/Engine/Binaries --- GameBranchPath = DESKTOP-JHFJI5B/D/Program Files (x86)/Epic Games/UE_4.16/Engine/Binaries
[2020.01.16-18.07.00:859][726]LogSlate: Only BGRA pngs, bmps or icos are supported in by External Image Picker
[2020.01.16-18.07.01:057][727]LogTemp: IPP ERROR: Could not find provision directory 'C:\Users\Diego Trapiello\AppData\Local/Apple Computer/MobileDevice/Provisioning Profiles/'.
[2020.01.16-18.07.30:562][809]LogEditorViewport: Clicking on Actor (LMB): MuroEliminable_C (MuroEliminable)
[2020.01.16-18.07.56:374][380]LogSlate: Took 0.006830 seconds to synchronously load lazily loaded font '../../../Engine/Content/Editor/Slate/Fonts/Roboto-Italic.ttf' (157K)
[2020.01.16-18.09.59:752][184]LogEditorActor: Deleted Actor: NavMeshBoundsVolume
[2020.01.16-18.09.59:778][184]LogEditorActor: Deleted 1 Actors (0.059 secs)
[2020.01.16-18.10.33:615][140]LogEditorViewport: Clicking on Actor (context menu): BP_Sky_Sphere_C (SkySphereBlueprint)
[2020.01.16-18.10.34:265][192]LogEditorViewport: Clicking on Actor (LMB): StaticMeshActor (Floor)
[2020.01.16-18.10.34:720][241]LogEditorViewport: Clicking on Actor (LMB): MuroEliminable_C (MuroEliminable)
[2020.01.16-18.10.35:937][375]LogEditorViewport: Clicking on Actor (LMB): NavModifierVolume (NavModifierVolume)
[2020.01.16-18.10.37:231][525]Cmd: DELETE
[2020.01.16-18.10.37:231][525]Cmd: ACTOR DELETE
[2020.01.16-18.10.37:329][525]LogEditorActor: Deleted Actor: NavModifierVolume
[2020.01.16-18.10.37:338][525]LogEditorActor: Deleted 1 Actors (0.010 secs)
[2020.01.16-18.12.20:377][488]LogEditorViewport: Clicking on Actor (LMB): MuroEliminable_C (MuroEliminable)
[2020.01.16-18.12.22:017][669]LogSlate: Took 0.000262 seconds to synchronously load lazily loaded font '../../../Engine/Content/Slate/Fonts/Roboto-Light.ttf' (159K)
[2020.01.16-18.12.22:666][669]LogContentBrowser: Native class hierarchy updated for 'BlueprintGraph' in 0.0013 seconds. Added 112 classes and 0 folders.
[2020.01.16-18.12.24:417][669]LogSlate: Took 0.011438 seconds to synchronously load lazily loaded font '../../../Engine/Content/Editor/Slate/Fonts/Roboto-BoldCondensed.ttf' (158K)
[2020.01.16-18.12.39:879][725]LogRenderer: Reallocating scene render targets to support 764x696 NumSamples 1 (Frame:1).
[2020.01.16-18.16.23:105][226]LogSlate: Took 0.000310 seconds to synchronously load lazily loaded font '../../../Engine/Content/Slate/Fonts/Roboto-Light.ttf' (159K)
[2020.01.16-18.16.33:396][253]LogSavePackage: Save=990.93ms
[2020.01.16-18.16.33:396][253]LogSavePackage: Moving '../../../../../../Diego Trapiello/Documents/Unreal Projects/videojuego_shooter/EntregaJuegoUnreal2/Saved/FirstPersonExampleMap_Auto1A121A4824C6E69223A30F39617D1EF4D.tmp' to '../../../../../../Diego Trapiello/Documents/Unreal Projects/videojuego_shooter/EntregaJuegoUnreal2/Saved/Autosaves/Game/FirstPersonBP/Maps/FirstPersonExampleMap_Auto1.umap'
[2020.01.16-18.16.33:435][253]LogSavePackage:Display: Finished SavePackage ../../../../../../Diego Trapiello/Documents/Unreal Projects/videojuego_shooter/EntregaJuegoUnreal2/Saved/Autosaves/Game/FirstPersonBP/Maps/FirstPersonExampleMap_Auto1.umap
[2020.01.16-18.16.33:461][253]LogFileHelpers: Editor autosave (incl. sublevels) for '/Game/FirstPersonBP/Maps/FirstPersonExampleMap' took 1.358
[2020.01.16-18.16.33:461][253]LogFileHelpers: Editor autosave (incl. sublevels) for all levels took 1.358
[2020.01.16-18.16.33:492][253]OBJ SavePackage: Generating thumbnails for [1] asset(s) in package [/Game/Estructuras/Muros/MuroEliminable] ([1] browsable assets)...
[2020.01.16-18.16.33:525][253]OBJ SavePackage:     Rendered thumbnail for [Blueprint /Game/Estructuras/Muros/MuroEliminable.MuroEliminable]
[2020.01.16-18.16.33:525][253]OBJ SavePackage: Finished generating thumbnails for package [/Game/Estructuras/Muros/MuroEliminable]
[2020.01.16-18.16.33:762][253]LogSavePackage: Save=218.38ms
[2020.01.16-18.16.33:762][253]LogSavePackage: Moving '../../../../../../Diego Trapiello/Documents/Unreal Projects/videojuego_shooter/EntregaJuegoUnreal2/Saved/MuroEliminable_Auto111B10CA847EEC9B109AF67BC5087D895.tmp' to '../../../../../../Diego Trapiello/Documents/Unreal Projects/videojuego_shooter/EntregaJuegoUnreal2/Saved/Autosaves/Game/Estructuras/Muros/MuroEliminable_Auto1.uasset'
[2020.01.16-18.16.33:786][253]LogSavePackage:Display: Finished SavePackage ../../../../../../Diego Trapiello/Documents/Unreal Projects/videojuego_shooter/EntregaJuegoUnreal2/Saved/Autosaves/Game/Estructuras/Muros/MuroEliminable_Auto1.uasset
[2020.01.16-18.16.33:786][253]LogFileHelpers: Auto-saving content packages took 0.323
[2020.01.16-18.20.00:677][502]LogTemp: Repeting last play command: Selected Viewport
[2020.01.16-18.20.00:903][502]LogBlueprintUserMessages: Early PlayInEditor Detection: Level '/Game/FirstPersonBP/Maps/FirstPersonExampleMap.FirstPersonExampleMap:PersistentLevel' has LevelScriptBlueprint '/Game/FirstPersonBP/Maps/FirstPersonExampleMap.FirstPersonExampleMap:PersistentLevel.FirstPersonExampleMap' with GeneratedClass '/Game/FirstPersonBP/Maps/FirstPersonExampleMap.FirstPersonExampleMap_C' with ClassGeneratedBy '/Game/FirstPersonBP/Maps/FirstPersonExampleMap.FirstPersonExampleMap:PersistentLevel.FirstPersonExampleMap'
[2020.01.16-18.20.00:919][502]BlueprintLog: New page: Pre-Play auto-recompile
[2020.01.16-18.20.00:919][502]LogPlayLevel: [PlayLevel] Compiling MuroEliminable before play...
[2020.01.16-18.20.01:108][502]LogPlayLevel: PlayLevel: Blueprint regeneration took 189 ms (1 blueprints)
[2020.01.16-18.20.01:140][502]PIE: New page: PIE session: FirstPersonExampleMap (Jan 16, 2020, 8:20:01 PM)
[2020.01.16-18.20.01:156][502]LogPlayLevel: Creating play world package: /Game/FirstPersonBP/Maps/UEDPIE_0_FirstPersonExampleMap
[2020.01.16-18.20.01:227][502]LogPlayLevel: PIE: StaticDuplicateObject took: (0.071219s)
[2020.01.16-18.20.01:228][502]LogAIModule: Creating AISystem for world FirstPersonExampleMap
[2020.01.16-18.20.01:228][502]LogPlayLevel: PIE: World Init took: (0.000650s)
[2020.01.16-18.20.01:239][502]LogPlayLevel: PIE: Created PIE world by copying editor world from /Game/FirstPersonBP/Maps/FirstPersonExampleMap.FirstPersonExampleMap to /Game/FirstPersonBP/Maps/UEDPIE_0_FirstPersonExampleMap.FirstPersonExampleMap (0.090551s)
[2020.01.16-18.20.01:320][502]LogInit: XAudio2 using 'Altavoces (Realtek High Definition Audio)' : 4 channels at 44.1 kHz using 16 bits per sample (channel mask 0x33)
[2020.01.16-18.20.01:377][502]LogInit: FAudioDevice initialized.
[2020.01.16-18.20.01:435][502]LogLoad: Game class is 'FirstPersonGameMode_C'
[2020.01.16-18.20.01:498][502]LogWorld: Bringing World /Game/FirstPersonBP/Maps/UEDPIE_0_FirstPersonExampleMap.FirstPersonExampleMap up for play (max tick rate 0) at 2020.01.16-19.20.01
[2020.01.16-18.20.01:620][502]LogWorld: Bringing up level for play took: 0.112757
[2020.01.16-18.20.01:753][502]LogContentBrowser: Native class hierarchy updated for 'MovieSceneCapture' in 0.0008 seconds. Added 11 classes and 0 folders.
[2020.01.16-18.20.01:826][502]PIE: Info Play in editor start time for /Game/FirstPersonBP/Maps/UEDPIE_0_FirstPersonExampleMap 1.907
[2020.01.16-18.20.01:826][502]LogBlueprintUserMessages: Late PlayInEditor Detection: Level '/Game/FirstPersonBP/Maps/FirstPersonExampleMap.FirstPersonExampleMap:PersistentLevel' has LevelScriptBlueprint '/Game/FirstPersonBP/Maps/FirstPersonExampleMap.FirstPersonExampleMap:PersistentLevel.FirstPersonExampleMap' with GeneratedClass '/Game/FirstPersonBP/Maps/FirstPersonExampleMap.FirstPersonExampleMap_C' with ClassGeneratedBy '/Game/FirstPersonBP/Maps/FirstPersonExampleMap.FirstPersonExampleMap:PersistentLevel.FirstPersonExampleMap'
[2020.01.16-18.20.01:840][502]LogBlueprintUserMessages: [FirstPersonExampleMap_C_1] PUNTOS AÑADIDOS
[2020.01.16-18.20.02:838][564]LogBlueprintUserMessages: [ZombieEnano_78] atacando
[2020.01.16-18.20.02:901][571]LogBlueprintUserMessages: [ZombieSimple_52] atacando
[2020.01.16-18.20.03:709][659]LogBlueprintUserMessages: [ZombieFuerte_54] atacando
[2020.01.16-18.20.05:316][817]LogBlueprintUserMessages: [ZombieSimple_52] atacando
[2020.01.16-18.20.05:441][831]LogBlueprintUserMessages: [ZombieEnano_78] atacando
[2020.01.16-18.20.06:574][950]LogBlueprintUserMessages: [ZombieSpawner_98] 14
[2020.01.16-18.20.11:556][499]LogBlueprintUserMessages: [ZombieSpawner_98] 14
[2020.01.16-18.20.16:680][526]LogBlueprintUserMessages: [ZombieSpawner_98] 14
[2020.01.16-18.20.21:704][541]LogBlueprintUserMessages: [ZombieSpawner_98] 14
[2020.01.16-18.20.26:704][556]LogBlueprintUserMessages: [ZombieSpawner_98] 14
[2020.01.16-18.20.26:704][556]LogScriptCore:Warning: Script Msg: Attempted to access index 14 from array ArrayPuntosSpawn of length 14!
[2020.01.16-18.20.26:715][556]LogScript:Warning: Accessed None trying to read property CallFunc_Array_Get_Item
	ZombieSpawner_C /Game/FirstPersonBP/Maps/UEDPIE_0_FirstPersonExampleMap.FirstPersonExampleMap:PersistentLevel.ZombieSpawner_98
	Function /Game/Enemigos/ZombieSpawner.ZombieSpawner_C:ExecuteUbergraph_ZombieSpawner:05AF
[2020.01.16-18.20.26:715][556]PIE:Error: Error Blueprint Runtime Error: Accessed None trying to read property CallFunc_Array_Get_Item from function: 'ExecuteUbergraph_ZombieSpawner' from node: SpawnActor Zombie Enano in graph: EventGraph in object: ZombieSpawner with description: Accessed None trying to read property CallFunc_Array_Get_Item
[2020.01.16-18.20.31:704][571]LogBlueprintUserMessages: [ZombieSpawner_98] 14
[2020.01.16-18.20.36:704][586]LogBlueprintUserMessages: [ZombieSpawner_98] 14
[2020.01.16-18.20.41:704][601]LogBlueprintUserMessages: [ZombieSpawner_98] 14
[2020.01.16-18.20.46:729][616]LogBlueprintUserMessages: [ZombieSpawner_98] 14
[2020.01.16-18.20.51:729][631]LogBlueprintUserMessages: [ZombieSpawner_98] 14
[2020.01.16-18.20.56:729][646]LogBlueprintUserMessages: [ZombieSpawner_98] 14
[2020.01.16-18.20.56:729][646]LogScriptCore:Warning: Script Msg: Attempted to access index 14 from array ArrayPuntosSpawn of length 14!
[2020.01.16-18.20.56:729][646]LogScript:Warning: Accessed None trying to read property CallFunc_Array_Get_Item
	ZombieSpawner_C /Game/FirstPersonBP/Maps/UEDPIE_0_FirstPersonExampleMap.FirstPersonExampleMap:PersistentLevel.ZombieSpawner_98
	Function /Game/Enemigos/ZombieSpawner.ZombieSpawner_C:ExecuteUbergraph_ZombieSpawner:049B
[2020.01.16-18.20.56:729][646]PIE:Error: Error Blueprint Runtime Error: Accessed None trying to read property CallFunc_Array_Get_Item from function: 'ExecuteUbergraph_ZombieSpawner' from node: SpawnActor Zombie Enano in graph: EventGraph in object: ZombieSpawner with description: Accessed None trying to read property CallFunc_Array_Get_Item
[2020.01.16-18.21.01:730][661]LogBlueprintUserMessages: [ZombieSpawner_98] 14
[2020.01.16-18.21.06:729][676]LogBlueprintUserMessages: [ZombieSpawner_98] 14
[2020.01.16-18.21.11:760][691]LogBlueprintUserMessages: [ZombieSpawner_98] 14
[2020.01.16-18.21.16:761][706]LogBlueprintUserMessages: [ZombieSpawner_98] 14
[2020.01.16-18.21.20:686][858]LogBlueprintUserMessages: [ZombieEnano_78] atacando
[2020.01.16-18.21.21:557][962]LogBlueprintUserMessages: [ZombieSpawner_98] 14
[2020.01.16-18.21.21:665][975]LogBlueprintUserMessages: [ZombieSimple_52] atacando
[2020.01.16-18.21.21:707][980]LogBlueprintUserMessages: [ZombieFuerte_54] atacando
[2020.01.16-18.21.23:526][198]LogBlueprintUserMessages: Early EndPlayMap Detection: Level '/Game/FirstPersonBP/Maps/FirstPersonExampleMap.FirstPersonExampleMap:PersistentLevel' has LevelScriptBlueprint '/Game/FirstPersonBP/Maps/FirstPersonExampleMap.FirstPersonExampleMap:PersistentLevel.FirstPersonExampleMap' with GeneratedClass '/Game/FirstPersonBP/Maps/FirstPersonExampleMap.FirstPersonExampleMap_C' with ClassGeneratedBy '/Game/FirstPersonBP/Maps/FirstPersonExampleMap.FirstPersonExampleMap:PersistentLevel.FirstPersonExampleMap'
[2020.01.16-18.21.23:681][198]LogBlueprintUserMessages: Late EndPlayMap Detection: Level '/Game/FirstPersonBP/Maps/FirstPersonExampleMap.FirstPersonExampleMap:PersistentLevel' has LevelScriptBlueprint '/Game/FirstPersonBP/Maps/FirstPersonExampleMap.FirstPersonExampleMap:PersistentLevel.FirstPersonExampleMap' with GeneratedClass '/Game/FirstPersonBP/Maps/FirstPersonExampleMap.FirstPersonExampleMap_C' with ClassGeneratedBy '/Game/FirstPersonBP/Maps/FirstPersonExampleMap.FirstPersonExampleMap:PersistentLevel.FirstPersonExampleMap'
[2020.01.16-18.21.26:301][495]LogEditorViewport: Clicking on Actor (LMB): MuroEliminable_C (MuroEliminable)
[2020.01.16-18.21.29:078][820]LogTemp: Repeting last play command: Selected Viewport
[2020.01.16-18.21.29:099][820]LogBlueprintUserMessages: Early PlayInEditor Detection: Level '/Game/FirstPersonBP/Maps/FirstPersonExampleMap.FirstPersonExampleMap:PersistentLevel' has LevelScriptBlueprint '/Game/FirstPersonBP/Maps/FirstPersonExampleMap.FirstPersonExampleMap:PersistentLevel.FirstPersonExampleMap' with GeneratedClass '/Game/FirstPersonBP/Maps/FirstPersonExampleMap.FirstPersonExampleMap_C' with ClassGeneratedBy '/Game/FirstPersonBP/Maps/FirstPersonExampleMap.FirstPersonExampleMap:PersistentLevel.FirstPersonExampleMap'
[2020.01.16-18.21.29:099][820]LogPlayLevel: PlayLevel: No blueprints needed recompiling
[2020.01.16-18.21.29:099][820]PIE: New page: PIE session: FirstPersonExampleMap (Jan 16, 2020, 8:21:29 PM)
[2020.01.16-18.21.29:099][820]LogPlayLevel: Creating play world package: /Game/FirstPersonBP/Maps/UEDPIE_0_FirstPersonExampleMap
[2020.01.16-18.21.29:121][820]LogPlayLevel: PIE: StaticDuplicateObject took: (0.021943s)
[2020.01.16-18.21.29:122][820]LogAIModule: Creating AISystem for world FirstPersonExampleMap
[2020.01.16-18.21.29:122][820]LogPlayLevel: PIE: World Init took: (0.000841s)
[2020.01.16-18.21.29:122][820]LogPlayLevel: PIE: Created PIE world by copying editor world from /Game/FirstPersonBP/Maps/FirstPersonExampleMap.FirstPersonExampleMap to /Game/FirstPersonBP/Maps/UEDPIE_0_FirstPersonExampleMap.FirstPersonExampleMap (0.023069s)
[2020.01.16-18.21.29:166][820]LogInit: XAudio2 using 'Altavoces (Realtek High Definition Audio)' : 4 channels at 44.1 kHz using 16 bits per sample (channel mask 0x33)
[2020.01.16-18.21.29:221][820]LogInit: FAudioDevice initialized.
[2020.01.16-18.21.29:253][820]LogLoad: Game class is 'FirstPersonGameMode_C'
[2020.01.16-18.21.29:261][820]LogWorld: Bringing World /Game/FirstPersonBP/Maps/UEDPIE_0_FirstPersonExampleMap.FirstPersonExampleMap up for play (max tick rate 0) at 2020.01.16-19.21.29
[2020.01.16-18.21.29:262][820]LogWorld: Bringing up level for play took: 0.007150
[2020.01.16-18.21.29:265][820]PIE: Info Play in editor start time for /Game/FirstPersonBP/Maps/UEDPIE_0_FirstPersonExampleMap -0.654
[2020.01.16-18.21.29:265][820]LogBlueprintUserMessages: Late PlayInEditor Detection: Level '/Game/FirstPersonBP/Maps/FirstPersonExampleMap.FirstPersonExampleMap:PersistentLevel' has LevelScriptBlueprint '/Game/FirstPersonBP/Maps/FirstPersonExampleMap.FirstPersonExampleMap:PersistentLevel.FirstPersonExampleMap' with GeneratedClass '/Game/FirstPersonBP/Maps/FirstPersonExampleMap.FirstPersonExampleMap_C' with ClassGeneratedBy '/Game/FirstPersonBP/Maps/FirstPersonExampleMap.FirstPersonExampleMap:PersistentLevel.FirstPersonExampleMap'
[2020.01.16-18.21.29:267][820]LogBlueprintUserMessages: [FirstPersonExampleMap_C_1] PUNTOS AÑADIDOS
[2020.01.16-18.21.29:909][894]LogBlueprintUserMessages: [ZombieEnano_78] atacando
[2020.01.16-18.21.32:764][193]LogBlueprintUserMessages: [ZombieSimple_52] atacando
[2020.01.16-18.21.34:089][331]LogBlueprintUserMessages: [ZombieSpawner_98] 14
[2020.01.16-18.21.35:156][443]LogBlueprintUserMessages: [ZombieSimple_52] atacando
[2020.01.16-18.21.35:277][454]LogBlueprintUserMessages: [ZombieEnano_78] atacando
[2020.01.16-18.21.38:789][794]LogBlueprintUserMessages: [ZombieSimple_52] atacando
[2020.01.16-18.21.39:085][827]LogBlueprintUserMessages: [ZombieSpawner_98] 14
[2020.01.16-18.21.39:467][863]LogBlueprintUserMessages: [ZombieEnano_78] atacando
[2020.01.16-18.21.40:627][989]LogBlueprintUserMessages: Early EndPlayMap Detection: Level '/Game/FirstPersonBP/Maps/FirstPersonExampleMap.FirstPersonExampleMap:PersistentLevel' has LevelScriptBlueprint '/Game/FirstPersonBP/Maps/FirstPersonExampleMap.FirstPersonExampleMap:PersistentLevel.FirstPersonExampleMap' with GeneratedClass '/Game/FirstPersonBP/Maps/FirstPersonExampleMap.FirstPersonExampleMap_C' with ClassGeneratedBy '/Game/FirstPersonBP/Maps/FirstPersonExampleMap.FirstPersonExampleMap:PersistentLevel.FirstPersonExampleMap'
[2020.01.16-18.21.40:684][989]LogBlueprintUserMessages: Late EndPlayMap Detection: Level '/Game/FirstPersonBP/Maps/FirstPersonExampleMap.FirstPersonExampleMap:PersistentLevel' has LevelScriptBlueprint '/Game/FirstPersonBP/Maps/FirstPersonExampleMap.FirstPersonExampleMap:PersistentLevel.FirstPersonExampleMap' with GeneratedClass '/Game/FirstPersonBP/Maps/FirstPersonExampleMap.FirstPersonExampleMap_C' with ClassGeneratedBy '/Game/FirstPersonBP/Maps/FirstPersonExampleMap.FirstPersonExampleMap:PersistentLevel.FirstPersonExampleMap'
[2020.01.16-18.21.41:639][ 95]LogEditorViewport: Clicking on Actor (LMB): MuroEliminable_C (MuroEliminable)
[2020.01.16-18.22.01:784][503]Cmd: SELECT NONE
[2020.01.16-18.22.44:600][178]LogSlate: Only BGRA pngs, bmps or icos are supported in by External Image Picker
[2020.01.16-18.22.44:679][179]LogTemp: Executing iPhonePackager certificates Engine -bundlename com.YourCompany.EntregaJuegoUnreal2
[2020.01.16-18.22.44:679][179]LogTemp: CWD: D:\Program Files (x86)\Epic Games\UE_4.16\Engine\Binaries\DotNET\IOS
[2020.01.16-18.22.44:679][179]LogTemp: Initial Dir: D:\Program Files (x86)\Epic Games\UE_4.16
[2020.01.16-18.22.44:679][179]LogTemp: Env CWD: D:\Program Files (x86)\Epic Games\UE_4.16\Engine\Binaries\DotNET\IOS
[2020.01.16-18.22.44:703][180]LogTemp: BranchPath = DESKTOP-JHFJI5B/D/Program Files (x86)/Epic Games/UE_4.16/Engine/Binaries --- GameBranchPath = DESKTOP-JHFJI5B/D/Program Files (x86)/Epic Games/UE_4.16/Engine/Binaries
[2020.01.16-18.22.44:703][180]LogTemp: IPP ERROR: Could not find provision directory 'C:\Users\Diego Trapiello\AppData\Local/Apple Computer/MobileDevice/Provisioning Profiles/'.
[2020.01.16-18.23.29:442][830]LogTemp: Repeting last play command: Selected Viewport
[2020.01.16-18.23.29:475][830]LogBlueprintUserMessages: Early PlayInEditor Detection: Level '/Game/FirstPersonBP/Maps/FirstPersonExampleMap.FirstPersonExampleMap:PersistentLevel' has LevelScriptBlueprint '/Game/FirstPersonBP/Maps/FirstPersonExampleMap.FirstPersonExampleMap:PersistentLevel.FirstPersonExampleMap' with GeneratedClass '/Game/FirstPersonBP/Maps/FirstPersonExampleMap.FirstPersonExampleMap_C' with ClassGeneratedBy '/Game/FirstPersonBP/Maps/FirstPersonExampleMap.FirstPersonExampleMap:PersistentLevel.FirstPersonExampleMap'
[2020.01.16-18.23.29:475][830]LogPlayLevel: PlayLevel: No blueprints needed recompiling
[2020.01.16-18.23.29:475][830]PIE: New page: PIE session: FirstPersonExampleMap (Jan 16, 2020, 8:23:29 PM)
[2020.01.16-18.23.29:475][830]LogPlayLevel: Creating play world package: /Game/FirstPersonBP/Maps/UEDPIE_0_FirstPersonExampleMap
[2020.01.16-18.23.29:499][830]LogPlayLevel: PIE: StaticDuplicateObject took: (0.024644s)
[2020.01.16-18.23.29:500][830]LogAIModule: Creating AISystem for world FirstPersonExampleMap
[2020.01.16-18.23.29:500][830]LogPlayLevel: PIE: World Init took: (0.000759s)
[2020.01.16-18.23.29:500][830]LogPlayLevel: PIE: Created PIE world by copying editor world from /Game/FirstPersonBP/Maps/FirstPersonExampleMap.FirstPersonExampleMap to /Game/FirstPersonBP/Maps/UEDPIE_0_FirstPersonExampleMap.FirstPersonExampleMap (0.025760s)
[2020.01.16-18.23.29:547][830]LogInit: XAudio2 using 'Altavoces (Realtek High Definition Audio)' : 4 channels at 44.1 kHz using 16 bits per sample (channel mask 0x33)
[2020.01.16-18.23.29:602][830]LogInit: FAudioDevice initialized.
[2020.01.16-18.23.29:639][830]LogLoad: Game class is 'FirstPersonGameMode_C'
[2020.01.16-18.23.29:648][830]LogWorld: Bringing World /Game/FirstPersonBP/Maps/UEDPIE_0_FirstPersonExampleMap.FirstPersonExampleMap up for play (max tick rate 0) at 2020.01.16-19.23.29
[2020.01.16-18.23.29:650][830]LogWorld: Bringing up level for play took: 0.009526
[2020.01.16-18.23.29:656][830]PIE: Info Play in editor start time for /Game/FirstPersonBP/Maps/UEDPIE_0_FirstPersonExampleMap -0.263
[2020.01.16-18.23.29:657][830]LogBlueprintUserMessages: Late PlayInEditor Detection: Level '/Game/FirstPersonBP/Maps/FirstPersonExampleMap.FirstPersonExampleMap:PersistentLevel' has LevelScriptBlueprint '/Game/FirstPersonBP/Maps/FirstPersonExampleMap.FirstPersonExampleMap:PersistentLevel.FirstPersonExampleMap' with GeneratedClass '/Game/FirstPersonBP/Maps/FirstPersonExampleMap.FirstPersonExampleMap_C' with ClassGeneratedBy '/Game/FirstPersonBP/Maps/FirstPersonExampleMap.FirstPersonExampleMap:PersistentLevel.FirstPersonExampleMap'
[2020.01.16-18.23.29:659][830]LogBlueprintUserMessages: [FirstPersonExampleMap_C_1] PUNTOS AÑADIDOS
[2020.01.16-18.23.30:341][894]LogBlueprintUserMessages: [ZombieEnano_78] atacando
[2020.01.16-18.23.33:324][189]LogBlueprintUserMessages: [ZombieSimple_52] atacando
[2020.01.16-18.23.34:452][303]LogBlueprintUserMessages: [ZombieSpawner_98] 14
[2020.01.16-18.23.35:534][412]LogBlueprintUserMessages: [ZombieEnano_78] atacando
[2020.01.16-18.23.38:948][775]LogBlueprintUserMessages: [ZombieEnano_78] atacando
[2020.01.16-18.23.39:073][790]LogBlueprintUserMessages: [ZombieSimple_52] atacando
[2020.01.16-18.23.39:448][835]LogBlueprintUserMessages: [ZombieSpawner_98] 14
[2020.01.16-18.23.41:748][111]LogBlueprintUserMessages: [ZombieEnano_C_0] atacando
[2020.01.16-18.23.42:873][246]LogBlueprintUserMessages: [ZombieSimple_52] atacando
[2020.01.16-18.23.42:907][250]LogBlueprintUserMessages: [ZombieEnano_C_1] atacando
[2020.01.16-18.23.43:991][380]LogBlueprintUserMessages: [ZombieEnano_78] atacando
[2020.01.16-18.23.44:448][435]LogBlueprintUserMessages: [ZombieSpawner_98] 14
[2020.01.16-18.23.45:757][592]LogBlueprintUserMessages: [ZombieEnano_C_1] atacando
[2020.01.16-18.23.46:462][676]LogBlueprintUserMessages: [ZombieEnano_C_0] atacando
[2020.01.16-18.23.46:596][692]LogBlueprintUserMessages: [ZombieEnano_78] atacando
[2020.01.16-18.23.46:646][698]LogBlueprintUserMessages: [ZombieSimple_52] atacando
[2020.01.16-18.23.47:433][770]LogBlueprintUserMessages: [ZombieEnano_C_1] Daño : 200
[2020.01.16-18.23.47:777][810]LogBlueprintUserMessages: [ZombieSimple_52] Daño : 200
[2020.01.16-18.23.47:962][832]LogBlueprintUserMessages: [ZombieSimple_52] Daño : 200
[2020.01.16-18.23.48:128][852]LogBlueprintUserMessages: [ZombieSimple_52] Daño : 200
[2020.01.16-18.23.48:361][880]LogBlueprintUserMessages: [ZombieEnano_78] Daño : 200
[2020.01.16-18.23.48:527][900]LogBlueprintUserMessages: [ZombieEnano_78] Daño : 200
[2020.01.16-18.23.48:704][921]LogBlueprintUserMessages: [ZombieEnano_78] Daño : 200
[2020.01.16-18.23.48:795][932]LogBlueprintUserMessages: [ZombieEnano_C_0] Daño : 200
[2020.01.16-18.23.48:962][952]LogBlueprintUserMessages: [ZombieEnano_C_0] Daño : 200
[2020.01.16-18.23.49:354][999]LogBlueprintUserMessages: [ZombieEnano_C_2] atacando
[2020.01.16-18.23.49:446][ 10]LogBlueprintUserMessages: [ZombieSpawner_98] 14
[2020.01.16-18.23.50:020][ 79]LogBlueprintUserMessages: [ZombieEnano_C_3] atacando
[2020.01.16-18.23.50:212][102]LogBlueprintUserMessages: [ZombieEnano_C_2] Daño : 200
[2020.01.16-18.23.50:379][122]LogBlueprintUserMessages: [ZombieEnano_C_2] Daño : 200
[2020.01.16-18.23.51:937][309]LogBlueprintUserMessages: [ZombieEnano_C_3] Daño : 200
[2020.01.16-18.23.52:120][331]LogBlueprintUserMessages: [ZombieEnano_C_3] Daño : 200
[2020.01.16-18.23.52:304][353]LogBlueprintUserMessages: [ZombieEnano_C_3] Daño : 200
[2020.01.16-18.23.53:988][555]LogBlueprintUserMessages: [ZombieFuerte_54] Daño : 200
[2020.01.16-18.23.53:996][556]LogBlueprintUserMessages: [ZombieFuerte_54] Daño : 200
[2020.01.16-18.23.54:004][557]LogBlueprintUserMessages: [ZombieFuerte_54] Daño : 200
[2020.01.16-18.23.54:448][610]LogBlueprintUserMessages: [ZombieSpawner_98] 14
[2020.01.16-18.23.54:497][616]LogBlueprintUserMessages: [ZombieFuerte_54] Daño : 200
[2020.01.16-18.23.54:705][641]LogBlueprintUserMessages: [Gun_Pistol_C_0] Finished
[2020.01.16-18.23.57:947][ 30]LogBlueprintUserMessages: [ZombieEnano_C_4] Daño : 200
[2020.01.16-18.23.59:447][210]LogBlueprintUserMessages: [ZombieSpawner_98] 14
[2020.01.16-18.24.04:450][810]LogBlueprintUserMessages: [ZombieSpawner_98] 14
[2020.01.16-18.24.05:633][951]LogBlueprintUserMessages: [ZombieEnano_C_5] Daño : 200
[2020.01.16-18.24.05:785][969]LogBlueprintUserMessages: [ZombieEnano_C_5] Daño : 200
[2020.01.16-18.24.09:445][408]LogBlueprintUserMessages: [ZombieSpawner_98] 14
[2020.01.16-18.24.09:736][443]LogBlueprintUserMessages: [Gun_Pistol_C_0] Finished
[2020.01.16-18.24.12:378][760]LogBlueprintUserMessages: [ZombieEnano_C_6] Daño : 200
[2020.01.16-18.24.12:537][779]LogBlueprintUserMessages: [ZombieEnano_C_6] Daño : 200
[2020.01.16-18.24.12:696][798]LogBlueprintUserMessages: [ZombieEnano_C_6] Daño : 200
[2020.01.16-18.24.12:854][817]LogBlueprintUserMessages: [ZombieEnano_C_6] Daño : 200
[2020.01.16-18.24.13:044][840]LogBlueprintUserMessages: [Gun_Pistol_C_0] Finished
[2020.01.16-18.24.14:448][  8]LogBlueprintUserMessages: [ZombieSpawner_98] 14
[2020.01.16-18.24.15:075][ 83]LogBlueprintUserMessages: [ZombieEnano_C_7] Daño : 200
[2020.01.16-18.24.16:575][263]LogBlueprintUserMessages: [Gun_Pistol_C_0] Finished
[2020.01.16-18.24.18:691][517]LogBlueprintUserMessages: [Gun_Pistol_C_0] Finished
[2020.01.16-18.24.19:443][607]LogBlueprintUserMessages: [ZombieSpawner_98] 14
[2020.01.16-18.24.21:218][820]LogBlueprintUserMessages: [ZombieEnano_C_8] atacando
[2020.01.16-18.24.23:819][132]LogBlueprintUserMessages: [ZombieEnano_C_8] atacando
[2020.01.16-18.24.24:445][207]LogBlueprintUserMessages: [ZombieSpawner_98] 14
[2020.01.16-18.24.26:422][444]LogBlueprintUserMessages: [ZombieEnano_C_8] atacando
[2020.01.16-18.24.26:496][453]LogBlueprintUserMessages: [Gun_Pistol_C_0] Finished
[2020.01.16-18.24.27:958][628]LogBlueprintUserMessages: [ZombieEnano_C_9] atacando
[2020.01.16-18.24.28:826][732]LogBlueprintUserMessages: [ZombieEnano_C_10] Daño : 200
[2020.01.16-18.24.28:984][751]LogBlueprintUserMessages: [ZombieEnano_C_10] Daño : 200
[2020.01.16-18.24.29:026][756]LogBlueprintUserMessages: [ZombieEnano_C_8] atacando
[2020.01.16-18.24.29:150][771]LogBlueprintUserMessages: [ZombieEnano_C_10] Daño : 200
[2020.01.16-18.24.29:326][792]LogBlueprintUserMessages: [ZombieEnano_C_10] Daño : 200
[2020.01.16-18.24.29:455][806]LogBlueprintUserMessages: [ZombieSpawner_98] 14
[2020.01.16-18.24.29:471][808]LogBlueprintUserMessages: [ZombieEnano_C_10] Daño : 200
[2020.01.16-18.24.29:663][831]LogBlueprintUserMessages: [ZombieEnano_C_10] Daño : 200
[2020.01.16-18.24.29:837][852]LogBlueprintUserMessages: [ZombieEnano_C_10] Daño : 200
[2020.01.16-18.24.30:004][872]LogBlueprintUserMessages: [ZombieEnano_C_10] Daño : 200
[2020.01.16-18.24.30:163][891]LogBlueprintUserMessages: [ZombieEnano_C_10] Daño : 200
[2020.01.16-18.24.30:313][909]LogBlueprintUserMessages: [ZombieEnano_C_10] Daño : 200
[2020.01.16-18.24.30:479][929]LogBlueprintUserMessages: [ZombieEnano_C_10] Daño : 200
[2020.01.16-18.24.30:563][939]LogBlueprintUserMessages: [ZombieEnano_C_9] atacando
[2020.01.16-18.24.30:655][950]LogBlueprintUserMessages: [ZombieEnano_C_10] Daño : 200
[2020.01.16-18.24.30:804][968]LogBlueprintUserMessages: [ZombieEnano_C_10] Daño : 200
[2020.01.16-18.24.30:963][987]LogBlueprintUserMessages: [ZombieEnano_C_10] Daño : 200
[2020.01.16-18.24.31:230][ 19]LogBlueprintUserMessages: [ZombieEnano_C_8] Daño : 200
[2020.01.16-18.24.31:271][ 24]LogBlueprintUserMessages: [ZombieEnano_C_10] Daño : 200
[2020.01.16-18.24.31:412][ 41]LogBlueprintUserMessages: [ZombieEnano_C_8] Daño : 200
[2020.01.16-18.24.31:630][ 67]LogBlueprintUserMessages: [ZombieEnano_C_8] atacando
[2020.01.16-18.24.32:398][159]LogBlueprintUserMessages: [ZombieEnano_C_9] Daño : 200
[2020.01.16-18.24.32:582][181]LogBlueprintUserMessages: [ZombieEnano_C_9] Daño : 200
[2020.01.16-18.24.32:740][200]LogBlueprintUserMessages: [ZombieEnano_C_9] Daño : 200
[2020.01.16-18.24.33:125][246]LogBlueprintUserMessages: [ZombieEnano_C_8] Daño : 200
[2020.01.16-18.24.33:166][251]LogBlueprintUserMessages: [ZombieEnano_C_9] atacando
[2020.01.16-18.24.33:292][266]LogBlueprintUserMessages: [ZombieEnano_C_8] Daño : 200
[2020.01.16-18.24.34:451][405]LogBlueprintUserMessages: [ZombieSpawner_98] 14
[2020.01.16-18.24.34:719][436]LogBlueprintUserMessages: [ZombieEnano_C_11] atacando
[2020.01.16-18.24.37:325][748]LogBlueprintUserMessages: [ZombieEnano_C_11] atacando
[2020.01.16-18.24.39:450][  3]LogBlueprintUserMessages: [ZombieSpawner_98] 14
[2020.01.16-18.24.39:925][ 60]LogBlueprintUserMessages: [ZombieEnano_C_11] atacando
[2020.01.16-18.24.40:883][175]LogBlueprintUserMessages: [Gun_Pistol_C_0] Finished
[2020.01.16-18.24.41:534][253]LogBlueprintUserMessages: [ZombieEnano_C_12] atacando
[2020.01.16-18.24.42:527][372]LogBlueprintUserMessages: [ZombieEnano_C_11] atacando
[2020.01.16-18.24.42:719][395]LogBlueprintUserMessages: [ZombieEnano_C_11] Daño : 200
[2020.01.16-18.24.42:894][416]LogBlueprintUserMessages: [ZombieEnano_C_11] Daño : 200
[2020.01.16-18.24.43:077][438]LogBlueprintUserMessages: [ZombieEnano_C_11] Daño : 200
[2020.01.16-18.24.43:669][509]LogBlueprintUserMessages: [Gun_Pistol_C_0] Finished
[2020.01.16-18.24.44:137][565]LogBlueprintUserMessages: [ZombieEnano_C_12] atacando
[2020.01.16-18.24.44:396][596]LogBlueprintUserMessages: [ZombieEnano_C_11] Daño : 200
[2020.01.16-18.24.44:446][602]LogBlueprintUserMessages: [ZombieSpawner_98] 14
[2020.01.16-18.24.44:596][620]LogBlueprintUserMessages: [ZombieEnano_C_11] Daño : 200
[2020.01.16-18.24.44:769][640]LogBlueprintUserMessages: [ZombieEnano_C_11] Daño : 200
[2020.01.16-18.24.44:943][660]LogBlueprintUserMessages: [ZombieEnano_C_11] Daño : 200
[2020.01.16-18.24.45:119][681]LogBlueprintUserMessages: [ZombieEnano_C_11] Daño : 200
[2020.01.16-18.24.45:127][682]LogBlueprintUserMessages: [ZombieEnano_C_11] atacando
[2020.01.16-18.24.45:294][702]LogBlueprintUserMessages: [ZombieEnano_C_11] Daño : 200
[2020.01.16-18.24.45:519][729]LogBlueprintUserMessages: [ZombieEnano_C_13] atacando
[2020.01.16-18.24.46:493][846]LogBlueprintUserMessages: [Gun_Pistol_C_0] Finished
[2020.01.16-18.24.46:744][876]LogBlueprintUserMessages: [ZombieEnano_C_12] atacando
[2020.01.16-18.24.47:360][950]LogBlueprintUserMessages: [ZombieEnano_C_12] Daño : 200
[2020.01.16-18.24.47:660][986]LogBlueprintUserMessages: [ZombieEnano_C_12] Daño : 200
[2020.01.16-18.24.47:994][ 26]LogBlueprintUserMessages: [ZombieEnano_C_12] Daño : 200
[2020.01.16-18.24.48:119][ 41]LogBlueprintUserMessages: [ZombieEnano_C_13] atacando
[2020.01.16-18.24.48:286][ 61]LogBlueprintUserMessages: [ZombieEnano_C_12] Daño : 200
[2020.01.16-18.24.48:461][ 82]LogBlueprintUserMessages: [ZombieEnano_C_12] Daño : 200
[2020.01.16-18.24.49:104][159]LogBlueprintUserMessages: [Gun_Pistol_C_0] Finished
[2020.01.16-18.24.49:346][188]LogBlueprintUserMessages: [ZombieEnano_C_12] atacando
[2020.01.16-18.24.49:446][200]LogBlueprintUserMessages: [ZombieSpawner_98] 14
[2020.01.16-18.24.50:122][281]LogBlueprintUserMessages: [ZombieEnano_C_14] atacando
[2020.01.16-18.24.50:721][353]LogBlueprintUserMessages: [ZombieEnano_C_13] atacando
[2020.01.16-18.24.52:171][527]LogBlueprintUserMessages: [ZombieEnano_C_13] Daño : 200
[2020.01.16-18.24.52:320][545]LogBlueprintUserMessages: [ZombieEnano_C_13] Daño : 200
[2020.01.16-18.24.52:496][566]LogBlueprintUserMessages: [ZombieEnano_C_13] Daño : 200
[2020.01.16-18.24.52:722][593]LogBlueprintUserMessages: [ZombieEnano_C_14] atacando
[2020.01.16-18.24.52:762][598]LogBlueprintUserMessages: [Gun_Pistol_C_0] Finished
[2020.01.16-18.24.53:139][643]LogBlueprintUserMessages: [ZombieEnano_C_14] Daño : 200
[2020.01.16-18.24.53:322][665]LogBlueprintUserMessages: [ZombieEnano_C_13] atacando
[2020.01.16-18.24.53:464][682]LogBlueprintUserMessages: [ZombieEnano_C_14] Daño : 200
[2020.01.16-18.24.53:705][711]LogBlueprintUserMessages: [ZombieEnano_C_13] Daño : 200
[2020.01.16-18.24.53:897][734]LogBlueprintUserMessages: [ZombieEnano_C_13] Daño : 200
[2020.01.16-18.24.54:097][758]LogBlueprintUserMessages: [Gun_Pistol_C_0] Finished
[2020.01.16-18.24.54:448][800]LogBlueprintUserMessages: [ZombieSpawner_98] 14
[2020.01.16-18.24.55:323][905]LogBlueprintUserMessages: [ZombieEnano_C_14] atacando
[2020.01.16-18.24.56:198][ 10]LogBlueprintUserMessages: [ZombieEnano_C_15] atacando
[2020.01.16-18.24.58:798][322]LogBlueprintUserMessages: [ZombieEnano_C_15] atacando
[2020.01.16-18.24.59:449][400]LogBlueprintUserMessages: [ZombieSpawner_98] 14
[2020.01.16-18.25.00:300][502]LogBlueprintUserMessages: [ZombieEnano_C_15] Daño : 200
[2020.01.16-18.25.00:462][521]LogBlueprintUserMessages: [ZombieEnano_C_15] Daño : 200
[2020.01.16-18.25.00:824][564]LogBlueprintUserMessages: Early EndPlayMap Detection: Level '/Game/FirstPersonBP/Maps/FirstPersonExampleMap.FirstPersonExampleMap:PersistentLevel' has LevelScriptBlueprint '/Game/FirstPersonBP/Maps/FirstPersonExampleMap.FirstPersonExampleMap:PersistentLevel.FirstPersonExampleMap' with GeneratedClass '/Game/FirstPersonBP/Maps/FirstPersonExampleMap.FirstPersonExampleMap_C' with ClassGeneratedBy '/Game/FirstPersonBP/Maps/FirstPersonExampleMap.FirstPersonExampleMap:PersistentLevel.FirstPersonExampleMap'
[2020.01.16-18.25.00:859][564]LogBlueprintUserMessages: Late EndPlayMap Detection: Level '/Game/FirstPersonBP/Maps/FirstPersonExampleMap.FirstPersonExampleMap:PersistentLevel' has LevelScriptBlueprint '/Game/FirstPersonBP/Maps/FirstPersonExampleMap.FirstPersonExampleMap:PersistentLevel.FirstPersonExampleMap' with GeneratedClass '/Game/FirstPersonBP/Maps/FirstPersonExampleMap.FirstPersonExampleMap_C' with ClassGeneratedBy '/Game/FirstPersonBP/Maps/FirstPersonExampleMap.FirstPersonExampleMap:PersistentLevel.FirstPersonExampleMap'
[2020.01.16-18.26.54:833][827]LogSavePackage: Save=33.58ms
[2020.01.16-18.26.54:833][827]LogSavePackage: Moving '../../../../../../Diego Trapiello/Documents/Unreal Projects/videojuego_shooter/EntregaJuegoUnreal2/Saved/Bala_ParentFE1F86A2424133196BFCD685A0E83F92.tmp' to '../../../../../../Diego Trapiello/Documents/Unreal Projects/videojuego_shooter/EntregaJuegoUnreal2/Content/Guns/Balas/Bala_Parent.uasset'
[2020.01.16-18.26.54:855][827]LogSavePackage:Display: Finished SavePackage ../../../../../../Diego Trapiello/Documents/Unreal Projects/videojuego_shooter/EntregaJuegoUnreal2/Content/Guns/Balas/Bala_Parent.uasset
[2020.01.16-18.27.35:901][ 80]LogSavePackage: Save=47.45ms
[2020.01.16-18.27.35:901][ 80]LogSavePackage: Moving '../../../../../../Diego Trapiello/Documents/Unreal Projects/videojuego_shooter/EntregaJuegoUnreal2/Saved/MuroEliminable44E2522944E2AE028DD9118BE819B42B.tmp' to '../../../../../../Diego Trapiello/Documents/Unreal Projects/videojuego_shooter/EntregaJuegoUnreal2/Content/Estructuras/Muros/MuroEliminable.uasset'
[2020.01.16-18.27.35:922][ 80]LogSavePackage:Display: Finished SavePackage ../../../../../../Diego Trapiello/Documents/Unreal Projects/videojuego_shooter/EntregaJuegoUnreal2/Content/Estructuras/Muros/MuroEliminable.uasset
[2020.01.16-18.27.36:918][ 80]LogSavePackage: Save=719.95ms
[2020.01.16-18.27.36:918][ 80]LogSavePackage: Moving '../../../../../../Diego Trapiello/Documents/Unreal Projects/videojuego_shooter/EntregaJuegoUnreal2/Saved/FirstPersonExampleMap3BBF74EC41DC497B058720AA669CA2C6.tmp' to '../../../../../../Diego Trapiello/Documents/Unreal Projects/videojuego_shooter/EntregaJuegoUnreal2/Content/FirstPersonBP/Maps/FirstPersonExampleMap.umap'
[2020.01.16-18.27.36:951][ 80]LogSavePackage:Display: Finished SavePackage ../../../../../../Diego Trapiello/Documents/Unreal Projects/videojuego_shooter/EntregaJuegoUnreal2/Content/FirstPersonBP/Maps/FirstPersonExampleMap.umap
[2020.01.16-18.27.37:051][ 80]LogSlate: Took 0.000371 seconds to synchronously load lazily loaded font '../../../Engine/Content/Slate/Fonts/Roboto-Regular.ttf' (155K)
[2020.01.16-18.27.37:053][ 80]LogFileHelpers: Saving map 'FirstPersonExampleMap' took 1.126
[2020.01.16-18.27.37:769][ 81]Cmd: QUIT_EDITOR
[2020.01.16-18.27.38:621][ 81]LogWindowsTextInputMethodSystem:Display: IME system now deactivated.
[2020.01.16-18.27.38:693][ 81]LogExit: Preparing to exit.
[2020.01.16-18.27.39:741][ 81]LogDirectoryWatcher: A directory notification for 'D:/Diego Trapiello/Documents/Unreal Projects/videojuego_shooter/EntregaJuegoUnreal2/Content/' was aborted.
[2020.01.16-18.27.40:122][ 81]LogExit: Editor shut down
[2020.01.16-18.27.40:134][ 81]LogExit: Transaction tracking system shut down
[2020.01.16-18.27.41:457][ 81]LogObj: Freed 0b from 0 cluster array pools.
[2020.01.16-18.27.41:457][ 81]LogExit: Object subsystem successfully closed.
[2020.01.16-18.27.41:660][ 81]LogD3D11RHI: Shutdown
[2020.01.16-18.27.41:660][ 81]LogD3D11RHI: CleanupD3DDevice
[2020.01.16-18.27.43:105][ 81]LogD3D11RHI: ~FD3D11DynamicRHI
[2020.01.16-18.27.44:107][ 81]LogModuleManager: Shutting down and abandoning module MovieSceneCapture (532)
[2020.01.16-18.27.44:107][ 81]LogModuleManager: Shutting down and abandoning module BlueprintGraph (530)
[2020.01.16-18.27.44:107][ 81]LogModuleManager: Shutting down and abandoning module BlueprintProfiler (528)
[2020.01.16-18.27.44:157][ 81]LogModuleManager: Shutting down and abandoning module ExternalImagePicker (526)
[2020.01.16-18.27.44:157][ 81]LogModuleManager: Shutting down and abandoning module HierarchicalLODOutliner (524)
[2020.01.16-18.27.44:179][ 81]LogModuleManager: Shutting down and abandoning module CrashTracker (522)
[2020.01.16-18.27.44:179][ 81]LogModuleManager: Shutting down and abandoning module SceneOutliner (520)
[2020.01.16-18.27.44:179][ 81]LogModuleManager: Shutting down and abandoning module AddContentDialog (518)
[2020.01.16-18.27.44:185][ 81]LogDirectoryWatcher: A directory notification for 'D:/Program Files (x86)/Epic Games/UE_4.16/FeaturePacks/' was aborted.
[2020.01.16-18.27.44:186][ 81]LogModuleManager: Shutting down and abandoning module WidgetCarousel (517)
[2020.01.16-18.27.44:186][ 81]LogModuleManager: Shutting down and abandoning module EditorWidgets (514)
[2020.01.16-18.27.44:186][ 81]LogModuleManager: Shutting down and abandoning module CollectionManager (512)
[2020.01.16-18.27.44:186][ 81]LogDirectoryWatcher: A directory notification for 'D:/Diego Trapiello/Documents/Unreal Projects/videojuego_shooter/EntregaJuegoUnreal2/Content/Collections/' was aborted.
[2020.01.16-18.27.44:186][ 81]LogDirectoryWatcher: A directory notification for 'D:/Diego Trapiello/Documents/Unreal Projects/videojuego_shooter/EntregaJuegoUnreal2/Content/Developers/DiegoTrapiello/Collections/' was aborted.
[2020.01.16-18.27.44:186][ 81]LogDirectoryWatcher: A directory notification for 'D:/Diego Trapiello/Documents/Unreal Projects/videojuego_shooter/EntregaJuegoUnreal2/Saved/Collections/' was aborted.
[2020.01.16-18.27.44:186][ 81]LogModuleManager: Shutting down and abandoning module StatsViewer (510)
[2020.01.16-18.27.44:186][ 81]LogModuleManager: Shutting down and abandoning module FoliageEdit (508)
[2020.01.16-18.27.44:186][ 81]LogModuleManager: Shutting down and abandoning module LandscapeEditor (506)
[2020.01.16-18.27.44:285][ 81]LogModuleManager: Shutting down and abandoning module MeshPaintMode (504)
[2020.01.16-18.27.44:285][ 81]LogModuleManager: Shutting down and abandoning module SceneDepthPickerMode (502)
[2020.01.16-18.27.44:285][ 81]LogModuleManager: Shutting down and abandoning module ActorPickerMode (500)
[2020.01.16-18.27.44:285][ 81]LogModuleManager: Shutting down and abandoning module GeometryMode (498)
[2020.01.16-18.27.44:285][ 81]LogModuleManager: Shutting down and abandoning module TextureAlignMode (496)
[2020.01.16-18.27.44:285][ 81]LogModuleManager: Shutting down and abandoning module BspMode (494)
[2020.01.16-18.27.44:285][ 81]LogModuleManager: Shutting down and abandoning module HardwareSurvey (492)
[2020.01.16-18.27.44:286][ 81]LogModuleManager: Shutting down and abandoning module SequenceRecorderSections (490)
[2020.01.16-18.27.44:286][ 81]LogModuleManager: Shutting down and abandoning module AutomationWorker (488)
[2020.01.16-18.27.44:286][ 81]LogModuleManager: Shutting down and abandoning module MatineeToLevelSequence (486)
[2020.01.16-18.27.44:286][ 81]LogModuleManager: Shutting down and abandoning module LevelSequenceEditor (484)
[2020.01.16-18.27.44:380][ 81]LogModuleManager: Shutting down and abandoning module PlacementMode (483)
[2020.01.16-18.27.44:380][ 81]LogModuleManager: Shutting down and abandoning module WmfMediaFactory (480)
[2020.01.16-18.27.44:380][ 81]LogModuleManager: Shutting down and abandoning module WmfMediaEditor (478)
[2020.01.16-18.27.44:380][ 81]LogModuleManager: Shutting down and abandoning module AvfMediaFactory (476)
[2020.01.16-18.27.44:380][ 81]LogModuleManager: Shutting down and abandoning module AvfMediaEditor (474)
[2020.01.16-18.27.44:380][ 81]LogModuleManager: Shutting down and abandoning module AndroidMediaFactory (472)
[2020.01.16-18.27.44:380][ 81]LogModuleManager: Shutting down and abandoning module Media (471)
[2020.01.16-18.27.44:380][ 81]LogModuleManager: Shutting down and abandoning module AndroidMediaEditor (468)
[2020.01.16-18.27.44:380][ 81]LogModuleManager: Shutting down and abandoning module CharacterAI (466)
[2020.01.16-18.27.44:381][ 81]LogModuleManager: Shutting down and abandoning module AudioCapture (464)
[2020.01.16-18.27.44:400][ 81]LogModuleManager: Shutting down and abandoning module SequenceRecorder (463)
[2020.01.16-18.27.44:408][ 81]LogModuleManager: Shutting down and abandoning module SmartSnapping (460)
[2020.01.16-18.27.44:408][ 81]LogModuleManager: Shutting down and abandoning module SessionServices (458)
[2020.01.16-18.27.44:408][ 81]LogModuleManager: Shutting down and abandoning module ViewportSnapping (456)
[2020.01.16-18.27.44:408][ 81]LogModuleManager: Shutting down and abandoning module ViewportInteraction (454)
[2020.01.16-18.27.44:408][ 81]LogModuleManager: Shutting down and abandoning module ClothPainter (452)
[2020.01.16-18.27.44:476][ 81]LogModuleManager: Shutting down and abandoning module LogVisualizer (450)
[2020.01.16-18.27.44:497][ 81]LogModuleManager: Shutting down and abandoning module IntroTutorials (448)
[2020.01.16-18.27.44:546][ 81]LogModuleManager: Shutting down and abandoning module GameProjectGeneration (447)
[2020.01.16-18.27.44:644][ 81]LogModuleManager: Shutting down and abandoning module EditorLiveStreaming (444)
[2020.01.16-18.27.44:645][ 81]LogModuleManager: Shutting down and abandoning module IOSPlatformEditor (442)
[2020.01.16-18.27.44:645][ 81]LogModuleManager: Shutting down and abandoning module HTML5PlatformEditor (440)
[2020.01.16-18.27.44:645][ 81]LogModuleManager: Shutting down and abandoning module AndroidPlatformEditor (438)
[2020.01.16-18.27.44:645][ 81]LogModuleManager: Shutting down and abandoning module AndroidDeviceDetection (437)
[2020.01.16-18.27.45:484][ 81]LogModuleManager: Shutting down and abandoning module IOSRuntimeSettings (434)
[2020.01.16-18.27.45:484][ 81]LogModuleManager: Shutting down and abandoning module AndroidRuntimeSettings (432)
[2020.01.16-18.27.45:484][ 81]LogModuleManager: Shutting down and abandoning module InputBindingEditor (430)
[2020.01.16-18.27.45:484][ 81]LogModuleManager: Shutting down and abandoning module MergeActors (428)
[2020.01.16-18.27.45:505][ 81]LogModuleManager: Shutting down and abandoning module SizeMap (426)
[2020.01.16-18.27.45:505][ 81]LogModuleManager: Shutting down and abandoning module TreeMap (424)
[2020.01.16-18.27.45:505][ 81]LogModuleManager: Shutting down and abandoning module ReferenceViewer (422)
[2020.01.16-18.27.45:512][ 81]LogModuleManager: Shutting down and abandoning module LocalizationDashboard (420)
[2020.01.16-18.27.45:525][ 81]LogModuleManager: Shutting down and abandoning module LocalizationService (419)
[2020.01.16-18.27.45:525][ 81]LogModuleManager: Shutting down and abandoning module HardwareTargeting (416)
[2020.01.16-18.27.45:525][ 81]LogModuleManager: Shutting down and abandoning module DeviceProfileEditor (414)
[2020.01.16-18.27.45:533][ 81]LogModuleManager: Shutting down and abandoning module UndoHistory (412)
[2020.01.16-18.27.45:540][ 81]LogModuleManager: Shutting down and abandoning module UserFeedback (410)
[2020.01.16-18.27.45:540][ 81]LogModuleManager: Shutting down and abandoning module XmlParser (408)
[2020.01.16-18.27.45:540][ 81]LogModuleManager: Shutting down and abandoning module Blutility (406)
[2020.01.16-18.27.45:540][ 81]LogModuleManager: Shutting down and abandoning module ProjectSettingsViewer (404)
[2020.01.16-18.27.45:540][ 81]LogModuleManager: Shutting down and abandoning module ProjectTargetPlatformEditor (403)
[2020.01.16-18.27.45:540][ 81]LogModuleManager: Shutting down and abandoning module EditorSettingsViewer (400)
[2020.01.16-18.27.45:540][ 81]LogModuleManager: Shutting down and abandoning module SettingsEditor (398)
[2020.01.16-18.27.45:540][ 81]LogModuleManager: Shutting down and abandoning module ProjectLauncher (396)
[2020.01.16-18.27.45:556][ 81]LogModuleManager: Shutting down and abandoning module SessionFrontend (394)
[2020.01.16-18.27.45:571][ 81]LogModuleManager: Shutting down and abandoning module ProfilerClient (392)
[2020.01.16-18.27.45:571][ 81]LogModuleManager: Shutting down and abandoning module DeviceManager (390)
[2020.01.16-18.27.45:580][ 81]LogModuleManager: Shutting down and abandoning module TargetDeviceServices (389)
[2020.01.16-18.27.45:659][ 81]LogModuleManager: Shutting down and abandoning module AutomationController (386)
[2020.01.16-18.27.45:672][ 81]LogModuleManager: Shutting down and abandoning module AutomationWindow (384)
[2020.01.16-18.27.45:691][ 81]LogModuleManager: Shutting down and abandoning module Layers (382)
[2020.01.16-18.27.45:704][ 81]LogModuleManager: Shutting down and abandoning module ComponentVisualizers (380)
[2020.01.16-18.27.45:704][ 81]LogModuleManager: Shutting down and abandoning module DetailCustomizations (378)
[2020.01.16-18.27.45:712][ 81]LogModuleManager: Shutting down and abandoning module PackagesDialog (376)
[2020.01.16-18.27.45:712][ 81]LogModuleManager: Shutting down and abandoning module Persona (374)
[2020.01.16-18.27.45:767][ 81]LogModuleManager: Shutting down and abandoning module AdvancedPreviewScene (373)
[2020.01.16-18.27.45:767][ 81]LogModuleManager: Shutting down and abandoning module AnimGraph (371)
[2020.01.16-18.27.45:767][ 81]LogModuleManager: Shutting down and abandoning module Kismet (368)
[2020.01.16-18.27.45:782][ 81]LogModuleManager: Shutting down and abandoning module ClassViewer (366)
[2020.01.16-18.27.45:782][ 81]LogModuleManager: Shutting down and abandoning module Toolbox (364)
[2020.01.16-18.27.45:782][ 81]LogModuleManager: Shutting down and abandoning module ModuleUI (362)
[2020.01.16-18.27.45:789][ 81]LogModuleManager: Shutting down and abandoning module MovieSceneTools (360)
[2020.01.16-18.27.45:815][ 81]LogModuleManager: Shutting down and abandoning module OutputLog (358)
[2020.01.16-18.27.45:829][ 81]LogModuleManager: Shutting down and abandoning module GammaUI (356)
[2020.01.16-18.27.45:829][ 81]LogModuleManager: Shutting down and abandoning module Documentation (354)
[2020.01.16-18.27.45:829][ 81]LogModuleManager: Shutting down and abandoning module MovieSceneTracks (352)
[2020.01.16-18.27.45:829][ 81]LogModuleManager: Shutting down and abandoning module MovieScene (350)
[2020.01.16-18.27.45:829][ 81]LogModuleManager: Shutting down and abandoning module Niagara (348)
[2020.01.16-18.27.45:829][ 81]LogModuleManager: Shutting down and abandoning module NiagaraEditor (347)
[2020.01.16-18.27.45:868][ 81]LogModuleManager: Shutting down and abandoning module StreamingPauseRendering (344)
[2020.01.16-18.27.45:868][ 81]LogModuleManager: Shutting down and abandoning module AnalyticsET (342)
[2020.01.16-18.27.45:868][ 81]LogModuleManager: Shutting down and abandoning module PortalServices (340)
[2020.01.16-18.27.45:868][ 81]LogModuleManager: Shutting down and abandoning module PortalRpc (338)
[2020.01.16-18.27.45:868][ 81]LogModuleManager: Shutting down and abandoning module MessagingRpc (336)
[2020.01.16-18.27.45:868][ 81]LogModuleManager: Shutting down and abandoning module AIModule (334)
[2020.01.16-18.27.45:868][ 81]LogModuleManager: Shutting down and abandoning module GameplayDebugger (333)
[2020.01.16-18.27.45:868][ 81]LogModuleManager: Shutting down and abandoning module AITestSuite (331)
[2020.01.16-18.27.45:887][ 81]LogModuleManager: Shutting down and abandoning module ProfilerService (328)
[2020.01.16-18.27.46:103][ 81]LogModuleManager: Shutting down and abandoning module TaskGraph (326)
[2020.01.16-18.27.46:124][ 81]LogModuleManager: Shutting down and abandoning module SteamVRController (324)
[2020.01.16-18.27.46:124][ 81]LogModuleManager: Shutting down and abandoning module SteamVR (322)
[2020.01.16-18.27.46:125][ 81]LogModuleManager: Shutting down and abandoning module ProceduralMeshComponentEditor (320)
[2020.01.16-18.27.46:125][ 81]LogModuleManager: Shutting down and abandoning module ProceduralMeshComponent (318)
[2020.01.16-18.27.46:150][ 81]LogModuleManager: Shutting down and abandoning module OculusLibrary (316)
[2020.01.16-18.27.46:150][ 81]LogModuleManager: Shutting down and abandoning module OculusInput (314)
[2020.01.16-18.27.46:150][ 81]LogModuleManager: Shutting down and abandoning module MobilePatchingUtils (312)
[2020.01.16-18.27.46:150][ 81]LogModuleManager: Shutting down and abandoning module CustomMeshComponent (310)
[2020.01.16-18.27.46:150][ 81]LogModuleManager: Shutting down and abandoning module CableComponent (308)
[2020.01.16-18.27.46:150][ 81]LogModuleManager: Shutting down and abandoning module ArchVisCharacter (306)
[2020.01.16-18.27.46:150][ 81]LogModuleManager: Shutting down and abandoning module AndroidPermission (304)
[2020.01.16-18.27.46:151][ 81]LogModuleManager: Shutting down and abandoning module MediaPlayerEditor (300)
[2020.01.16-18.27.46:184][ 81]LogModuleManager: Shutting down and abandoning module HTML5Networking (298)
[2020.01.16-18.27.46:184][ 81]LogModuleManager: Shutting down and abandoning module AlembicImporter (296)
[2020.01.16-18.27.46:201][ 81]LogModuleManager: Shutting down and abandoning module AlembicLibrary (295)
[2020.01.16-18.27.46:201][ 81]LogModuleManager: Shutting down and abandoning module GeometryCache (294)
[2020.01.16-18.27.46:201][ 81]LogModuleManager: Shutting down and abandoning module GeometryCacheEd (293)
[2020.01.16-18.27.46:201][ 81]LogModuleManager: Shutting down and abandoning module SuperSearchEditor (288)
[2020.01.16-18.27.46:201][ 81]LogModuleManager: Shutting down and abandoning module SuperSearch (287)
[2020.01.16-18.27.46:201][ 81]LogModuleManager: Shutting down and abandoning module SpeedTreeImporter (284)
[2020.01.16-18.27.46:201][ 81]LogModuleManager: Shutting down and abandoning module PluginBrowser (282)
[2020.01.16-18.27.46:221][ 81]LogModuleManager: Shutting down and abandoning module MobileLauncherProfileWizard (280)
[2020.01.16-18.27.46:246][ 81]LogModuleManager: Shutting down and abandoning module VisualStudioSourceCodeAccess (278)
[2020.01.16-18.27.46:246][ 81]LogModuleManager: Shutting down and abandoning module DesktopPlatform (277)
[2020.01.16-18.27.46:246][ 81]LogModuleManager: Shutting down and abandoning module UObjectPlugin (274)
[2020.01.16-18.27.46:246][ 81]LogModuleManager: Shutting down and abandoning module SubversionSourceControl (272)
[2020.01.16-18.27.46:255][ 81]LogModuleManager: Shutting down and abandoning module PerforceSourceControl (270)
[2020.01.16-18.27.46:277][ 81]LogModuleManager: Shutting down and abandoning module GitSourceControl (268)
[2020.01.16-18.27.46:293][ 81]LogModuleManager: Shutting down and abandoning module SourceControl (267)
[2020.01.16-18.27.46:293][ 81]LogModuleManager: Shutting down and abandoning module LightPropagationVolumeEditor (264)
[2020.01.16-18.27.46:293][ 81]LogModuleManager: Shutting down and abandoning module PaperTiledImporter (262)
[2020.01.16-18.27.46:293][ 81]LogModuleManager: Shutting down and abandoning module PaperSpriteSheetImporter (260)
[2020.01.16-18.27.46:293][ 81]LogModuleManager: Shutting down and abandoning module Paper2DEditor (258)
[2020.01.16-18.27.46:307][ 81]LogModuleManager: Shutting down and abandoning module MeshPaint (257)
[2020.01.16-18.27.46:326][ 81]LogModuleManager: Shutting down and abandoning module LevelEditor (255)
[2020.01.16-18.27.46:339][ 81]LogModuleManager: Shutting down and abandoning module PixelInspectorModule (254)
[2020.01.16-18.27.46:355][ 81]LogModuleManager: Shutting down and abandoning module MainFrame (252)
[2020.01.16-18.27.46:367][ 81]LogModuleManager: Shutting down and abandoning module HotReload (251)
[2020.01.16-18.27.46:391][ 81]LogModuleManager: Shutting down and abandoning module PhysXVehiclesEditor (246)
[2020.01.16-18.27.46:391][ 81]LogModuleManager: Shutting down and abandoning module PhysXVehicles (244)
[2020.01.16-18.27.46:391][ 81]LogModuleManager: Shutting down and abandoning module LocationServicesBPLibrary (242)
[2020.01.16-18.27.46:391][ 81]LogModuleManager: Shutting down and abandoning module ImmediatePhysicsEditor (240)
[2020.01.16-18.27.46:391][ 81]LogModuleManager: Shutting down and abandoning module ImmediatePhysics (238)
[2020.01.16-18.27.46:404][ 81]LogModuleManager: Shutting down and abandoning module UdpMessaging (236)
[2020.01.16-18.27.46:550][ 81]LogModuleManager: Shutting down and abandoning module TcpMessaging (234)
[2020.01.16-18.27.46:686][ 81]LogModuleManager: Shutting down and abandoning module GameplayTagsEditor (232)
[2020.01.16-18.27.46:700][ 81]LogModuleManager: Shutting down and abandoning module FacialAnimationEditor (230)
[2020.01.16-18.27.46:701][ 81]LogModuleManager: Shutting down and abandoning module FacialAnimation (228)
[2020.01.16-18.27.46:701][ 81]LogModuleManager: Shutting down and abandoning module AssetManagerEditor (226)
[2020.01.16-18.27.46:743][ 81]LogModuleManager: Shutting down and abandoning module GraphEditor (225)
[2020.01.16-18.27.46:743][ 81]LogModuleManager: Shutting down and abandoning module ContentBrowser (223)
[2020.01.16-18.27.46:757][ 81]LogModuleManager: Shutting down and abandoning module LightPropagationVolumeRuntime (220)
[2020.01.16-18.27.46:757][ 81]LogModuleManager: Shutting down and abandoning module Paper2D (218)
[2020.01.16-18.27.46:767][ 81]LogModuleManager: Shutting down and abandoning module WindowsMoviePlayer (216)
[2020.01.16-18.27.46:767][ 81]LogModuleManager: Shutting down and abandoning module WmfMedia (214)
[2020.01.16-18.27.46:775][ 81]LogModuleManager: Shutting down and abandoning module ClothingSystemEditor (212)
[2020.01.16-18.27.46:775][ 81]LogModuleManager: Shutting down and abandoning module ClothingSystemRuntime (210)
[2020.01.16-18.27.46:775][ 81]LogModuleManager: Shutting down and abandoning module MediaAssets (208)
[2020.01.16-18.27.46:775][ 81]LogModuleManager: Shutting down and abandoning module GameLiveStreaming (206)
[2020.01.16-18.27.46:775][ 81]LogModuleManager: Shutting down and abandoning module VREditor (204)
[2020.01.16-18.27.46:791][ 81]LogModuleManager: Shutting down and abandoning module StringTableEditor (202)
[2020.01.16-18.27.46:805][ 81]LogModuleManager: Shutting down and abandoning module GameplayTasksEditor (200)
[2020.01.16-18.27.46:805][ 81]LogModuleManager: Shutting down and abandoning module BehaviorTreeEditor (198)
[2020.01.16-18.27.46:841][ 81]LogModuleManager: Shutting down and abandoning module FunctionalTesting (196)
[2020.01.16-18.27.46:841][ 81]LogModuleManager: Shutting down and abandoning module CollisionAnalyzer (194)
[2020.01.16-18.27.46:854][ 81]LogModuleManager: Shutting down and abandoning module UMG (192)
[2020.01.16-18.27.46:899][ 81]LogModuleManager: Shutting down and abandoning module UMGEditor (191)
[2020.01.16-18.27.46:950][ 81]LogModuleManager: Shutting down and abandoning module Sequencer (190)
[2020.01.16-18.27.46:968][ 81]LogModuleManager: Shutting down and abandoning module AssetTools (188)
[2020.01.16-18.27.47:032][ 81]LogModuleManager: Shutting down and abandoning module MessageLog (187)
[2020.01.16-18.27.47:032][ 81]LogModuleManager: Shutting down and abandoning module WorkspaceMenuStructure (186)
[2020.01.16-18.27.47:032][ 81]LogModuleManager: Shutting down and abandoning module SlateReflector (180)
[2020.01.16-18.27.47:052][ 81]LogModuleManager: Shutting down and abandoning module Slate (178)
[2020.01.16-18.27.47:053][ 81]LogModuleManager: Shutting down and abandoning module EditorStyle (176)
[2020.01.16-18.27.47:057][ 81]LogModuleManager: Shutting down and abandoning module SourceCodeAccess (174)
[2020.01.16-18.27.47:057][ 81]LogModuleManager: Shutting down and abandoning module HeadMountedDisplay (172)
[2020.01.16-18.27.47:057][ 81]LogModuleManager: Shutting down and abandoning module XAudio2 (170)
[2020.01.16-18.27.47:057][ 81]LogModuleManager: Shutting down and abandoning module Networking (168)
[2020.01.16-18.27.47:057][ 81]LogModuleManager: Shutting down and abandoning module Core (164)
[2020.01.16-18.27.47:057][ 81]LogModuleManager: Shutting down and abandoning module AssetRegistry (162)
[2020.01.16-18.27.47:612][ 81]LogDirectoryWatcher: A directory notification for '../../../Engine/Content/' was aborted.
[2020.01.16-18.27.47:612][ 81]LogDirectoryWatcher: A directory notification for '../../../../../../Diego Trapiello/Documents/Unreal Projects/videojuego_shooter/EntregaJuegoUnreal2/Content/' was aborted.
[2020.01.16-18.27.47:612][ 81]LogDirectoryWatcher: A directory notification for '../../../Engine/Plugins/2D/Paper2D/Content/' was aborted.
[2020.01.16-18.27.47:612][ 81]LogDirectoryWatcher: A directory notification for '../../../Engine/Plugins/Runtime/GearVR/Content/' was aborted.
[2020.01.16-18.27.47:624][ 81]LogModuleManager: Shutting down and abandoning module DirectoryWatcher (161)
[2020.01.16-18.27.47:625][ 81]LogModuleManager: Shutting down and abandoning module KismetCompiler (158)
[2020.01.16-18.27.47:625][ 81]LogModuleManager: Shutting down and abandoning module LevelSequence (156)
[2020.01.16-18.27.47:625][ 81]LogModuleManager: Shutting down and abandoning module PhysXFormats (154)
[2020.01.16-18.27.47:625][ 81]LogModuleManager: Shutting down and abandoning module MeshUtilities (152)
[2020.01.16-18.27.47:638][ 81]LogModuleManager: Shutting down and abandoning module SimplygonSwarm (151)
[2020.01.16-18.27.47:638][ 81]LogModuleManager: Shutting down and abandoning module SimplygonMeshReduction (149)
[2020.01.16-18.27.47:638][ 81]LogModuleManager: Shutting down and abandoning module QuadricMeshReduction (147)
[2020.01.16-18.27.47:649][ 81]LogModuleManager: Shutting down and abandoning module DerivedDataCache (144)
[2020.01.16-18.27.47:910][ 81]LogDerivedDataCache: Shutdown
[2020.01.16-18.27.47:910][ 81]LogModuleManager: Shutting down and abandoning module TargetPlatform (142)
[2020.01.16-18.27.47:910][ 81]LogModuleManager: Shutting down and abandoning module VulkanShaderFormat (141)
[2020.01.16-18.27.47:932][ 81]LogModuleManager: Shutting down and abandoning module ShaderFormatVectorVM (139)
[2020.01.16-18.27.47:932][ 81]LogModuleManager: Shutting down and abandoning module ShaderFormatOpenGL (137)
[2020.01.16-18.27.47:932][ 81]LogModuleManager: Shutting down and abandoning module ShaderFormatD3D (135)
[2020.01.16-18.27.47:932][ 81]LogModuleManager: Shutting down and abandoning module MetalShaderFormat (133)
[2020.01.16-18.27.47:943][ 81]LogModuleManager: Shutting down and abandoning module TextureFormatUncompressed (131)
[2020.01.16-18.27.47:943][ 81]LogModuleManager: Shutting down and abandoning module TextureFormatPVR (129)
[2020.01.16-18.27.47:943][ 81]LogModuleManager: Shutting down and abandoning module TextureFormatDXT (127)
[2020.01.16-18.27.47:943][ 81]LogModuleManager: Shutting down and abandoning module TextureFormatIntelISPCTexComp (125)
[2020.01.16-18.27.47:945][ 81]LogModuleManager: Shutting down and abandoning module TextureFormatASTC (123)
[2020.01.16-18.27.47:945][ 81]LogModuleManager: Shutting down and abandoning module ImageWrapper (122)
[2020.01.16-18.27.47:946][ 81]LogModuleManager: Shutting down and abandoning module TextureFormatAndroid (119)
[2020.01.16-18.27.47:946][ 81]LogModuleManager: Shutting down and abandoning module AudioFormatOpus (117)
[2020.01.16-18.27.47:946][ 81]LogModuleManager: Shutting down and abandoning module AudioFormatOgg (115)
[2020.01.16-18.27.47:946][ 81]LogModuleManager: Shutting down and abandoning module AudioFormatADPCM (113)
[2020.01.16-18.27.47:946][ 81]LogModuleManager: Shutting down and abandoning module LinuxTargetPlatform (111)
[2020.01.16-18.27.47:946][ 81]LogModuleManager: Shutting down and abandoning module LinuxServerTargetPlatform (109)
[2020.01.16-18.27.47:946][ 81]LogModuleManager: Shutting down and abandoning module LinuxNoEditorTargetPlatform (107)
[2020.01.16-18.27.47:946][ 81]LogModuleManager: Shutting down and abandoning module LinuxClientTargetPlatform (105)
[2020.01.16-18.27.47:946][ 81]LogModuleManager: Shutting down and abandoning module TVOSTargetPlatform (103)
[2020.01.16-18.27.47:946][ 81]LogModuleManager: Shutting down and abandoning module Messaging (101)
[2020.01.16-18.27.47:946][ 81]LogModuleManager: Shutting down and abandoning module IOSTargetPlatform (99)
[2020.01.16-18.27.47:946][ 81]LogModuleManager: Shutting down and abandoning module HTML5TargetPlatform (97)
[2020.01.16-18.27.47:946][ 81]LogModuleManager: Shutting down and abandoning module Android_PVRTCTargetPlatform (95)
[2020.01.16-18.27.47:946][ 81]LogModuleManager: Shutting down and abandoning module Android_MultiTargetPlatform (93)
[2020.01.16-18.27.47:946][ 81]LogModuleManager: Shutting down and abandoning module Android_ETC2TargetPlatform (91)
[2020.01.16-18.27.47:946][ 81]LogModuleManager: Shutting down and abandoning module Android_ETC1TargetPlatform (89)
[2020.01.16-18.27.47:946][ 81]LogModuleManager: Shutting down and abandoning module Android_DXTTargetPlatform (87)
[2020.01.16-18.27.47:946][ 81]LogModuleManager: Shutting down and abandoning module Android_ATCTargetPlatform (85)
[2020.01.16-18.27.47:946][ 81]LogModuleManager: Shutting down and abandoning module Android_ASTCTargetPlatform (83)
[2020.01.16-18.27.47:946][ 81]LogModuleManager: Shutting down and abandoning module AndroidTargetPlatform (81)
[2020.01.16-18.27.47:946][ 81]LogModuleManager: Shutting down and abandoning module WindowsTargetPlatform (79)
[2020.01.16-18.27.47:946][ 81]LogModuleManager: Shutting down and abandoning module WindowsServerTargetPlatform (77)
[2020.01.16-18.27.47:946][ 81]LogModuleManager: Shutting down and abandoning module WindowsNoEditorTargetPlatform (75)
[2020.01.16-18.27.47:946][ 81]LogModuleManager: Shutting down and abandoning module WindowsClientTargetPlatform (73)
[2020.01.16-18.27.47:946][ 81]LogModuleManager: Shutting down and abandoning module MacTargetPlatform (71)
[2020.01.16-18.27.47:946][ 81]LogModuleManager: Shutting down and abandoning module MacServerTargetPlatform (69)
[2020.01.16-18.27.47:946][ 81]LogModuleManager: Shutting down and abandoning module MacNoEditorTargetPlatform (67)
[2020.01.16-18.27.47:946][ 81]LogModuleManager: Shutting down and abandoning module MacClientTargetPlatform (65)
[2020.01.16-18.27.47:946][ 81]LogModuleManager: Shutting down and abandoning module AllDesktopTargetPlatform (63)
[2020.01.16-18.27.47:946][ 81]LogModuleManager: Shutting down and abandoning module InputCore (60)
[2020.01.16-18.27.47:946][ 81]LogModuleManager: Shutting down and abandoning module Settings (58)
[2020.01.16-18.27.47:946][ 81]LogModuleManager: Shutting down and abandoning module OculusRift (56)
[2020.01.16-18.27.47:960][ 81]LogModuleManager: Shutting down and abandoning module GearVRController (54)
[2020.01.16-18.27.47:960][ 81]LogModuleManager: Shutting down and abandoning module GearVR (52)
[2020.01.16-18.27.47:969][ 81]LogModuleManager: Shutting down and abandoning module ExampleDeviceProfileSelector (50)
[2020.01.16-18.27.47:969][ 81]LogModuleManager: Shutting down and abandoning module OnlineBlueprintSupport (48)
[2020.01.16-18.27.47:969][ 81]LogModuleManager: Shutting down and abandoning module OnlineSubsystem (44)
[2020.01.16-18.27.47:969][ 81]LogOnline:Display: Unloading online subsystem: NULL
[2020.01.16-18.27.47:993][ 81]LogModuleManager: Shutting down and abandoning module XMPP (43)
[2020.01.16-18.27.48:028][ 81]LogModuleManager: Shutting down and abandoning module HTTP (41)
[2020.01.16-18.27.48:028][ 81]LogHttp:Display: Http module shutting down, but needs to wait on 1 outstanding Http requests:
[2020.01.16-18.27.48:042][ 81]LogHttp:Display: 	verb=[POST] url=[https://datarouter.ol.epicgames.com/datarouter/api/v1/public/data?SessionID=%7B00918379-4D8A-B8F7-3C0C-5D996F40BF42%7D&AppID=UEEditor.Rocket.Release&AppVersion=4.16.3-3561208%2B%2B%2BUE4%2BRelease-4.16&UserID=9e57c2c64b20593d5bf76f8216e1211c%7C3da654c4b0e74fa6a45970f2e66751cc%7Ca00a1342-5ee5-46c1-94e0-465cecb1bc04&AppEnvironment=datacollector-binary&UploadType=eteventstream] status=Processing
[2020.01.16-18.27.48:073][ 81]LogModuleManager: Shutting down and abandoning module SSL (40)
[2020.01.16-18.27.48:111][ 81]LogModuleManager: Shutting down and abandoning module HTTPChunkInstaller (36)
[2020.01.16-18.27.48:133][ 81]LogModuleManager: Shutting down and abandoning module AnimationModifiers (34)
[2020.01.16-18.27.48:165][ 81]LogModuleManager: Shutting down and abandoning module PropertyEditor (33)
[2020.01.16-18.27.48:165][ 81]LogModuleManager: Shutting down and abandoning module AudioEditor (30)
[2020.01.16-18.27.48:209][ 81]LogModuleManager: Shutting down and abandoning module TextureCompressor (28)
[2020.01.16-18.27.48:209][ 81]LogModuleManager: Shutting down and abandoning module ShaderCore (26)
[2020.01.16-18.27.48:209][ 81]LogModuleManager: Shutting down and abandoning module Landscape (24)
[2020.01.16-18.27.48:209][ 81]LogModuleManager: Shutting down and abandoning module SlateRHIRenderer (22)
[2020.01.16-18.27.48:234][ 81]LogModuleManager: Shutting down and abandoning module OpenGLDrv (20)
[2020.01.16-18.27.48:253][ 81]LogModuleManager: Shutting down and abandoning module D3D11RHI (18)
[2020.01.16-18.27.48:253][ 81]LogModuleManager: Shutting down and abandoning module AnimGraphRuntime (16)
[2020.01.16-18.27.48:266][ 81]LogModuleManager: Shutting down and abandoning module Renderer (14)
[2020.01.16-18.27.48:266][ 81]LogModuleManager: Shutting down and abandoning module Engine (12)
[2020.01.16-18.27.48:266][ 81]LogModuleManager: Shutting down and abandoning module CoreUObject (10)
[2020.01.16-18.27.48:266][ 81]LogModuleManager: Shutting down and abandoning module NetworkFile (8)
[2020.01.16-18.27.48:266][ 81]LogModuleManager: Shutting down and abandoning module StreamingFile (6)
[2020.01.16-18.27.48:266][ 81]LogModuleManager: Shutting down and abandoning module SandboxFile (4)
[2020.01.16-18.27.48:266][ 81]LogModuleManager: Shutting down and abandoning module PakFile (2)
[2020.01.16-18.27.48:305][ 81]LogExit: Exiting.
[2020.01.16-18.27.48:389][ 81]Log file closed, 01/16/20 19:27:48
