Log file open, 01/17/20 22:30:08
LogInit:Display: Running engine for game: EntregaJuegoUnreal2
LogPlatformFile: Not using cached read wrapper
LogInit:Display: RandInit(-853933959) SRandInit(-853933958).
LogTaskGraph: Started task graph with 5 named threads and 8 total threads with 1 sets of task threads.
LogStats: Stats thread started at 0.097194
LogInit: Using libcurl 7.47.1
LogInit:  - built for x86_64-pc-win32
LogInit:  - supports SSL with OpenSSL/1.0.2g
LogInit:  - supports HTTP deflate (compression) using libz 1.2.8
LogInit:  - other features:
LogInit:      CURL_VERSION_SSL
LogInit:      CURL_VERSION_LIBZ
LogInit:      CURL_VERSION_IPV6
LogInit:      CURL_VERSION_ASYNCHDNS
LogInit:      CURL_VERSION_LARGEFILE
LogInit:      CURL_VERSION_IDN
LogInit:  CurlRequestOptions (configurable via config and command line):
LogInit:  - bVerifyPeer = false  - Libcurl will NOT verify peer certificate
LogInit:  - bUseHttpProxy = false  - Libcurl will NOT use HTTP proxy
LogInit:  - bDontReuseConnections = false  - Libcurl will reuse connections
LogInit:  - CertBundlePath = nullptr  - Libcurl will use whatever was configured at build time.
LogInit: Build: ++UE4+Release-4.16-CL-3561208
LogInit: Engine Version: 4.16.3-3561208+++UE4+Release-4.16
LogInit: Compatible Engine Version: 4.16.0-3452394+++UE4+Release-4.16
LogInit: Net CL: 3452394
LogDevObjectVersion: Number of dev versions registered: 16
LogDevObjectVersion:   Dev-Blueprints (B0D832E4-1F89-4F0D-ACCF-7EB736FD4AA2): 9
LogDevObjectVersion:   Dev-Build (E1C64328-A22C-4D53-A36C-8E866417BD8C): 0
LogDevObjectVersion:   Dev-Core (375EC13C-06E4-48FB-B500-84F0262A717E): 2
LogDevObjectVersion:   Dev-Editor (E4B068ED-F494-42E9-A231-DA0B2E46BB41): 17
LogDevObjectVersion:   Dev-Framework (CFFC743F-43B0-4480-9391-14DF171D2073): 23
LogDevObjectVersion:   Dev-Mobile (B02B49B5-BB20-44E9-A304-32B752E40360): 0
LogDevObjectVersion:   Dev-Networking (A4E4105C-59A1-49B5-A7C5-40C4547EDFEE): 0
LogDevObjectVersion:   Dev-Online (39C831C9-5AE6-47DC-9A44-9C173E1C8E7C): 0
LogDevObjectVersion:   Dev-Physics (78F01B33-EBEA-4F98-B9B4-84EACCB95AA2): 0
LogDevObjectVersion:   Dev-Platform (6631380F-2D4D-43E0-8009-CF276956A95A): 0
LogDevObjectVersion:   Dev-Rendering (12F88B9F-8875-4AFC-A67C-D90C383ABD29): 15
LogDevObjectVersion:   Dev-Sequencer (7B5AE74C-D270-4C10-A958-57980B212A5A): 4
LogDevObjectVersion:   Dev-VR (D7296918-1DD6-4BDD-9DE2-64A83CC13884): 0
LogDevObjectVersion:   Dev-LoadTimes (C2A15278-BFE7-4AFE-6C17-90FF531DF755): 1
LogDevObjectVersion:   Private-Geometry (6EACA3D4-40EC-4CC1-B786-8BED09428FC5): 1
LogDevObjectVersion:   Dev-AnimPhys (29E575DD-E0A3-4627-9D10-D276232CDCEA): 3
LogInit: Compiled (64-bit): Jul 28 2017 11:49:47
LogInit: Compiled with Visual C++: 19.00.24215.01
LogInit: Build Configuration: Development
LogInit: Branch Name: ++UE4+Release-4.16
LogInit: Command line:  
LogInit: Base directory: D:/Program Files (x86)/Epic Games/UE_4.16/Engine/Binaries/Win64/
LogInit: Installed Engine Build: 1
LogInit: Presizing for max 8388607 objects, including 0 objects not considered by GC, pre-allocating 0 bytes for permanent pool.
LogInit: Object subsystem initialized
[2020.01.17-21.30.09:001][  0]LogInit: Selected Device Profile: [Windows]
[2020.01.17-21.30.09:001][  0]LogInit: Applying CVar settings loaded from the selected device profile: [Windows]
[2020.01.17-21.30.09:009][  0]LogInit: Computer: DESKTOP-JHFJI5B
[2020.01.17-21.30.09:009][  0]LogInit: User: DiegoTrapiello
[2020.01.17-21.30.09:009][  0]LogInit: CPU Page size=4096, Cores=4
[2020.01.17-21.30.09:009][  0]LogInit: High frequency timer resolution =3.914067 MHz
[2020.01.17-21.30.09:010][  0]LogMemory: Memory total: Physical=16.0GB (16GB approx)
[2020.01.17-21.30.09:010][  0]LogMemory: Platform Memory Stats for Windows
[2020.01.17-21.30.09:010][  0]LogMemory: Process Physical Memory: 274.36 MB used, 274.36 MB peak
[2020.01.17-21.30.09:010][  0]LogMemory: Process Virtual Memory: 262.99 MB used, 262.99 MB peak
[2020.01.17-21.30.09:010][  0]LogMemory: Physical Memory: 7283.16 MB used,  9060.26 MB free, 16343.42 MB total
[2020.01.17-21.30.09:010][  0]LogMemory: Virtual Memory: 4757.66 MB used,  9060.26 MB free, 134217728.00 MB total
[2020.01.17-21.30.09:078][  0]LogInit: Overriding language with editor language configuration option (en).
[2020.01.17-21.30.09:078][  0]LogInit: Overriding locale with editor locale configuration option (en).
[2020.01.17-21.30.10:037][  0]LogD3D11RHI: D3D11 adapters:
[2020.01.17-21.30.10:106][  0]LogD3D11RHI:    0. 'NVIDIA GeForce GTX 1070' (Feature Level 11_0)
[2020.01.17-21.30.10:106][  0]LogD3D11RHI:       8088/0/8171 MB DedicatedVideo/DedicatedSystem/SharedSystem, Outputs:1, VendorId:0x10de
[2020.01.17-21.30.10:108][  0]LogD3D11RHI:    1. 'Microsoft Basic Render Driver' (Feature Level 11_0)
[2020.01.17-21.30.10:108][  0]LogD3D11RHI:       0/0/8171 MB DedicatedVideo/DedicatedSystem/SharedSystem, Outputs:0, VendorId:0x1414
[2020.01.17-21.30.10:108][  0]LogD3D11RHI: Chosen D3D11 Adapter: 0
[2020.01.17-21.30.10:115][  0]LogD3D11RHI: Creating new Direct3DDevice
[2020.01.17-21.30.10:115][  0]LogD3D11RHI:     GPU DeviceId: 0x1b81 (for the marketing name, search the web for "GPU Device Id")
[2020.01.17-21.30.10:115][  0]LogWindows: EnumDisplayDevices:
[2020.01.17-21.30.10:115][  0]LogWindows:    0. 'NVIDIA GeForce GTX 1070' (P:1 D:1)
[2020.01.17-21.30.10:115][  0]LogWindows:    1. 'NVIDIA GeForce GTX 1070' (P:0 D:0)
[2020.01.17-21.30.10:116][  0]LogWindows:    2. 'NVIDIA GeForce GTX 1070' (P:0 D:0)
[2020.01.17-21.30.10:116][  0]LogWindows:    3. 'NVIDIA GeForce GTX 1070' (P:0 D:0)
[2020.01.17-21.30.10:116][  0]LogWindows: DebugString: GetVideoDriverDetailsInvalid PrimaryIsNotTheChoosenAdapter GetVideoDriverDetailsInvalid PrimaryIsNotTheChoosenAdapter GetVideoDriverDetailsInvalid PrimaryIsNotTheChoosenAdapter GetVideoDriverDetailsInvalid PrimaryIsNotTheChoosenAdapter FoundDriverCount:0 
[2020.01.17-21.30.10:116][  0]LogD3D11RHI:     Adapter Name: NVIDIA GeForce GTX 1070
[2020.01.17-21.30.10:116][  0]LogD3D11RHI:   Driver Version: Unknown (internal:Unknown, unified:Unknown)
[2020.01.17-21.30.10:116][  0]LogD3D11RHI:      Driver Date: Unknown
[2020.01.17-21.30.10:116][  0]LogRHI: Texture pool is 1361 MB (70% of 1945 MB)
[2020.01.17-21.30.10:151][  0]LogD3D11RHI: Async texture creation enabled
[2020.01.17-21.30.10:166][  0]LogD3D11RHI: GPU Timing Frequency: 1000.000000 (Debug: 2 1)
[2020.01.17-21.30.10:167][  0]LogShaderCompilers: Guid format shader working directory is -41 characters bigger than the processId version (../../../../../../Diego Trapiello/Documents/Unreal Projects/videojuego_shooter/EntregaJuegoUnreal2/Intermediate/Shaders/WorkingDirectory/608/).
[2020.01.17-21.30.10:167][  0]LogShaderCompilers: Cleaned the shader compiler working directory 'C:/Users/Diego Trapiello/AppData/Local/Temp/UnrealShaderWorkingDir/D1C459DD401B76EE46097882C6E852D0/'.
[2020.01.17-21.30.10:168][  0]LogShaderCompilers:Display: Using Local Shader Compiler.
[2020.01.17-21.30.11:065][  0]LogTemp:Display: Loaded TP AllDesktopTargetPlatform
[2020.01.17-21.30.11:119][  0]LogTemp:Display: Loaded TP MacClientTargetPlatform
[2020.01.17-21.30.11:176][  0]LogTemp:Display: Loaded TP MacNoEditorTargetPlatform
[2020.01.17-21.30.11:228][  0]LogTemp:Display: Loaded TP MacServerTargetPlatform
[2020.01.17-21.30.11:281][  0]LogTemp:Display: Loaded TP MacTargetPlatform
[2020.01.17-21.30.11:336][  0]LogTemp:Display: Loaded TP WindowsClientTargetPlatform
[2020.01.17-21.30.11:390][  0]LogTemp:Display: Loaded TP WindowsNoEditorTargetPlatform
[2020.01.17-21.30.11:443][  0]LogTemp:Display: Loaded TP WindowsServerTargetPlatform
[2020.01.17-21.30.11:492][  0]LogTemp:Display: Loaded TP WindowsTargetPlatform
[2020.01.17-21.30.11:548][  0]LogTemp:Display: Loaded TP AndroidTargetPlatform
[2020.01.17-21.30.11:600][  0]LogTemp:Display: Loaded TP Android_ASTCTargetPlatform
[2020.01.17-21.30.11:651][  0]LogTemp:Display: Loaded TP Android_ATCTargetPlatform
[2020.01.17-21.30.11:702][  0]LogTemp:Display: Loaded TP Android_DXTTargetPlatform
[2020.01.17-21.30.11:758][  0]LogTemp:Display: Loaded TP Android_ETC1TargetPlatform
[2020.01.17-21.30.11:808][  0]LogTemp:Display: Loaded TP Android_ETC2TargetPlatform
[2020.01.17-21.30.11:912][  0]LogTemp:Display: Loaded TP Android_MultiTargetPlatform
[2020.01.17-21.30.11:912][  0]LogTemp:Display: Loaded TP Android_PVRTCTargetPlatform
[2020.01.17-21.30.11:957][  0]LogTemp:Display: Loaded TP HTML5TargetPlatform
[2020.01.17-21.30.12:050][  0]LogTemp:Display: Loaded TP IOSTargetPlatform
[2020.01.17-21.30.12:075][  0]LogTemp:Display: Loaded TP TVOSTargetPlatform
[2020.01.17-21.30.12:127][  0]LogTemp:Display: Loaded TP LinuxClientTargetPlatform
[2020.01.17-21.30.12:181][  0]LogTemp:Display: Loaded TP LinuxNoEditorTargetPlatform
[2020.01.17-21.30.12:232][  0]LogTemp:Display: Loaded TP LinuxServerTargetPlatform
[2020.01.17-21.30.12:283][  0]LogTemp:Display: Loaded TP LinuxTargetPlatform
[2020.01.17-21.30.12:283][  0]LogTargetPlatformManager:Display: Building Assets For Windows
[2020.01.17-21.30.12:782][  0]LogDerivedDataCache:Display: Max Cache Size: 512 MB
[2020.01.17-21.30.12:851][  0]LogDerivedDataCache: Loaded boot cache 0.07s 90MB C:/Users/Diego Trapiello/AppData/Local/UnrealEngine/4.16/DerivedDataCache/Boot.ddc.
[2020.01.17-21.30.12:851][  0]LogDerivedDataCache:Display: Loaded Boot cache: C:/Users/Diego Trapiello/AppData/Local/UnrealEngine/4.16/DerivedDataCache/Boot.ddc
[2020.01.17-21.30.12:851][  0]LogDerivedDataCache: FDerivedDataBackendGraph:  Pak pak cache file ../../../../../../Diego Trapiello/Documents/Unreal Projects/videojuego_shooter/EntregaJuegoUnreal2/DerivedDataCache/DDC.ddp not found, will not use a pak cache.
[2020.01.17-21.30.12:852][  0]LogDerivedDataCache: Unable to find inner node Pak for hierarchical cache Hierarchy.
[2020.01.17-21.30.12:852][  0]LogDerivedDataCache: FDerivedDataBackendGraph:  CompressedPak pak cache file ../../../../../../Diego Trapiello/Documents/Unreal Projects/videojuego_shooter/EntregaJuegoUnreal2/DerivedDataCache/Compressed.ddp not found, will not use a pak cache.
[2020.01.17-21.30.12:852][  0]LogDerivedDataCache: Unable to find inner node CompressedPak for hierarchical cache Hierarchy.
[2020.01.17-21.30.12:864][  0]LogDerivedDataCache:Display: Pak cache opened for reading ../../../Engine/DerivedDataCache/Compressed.ddp.
[2020.01.17-21.30.12:876][  0]LogDerivedDataCache: Using Local data cache path C:/Users/Diego Trapiello/AppData/Local/UnrealEngine/Common/DerivedDataCache: Writable
[2020.01.17-21.30.12:884][  0]LogMaterial: Verifying Global Shaders for PCD3D_SM5
[2020.01.17-21.30.12:884][  0]LogSlate: Using Freetype 2.6.0
[2020.01.17-21.30.12:885][  0]LogSlate: SlateFontCache - WITH_FREETYPE: 1, WITH_HARFBUZZ: 1
[2020.01.17-21.30.12:885][  0]LogSlate: SlateFontCache - WITH_FREETYPE: 1, WITH_HARFBUZZ: 1
[2020.01.17-21.30.13:208][  0]LogInit: Selected Device Profile: [Windows]
[2020.01.17-21.30.13:271][  0]LogContentStreaming: Texture pool size is 0.00 MB
[2020.01.17-21.30.13:424][  0]LogMeshUtilities: Using QuadricMeshReduction for automatic static mesh reduction
[2020.01.17-21.30.13:471][  0]LogSimplygon: Simplygon DLL not present - disabling.
[2020.01.17-21.30.13:532][  0]LogMeshUtilities: Using SimplygonSwarm for distributed automatic mesh merging
[2020.01.17-21.30.13:532][  0]LogMeshUtilities: No automatic skeletal mesh reduction module available
[2020.01.17-21.30.13:532][  0]LogMeshUtilities: No automatic mesh merging module available
[2020.01.17-21.30.14:052][  0]LogNetVersion: EntregaJuegoUnreal2 , NetCL: 3452394, EngineNetVer: 2, GameNetVer: 0 (Checksum: 2631086534)
[2020.01.17-21.30.14:109][  0]LogAssetRegistry: FAssetRegistry took 0.0257 seconds to start up
[2020.01.17-21.30.14:152][  0]LogPackageLocalizationCache: Processed 4 localized package path(s) for 1 prioritized culture(s) in 0.021709 seconds
[2020.01.17-21.30.14:157][  0]LogUObjectArray: 34194 objects as part of root set at end of initial load.
[2020.01.17-21.30.14:157][  0]LogUObjectAllocator: 7260424 out of 0 bytes used by permanent object pool.
[2020.01.17-21.30.14:157][  0]LogUObjectArray: CloseDisregardForGC: 0/0 objects in disregard for GC pool
[2020.01.17-21.30.14:219][  0]LogInit: WinSock: version 1.1 (2.2), MaxSocks=32767, MaxUdp=65467
[2020.01.17-21.30.16:825][  0]LogTcpMessaging: Initializing TcpMessaging bridge
[2020.01.17-21.30.16:876][  0]LogUdpMessaging: Initializing bridge on interface 0.0.0.0:0 to multicast group 230.0.0.1:6666.
[2020.01.17-21.30.17:492][  0]LogMaterial: Uniform references updated for custom material expression Custom.
[2020.01.17-21.30.17:951][  0]SourceControl: Info Source control is disabled
[2020.01.17-21.30.17:953][  0]SourceControl: Info Source control is disabled
[2020.01.17-21.30.18:014][  0]SourceControl: Info Source control is disabled
[2020.01.17-21.30.18:075][  0]SourceControl: Info Source control is disabled
[2020.01.17-21.30.18:939][  0]LogAndroidPermission: UAndroidPermissionCallbackProxy::GetInstance
[2020.01.17-21.30.19:665][  0]LogEngine: Initializing Engine...
[2020.01.17-21.30.19:666][  0]LogHMD: Failed to initialize OpenVR with code 110
[2020.01.17-21.30.19:823][  0]LogStats: UGameplayTagsManager::ConstructGameplayTagTree: Construct from data asset -  0.000 s
[2020.01.17-21.30.19:823][  0]LogStats: UGameplayTagsManager::ConstructGameplayTagTree: GameplayTagTreeChangedEvent.Broadcast -  0.000 s
[2020.01.17-21.30.19:969][  0]LogAIModule: Creating AISystem for world Untitled
[2020.01.17-21.30.20:011][  0]LogInit: XAudio2 using 'Altavoces (Realtek High Definition Audio)' : 4 channels at 44.1 kHz using 16 bits per sample (channel mask 0x33)
[2020.01.17-21.30.20:160][  0]LogInit: FAudioDevice initialized.
[2020.01.17-21.30.20:198][  0]LogDerivedDataCache: Saved boot cache 0.04s 90MB C:/Users/Diego Trapiello/AppData/Local/UnrealEngine/4.16/DerivedDataCache/Boot.ddc.
[2020.01.17-21.30.20:210][  0]LogInit: Texture streaming: Enabled
[2020.01.17-21.30.20:296][  0]LogEngineSessionManager: EngineSessionManager initialized
[2020.01.17-21.30.20:537][  0]LogInit: Transaction tracking system initialized
[2020.01.17-21.30.20:867][  0]BlueprintLog: New page: Editor Load
[2020.01.17-21.30.21:847][  0]LocalizationService: Info Localization service is disabled
[2020.01.17-21.30.22:580][  0]LogConsoleResponse:Display: 
[2020.01.17-21.30.22:705][  0]LogCook:Display: Max memory allowance for cook 16384mb min free memory 0mb
[2020.01.17-21.30.22:705][  0]LogCook:Display: Mobile HDR setting 1
[2020.01.17-21.30.23:897][  0]LogFileCache: Scanning file cache for directory 'D:/Diego Trapiello/Documents/Unreal Projects/videojuego_shooter/EntregaJuegoUnreal2/Content/' took 0.03s
[2020.01.17-21.30.23:946][  0]SourceControl: Info Source control is disabled
[2020.01.17-21.30.23:946][  0]LightingResults: New page: Lighting Build
[2020.01.17-21.30.23:989][  0]MapCheck: New page: Map Check
[2020.01.17-21.30.23:989][  0]LightingResults: New page: Lighting Build
[2020.01.17-21.30.25:092][  0]LogAudioDerivedData:Display: Building compressed audio format OGG wave sonido_special...
[2020.01.17-21.30.25:474][  0]LogAIModule: Creating AISystem for world FirstPersonExampleMap
[2020.01.17-21.30.25:492][  0]LogEditorServer: Finished looking for orphan Actors (0.000 secs)
[2020.01.17-21.30.25:514][  0]Cmd: MAP CHECKDEP NOCLEARLOG
[2020.01.17-21.30.25:646][  0]MapCheck: Info Map check complete: 0 Error(s), 0 Warning(s), took 131.66ms to complete.
[2020.01.17-21.30.25:646][  0]LogFileHelpers: Loading map 'FirstPersonExampleMap' took 1.700
[2020.01.17-21.30.25:773][  0]LogCollectionManager: Loaded 0 collections in 0.001703 seconds
[2020.01.17-21.30.25:857][  0]LogFileCache: Scanning file cache for directory 'D:/Diego Trapiello/Documents/Unreal Projects/videojuego_shooter/EntregaJuegoUnreal2/Saved/Collections/' took 0.01s
[2020.01.17-21.30.25:857][  0]LogFileCache: Scanning file cache for directory 'D:/Diego Trapiello/Documents/Unreal Projects/videojuego_shooter/EntregaJuegoUnreal2/Content/Developers/DiegoTrapiello/Collections/' took 0.01s
[2020.01.17-21.30.25:857][  0]LogFileCache: Scanning file cache for directory 'D:/Diego Trapiello/Documents/Unreal Projects/videojuego_shooter/EntregaJuegoUnreal2/Content/Collections/' took 0.01s
[2020.01.17-21.30.25:857][  0]LogCollectionManager: Rebuilt the GUID cache for 0 collections in 0.000002 seconds
[2020.01.17-21.30.25:865][  0]LogContentBrowser: Native class hierarchy populated in 0.0073 seconds. Added 2329 classes and 491 folders.
[2020.01.17-21.30.25:931][  0]LogContentBrowser: Native class hierarchy updated for 'WidgetCarousel' in 0.0007 seconds. Added 0 classes and 0 folders.
[2020.01.17-21.30.26:025][  0]LogContentBrowser: Native class hierarchy updated for 'AddContentDialog' in 0.0007 seconds. Added 0 classes and 0 folders.
[2020.01.17-21.30.26:071][  0]LogContentBrowser: Native class hierarchy updated for 'SceneOutliner' in 0.0007 seconds. Added 1 classes and 2 folders.
[2020.01.17-21.30.26:104][  0]LogCrashTracker: Crashtracker disabled due to settings.
[2020.01.17-21.30.26:109][  0]LogSlate: Took 0.000294 seconds to synchronously load lazily loaded font '../../../Engine/Content/Slate/Fonts/Roboto-Regular.ttf' (155K)
[2020.01.17-21.30.26:111][  0]LogSlate: Took 0.000373 seconds to synchronously load lazily loaded font '../../../Engine/Content/Slate/Fonts/Roboto-Bold.ttf' (160K)
[2020.01.17-21.30.26:115][  0]LogSlate: Took 0.000311 seconds to synchronously load lazily loaded font '../../../Engine/Content/Editor/Slate/Fonts/FontAwesome.ttf' (139K)
[2020.01.17-21.30.26:192][  0]LogRenderer: Reallocating scene render targets to support 764x576 NumSamples 1 (Frame:1).
[2020.01.17-21.30.26:292][  0]LogUObjectGlobals:Warning: Failed to find object 'Class None.'
[2020.01.17-21.30.26:361][  0]LogContentBrowser: Native class hierarchy updated for 'HierarchicalLODOutliner' in 0.0007 seconds. Added 1 classes and 2 folders.
[2020.01.17-21.30.26:361][  0]LogLoad: (Engine Initialization) Total time: 19.62 seconds
[2020.01.17-21.30.26:361][  0]LogLoad: (Engine Initialization) Total Blueprint compile time: 0.39 seconds
[2020.01.17-21.30.26:361][  0]LogExternalProfiler: Found external profiler: VSPerf
[2020.01.17-21.30.26:361][  0]LogExternalProfiler: Using external profiler: VSPerf
[2020.01.17-21.30.26:701][  0]LogOcInput: OculusInput pre-init called
[2020.01.17-21.30.26:701][  0]LogHMD: Starting GearVRController plugin
[2020.01.17-21.30.26:730][  0]LogAssetRegistry: Asset discovery search completed in 12.6437 seconds
[2020.01.17-21.30.26:732][  0]LogCollectionManager: Rebuilt the object cache for 0 collections in 0.000001 seconds (found 0 objects)
[2020.01.17-21.30.26:732][  0]LogCollectionManager: Fixed up redirectors for 0 collections in 0.000036 seconds (updated 0 objects)
[2020.01.17-21.30.26:735][  0]LogContentStreaming: Texture pool size now 1000 MB
[2020.01.17-21.30.26:779][  0]LogSlate: Took 0.000324 seconds to synchronously load lazily loaded font '../../../Engine/Content/Slate/Fonts/Roboto-Light.ttf' (159K)
[2020.01.17-21.30.27:034][  1]LogFileCache: Retrieving MD5 hashes for directory 'D:/Diego Trapiello/Documents/Unreal Projects/videojuego_shooter/EntregaJuegoUnreal2/Content/' took 0.32s
[2020.01.17-21.30.27:703][  3]LogSlate: Took 0.000436 seconds to synchronously load lazily loaded font '../../../Engine/Content/Slate/Fonts/Roboto-Light.ttf' (159K)
[2020.01.17-21.30.51:240][348]LogWindowsTextInputMethodSystem:Display: IME system now deactivated.
[2020.01.17-21.30.51:407][349]Cmd: QUIT_EDITOR
[2020.01.17-21.30.51:436][349]LogExit: Preparing to exit.
[2020.01.17-21.30.52:053][349]LogDirectoryWatcher: A directory notification for 'D:/Diego Trapiello/Documents/Unreal Projects/videojuego_shooter/EntregaJuegoUnreal2/Content/' was aborted.
[2020.01.17-21.30.52:082][349]LogExit: Editor shut down
[2020.01.17-21.30.52:084][349]LogExit: Transaction tracking system shut down
[2020.01.17-21.30.52:142][349]LogObj: Freed 0b from 0 cluster array pools.
[2020.01.17-21.30.52:142][349]LogExit: Object subsystem successfully closed.
[2020.01.17-21.30.52:285][349]LogD3D11RHI: Shutdown
[2020.01.17-21.30.52:285][349]LogD3D11RHI: CleanupD3DDevice
[2020.01.17-21.30.52:632][349]LogD3D11RHI: ~FD3D11DynamicRHI
[2020.01.17-21.30.52:642][349]LogModuleManager: Shutting down and abandoning module HierarchicalLODOutliner (524)
[2020.01.17-21.30.52:642][349]LogModuleManager: Shutting down and abandoning module CrashTracker (522)
[2020.01.17-21.30.52:642][349]LogModuleManager: Shutting down and abandoning module SceneOutliner (520)
[2020.01.17-21.30.52:642][349]LogModuleManager: Shutting down and abandoning module AddContentDialog (518)
[2020.01.17-21.30.52:642][349]LogDirectoryWatcher: A directory notification for 'D:/Program Files (x86)/Epic Games/UE_4.16/FeaturePacks/' was aborted.
[2020.01.17-21.30.52:643][349]LogModuleManager: Shutting down and abandoning module WidgetCarousel (517)
[2020.01.17-21.30.52:643][349]LogModuleManager: Shutting down and abandoning module EditorWidgets (514)
[2020.01.17-21.30.52:643][349]LogModuleManager: Shutting down and abandoning module CollectionManager (512)
[2020.01.17-21.30.52:643][349]LogDirectoryWatcher: A directory notification for 'D:/Diego Trapiello/Documents/Unreal Projects/videojuego_shooter/EntregaJuegoUnreal2/Content/Collections/' was aborted.
[2020.01.17-21.30.52:643][349]LogDirectoryWatcher: A directory notification for 'D:/Diego Trapiello/Documents/Unreal Projects/videojuego_shooter/EntregaJuegoUnreal2/Content/Developers/DiegoTrapiello/Collections/' was aborted.
[2020.01.17-21.30.52:643][349]LogDirectoryWatcher: A directory notification for 'D:/Diego Trapiello/Documents/Unreal Projects/videojuego_shooter/EntregaJuegoUnreal2/Saved/Collections/' was aborted.
[2020.01.17-21.30.52:643][349]LogModuleManager: Shutting down and abandoning module StatsViewer (510)
[2020.01.17-21.30.52:643][349]LogModuleManager: Shutting down and abandoning module FoliageEdit (508)
[2020.01.17-21.30.52:643][349]LogModuleManager: Shutting down and abandoning module LandscapeEditor (506)
[2020.01.17-21.30.52:643][349]LogModuleManager: Shutting down and abandoning module MeshPaintMode (504)
[2020.01.17-21.30.52:643][349]LogModuleManager: Shutting down and abandoning module SceneDepthPickerMode (502)
[2020.01.17-21.30.52:643][349]LogModuleManager: Shutting down and abandoning module ActorPickerMode (500)
[2020.01.17-21.30.52:643][349]LogModuleManager: Shutting down and abandoning module GeometryMode (498)
[2020.01.17-21.30.52:643][349]LogModuleManager: Shutting down and abandoning module TextureAlignMode (496)
[2020.01.17-21.30.52:643][349]LogModuleManager: Shutting down and abandoning module BspMode (494)
[2020.01.17-21.30.52:643][349]LogModuleManager: Shutting down and abandoning module HardwareSurvey (492)
[2020.01.17-21.30.52:643][349]LogModuleManager: Shutting down and abandoning module SequenceRecorderSections (490)
[2020.01.17-21.30.52:643][349]LogModuleManager: Shutting down and abandoning module AutomationWorker (488)
[2020.01.17-21.30.52:643][349]LogModuleManager: Shutting down and abandoning module MatineeToLevelSequence (486)
[2020.01.17-21.30.52:643][349]LogModuleManager: Shutting down and abandoning module LevelSequenceEditor (484)
[2020.01.17-21.30.52:643][349]LogModuleManager: Shutting down and abandoning module PlacementMode (483)
[2020.01.17-21.30.52:643][349]LogModuleManager: Shutting down and abandoning module WmfMediaFactory (480)
[2020.01.17-21.30.52:643][349]LogModuleManager: Shutting down and abandoning module WmfMediaEditor (478)
[2020.01.17-21.30.52:643][349]LogModuleManager: Shutting down and abandoning module AvfMediaFactory (476)
[2020.01.17-21.30.52:643][349]LogModuleManager: Shutting down and abandoning module AvfMediaEditor (474)
[2020.01.17-21.30.52:643][349]LogModuleManager: Shutting down and abandoning module AndroidMediaFactory (472)
[2020.01.17-21.30.52:643][349]LogModuleManager: Shutting down and abandoning module Media (471)
[2020.01.17-21.30.52:643][349]LogModuleManager: Shutting down and abandoning module AndroidMediaEditor (468)
[2020.01.17-21.30.52:643][349]LogModuleManager: Shutting down and abandoning module CharacterAI (466)
[2020.01.17-21.30.52:643][349]LogModuleManager: Shutting down and abandoning module AudioCapture (464)
[2020.01.17-21.30.52:643][349]LogModuleManager: Shutting down and abandoning module SequenceRecorder (463)
[2020.01.17-21.30.52:643][349]LogModuleManager: Shutting down and abandoning module SmartSnapping (460)
[2020.01.17-21.30.52:643][349]LogModuleManager: Shutting down and abandoning module SessionServices (458)
[2020.01.17-21.30.52:643][349]LogModuleManager: Shutting down and abandoning module ViewportSnapping (456)
[2020.01.17-21.30.52:643][349]LogModuleManager: Shutting down and abandoning module ViewportInteraction (454)
[2020.01.17-21.30.52:643][349]LogModuleManager: Shutting down and abandoning module ClothPainter (452)
[2020.01.17-21.30.52:643][349]LogModuleManager: Shutting down and abandoning module LogVisualizer (450)
[2020.01.17-21.30.52:643][349]LogModuleManager: Shutting down and abandoning module IntroTutorials (448)
[2020.01.17-21.30.52:643][349]LogModuleManager: Shutting down and abandoning module GameProjectGeneration (447)
[2020.01.17-21.30.52:643][349]LogModuleManager: Shutting down and abandoning module EditorLiveStreaming (444)
[2020.01.17-21.30.52:643][349]LogModuleManager: Shutting down and abandoning module IOSPlatformEditor (442)
[2020.01.17-21.30.52:643][349]LogModuleManager: Shutting down and abandoning module HTML5PlatformEditor (440)
[2020.01.17-21.30.52:644][349]LogModuleManager: Shutting down and abandoning module AndroidPlatformEditor (438)
[2020.01.17-21.30.52:644][349]LogModuleManager: Shutting down and abandoning module AndroidDeviceDetection (437)
[2020.01.17-21.30.53:228][349]LogModuleManager: Shutting down and abandoning module IOSRuntimeSettings (434)
[2020.01.17-21.30.53:228][349]LogModuleManager: Shutting down and abandoning module AndroidRuntimeSettings (432)
[2020.01.17-21.30.53:228][349]LogModuleManager: Shutting down and abandoning module InputBindingEditor (430)
[2020.01.17-21.30.53:228][349]LogModuleManager: Shutting down and abandoning module MergeActors (428)
[2020.01.17-21.30.53:228][349]LogModuleManager: Shutting down and abandoning module SizeMap (426)
[2020.01.17-21.30.53:228][349]LogModuleManager: Shutting down and abandoning module TreeMap (424)
[2020.01.17-21.30.53:228][349]LogModuleManager: Shutting down and abandoning module ReferenceViewer (422)
[2020.01.17-21.30.53:228][349]LogModuleManager: Shutting down and abandoning module LocalizationDashboard (420)
[2020.01.17-21.30.53:228][349]LogModuleManager: Shutting down and abandoning module LocalizationService (419)
[2020.01.17-21.30.53:228][349]LogModuleManager: Shutting down and abandoning module HardwareTargeting (416)
[2020.01.17-21.30.53:228][349]LogModuleManager: Shutting down and abandoning module DeviceProfileEditor (414)
[2020.01.17-21.30.53:228][349]LogModuleManager: Shutting down and abandoning module UndoHistory (412)
[2020.01.17-21.30.53:228][349]LogModuleManager: Shutting down and abandoning module UserFeedback (410)
[2020.01.17-21.30.53:228][349]LogModuleManager: Shutting down and abandoning module XmlParser (408)
[2020.01.17-21.30.53:228][349]LogModuleManager: Shutting down and abandoning module Blutility (406)
[2020.01.17-21.30.53:228][349]LogModuleManager: Shutting down and abandoning module ProjectSettingsViewer (404)
[2020.01.17-21.30.53:228][349]LogModuleManager: Shutting down and abandoning module ProjectTargetPlatformEditor (403)
[2020.01.17-21.30.53:228][349]LogModuleManager: Shutting down and abandoning module EditorSettingsViewer (400)
[2020.01.17-21.30.53:228][349]LogModuleManager: Shutting down and abandoning module SettingsEditor (398)
[2020.01.17-21.30.53:228][349]LogModuleManager: Shutting down and abandoning module ProjectLauncher (396)
[2020.01.17-21.30.53:228][349]LogModuleManager: Shutting down and abandoning module SessionFrontend (394)
[2020.01.17-21.30.53:228][349]LogModuleManager: Shutting down and abandoning module ProfilerClient (392)
[2020.01.17-21.30.53:229][349]LogModuleManager: Shutting down and abandoning module DeviceManager (390)
[2020.01.17-21.30.53:229][349]LogModuleManager: Shutting down and abandoning module TargetDeviceServices (389)
[2020.01.17-21.30.53:294][349]LogModuleManager: Shutting down and abandoning module AutomationController (386)
[2020.01.17-21.30.53:294][349]LogModuleManager: Shutting down and abandoning module AutomationWindow (384)
[2020.01.17-21.30.53:294][349]LogModuleManager: Shutting down and abandoning module Layers (382)
[2020.01.17-21.30.53:294][349]LogModuleManager: Shutting down and abandoning module ComponentVisualizers (380)
[2020.01.17-21.30.53:294][349]LogModuleManager: Shutting down and abandoning module DetailCustomizations (378)
[2020.01.17-21.30.53:294][349]LogModuleManager: Shutting down and abandoning module PackagesDialog (376)
[2020.01.17-21.30.53:294][349]LogModuleManager: Shutting down and abandoning module Persona (374)
[2020.01.17-21.30.53:294][349]LogModuleManager: Shutting down and abandoning module AdvancedPreviewScene (373)
[2020.01.17-21.30.53:294][349]LogModuleManager: Shutting down and abandoning module AnimGraph (371)
[2020.01.17-21.30.53:294][349]LogModuleManager: Shutting down and abandoning module Kismet (368)
[2020.01.17-21.30.53:295][349]LogModuleManager: Shutting down and abandoning module ClassViewer (366)
[2020.01.17-21.30.53:295][349]LogModuleManager: Shutting down and abandoning module Toolbox (364)
[2020.01.17-21.30.53:295][349]LogModuleManager: Shutting down and abandoning module ModuleUI (362)
[2020.01.17-21.30.53:295][349]LogModuleManager: Shutting down and abandoning module MovieSceneTools (360)
[2020.01.17-21.30.53:295][349]LogModuleManager: Shutting down and abandoning module OutputLog (358)
[2020.01.17-21.30.53:295][349]LogModuleManager: Shutting down and abandoning module GammaUI (356)
[2020.01.17-21.30.53:295][349]LogModuleManager: Shutting down and abandoning module Documentation (354)
[2020.01.17-21.30.53:295][349]LogModuleManager: Shutting down and abandoning module MovieSceneTracks (352)
[2020.01.17-21.30.53:295][349]LogModuleManager: Shutting down and abandoning module MovieScene (350)
[2020.01.17-21.30.53:295][349]LogModuleManager: Shutting down and abandoning module Niagara (348)
[2020.01.17-21.30.53:295][349]LogModuleManager: Shutting down and abandoning module NiagaraEditor (347)
[2020.01.17-21.30.53:295][349]LogModuleManager: Shutting down and abandoning module StreamingPauseRendering (344)
[2020.01.17-21.30.53:295][349]LogModuleManager: Shutting down and abandoning module AnalyticsET (342)
[2020.01.17-21.30.53:295][349]LogModuleManager: Shutting down and abandoning module PortalServices (340)
[2020.01.17-21.30.53:295][349]LogModuleManager: Shutting down and abandoning module PortalRpc (338)
[2020.01.17-21.30.53:295][349]LogModuleManager: Shutting down and abandoning module MessagingRpc (336)
[2020.01.17-21.30.53:295][349]LogModuleManager: Shutting down and abandoning module AIModule (334)
[2020.01.17-21.30.53:295][349]LogModuleManager: Shutting down and abandoning module GameplayDebugger (333)
[2020.01.17-21.30.53:295][349]LogModuleManager: Shutting down and abandoning module AITestSuite (331)
[2020.01.17-21.30.53:295][349]LogModuleManager: Shutting down and abandoning module ProfilerService (328)
[2020.01.17-21.30.53:474][349]LogModuleManager: Shutting down and abandoning module TaskGraph (326)
[2020.01.17-21.30.53:474][349]LogModuleManager: Shutting down and abandoning module SteamVRController (324)
[2020.01.17-21.30.53:474][349]LogModuleManager: Shutting down and abandoning module SteamVR (322)
[2020.01.17-21.30.53:474][349]LogModuleManager: Shutting down and abandoning module ProceduralMeshComponentEditor (320)
[2020.01.17-21.30.53:474][349]LogModuleManager: Shutting down and abandoning module ProceduralMeshComponent (318)
[2020.01.17-21.30.53:474][349]LogModuleManager: Shutting down and abandoning module OculusLibrary (316)
[2020.01.17-21.30.53:474][349]LogModuleManager: Shutting down and abandoning module OculusInput (314)
[2020.01.17-21.30.53:474][349]LogModuleManager: Shutting down and abandoning module MobilePatchingUtils (312)
[2020.01.17-21.30.53:474][349]LogModuleManager: Shutting down and abandoning module CustomMeshComponent (310)
[2020.01.17-21.30.53:474][349]LogModuleManager: Shutting down and abandoning module CableComponent (308)
[2020.01.17-21.30.53:474][349]LogModuleManager: Shutting down and abandoning module ArchVisCharacter (306)
[2020.01.17-21.30.53:474][349]LogModuleManager: Shutting down and abandoning module AndroidPermission (304)
[2020.01.17-21.30.53:474][349]LogModuleManager: Shutting down and abandoning module MediaPlayerEditor (300)
[2020.01.17-21.30.53:474][349]LogModuleManager: Shutting down and abandoning module HTML5Networking (298)
[2020.01.17-21.30.53:474][349]LogModuleManager: Shutting down and abandoning module AlembicImporter (296)
[2020.01.17-21.30.53:474][349]LogModuleManager: Shutting down and abandoning module AlembicLibrary (295)
[2020.01.17-21.30.53:474][349]LogModuleManager: Shutting down and abandoning module GeometryCache (294)
[2020.01.17-21.30.53:474][349]LogModuleManager: Shutting down and abandoning module GeometryCacheEd (293)
[2020.01.17-21.30.53:474][349]LogModuleManager: Shutting down and abandoning module SuperSearchEditor (288)
[2020.01.17-21.30.53:474][349]LogModuleManager: Shutting down and abandoning module SuperSearch (287)
[2020.01.17-21.30.53:474][349]LogModuleManager: Shutting down and abandoning module SpeedTreeImporter (284)
[2020.01.17-21.30.53:474][349]LogModuleManager: Shutting down and abandoning module PluginBrowser (282)
[2020.01.17-21.30.53:474][349]LogModuleManager: Shutting down and abandoning module MobileLauncherProfileWizard (280)
[2020.01.17-21.30.53:474][349]LogModuleManager: Shutting down and abandoning module VisualStudioSourceCodeAccess (278)
[2020.01.17-21.30.53:475][349]LogModuleManager: Shutting down and abandoning module DesktopPlatform (277)
[2020.01.17-21.30.53:475][349]LogModuleManager: Shutting down and abandoning module UObjectPlugin (274)
[2020.01.17-21.30.53:475][349]LogModuleManager: Shutting down and abandoning module SubversionSourceControl (272)
[2020.01.17-21.30.53:475][349]LogModuleManager: Shutting down and abandoning module PerforceSourceControl (270)
[2020.01.17-21.30.53:475][349]LogModuleManager: Shutting down and abandoning module GitSourceControl (268)
[2020.01.17-21.30.53:475][349]LogModuleManager: Shutting down and abandoning module SourceControl (267)
[2020.01.17-21.30.53:475][349]LogModuleManager: Shutting down and abandoning module LightPropagationVolumeEditor (264)
[2020.01.17-21.30.53:475][349]LogModuleManager: Shutting down and abandoning module PaperTiledImporter (262)
[2020.01.17-21.30.53:475][349]LogModuleManager: Shutting down and abandoning module PaperSpriteSheetImporter (260)
[2020.01.17-21.30.53:475][349]LogModuleManager: Shutting down and abandoning module Paper2DEditor (258)
[2020.01.17-21.30.53:475][349]LogModuleManager: Shutting down and abandoning module MeshPaint (257)
[2020.01.17-21.30.53:475][349]LogModuleManager: Shutting down and abandoning module LevelEditor (255)
[2020.01.17-21.30.53:475][349]LogModuleManager: Shutting down and abandoning module PixelInspectorModule (254)
[2020.01.17-21.30.53:475][349]LogModuleManager: Shutting down and abandoning module MainFrame (252)
[2020.01.17-21.30.53:475][349]LogModuleManager: Shutting down and abandoning module HotReload (251)
[2020.01.17-21.30.53:476][349]LogModuleManager: Shutting down and abandoning module PhysXVehiclesEditor (246)
[2020.01.17-21.30.53:476][349]LogModuleManager: Shutting down and abandoning module PhysXVehicles (244)
[2020.01.17-21.30.53:476][349]LogModuleManager: Shutting down and abandoning module LocationServicesBPLibrary (242)
[2020.01.17-21.30.53:476][349]LogModuleManager: Shutting down and abandoning module ImmediatePhysicsEditor (240)
[2020.01.17-21.30.53:476][349]LogModuleManager: Shutting down and abandoning module ImmediatePhysics (238)
[2020.01.17-21.30.53:476][349]LogModuleManager: Shutting down and abandoning module UdpMessaging (236)
[2020.01.17-21.30.53:577][349]LogModuleManager: Shutting down and abandoning module TcpMessaging (234)
[2020.01.17-21.30.53:678][349]LogModuleManager: Shutting down and abandoning module GameplayTagsEditor (232)
[2020.01.17-21.30.53:678][349]LogModuleManager: Shutting down and abandoning module FacialAnimationEditor (230)
[2020.01.17-21.30.53:678][349]LogModuleManager: Shutting down and abandoning module FacialAnimation (228)
[2020.01.17-21.30.53:678][349]LogModuleManager: Shutting down and abandoning module AssetManagerEditor (226)
[2020.01.17-21.30.53:678][349]LogModuleManager: Shutting down and abandoning module GraphEditor (225)
[2020.01.17-21.30.53:678][349]LogModuleManager: Shutting down and abandoning module ContentBrowser (223)
[2020.01.17-21.30.53:678][349]LogModuleManager: Shutting down and abandoning module LightPropagationVolumeRuntime (220)
[2020.01.17-21.30.53:678][349]LogModuleManager: Shutting down and abandoning module Paper2D (218)
[2020.01.17-21.30.53:678][349]LogModuleManager: Shutting down and abandoning module WindowsMoviePlayer (216)
[2020.01.17-21.30.53:678][349]LogModuleManager: Shutting down and abandoning module WmfMedia (214)
[2020.01.17-21.30.53:680][349]LogModuleManager: Shutting down and abandoning module ClothingSystemEditor (212)
[2020.01.17-21.30.53:680][349]LogModuleManager: Shutting down and abandoning module ClothingSystemRuntime (210)
[2020.01.17-21.30.53:680][349]LogModuleManager: Shutting down and abandoning module MediaAssets (208)
[2020.01.17-21.30.53:680][349]LogModuleManager: Shutting down and abandoning module GameLiveStreaming (206)
[2020.01.17-21.30.53:680][349]LogModuleManager: Shutting down and abandoning module VREditor (204)
[2020.01.17-21.30.53:680][349]LogModuleManager: Shutting down and abandoning module StringTableEditor (202)
[2020.01.17-21.30.53:680][349]LogModuleManager: Shutting down and abandoning module GameplayTasksEditor (200)
[2020.01.17-21.30.53:680][349]LogModuleManager: Shutting down and abandoning module BehaviorTreeEditor (198)
[2020.01.17-21.30.53:680][349]LogModuleManager: Shutting down and abandoning module FunctionalTesting (196)
[2020.01.17-21.30.53:680][349]LogModuleManager: Shutting down and abandoning module CollisionAnalyzer (194)
[2020.01.17-21.30.53:680][349]LogModuleManager: Shutting down and abandoning module UMG (192)
[2020.01.17-21.30.53:680][349]LogModuleManager: Shutting down and abandoning module UMGEditor (191)
[2020.01.17-21.30.53:680][349]LogModuleManager: Shutting down and abandoning module Sequencer (190)
[2020.01.17-21.30.53:680][349]LogModuleManager: Shutting down and abandoning module AssetTools (188)
[2020.01.17-21.30.53:680][349]LogModuleManager: Shutting down and abandoning module MessageLog (187)
[2020.01.17-21.30.53:680][349]LogModuleManager: Shutting down and abandoning module WorkspaceMenuStructure (186)
[2020.01.17-21.30.53:680][349]LogModuleManager: Shutting down and abandoning module SlateReflector (180)
[2020.01.17-21.30.53:680][349]LogModuleManager: Shutting down and abandoning module Slate (178)
[2020.01.17-21.30.53:680][349]LogModuleManager: Shutting down and abandoning module EditorStyle (176)
[2020.01.17-21.30.53:682][349]LogModuleManager: Shutting down and abandoning module SourceCodeAccess (174)
[2020.01.17-21.30.53:682][349]LogModuleManager: Shutting down and abandoning module HeadMountedDisplay (172)
[2020.01.17-21.30.53:682][349]LogModuleManager: Shutting down and abandoning module XAudio2 (170)
[2020.01.17-21.30.53:682][349]LogModuleManager: Shutting down and abandoning module Networking (168)
[2020.01.17-21.30.53:682][349]LogModuleManager: Shutting down and abandoning module Core (164)
[2020.01.17-21.30.53:682][349]LogModuleManager: Shutting down and abandoning module AssetRegistry (162)
[2020.01.17-21.30.53:825][349]LogDirectoryWatcher: A directory notification for '../../../Engine/Content/' was aborted.
[2020.01.17-21.30.53:825][349]LogDirectoryWatcher: A directory notification for '../../../../../../Diego Trapiello/Documents/Unreal Projects/videojuego_shooter/EntregaJuegoUnreal2/Content/' was aborted.
[2020.01.17-21.30.53:825][349]LogDirectoryWatcher: A directory notification for '../../../Engine/Plugins/2D/Paper2D/Content/' was aborted.
[2020.01.17-21.30.53:825][349]LogDirectoryWatcher: A directory notification for '../../../Engine/Plugins/Runtime/GearVR/Content/' was aborted.
[2020.01.17-21.30.53:827][349]LogModuleManager: Shutting down and abandoning module DirectoryWatcher (161)
[2020.01.17-21.30.53:827][349]LogModuleManager: Shutting down and abandoning module KismetCompiler (158)
[2020.01.17-21.30.53:827][349]LogModuleManager: Shutting down and abandoning module LevelSequence (156)
[2020.01.17-21.30.53:827][349]LogModuleManager: Shutting down and abandoning module PhysXFormats (154)
[2020.01.17-21.30.53:827][349]LogModuleManager: Shutting down and abandoning module MeshUtilities (152)
[2020.01.17-21.30.53:828][349]LogModuleManager: Shutting down and abandoning module SimplygonSwarm (151)
[2020.01.17-21.30.53:828][349]LogModuleManager: Shutting down and abandoning module SimplygonMeshReduction (149)
[2020.01.17-21.30.53:828][349]LogModuleManager: Shutting down and abandoning module QuadricMeshReduction (147)
[2020.01.17-21.30.53:828][349]LogModuleManager: Shutting down and abandoning module DerivedDataCache (144)
[2020.01.17-21.30.53:903][349]LogDerivedDataCache: Shutdown
[2020.01.17-21.30.53:903][349]LogModuleManager: Shutting down and abandoning module TargetPlatform (142)
[2020.01.17-21.30.53:903][349]LogModuleManager: Shutting down and abandoning module VulkanShaderFormat (141)
[2020.01.17-21.30.53:903][349]LogModuleManager: Shutting down and abandoning module ShaderFormatVectorVM (139)
[2020.01.17-21.30.53:903][349]LogModuleManager: Shutting down and abandoning module ShaderFormatOpenGL (137)
[2020.01.17-21.30.53:903][349]LogModuleManager: Shutting down and abandoning module ShaderFormatD3D (135)
[2020.01.17-21.30.53:903][349]LogModuleManager: Shutting down and abandoning module MetalShaderFormat (133)
[2020.01.17-21.30.53:903][349]LogModuleManager: Shutting down and abandoning module TextureFormatUncompressed (131)
[2020.01.17-21.30.53:903][349]LogModuleManager: Shutting down and abandoning module TextureFormatPVR (129)
[2020.01.17-21.30.53:903][349]LogModuleManager: Shutting down and abandoning module TextureFormatDXT (127)
[2020.01.17-21.30.53:903][349]LogModuleManager: Shutting down and abandoning module TextureFormatIntelISPCTexComp (125)
[2020.01.17-21.30.53:904][349]LogModuleManager: Shutting down and abandoning module TextureFormatASTC (123)
[2020.01.17-21.30.53:904][349]LogModuleManager: Shutting down and abandoning module ImageWrapper (122)
[2020.01.17-21.30.53:904][349]LogModuleManager: Shutting down and abandoning module TextureFormatAndroid (119)
[2020.01.17-21.30.53:904][349]LogModuleManager: Shutting down and abandoning module AudioFormatOpus (117)
[2020.01.17-21.30.53:904][349]LogModuleManager: Shutting down and abandoning module AudioFormatOgg (115)
[2020.01.17-21.30.53:904][349]LogModuleManager: Shutting down and abandoning module AudioFormatADPCM (113)
[2020.01.17-21.30.53:904][349]LogModuleManager: Shutting down and abandoning module LinuxTargetPlatform (111)
[2020.01.17-21.30.53:904][349]LogModuleManager: Shutting down and abandoning module LinuxServerTargetPlatform (109)
[2020.01.17-21.30.53:904][349]LogModuleManager: Shutting down and abandoning module LinuxNoEditorTargetPlatform (107)
[2020.01.17-21.30.53:904][349]LogModuleManager: Shutting down and abandoning module LinuxClientTargetPlatform (105)
[2020.01.17-21.30.53:904][349]LogModuleManager: Shutting down and abandoning module TVOSTargetPlatform (103)
[2020.01.17-21.30.53:904][349]LogModuleManager: Shutting down and abandoning module Messaging (101)
[2020.01.17-21.30.53:904][349]LogModuleManager: Shutting down and abandoning module IOSTargetPlatform (99)
[2020.01.17-21.30.53:904][349]LogModuleManager: Shutting down and abandoning module HTML5TargetPlatform (97)
[2020.01.17-21.30.53:904][349]LogModuleManager: Shutting down and abandoning module Android_PVRTCTargetPlatform (95)
[2020.01.17-21.30.53:904][349]LogModuleManager: Shutting down and abandoning module Android_MultiTargetPlatform (93)
[2020.01.17-21.30.53:904][349]LogModuleManager: Shutting down and abandoning module Android_ETC2TargetPlatform (91)
[2020.01.17-21.30.53:904][349]LogModuleManager: Shutting down and abandoning module Android_ETC1TargetPlatform (89)
[2020.01.17-21.30.53:904][349]LogModuleManager: Shutting down and abandoning module Android_DXTTargetPlatform (87)
[2020.01.17-21.30.53:904][349]LogModuleManager: Shutting down and abandoning module Android_ATCTargetPlatform (85)
[2020.01.17-21.30.53:904][349]LogModuleManager: Shutting down and abandoning module Android_ASTCTargetPlatform (83)
[2020.01.17-21.30.53:904][349]LogModuleManager: Shutting down and abandoning module AndroidTargetPlatform (81)
[2020.01.17-21.30.53:904][349]LogModuleManager: Shutting down and abandoning module WindowsTargetPlatform (79)
[2020.01.17-21.30.53:904][349]LogModuleManager: Shutting down and abandoning module WindowsServerTargetPlatform (77)
[2020.01.17-21.30.53:904][349]LogModuleManager: Shutting down and abandoning module WindowsNoEditorTargetPlatform (75)
[2020.01.17-21.30.53:904][349]LogModuleManager: Shutting down and abandoning module WindowsClientTargetPlatform (73)
[2020.01.17-21.30.53:904][349]LogModuleManager: Shutting down and abandoning module MacTargetPlatform (71)
[2020.01.17-21.30.53:904][349]LogModuleManager: Shutting down and abandoning module MacServerTargetPlatform (69)
[2020.01.17-21.30.53:904][349]LogModuleManager: Shutting down and abandoning module MacNoEditorTargetPlatform (67)
[2020.01.17-21.30.53:904][349]LogModuleManager: Shutting down and abandoning module MacClientTargetPlatform (65)
[2020.01.17-21.30.53:904][349]LogModuleManager: Shutting down and abandoning module AllDesktopTargetPlatform (63)
[2020.01.17-21.30.53:904][349]LogModuleManager: Shutting down and abandoning module InputCore (60)
[2020.01.17-21.30.53:904][349]LogModuleManager: Shutting down and abandoning module Settings (58)
[2020.01.17-21.30.53:904][349]LogModuleManager: Shutting down and abandoning module OculusRift (56)
[2020.01.17-21.30.53:904][349]LogModuleManager: Shutting down and abandoning module GearVRController (54)
[2020.01.17-21.30.53:904][349]LogModuleManager: Shutting down and abandoning module GearVR (52)
[2020.01.17-21.30.53:904][349]LogModuleManager: Shutting down and abandoning module ExampleDeviceProfileSelector (50)
[2020.01.17-21.30.53:904][349]LogModuleManager: Shutting down and abandoning module OnlineBlueprintSupport (48)
[2020.01.17-21.30.53:904][349]LogModuleManager: Shutting down and abandoning module OnlineSubsystem (44)
[2020.01.17-21.30.53:904][349]LogOnline:Display: Unloading online subsystem: NULL
[2020.01.17-21.30.53:904][349]LogModuleManager: Shutting down and abandoning module XMPP (43)
[2020.01.17-21.30.53:904][349]LogModuleManager: Shutting down and abandoning module HTTP (41)
[2020.01.17-21.30.53:904][349]LogHttp:Display: Http module shutting down, but needs to wait on 1 outstanding Http requests:
[2020.01.17-21.30.53:904][349]LogHttp:Display: 	verb=[POST] url=[https://datarouter.ol.epicgames.com/datarouter/api/v1/public/data?SessionID=%7BD4CDB78C-4A5D-8985-A774-4E857CA67F38%7D&AppID=UEEditor.Rocket.Release&AppVersion=4.16.3-3561208%2B%2B%2BUE4%2BRelease-4.16&UserID=9e57c2c64b20593d5bf76f8216e1211c%7C3da654c4b0e74fa6a45970f2e66751cc%7Ca00a1342-5ee5-46c1-94e0-465cecb1bc04&AppEnvironment=datacollector-binary&UploadType=eteventstream] status=Processing
[2020.01.17-21.30.53:931][349]LogModuleManager: Shutting down and abandoning module SSL (40)
[2020.01.17-21.30.53:932][349]LogModuleManager: Shutting down and abandoning module HTTPChunkInstaller (36)
[2020.01.17-21.30.53:932][349]LogModuleManager: Shutting down and abandoning module AnimationModifiers (34)
[2020.01.17-21.30.53:932][349]LogModuleManager: Shutting down and abandoning module PropertyEditor (33)
[2020.01.17-21.30.53:932][349]LogModuleManager: Shutting down and abandoning module AudioEditor (30)
[2020.01.17-21.30.53:932][349]LogModuleManager: Shutting down and abandoning module TextureCompressor (28)
[2020.01.17-21.30.53:932][349]LogModuleManager: Shutting down and abandoning module ShaderCore (26)
[2020.01.17-21.30.53:932][349]LogModuleManager: Shutting down and abandoning module Landscape (24)
[2020.01.17-21.30.53:932][349]LogModuleManager: Shutting down and abandoning module SlateRHIRenderer (22)
[2020.01.17-21.30.53:932][349]LogModuleManager: Shutting down and abandoning module OpenGLDrv (20)
[2020.01.17-21.30.53:932][349]LogModuleManager: Shutting down and abandoning module D3D11RHI (18)
[2020.01.17-21.30.53:932][349]LogModuleManager: Shutting down and abandoning module AnimGraphRuntime (16)
[2020.01.17-21.30.53:932][349]LogModuleManager: Shutting down and abandoning module Renderer (14)
[2020.01.17-21.30.53:932][349]LogModuleManager: Shutting down and abandoning module Engine (12)
[2020.01.17-21.30.53:932][349]LogModuleManager: Shutting down and abandoning module CoreUObject (10)
[2020.01.17-21.30.53:932][349]LogModuleManager: Shutting down and abandoning module NetworkFile (8)
[2020.01.17-21.30.53:932][349]LogModuleManager: Shutting down and abandoning module StreamingFile (6)
[2020.01.17-21.30.53:932][349]LogModuleManager: Shutting down and abandoning module SandboxFile (4)
[2020.01.17-21.30.53:932][349]LogModuleManager: Shutting down and abandoning module PakFile (2)
[2020.01.17-21.30.53:933][349]LogExit: Exiting.
[2020.01.17-21.30.53:949][349]Log file closed, 01/17/20 22:30:53
