Log file open, 01/10/20 20:00:08
LogInit:Display: Running engine for game: EntregaJuegoUnreal2
LogPlatformFile: Not using cached read wrapper
LogInit:Display: RandInit(-773945706) SRandInit(-773945705).
LogTaskGraph: Started task graph with 5 named threads and 10 total threads with 1 sets of task threads.
LogStats: Stats thread started at 0.113931
LogInit: Using libcurl 7.47.1
LogInit:  - built for x86_64-pc-win32
LogInit:  - supports SSL with OpenSSL/1.0.2g
LogInit:  - supports HTTP deflate (compression) using libz 1.2.8
LogInit:  - other features:
LogInit:      CURL_VERSION_SSL
LogInit:      CURL_VERSION_LIBZ
LogInit:      CURL_VERSION_IPV6
LogInit:      CURL_VERSION_ASYNCHDNS
LogInit:      CURL_VERSION_LARGEFILE
LogInit:      CURL_VERSION_IDN
LogInit:  CurlRequestOptions (configurable via config and command line):
LogInit:  - bVerifyPeer = false  - Libcurl will NOT verify peer certificate
LogInit:  - bUseHttpProxy = false  - Libcurl will NOT use HTTP proxy
LogInit:  - bDontReuseConnections = false  - Libcurl will reuse connections
LogInit:  - CertBundlePath = nullptr  - Libcurl will use whatever was configured at build time.
LogInit: Build: ++UE4+Release-4.16-CL-3561208
LogInit: Engine Version: 4.16.3-3561208+++UE4+Release-4.16
LogInit: Compatible Engine Version: 4.16.0-3452394+++UE4+Release-4.16
LogInit: Net CL: 3452394
LogDevObjectVersion: Number of dev versions registered: 16
LogDevObjectVersion:   Dev-Blueprints (B0D832E4-1F89-4F0D-ACCF-7EB736FD4AA2): 9
LogDevObjectVersion:   Dev-Build (E1C64328-A22C-4D53-A36C-8E866417BD8C): 0
LogDevObjectVersion:   Dev-Core (375EC13C-06E4-48FB-B500-84F0262A717E): 2
LogDevObjectVersion:   Dev-Editor (E4B068ED-F494-42E9-A231-DA0B2E46BB41): 17
LogDevObjectVersion:   Dev-Framework (CFFC743F-43B0-4480-9391-14DF171D2073): 23
LogDevObjectVersion:   Dev-Mobile (B02B49B5-BB20-44E9-A304-32B752E40360): 0
LogDevObjectVersion:   Dev-Networking (A4E4105C-59A1-49B5-A7C5-40C4547EDFEE): 0
LogDevObjectVersion:   Dev-Online (39C831C9-5AE6-47DC-9A44-9C173E1C8E7C): 0
LogDevObjectVersion:   Dev-Physics (78F01B33-EBEA-4F98-B9B4-84EACCB95AA2): 0
LogDevObjectVersion:   Dev-Platform (6631380F-2D4D-43E0-8009-CF276956A95A): 0
LogDevObjectVersion:   Dev-Rendering (12F88B9F-8875-4AFC-A67C-D90C383ABD29): 15
LogDevObjectVersion:   Dev-Sequencer (7B5AE74C-D270-4C10-A958-57980B212A5A): 4
LogDevObjectVersion:   Dev-VR (D7296918-1DD6-4BDD-9DE2-64A83CC13884): 0
LogDevObjectVersion:   Dev-LoadTimes (C2A15278-BFE7-4AFE-6C17-90FF531DF755): 1
LogDevObjectVersion:   Private-Geometry (6EACA3D4-40EC-4CC1-B786-8BED09428FC5): 1
LogDevObjectVersion:   Dev-AnimPhys (29E575DD-E0A3-4627-9D10-D276232CDCEA): 3
LogInit: Compiled (64-bit): Jul 28 2017 11:49:47
LogInit: Compiled with Visual C++: 19.00.24215.01
LogInit: Build Configuration: Development
LogInit: Branch Name: ++UE4+Release-4.16
LogInit: Command line:  
LogInit: Base directory: C:/Program Files (x86)/Epic Games/UE_4.16/Engine/Binaries/Win64/
LogInit: Installed Engine Build: 1
LogInit: Presizing for max 8388607 objects, including 0 objects not considered by GC, pre-allocating 0 bytes for permanent pool.
LogInit: Object subsystem initialized
[2020.01.10-19.00.09:155][  0]LogInit: Selected Device Profile: [Windows]
[2020.01.10-19.00.09:155][  0]LogInit: Applying CVar settings loaded from the selected device profile: [Windows]
[2020.01.10-19.00.09:168][  0]LogInit: Computer: DESKTOP-VCH55FJ
[2020.01.10-19.00.09:168][  0]LogInit: User: CarlosGómez
[2020.01.10-19.00.09:168][  0]LogInit: CPU Page size=4096, Cores=6
[2020.01.10-19.00.09:168][  0]LogInit: High frequency timer resolution =10.000000 MHz
[2020.01.10-19.00.09:168][  0]LogMemory: Memory total: Physical=16.0GB (16GB approx)
[2020.01.10-19.00.09:168][  0]LogMemory: Platform Memory Stats for Windows
[2020.01.10-19.00.09:168][  0]LogMemory: Process Physical Memory: 274.54 MB used, 274.54 MB peak
[2020.01.10-19.00.09:168][  0]LogMemory: Process Virtual Memory: 267.25 MB used, 267.25 MB peak
[2020.01.10-19.00.09:168][  0]LogMemory: Physical Memory: 7195.57 MB used,  9138.14 MB free, 16333.70 MB total
[2020.01.10-19.00.09:168][  0]LogMemory: Virtual Memory: 4781.21 MB used,  9138.14 MB free, 134217728.00 MB total
[2020.01.10-19.00.09:239][  0]LogInit: Overriding language with editor language configuration option (en).
[2020.01.10-19.00.09:239][  0]LogInit: Overriding locale with editor locale configuration option (en).
[2020.01.10-19.00.10:093][  0]LogD3D11RHI: D3D11 adapters:
[2020.01.10-19.00.10:169][  0]LogD3D11RHI:    0. 'NVIDIA GeForce GTX 1660 Ti' (Feature Level 11_0)
[2020.01.10-19.00.10:169][  0]LogD3D11RHI:       5991/0/8166 MB DedicatedVideo/DedicatedSystem/SharedSystem, Outputs:2, VendorId:0x10de
[2020.01.10-19.00.10:171][  0]LogD3D11RHI:    1. 'Microsoft Basic Render Driver' (Feature Level 11_0)
[2020.01.10-19.00.10:171][  0]LogD3D11RHI:       0/0/8166 MB DedicatedVideo/DedicatedSystem/SharedSystem, Outputs:0, VendorId:0x1414
[2020.01.10-19.00.10:171][  0]LogD3D11RHI: Chosen D3D11 Adapter: 0
[2020.01.10-19.00.10:179][  0]LogD3D11RHI: Creating new Direct3DDevice
[2020.01.10-19.00.10:179][  0]LogD3D11RHI:     GPU DeviceId: 0x2182 (for the marketing name, search the web for "GPU Device Id")
[2020.01.10-19.00.10:179][  0]LogWindows: EnumDisplayDevices:
[2020.01.10-19.00.10:179][  0]LogWindows:    0. 'NVIDIA GeForce GTX 1660 Ti' (P:1 D:1)
[2020.01.10-19.00.10:179][  0]LogWindows:    1. 'NVIDIA GeForce GTX 1660 Ti' (P:0 D:1)
[2020.01.10-19.00.10:179][  0]LogWindows:    2. 'NVIDIA GeForce GTX 1660 Ti' (P:0 D:0)
[2020.01.10-19.00.10:179][  0]LogWindows:    3. 'NVIDIA GeForce GTX 1660 Ti' (P:0 D:0)
[2020.01.10-19.00.10:179][  0]LogWindows: DebugString: GetVideoDriverDetailsInvalid PrimaryIsNotTheChoosenAdapter GetVideoDriverDetailsInvalid PrimaryIsNotTheChoosenAdapter GetVideoDriverDetailsInvalid PrimaryIsNotTheChoosenAdapter GetVideoDriverDetailsInvalid PrimaryIsNotTheChoosenAdapter FoundDriverCount:0 
[2020.01.10-19.00.10:179][  0]LogD3D11RHI:     Adapter Name: NVIDIA GeForce GTX 1660 Ti
[2020.01.10-19.00.10:179][  0]LogD3D11RHI:   Driver Version: Unknown (internal:Unknown, unified:Unknown)
[2020.01.10-19.00.10:179][  0]LogD3D11RHI:      Driver Date: Unknown
[2020.01.10-19.00.10:179][  0]LogRHI: Texture pool is 1361 MB (70% of 1945 MB)
[2020.01.10-19.00.10:236][  0]LogD3D11RHI: Async texture creation enabled
[2020.01.10-19.00.10:248][  0]LogD3D11RHI: GPU Timing Frequency: 1000.000000 (Debug: 2 1)
[2020.01.10-19.00.10:251][  0]LogShaderCompilers: Guid format shader working directory is -31 characters bigger than the processId version (../../../../../../Users/Carlos Gómez/Desktop/videojuego_shooter/EntregaJuegoUnreal2/Intermediate/Shaders/WorkingDirectory/13788/).
[2020.01.10-19.00.10:251][  0]LogShaderCompilers: Cleaned the shader compiler working directory 'C:/Users/Carlos Gómez/AppData/Local/Temp/UnrealShaderWorkingDir/4B49D2A4442FB94A209BA2BF635E3F96/'.
[2020.01.10-19.00.10:251][  0]LogShaderCompilers:Display: Using Local Shader Compiler.
[2020.01.10-19.00.11:173][  0]LogTemp:Display: Loaded TP AllDesktopTargetPlatform
[2020.01.10-19.00.11:223][  0]LogTemp:Display: Loaded TP MacClientTargetPlatform
[2020.01.10-19.00.11:272][  0]LogTemp:Display: Loaded TP MacNoEditorTargetPlatform
[2020.01.10-19.00.11:322][  0]LogTemp:Display: Loaded TP MacServerTargetPlatform
[2020.01.10-19.00.11:373][  0]LogTemp:Display: Loaded TP MacTargetPlatform
[2020.01.10-19.00.11:423][  0]LogTemp:Display: Loaded TP WindowsClientTargetPlatform
[2020.01.10-19.00.11:474][  0]LogTemp:Display: Loaded TP WindowsNoEditorTargetPlatform
[2020.01.10-19.00.11:524][  0]LogTemp:Display: Loaded TP WindowsServerTargetPlatform
[2020.01.10-19.00.11:568][  0]LogTemp:Display: Loaded TP WindowsTargetPlatform
[2020.01.10-19.00.11:618][  0]LogTemp:Display: Loaded TP AndroidTargetPlatform
[2020.01.10-19.00.11:676][  0]LogTemp:Display: Loaded TP Android_ASTCTargetPlatform
[2020.01.10-19.00.11:725][  0]LogTemp:Display: Loaded TP Android_ATCTargetPlatform
[2020.01.10-19.00.11:775][  0]LogTemp:Display: Loaded TP Android_DXTTargetPlatform
[2020.01.10-19.00.11:824][  0]LogTemp:Display: Loaded TP Android_ETC1TargetPlatform
[2020.01.10-19.00.11:873][  0]LogTemp:Display: Loaded TP Android_ETC2TargetPlatform
[2020.01.10-19.00.11:981][  0]LogTemp:Display: Loaded TP Android_MultiTargetPlatform
[2020.01.10-19.00.11:981][  0]LogTemp:Display: Loaded TP Android_PVRTCTargetPlatform
[2020.01.10-19.00.12:023][  0]LogTemp:Display: Loaded TP HTML5TargetPlatform
[2020.01.10-19.00.12:116][  0]LogTemp:Display: Loaded TP IOSTargetPlatform
[2020.01.10-19.00.12:146][  0]LogTemp:Display: Loaded TP TVOSTargetPlatform
[2020.01.10-19.00.12:195][  0]LogTemp:Display: Loaded TP LinuxClientTargetPlatform
[2020.01.10-19.00.12:245][  0]LogTemp:Display: Loaded TP LinuxNoEditorTargetPlatform
[2020.01.10-19.00.12:294][  0]LogTemp:Display: Loaded TP LinuxServerTargetPlatform
[2020.01.10-19.00.12:343][  0]LogTemp:Display: Loaded TP LinuxTargetPlatform
[2020.01.10-19.00.12:343][  0]LogTargetPlatformManager:Display: Building Assets For Windows
[2020.01.10-19.00.12:835][  0]LogDerivedDataCache:Display: Max Cache Size: 512 MB
[2020.01.10-19.00.12:916][  0]LogDerivedDataCache: Loaded boot cache 0.08s 90MB C:/Users/Carlos Gómez/AppData/Local/UnrealEngine/4.16/DerivedDataCache/Boot.ddc.
[2020.01.10-19.00.12:916][  0]LogDerivedDataCache:Display: Loaded Boot cache: C:/Users/Carlos Gómez/AppData/Local/UnrealEngine/4.16/DerivedDataCache/Boot.ddc
[2020.01.10-19.00.12:916][  0]LogDerivedDataCache: FDerivedDataBackendGraph:  Pak pak cache file ../../../../../../Users/Carlos Gómez/Desktop/videojuego_shooter/EntregaJuegoUnreal2/DerivedDataCache/DDC.ddp not found, will not use a pak cache.
[2020.01.10-19.00.12:916][  0]LogDerivedDataCache: Unable to find inner node Pak for hierarchical cache Hierarchy.
[2020.01.10-19.00.12:916][  0]LogDerivedDataCache: FDerivedDataBackendGraph:  CompressedPak pak cache file ../../../../../../Users/Carlos Gómez/Desktop/videojuego_shooter/EntregaJuegoUnreal2/DerivedDataCache/Compressed.ddp not found, will not use a pak cache.
[2020.01.10-19.00.12:916][  0]LogDerivedDataCache: Unable to find inner node CompressedPak for hierarchical cache Hierarchy.
[2020.01.10-19.00.12:931][  0]LogDerivedDataCache:Display: Pak cache opened for reading ../../../Engine/DerivedDataCache/Compressed.ddp.
[2020.01.10-19.00.12:943][  0]LogDerivedDataCache: Using Local data cache path C:/Users/Carlos Gómez/AppData/Local/UnrealEngine/Common/DerivedDataCache: Writable
[2020.01.10-19.00.12:952][  0]LogMaterial: Verifying Global Shaders for PCD3D_SM5
[2020.01.10-19.00.12:952][  0]LogSlate: Using Freetype 2.6.0
[2020.01.10-19.00.12:953][  0]LogSlate: SlateFontCache - WITH_FREETYPE: 1, WITH_HARFBUZZ: 1
[2020.01.10-19.00.12:953][  0]LogSlate: SlateFontCache - WITH_FREETYPE: 1, WITH_HARFBUZZ: 1
[2020.01.10-19.00.13:259][  0]LogInit: Selected Device Profile: [Windows]
[2020.01.10-19.00.13:321][  0]LogContentStreaming: Texture pool size is 0.00 MB
[2020.01.10-19.00.13:459][  0]LogMeshUtilities: Using QuadricMeshReduction for automatic static mesh reduction
[2020.01.10-19.00.13:504][  0]LogSimplygon: Simplygon DLL not present - disabling.
[2020.01.10-19.00.13:552][  0]LogMeshUtilities: Using SimplygonSwarm for distributed automatic mesh merging
[2020.01.10-19.00.13:552][  0]LogMeshUtilities: No automatic skeletal mesh reduction module available
[2020.01.10-19.00.13:552][  0]LogMeshUtilities: No automatic mesh merging module available
[2020.01.10-19.00.14:047][  0]LogNetVersion: EntregaJuegoUnreal2 , NetCL: 3452394, EngineNetVer: 2, GameNetVer: 0 (Checksum: 2631086534)
[2020.01.10-19.00.14:109][  0]LogAssetRegistry: FAssetRegistry took 0.0262 seconds to start up
[2020.01.10-19.00.14:149][  0]LogPackageLocalizationCache: Processed 4 localized package path(s) for 1 prioritized culture(s) in 0.017779 seconds
[2020.01.10-19.00.14:155][  0]LogUObjectArray: 34194 objects as part of root set at end of initial load.
[2020.01.10-19.00.14:155][  0]LogUObjectAllocator: 7260416 out of 0 bytes used by permanent object pool.
[2020.01.10-19.00.14:155][  0]LogUObjectArray: CloseDisregardForGC: 0/0 objects in disregard for GC pool
[2020.01.10-19.00.14:218][  0]LogInit: WinSock: version 1.1 (2.2), MaxSocks=32767, MaxUdp=65467
[2020.01.10-19.00.15:925][  0]LogWmfMedia: Failed to load mf.dll
[2020.01.10-19.00.15:925][  0]LogWmfMedia: Failed to load required Windows Media Foundation libraries
[2020.01.10-19.00.15:971][  0]LogWindowsMoviePlayer: Could not load mf.dll. Library not found.
[2020.01.10-19.00.15:971][  0]LogWindowsMoviePlayer: Could not load mfplat.dll. Library not found.
[2020.01.10-19.00.15:972][  0]LogWindowsMoviePlayer: Could not load mfplay.dll. Library not found.
[2020.01.10-19.00.16:402][  0]LogTcpMessaging: Initializing TcpMessaging bridge
[2020.01.10-19.00.16:443][  0]LogUdpMessaging: Initializing bridge on interface 0.0.0.0:0 to multicast group 230.0.0.1:6666.
[2020.01.10-19.00.16:953][  0]LogMaterial: Uniform references updated for custom material expression Custom.
[2020.01.10-19.00.17:333][  0]SourceControl: Info Source control is disabled
[2020.01.10-19.00.17:334][  0]SourceControl: Info Source control is disabled
[2020.01.10-19.00.17:381][  0]SourceControl: Info Source control is disabled
[2020.01.10-19.00.17:427][  0]SourceControl: Info Source control is disabled
[2020.01.10-19.00.18:094][  0]LogAndroidPermission: UAndroidPermissionCallbackProxy::GetInstance
[2020.01.10-19.00.18:682][  0]LogEngine: Initializing Engine...
[2020.01.10-19.00.18:682][  0]LogHMD: Failed to initialize OpenVR with code 110
[2020.01.10-19.00.18:842][  0]LogStats: UGameplayTagsManager::ConstructGameplayTagTree: Construct from data asset -  0.000 s
[2020.01.10-19.00.18:842][  0]LogStats: UGameplayTagsManager::ConstructGameplayTagTree: GameplayTagTreeChangedEvent.Broadcast -  0.000 s
[2020.01.10-19.00.18:970][  0]LogAIModule: Creating AISystem for world Untitled
[2020.01.10-19.00.19:002][  0]LogInit: XAudio2 using 'Speakers (2- USB Audio Device)' : 2 channels at 48 kHz using 16 bits per sample (channel mask 0x3)
[2020.01.10-19.00.19:018][  0]LogInit: FAudioDevice initialized.
[2020.01.10-19.00.19:071][  0]LogDerivedDataCache: Saved boot cache 0.05s 90MB C:/Users/Carlos Gómez/AppData/Local/UnrealEngine/4.16/DerivedDataCache/Boot.ddc.
[2020.01.10-19.00.19:089][  0]LogInit: Texture streaming: Enabled
[2020.01.10-19.00.19:187][  0]LogEngineSessionManager: EngineSessionManager initialized
[2020.01.10-19.00.19:404][  0]LogInit: Transaction tracking system initialized
[2020.01.10-19.00.19:713][  0]BlueprintLog: New page: Editor Load
[2020.01.10-19.00.20:649][  0]LocalizationService: Info Localization service is disabled
[2020.01.10-19.00.21:325][  0]LogConsoleResponse:Display: 
[2020.01.10-19.00.21:451][  0]LogCook:Display: Max memory allowance for cook 16384mb min free memory 0mb
[2020.01.10-19.00.21:451][  0]LogCook:Display: Mobile HDR setting 1
[2020.01.10-19.00.21:599][  0]LogFileCache: Scanning file cache for directory 'C:/Users/Carlos Gómez/Desktop/videojuego_shooter/EntregaJuegoUnreal2/Content/' took 0.02s
[2020.01.10-19.00.22:466][  0]SourceControl: Info Source control is disabled
[2020.01.10-19.00.22:466][  0]Cmd: MAP LOAD FILE="../../../../../../Users/Carlos Gómez/Desktop/videojuego_shooter/EntregaJuegoUnreal2/Content/FirstPersonBP/Maps/FirstPersonExampleMap.umap" TEMPLATE=0 SHOWPROGRESS=1 FEATURELEVEL=3
[2020.01.10-19.00.22:466][  0]LightingResults: New page: Lighting Build
[2020.01.10-19.00.22:507][  0]MapCheck: New page: Map Check
[2020.01.10-19.00.22:507][  0]LightingResults: New page: Lighting Build
[2020.01.10-19.00.23:091][  0]LogAIModule: Creating AISystem for world FirstPersonExampleMap
[2020.01.10-19.00.23:104][  0]LogEditorServer: Finished looking for orphan Actors (0.000 secs)
[2020.01.10-19.00.23:117][  0]Cmd: MAP CHECKDEP NOCLEARLOG
[2020.01.10-19.00.23:178][  0]MapCheck: Info Map check complete: 0 Error(s), 0 Warning(s), took 61.45ms to complete.
[2020.01.10-19.00.23:178][  0]LogFileHelpers: Loading map 'FirstPersonExampleMap' took 0.712
[2020.01.10-19.00.23:325][  0]LogCollectionManager: Loaded 0 collections in 0.001620 seconds
[2020.01.10-19.00.23:405][  0]LogFileCache: Scanning file cache for directory 'C:/Users/Carlos Gómez/Desktop/videojuego_shooter/EntregaJuegoUnreal2/Saved/Collections/' took 0.01s
[2020.01.10-19.00.23:405][  0]LogFileCache: Scanning file cache for directory 'C:/Users/Carlos Gómez/Desktop/videojuego_shooter/EntregaJuegoUnreal2/Content/Developers/CarlosGómez/Collections/' took 0.01s
[2020.01.10-19.00.23:405][  0]LogFileCache: Scanning file cache for directory 'C:/Users/Carlos Gómez/Desktop/videojuego_shooter/EntregaJuegoUnreal2/Content/Collections/' took 0.01s
[2020.01.10-19.00.23:405][  0]LogCollectionManager: Rebuilt the GUID cache for 0 collections in 0.000002 seconds
[2020.01.10-19.00.23:415][  0]LogContentBrowser: Native class hierarchy populated in 0.0093 seconds. Added 2329 classes and 491 folders.
[2020.01.10-19.00.23:480][  0]LogContentBrowser: Native class hierarchy updated for 'WidgetCarousel' in 0.0005 seconds. Added 0 classes and 0 folders.
[2020.01.10-19.00.23:517][  0]LogContentBrowser: Native class hierarchy updated for 'AddContentDialog' in 0.0005 seconds. Added 0 classes and 0 folders.
[2020.01.10-19.00.23:561][  0]LogContentBrowser: Native class hierarchy updated for 'SceneOutliner' in 0.0006 seconds. Added 1 classes and 2 folders.
[2020.01.10-19.00.23:599][  0]LogCrashTracker: Crashtracker disabled due to settings.
[2020.01.10-19.00.23:604][  0]LogSlate: Took 0.000292 seconds to synchronously load lazily loaded font '../../../Engine/Content/Slate/Fonts/Roboto-Regular.ttf' (155K)
[2020.01.10-19.00.23:606][  0]LogSlate: Took 0.000191 seconds to synchronously load lazily loaded font '../../../Engine/Content/Slate/Fonts/Roboto-Bold.ttf' (160K)
[2020.01.10-19.00.23:610][  0]LogSlate: Took 0.000208 seconds to synchronously load lazily loaded font '../../../Engine/Content/Editor/Slate/Fonts/FontAwesome.ttf' (139K)
[2020.01.10-19.00.23:685][  0]LogRenderer: Reallocating scene render targets to support 1208x576 NumSamples 1 (Frame:1).
[2020.01.10-19.00.23:740][  0]LogSlate: Took 0.000182 seconds to synchronously load lazily loaded font '../../../Engine/Content/Slate/Fonts/Roboto-Light.ttf' (159K)
[2020.01.10-19.00.23:788][  0]LogUObjectGlobals:Warning: Failed to find object 'Class None.'
[2020.01.10-19.00.23:854][  0]LogContentBrowser: Native class hierarchy updated for 'HierarchicalLODOutliner' in 0.0006 seconds. Added 1 classes and 2 folders.
[2020.01.10-19.00.23:854][  0]LogLoad: (Engine Initialization) Total time: 16.32 seconds
[2020.01.10-19.00.23:854][  0]LogLoad: (Engine Initialization) Total Blueprint compile time: 0.17 seconds
[2020.01.10-19.00.23:854][  0]LogExternalProfiler: No external profilers were discovered.  External profiling features will not be available.
[2020.01.10-19.00.23:863][  0]LogOcInput: OculusInput pre-init called
[2020.01.10-19.00.23:863][  0]LogHMD: Starting GearVRController plugin
[2020.01.10-19.00.23:882][  0]LogAssetRegistry: Asset discovery search completed in 9.7956 seconds
[2020.01.10-19.00.23:884][  0]LogCollectionManager: Rebuilt the object cache for 0 collections in 0.000000 seconds (found 0 objects)
[2020.01.10-19.00.23:884][  0]LogCollectionManager: Fixed up redirectors for 0 collections in 0.000022 seconds (updated 0 objects)
[2020.01.10-19.00.23:887][  0]LogContentStreaming: Texture pool size now 1000 MB
[2020.01.10-19.00.24:890][104]LogSlate: Took 0.000282 seconds to synchronously load lazily loaded font '../../../Engine/Content/Slate/Fonts/Roboto-Light.ttf' (159K)
[2020.01.10-19.00.28:010][472]LogSlate: Took 0.000164 seconds to synchronously load lazily loaded font '../../../Engine/Content/Slate/Fonts/Roboto-Light.ttf' (159K)
[2020.01.10-19.00.28:373][472]LogContentBrowser: Native class hierarchy updated for 'BlueprintGraph' in 0.0009 seconds. Added 112 classes and 0 folders.
[2020.01.10-19.00.29:442][472]LogSlate: Took 0.000214 seconds to synchronously load lazily loaded font '../../../Engine/Content/Editor/Slate/Fonts/Roboto-BoldCondensed.ttf' (158K)
[2020.01.10-19.00.29:612][473]LogSlate: Took 0.000214 seconds to synchronously load lazily loaded font '../../../Engine/Content/Editor/Slate/Fonts/Roboto-Italic.ttf' (157K)
[2020.01.10-19.00.38:677][202]LogRenderer: Reallocating scene render targets to support 1208x712 NumSamples 1 (Frame:1).
[2020.01.10-19.01.36:449][662]BlueprintLog: New page: Compile MuroEliminable
[2020.01.10-19.01.37:205][699]Cmd: OBJ SAVEPACKAGE PACKAGE="/Game/MuroEliminable" FILE="../../../../../../Users/Carlos Gómez/Desktop/videojuego_shooter/EntregaJuegoUnreal2/Content/MuroEliminable.uasset" SILENT=true
[2020.01.10-19.01.37:243][699]LogSavePackage: Save=33.55ms
[2020.01.10-19.01.37:243][699]LogSavePackage: Moving '../../../../../../Users/Carlos Gómez/Desktop/videojuego_shooter/EntregaJuegoUnreal2/Saved/MuroEliminable6CF4CD554689E17A39C348AB1D980C7F.tmp' to '../../../../../../Users/Carlos Gómez/Desktop/videojuego_shooter/EntregaJuegoUnreal2/Content/MuroEliminable.uasset'
[2020.01.10-19.01.37:246][699]LogSavePackage:Display: Finished SavePackage ../../../../../../Users/Carlos Gómez/Desktop/videojuego_shooter/EntregaJuegoUnreal2/Content/MuroEliminable.uasset
[2020.01.10-19.07.33:118][ 95]LogSlate: Took 0.000230 seconds to synchronously load lazily loaded font '../../../Engine/Content/Editor/Slate/Fonts/Roboto-BoldCondensedItalic.ttf' (160K)
[2020.01.10-19.09.48:728][358]Cmd: OBJ SAVEPACKAGE PACKAGE="/Game/MuroEliminable" FILE="../../../../../../Users/Carlos Gómez/Desktop/videojuego_shooter/EntregaJuegoUnreal2/Content/MuroEliminable.uasset" SILENT=true
[2020.01.10-19.09.48:776][358]LogSavePackage: Save=35.83ms
[2020.01.10-19.09.48:776][358]LogSavePackage: Moving '../../../../../../Users/Carlos Gómez/Desktop/videojuego_shooter/EntregaJuegoUnreal2/Saved/MuroEliminable5473B5B946A4B56ABB6260906D2576C7.tmp' to '../../../../../../Users/Carlos Gómez/Desktop/videojuego_shooter/EntregaJuegoUnreal2/Content/MuroEliminable.uasset'
[2020.01.10-19.09.48:779][358]LogSavePackage:Display: Finished SavePackage ../../../../../../Users/Carlos Gómez/Desktop/videojuego_shooter/EntregaJuegoUnreal2/Content/MuroEliminable.uasset
[2020.01.10-19.09.49:334][414]BlueprintLog: New page: Compile MuroEliminable
[2020.01.10-19.09.49:343][414]LogBlueprint:Warning: [Compiler MuroEliminable] Warning Could not find a variable named "closerObject" in 'FirstPersonCharacter_C'.
Make sure 'FirstPersonCharacter_C' has been compiled for  Set closerObject
[2020.01.10-19.09.49:343][414]LogBlueprint:Warning: [Compiler MuroEliminable] Warning Could not find a variable named "closerObject" in 'FirstPersonCharacter_C'.
Make sure 'FirstPersonCharacter_C' has been compiled for  Set closerObject
[2020.01.10-19.09.49:343][414]LogBlueprint:Error: [Compiler MuroEliminable] Error The property associated with  Closer Object  could not be found
[2020.01.10-19.09.49:343][414]LogBlueprint:Error: [Compiler MuroEliminable] Error The property associated with  Closer Object  could not be found
[2020.01.10-19.09.49:516][414]BlueprintEditorCompileResults:Warning: Warning Could not find a variable named "closerObject" in 'FirstPersonCharacter_C'.
Make sure 'FirstPersonCharacter_C' has been compiled for  Set closerObject
[2020.01.10-19.09.49:516][414]BlueprintEditorCompileResults:Warning: Warning Could not find a variable named "closerObject" in 'FirstPersonCharacter_C'.
Make sure 'FirstPersonCharacter_C' has been compiled for  Set closerObject
[2020.01.10-19.09.49:516][414]BlueprintEditorCompileResults:Error: Error The property associated with  Closer Object  could not be found
[2020.01.10-19.09.49:516][414]BlueprintEditorCompileResults:Error: Error The property associated with  Closer Object  could not be found
[2020.01.10-19.09.49:516][414]LogBlueprint:Warning: [Compiler MuroEliminable] Warning [0581.98] Compile of MuroEliminable failed. 2 Fatal Issue(s) 2 Warning(s) [in 182 ms] (/Game/MuroEliminable.MuroEliminable)
[2020.01.10-19.10.04:845][964]LogSavePackage: Save=97.57ms
[2020.01.10-19.10.04:845][964]LogSavePackage: Moving '../../../../../../Users/Carlos Gómez/Desktop/videojuego_shooter/EntregaJuegoUnreal2/Saved/FirstPersonCharacterB07E0C3E4D420DA4F3DD9FAB2BE10354.tmp' to '../../../../../../Users/Carlos Gómez/Desktop/videojuego_shooter/EntregaJuegoUnreal2/Content/FirstPersonBP/Blueprints/FirstPersonCharacter.uasset'
[2020.01.10-19.10.04:847][964]LogSavePackage:Display: Finished SavePackage ../../../../../../Users/Carlos Gómez/Desktop/videojuego_shooter/EntregaJuegoUnreal2/Content/FirstPersonBP/Blueprints/FirstPersonCharacter.uasset
[2020.01.10-19.10.05:302][  7]BlueprintLog: New page: Compile FirstPersonCharacter
[2020.01.10-19.10.07:793][199]Cmd: OBJ SAVEPACKAGE PACKAGE="/Game/MuroEliminable" FILE="../../../../../../Users/Carlos Gómez/Desktop/videojuego_shooter/EntregaJuegoUnreal2/Content/MuroEliminable.uasset" SILENT=true
[2020.01.10-19.10.07:833][199]LogSavePackage: Save=35.62ms
[2020.01.10-19.10.07:833][199]LogSavePackage: Moving '../../../../../../Users/Carlos Gómez/Desktop/videojuego_shooter/EntregaJuegoUnreal2/Saved/MuroEliminableD1544ECC43B52E75768704AD4CC1E953.tmp' to '../../../../../../Users/Carlos Gómez/Desktop/videojuego_shooter/EntregaJuegoUnreal2/Content/MuroEliminable.uasset'
[2020.01.10-19.10.07:834][199]LogSavePackage:Display: Finished SavePackage ../../../../../../Users/Carlos Gómez/Desktop/videojuego_shooter/EntregaJuegoUnreal2/Content/MuroEliminable.uasset
[2020.01.10-19.10.26:892][ 40]LogSavePackage: Save=99.22ms
[2020.01.10-19.10.26:892][ 40]LogSavePackage: Moving '../../../../../../Users/Carlos Gómez/Desktop/videojuego_shooter/EntregaJuegoUnreal2/Saved/FirstPersonCharacterDA5FD9684EB967F1B8E6BC8DF2DC39F5.tmp' to '../../../../../../Users/Carlos Gómez/Desktop/videojuego_shooter/EntregaJuegoUnreal2/Content/FirstPersonBP/Blueprints/FirstPersonCharacter.uasset'
[2020.01.10-19.10.26:894][ 40]LogSavePackage:Display: Finished SavePackage ../../../../../../Users/Carlos Gómez/Desktop/videojuego_shooter/EntregaJuegoUnreal2/Content/FirstPersonBP/Blueprints/FirstPersonCharacter.uasset
[2020.01.10-19.10.27:405][ 93]BlueprintLog: New page: Compile FirstPersonCharacter
[2020.01.10-19.10.29:072][233]LogSavePackage: Save=99.37ms
[2020.01.10-19.10.29:072][233]LogSavePackage: Moving '../../../../../../Users/Carlos Gómez/Desktop/videojuego_shooter/EntregaJuegoUnreal2/Saved/FirstPersonCharacter39FD941949118114F365FBB69ABC42CA.tmp' to '../../../../../../Users/Carlos Gómez/Desktop/videojuego_shooter/EntregaJuegoUnreal2/Content/FirstPersonBP/Blueprints/FirstPersonCharacter.uasset'
[2020.01.10-19.10.29:073][233]LogSavePackage:Display: Finished SavePackage ../../../../../../Users/Carlos Gómez/Desktop/videojuego_shooter/EntregaJuegoUnreal2/Content/FirstPersonBP/Blueprints/FirstPersonCharacter.uasset
[2020.01.10-19.10.38:025][131]LogSavePackage: Save=102.21ms
[2020.01.10-19.10.38:025][131]LogSavePackage: Moving '../../../../../../Users/Carlos Gómez/Desktop/videojuego_shooter/EntregaJuegoUnreal2/Saved/FirstPersonCharacterAABC8C724600BA0EAF49468C9CCE5A85.tmp' to '../../../../../../Users/Carlos Gómez/Desktop/videojuego_shooter/EntregaJuegoUnreal2/Content/FirstPersonBP/Blueprints/FirstPersonCharacter.uasset'
[2020.01.10-19.10.38:027][131]LogSavePackage:Display: Finished SavePackage ../../../../../../Users/Carlos Gómez/Desktop/videojuego_shooter/EntregaJuegoUnreal2/Content/FirstPersonBP/Blueprints/FirstPersonCharacter.uasset
[2020.01.10-19.10.38:309][160]BlueprintLog: New page: Compile FirstPersonCharacter
[2020.01.10-19.10.40:540][382]LogTemp: Repeting last play command: Selected Viewport
[2020.01.10-19.10.40:603][382]LogBlueprintUserMessages: Early PlayInEditor Detection: Level '/Game/FirstPersonBP/Maps/FirstPersonExampleMap.FirstPersonExampleMap:PersistentLevel' has LevelScriptBlueprint '/Game/FirstPersonBP/Maps/FirstPersonExampleMap.FirstPersonExampleMap:PersistentLevel.FirstPersonExampleMap' with GeneratedClass '/Game/FirstPersonBP/Maps/FirstPersonExampleMap.FirstPersonExampleMap_C' with ClassGeneratedBy '/Game/FirstPersonBP/Maps/FirstPersonExampleMap.FirstPersonExampleMap:PersistentLevel.FirstPersonExampleMap'
[2020.01.10-19.10.40:603][382]LogPlayLevel: PlayLevel: No blueprints needed recompiling
[2020.01.10-19.10.40:604][382]PIE: New page: PIE session: FirstPersonExampleMap (Jan 10, 2020, 9:10:40 PM)
[2020.01.10-19.10.40:604][382]LogPlayLevel: Creating play world package: /Game/FirstPersonBP/Maps/UEDPIE_0_FirstPersonExampleMap
[2020.01.10-19.10.40:624][382]LogPlayLevel: PIE: StaticDuplicateObject took: (0.020029s)
[2020.01.10-19.10.40:624][382]LogAIModule: Creating AISystem for world FirstPersonExampleMap
[2020.01.10-19.10.40:625][382]LogPlayLevel: PIE: World Init took: (0.000937s)
[2020.01.10-19.10.40:625][382]LogPlayLevel: PIE: Created PIE world by copying editor world from /Game/FirstPersonBP/Maps/FirstPersonExampleMap.FirstPersonExampleMap to /Game/FirstPersonBP/Maps/UEDPIE_0_FirstPersonExampleMap.FirstPersonExampleMap (0.021227s)
[2020.01.10-19.10.40:666][382]LogInit: XAudio2 using 'Speakers (2- USB Audio Device)' : 2 channels at 48 kHz using 16 bits per sample (channel mask 0x3)
[2020.01.10-19.10.40:675][382]LogInit: FAudioDevice initialized.
[2020.01.10-19.10.40:720][382]LogLoad: Game class is 'FirstPersonGameMode_C'
[2020.01.10-19.10.40:724][382]LogWorld: Bringing World /Game/FirstPersonBP/Maps/UEDPIE_0_FirstPersonExampleMap.FirstPersonExampleMap up for play (max tick rate 0) at 2020.01.10-20.10.40
[2020.01.10-19.10.40:724][382]LogWorld: Bringing up level for play took: 0.003414
[2020.01.10-19.10.40:770][382]LogContentBrowser: Native class hierarchy updated for 'MovieSceneCapture' in 0.0008 seconds. Added 11 classes and 0 folders.
[2020.01.10-19.10.40:771][382]PIE: Info Play in editor start time for /Game/FirstPersonBP/Maps/UEDPIE_0_FirstPersonExampleMap -0.637
[2020.01.10-19.10.40:772][382]LogBlueprintUserMessages: Late PlayInEditor Detection: Level '/Game/FirstPersonBP/Maps/FirstPersonExampleMap.FirstPersonExampleMap:PersistentLevel' has LevelScriptBlueprint '/Game/FirstPersonBP/Maps/FirstPersonExampleMap.FirstPersonExampleMap:PersistentLevel.FirstPersonExampleMap' with GeneratedClass '/Game/FirstPersonBP/Maps/FirstPersonExampleMap.FirstPersonExampleMap_C' with ClassGeneratedBy '/Game/FirstPersonBP/Maps/FirstPersonExampleMap.FirstPersonExampleMap:PersistentLevel.FirstPersonExampleMap'
[2020.01.10-19.10.43:126][659]LogBlueprintUserMessages: [FirstPersonCharacter_C_1] SUUUUUUUUUUUUUUUUUUUUUU
[2020.01.10-19.10.46:710][ 89]LogBlueprintUserMessages: Early EndPlayMap Detection: Level '/Game/FirstPersonBP/Maps/FirstPersonExampleMap.FirstPersonExampleMap:PersistentLevel' has LevelScriptBlueprint '/Game/FirstPersonBP/Maps/FirstPersonExampleMap.FirstPersonExampleMap:PersistentLevel.FirstPersonExampleMap' with GeneratedClass '/Game/FirstPersonBP/Maps/FirstPersonExampleMap.FirstPersonExampleMap_C' with ClassGeneratedBy '/Game/FirstPersonBP/Maps/FirstPersonExampleMap.FirstPersonExampleMap:PersistentLevel.FirstPersonExampleMap'
[2020.01.10-19.10.46:758][ 89]LogBlueprintUserMessages: Late EndPlayMap Detection: Level '/Game/FirstPersonBP/Maps/FirstPersonExampleMap.FirstPersonExampleMap:PersistentLevel' has LevelScriptBlueprint '/Game/FirstPersonBP/Maps/FirstPersonExampleMap.FirstPersonExampleMap:PersistentLevel.FirstPersonExampleMap' with GeneratedClass '/Game/FirstPersonBP/Maps/FirstPersonExampleMap.FirstPersonExampleMap_C' with ClassGeneratedBy '/Game/FirstPersonBP/Maps/FirstPersonExampleMap.FirstPersonExampleMap:PersistentLevel.FirstPersonExampleMap'
[2020.01.10-19.10.46:796][ 90]Cmd: SELECT NONE
[2020.01.10-19.11.04:642][ 48]LogSavePackage: Save=258.34ms
[2020.01.10-19.11.04:642][ 48]LogSavePackage: Moving '../../../../../../Users/Carlos Gómez/Desktop/videojuego_shooter/EntregaJuegoUnreal2/Saved/FirstPersonExampleMap934402704846358646EE08A60BC51F2A.tmp' to '../../../../../../Users/Carlos Gómez/Desktop/videojuego_shooter/EntregaJuegoUnreal2/Content/FirstPersonBP/Maps/FirstPersonExampleMap.umap'
[2020.01.10-19.11.04:645][ 48]LogSavePackage:Display: Finished SavePackage ../../../../../../Users/Carlos Gómez/Desktop/videojuego_shooter/EntregaJuegoUnreal2/Content/FirstPersonBP/Maps/FirstPersonExampleMap.umap
[2020.01.10-19.11.05:539][ 48]LogSavePackage: Save=841.28ms
[2020.01.10-19.11.05:539][ 48]LogSavePackage: Moving '../../../../../../Users/Carlos Gómez/Desktop/videojuego_shooter/EntregaJuegoUnreal2/Saved/FirstPersonExampleMap_BuiltData715041774707075E388842AFA5FD2460.tmp' to '../../../../../../Users/Carlos Gómez/Desktop/videojuego_shooter/EntregaJuegoUnreal2/Content/FirstPersonBP/Maps/FirstPersonExampleMap_BuiltData.uasset'
[2020.01.10-19.11.05:541][ 48]LogSavePackage:Display: Finished SavePackage ../../../../../../Users/Carlos Gómez/Desktop/videojuego_shooter/EntregaJuegoUnreal2/Content/FirstPersonBP/Maps/FirstPersonExampleMap_BuiltData.uasset
[2020.01.10-19.11.05:542][ 48]LogSlate: Took 0.000186 seconds to synchronously load lazily loaded font '../../../Engine/Content/Slate/Fonts/Roboto-Regular.ttf' (155K)
[2020.01.10-19.11.06:104][111]LogTemp: Repeting last play command: Selected Viewport
[2020.01.10-19.11.06:130][111]LogBlueprintUserMessages: Early PlayInEditor Detection: Level '/Game/FirstPersonBP/Maps/FirstPersonExampleMap.FirstPersonExampleMap:PersistentLevel' has LevelScriptBlueprint '/Game/FirstPersonBP/Maps/FirstPersonExampleMap.FirstPersonExampleMap:PersistentLevel.FirstPersonExampleMap' with GeneratedClass '/Game/FirstPersonBP/Maps/FirstPersonExampleMap.FirstPersonExampleMap_C' with ClassGeneratedBy '/Game/FirstPersonBP/Maps/FirstPersonExampleMap.FirstPersonExampleMap:PersistentLevel.FirstPersonExampleMap'
[2020.01.10-19.11.06:130][111]LogPlayLevel: PlayLevel: No blueprints needed recompiling
[2020.01.10-19.11.06:130][111]PIE: New page: PIE session: FirstPersonExampleMap (Jan 10, 2020, 9:11:06 PM)
[2020.01.10-19.11.06:130][111]LogPlayLevel: Creating play world package: /Game/FirstPersonBP/Maps/UEDPIE_0_FirstPersonExampleMap
[2020.01.10-19.11.06:150][111]LogPlayLevel: PIE: StaticDuplicateObject took: (0.020121s)
[2020.01.10-19.11.06:151][111]LogAIModule: Creating AISystem for world FirstPersonExampleMap
[2020.01.10-19.11.06:151][111]LogPlayLevel: PIE: World Init took: (0.000806s)
[2020.01.10-19.11.06:151][111]LogPlayLevel: PIE: Created PIE world by copying editor world from /Game/FirstPersonBP/Maps/FirstPersonExampleMap.FirstPersonExampleMap to /Game/FirstPersonBP/Maps/UEDPIE_0_FirstPersonExampleMap.FirstPersonExampleMap (0.021213s)
[2020.01.10-19.11.06:192][111]LogInit: XAudio2 using 'Speakers (2- USB Audio Device)' : 2 channels at 48 kHz using 16 bits per sample (channel mask 0x3)
[2020.01.10-19.11.06:201][111]LogInit: FAudioDevice initialized.
[2020.01.10-19.11.06:231][111]LogLoad: Game class is 'FirstPersonGameMode_C'
[2020.01.10-19.11.06:235][111]LogWorld: Bringing World /Game/FirstPersonBP/Maps/UEDPIE_0_FirstPersonExampleMap.FirstPersonExampleMap up for play (max tick rate 0) at 2020.01.10-20.11.06
[2020.01.10-19.11.06:236][111]LogWorld: Bringing up level for play took: 0.003313
[2020.01.10-19.11.06:237][111]PIE: Info Play in editor start time for /Game/FirstPersonBP/Maps/UEDPIE_0_FirstPersonExampleMap 0.829
[2020.01.10-19.11.06:237][111]LogBlueprintUserMessages: Late PlayInEditor Detection: Level '/Game/FirstPersonBP/Maps/FirstPersonExampleMap.FirstPersonExampleMap:PersistentLevel' has LevelScriptBlueprint '/Game/FirstPersonBP/Maps/FirstPersonExampleMap.FirstPersonExampleMap:PersistentLevel.FirstPersonExampleMap' with GeneratedClass '/Game/FirstPersonBP/Maps/FirstPersonExampleMap.FirstPersonExampleMap_C' with ClassGeneratedBy '/Game/FirstPersonBP/Maps/FirstPersonExampleMap.FirstPersonExampleMap:PersistentLevel.FirstPersonExampleMap'
[2020.01.10-19.11.07:821][298]LogBlueprintUserMessages: [FirstPersonCharacter_C_1] SUUUUUUUUUUUUUUUUUUUUUU
[2020.01.10-19.11.09:138][456]LogBlueprintUserMessages: [FirstPersonCharacter_C_1] SUUUUUUUUUUUUUUUUUUUUUU
[2020.01.10-19.11.11:222][706]LogBlueprintUserMessages: [FirstPersonCharacter_C_1] SUUUUUUUUUUUUUUUUUUUUUU
[2020.01.10-19.11.12:656][878]LogBlueprintUserMessages: Early EndPlayMap Detection: Level '/Game/FirstPersonBP/Maps/FirstPersonExampleMap.FirstPersonExampleMap:PersistentLevel' has LevelScriptBlueprint '/Game/FirstPersonBP/Maps/FirstPersonExampleMap.FirstPersonExampleMap:PersistentLevel.FirstPersonExampleMap' with GeneratedClass '/Game/FirstPersonBP/Maps/FirstPersonExampleMap.FirstPersonExampleMap_C' with ClassGeneratedBy '/Game/FirstPersonBP/Maps/FirstPersonExampleMap.FirstPersonExampleMap:PersistentLevel.FirstPersonExampleMap'
[2020.01.10-19.11.12:716][878]LogBlueprintUserMessages: Late EndPlayMap Detection: Level '/Game/FirstPersonBP/Maps/FirstPersonExampleMap.FirstPersonExampleMap:PersistentLevel' has LevelScriptBlueprint '/Game/FirstPersonBP/Maps/FirstPersonExampleMap.FirstPersonExampleMap:PersistentLevel.FirstPersonExampleMap' with GeneratedClass '/Game/FirstPersonBP/Maps/FirstPersonExampleMap.FirstPersonExampleMap_C' with ClassGeneratedBy '/Game/FirstPersonBP/Maps/FirstPersonExampleMap.FirstPersonExampleMap:PersistentLevel.FirstPersonExampleMap'
[2020.01.10-19.11.21:716][671]LogSavePackage: Save=99.92ms
[2020.01.10-19.11.21:716][671]LogSavePackage: Moving '../../../../../../Users/Carlos Gómez/Desktop/videojuego_shooter/EntregaJuegoUnreal2/Saved/FirstPersonCharacter00C5E50E40835005D1FF7CAA6B5AF1C3.tmp' to '../../../../../../Users/Carlos Gómez/Desktop/videojuego_shooter/EntregaJuegoUnreal2/Content/FirstPersonBP/Blueprints/FirstPersonCharacter.uasset'
[2020.01.10-19.11.21:718][671]LogSavePackage:Display: Finished SavePackage ../../../../../../Users/Carlos Gómez/Desktop/videojuego_shooter/EntregaJuegoUnreal2/Content/FirstPersonBP/Blueprints/FirstPersonCharacter.uasset
[2020.01.10-19.11.22:308][723]BlueprintLog: New page: Compile FirstPersonCharacter
[2020.01.10-19.11.38:362][ 33]LogSavePackage: Save=100.40ms
[2020.01.10-19.11.38:362][ 33]LogSavePackage: Moving '../../../../../../Users/Carlos Gómez/Desktop/videojuego_shooter/EntregaJuegoUnreal2/Saved/FirstPersonCharacter2A448CCE4FB54F0E85EA7AB96044D6F5.tmp' to '../../../../../../Users/Carlos Gómez/Desktop/videojuego_shooter/EntregaJuegoUnreal2/Content/FirstPersonBP/Blueprints/FirstPersonCharacter.uasset'
[2020.01.10-19.11.38:364][ 33]LogSavePackage:Display: Finished SavePackage ../../../../../../Users/Carlos Gómez/Desktop/videojuego_shooter/EntregaJuegoUnreal2/Content/FirstPersonBP/Blueprints/FirstPersonCharacter.uasset
[2020.01.10-19.11.38:703][ 56]BlueprintLog: New page: Compile FirstPersonCharacter
[2020.01.10-19.11.45:270][534]LogActorComponent: UnregisterComponent: (/Engine/Transient.EditorFloorComp) Not registered. Aborting.
[2020.01.10-19.11.49:069][716]LogSavePackage: Save=258.24ms
[2020.01.10-19.11.49:069][716]LogSavePackage: Moving '../../../../../../Users/Carlos Gómez/Desktop/videojuego_shooter/EntregaJuegoUnreal2/Saved/FirstPersonExampleMapFC5E27814A7C836D829BEF9512A4E3DF.tmp' to '../../../../../../Users/Carlos Gómez/Desktop/videojuego_shooter/EntregaJuegoUnreal2/Content/FirstPersonBP/Maps/FirstPersonExampleMap.umap'
[2020.01.10-19.11.49:072][716]LogSavePackage:Display: Finished SavePackage ../../../../../../Users/Carlos Gómez/Desktop/videojuego_shooter/EntregaJuegoUnreal2/Content/FirstPersonBP/Maps/FirstPersonExampleMap.umap
[2020.01.10-19.11.49:105][716]LogFileHelpers: Saving map 'FirstPersonExampleMap' took 0.378
[2020.01.10-19.11.49:203][716]LogWindowsTextInputMethodSystem:Display: IME system now deactivated.
[2020.01.10-19.11.49:371][717]Cmd: QUIT_EDITOR
[2020.01.10-19.11.49:978][717]LogExit: Preparing to exit.
[2020.01.10-19.11.50:863][717]LogDirectoryWatcher: A directory notification for 'C:/Users/Carlos Gómez/Desktop/videojuego_shooter/EntregaJuegoUnreal2/Content/' was aborted.
[2020.01.10-19.11.50:897][717]LogExit: Editor shut down
[2020.01.10-19.11.50:901][717]LogExit: Transaction tracking system shut down
[2020.01.10-19.11.51:008][717]LogObj: Freed 0b from 0 cluster array pools.
[2020.01.10-19.11.51:008][717]LogExit: Object subsystem successfully closed.
[2020.01.10-19.11.51:043][717]LogD3D11RHI: Shutdown
[2020.01.10-19.11.51:043][717]LogD3D11RHI: CleanupD3DDevice
[2020.01.10-19.11.51:129][717]LogD3D11RHI: ~FD3D11DynamicRHI
[2020.01.10-19.11.51:144][717]LogModuleManager: Shutting down and abandoning module MovieSceneCapture (532)
[2020.01.10-19.11.51:144][717]LogModuleManager: Shutting down and abandoning module SequencerWidgets (530)
[2020.01.10-19.11.51:144][717]LogModuleManager: Shutting down and abandoning module BlueprintGraph (528)
[2020.01.10-19.11.51:144][717]LogModuleManager: Shutting down and abandoning module BlueprintProfiler (526)
[2020.01.10-19.11.51:144][717]LogModuleManager: Shutting down and abandoning module HierarchicalLODOutliner (524)
[2020.01.10-19.11.51:144][717]LogModuleManager: Shutting down and abandoning module CrashTracker (522)
[2020.01.10-19.11.51:144][717]LogModuleManager: Shutting down and abandoning module SceneOutliner (520)
[2020.01.10-19.11.51:144][717]LogModuleManager: Shutting down and abandoning module AddContentDialog (518)
[2020.01.10-19.11.51:144][717]LogDirectoryWatcher: A directory notification for 'C:/Program Files (x86)/Epic Games/UE_4.16/FeaturePacks/' was aborted.
[2020.01.10-19.11.51:145][717]LogModuleManager: Shutting down and abandoning module WidgetCarousel (517)
[2020.01.10-19.11.51:145][717]LogModuleManager: Shutting down and abandoning module EditorWidgets (514)
[2020.01.10-19.11.51:145][717]LogModuleManager: Shutting down and abandoning module CollectionManager (512)
[2020.01.10-19.11.51:145][717]LogDirectoryWatcher: A directory notification for 'C:/Users/Carlos Gómez/Desktop/videojuego_shooter/EntregaJuegoUnreal2/Content/Collections/' was aborted.
[2020.01.10-19.11.51:145][717]LogDirectoryWatcher: A directory notification for 'C:/Users/Carlos Gómez/Desktop/videojuego_shooter/EntregaJuegoUnreal2/Content/Developers/CarlosGómez/Collections/' was aborted.
[2020.01.10-19.11.51:145][717]LogDirectoryWatcher: A directory notification for 'C:/Users/Carlos Gómez/Desktop/videojuego_shooter/EntregaJuegoUnreal2/Saved/Collections/' was aborted.
[2020.01.10-19.11.51:145][717]LogModuleManager: Shutting down and abandoning module StatsViewer (510)
[2020.01.10-19.11.51:145][717]LogModuleManager: Shutting down and abandoning module FoliageEdit (508)
[2020.01.10-19.11.51:145][717]LogModuleManager: Shutting down and abandoning module LandscapeEditor (506)
[2020.01.10-19.11.51:145][717]LogModuleManager: Shutting down and abandoning module MeshPaintMode (504)
[2020.01.10-19.11.51:145][717]LogModuleManager: Shutting down and abandoning module SceneDepthPickerMode (502)
[2020.01.10-19.11.51:145][717]LogModuleManager: Shutting down and abandoning module ActorPickerMode (500)
[2020.01.10-19.11.51:145][717]LogModuleManager: Shutting down and abandoning module GeometryMode (498)
[2020.01.10-19.11.51:145][717]LogModuleManager: Shutting down and abandoning module TextureAlignMode (496)
[2020.01.10-19.11.51:145][717]LogModuleManager: Shutting down and abandoning module BspMode (494)
[2020.01.10-19.11.51:145][717]LogModuleManager: Shutting down and abandoning module HardwareSurvey (492)
[2020.01.10-19.11.51:145][717]LogModuleManager: Shutting down and abandoning module SequenceRecorderSections (490)
[2020.01.10-19.11.51:145][717]LogModuleManager: Shutting down and abandoning module AutomationWorker (488)
[2020.01.10-19.11.51:145][717]LogModuleManager: Shutting down and abandoning module MatineeToLevelSequence (486)
[2020.01.10-19.11.51:145][717]LogModuleManager: Shutting down and abandoning module LevelSequenceEditor (484)
[2020.01.10-19.11.51:145][717]LogModuleManager: Shutting down and abandoning module PlacementMode (483)
[2020.01.10-19.11.51:145][717]LogModuleManager: Shutting down and abandoning module WmfMediaFactory (480)
[2020.01.10-19.11.51:145][717]LogModuleManager: Shutting down and abandoning module WmfMediaEditor (478)
[2020.01.10-19.11.51:145][717]LogModuleManager: Shutting down and abandoning module AvfMediaFactory (476)
[2020.01.10-19.11.51:145][717]LogModuleManager: Shutting down and abandoning module AvfMediaEditor (474)
[2020.01.10-19.11.51:146][717]LogModuleManager: Shutting down and abandoning module AndroidMediaFactory (472)
[2020.01.10-19.11.51:146][717]LogModuleManager: Shutting down and abandoning module Media (471)
[2020.01.10-19.11.51:146][717]LogModuleManager: Shutting down and abandoning module AndroidMediaEditor (468)
[2020.01.10-19.11.51:146][717]LogModuleManager: Shutting down and abandoning module CharacterAI (466)
[2020.01.10-19.11.51:146][717]LogModuleManager: Shutting down and abandoning module AudioCapture (464)
[2020.01.10-19.11.51:146][717]LogModuleManager: Shutting down and abandoning module SequenceRecorder (463)
[2020.01.10-19.11.51:146][717]LogModuleManager: Shutting down and abandoning module SmartSnapping (460)
[2020.01.10-19.11.51:146][717]LogModuleManager: Shutting down and abandoning module SessionServices (458)
[2020.01.10-19.11.51:146][717]LogModuleManager: Shutting down and abandoning module ViewportSnapping (456)
[2020.01.10-19.11.51:146][717]LogModuleManager: Shutting down and abandoning module ViewportInteraction (454)
[2020.01.10-19.11.51:146][717]LogModuleManager: Shutting down and abandoning module ClothPainter (452)
[2020.01.10-19.11.51:146][717]LogModuleManager: Shutting down and abandoning module LogVisualizer (450)
[2020.01.10-19.11.51:146][717]LogModuleManager: Shutting down and abandoning module IntroTutorials (448)
[2020.01.10-19.11.51:146][717]LogModuleManager: Shutting down and abandoning module GameProjectGeneration (447)
[2020.01.10-19.11.51:146][717]LogModuleManager: Shutting down and abandoning module EditorLiveStreaming (444)
[2020.01.10-19.11.51:146][717]LogModuleManager: Shutting down and abandoning module IOSPlatformEditor (442)
[2020.01.10-19.11.51:146][717]LogModuleManager: Shutting down and abandoning module HTML5PlatformEditor (440)
[2020.01.10-19.11.51:146][717]LogModuleManager: Shutting down and abandoning module AndroidPlatformEditor (438)
[2020.01.10-19.11.51:146][717]LogModuleManager: Shutting down and abandoning module AndroidDeviceDetection (437)
[2020.01.10-19.11.51:269][717]LogModuleManager: Shutting down and abandoning module IOSRuntimeSettings (434)
[2020.01.10-19.11.51:269][717]LogModuleManager: Shutting down and abandoning module AndroidRuntimeSettings (432)
[2020.01.10-19.11.51:269][717]LogModuleManager: Shutting down and abandoning module InputBindingEditor (430)
[2020.01.10-19.11.51:269][717]LogModuleManager: Shutting down and abandoning module MergeActors (428)
[2020.01.10-19.11.51:269][717]LogModuleManager: Shutting down and abandoning module SizeMap (426)
[2020.01.10-19.11.51:269][717]LogModuleManager: Shutting down and abandoning module TreeMap (424)
[2020.01.10-19.11.51:269][717]LogModuleManager: Shutting down and abandoning module ReferenceViewer (422)
[2020.01.10-19.11.51:269][717]LogModuleManager: Shutting down and abandoning module LocalizationDashboard (420)
[2020.01.10-19.11.51:269][717]LogModuleManager: Shutting down and abandoning module LocalizationService (419)
[2020.01.10-19.11.51:269][717]LogModuleManager: Shutting down and abandoning module HardwareTargeting (416)
[2020.01.10-19.11.51:269][717]LogModuleManager: Shutting down and abandoning module DeviceProfileEditor (414)
[2020.01.10-19.11.51:269][717]LogModuleManager: Shutting down and abandoning module UndoHistory (412)
[2020.01.10-19.11.51:269][717]LogModuleManager: Shutting down and abandoning module UserFeedback (410)
[2020.01.10-19.11.51:269][717]LogModuleManager: Shutting down and abandoning module XmlParser (408)
[2020.01.10-19.11.51:269][717]LogModuleManager: Shutting down and abandoning module Blutility (406)
[2020.01.10-19.11.51:269][717]LogModuleManager: Shutting down and abandoning module ProjectSettingsViewer (404)
[2020.01.10-19.11.51:269][717]LogModuleManager: Shutting down and abandoning module ProjectTargetPlatformEditor (403)
[2020.01.10-19.11.51:269][717]LogModuleManager: Shutting down and abandoning module EditorSettingsViewer (400)
[2020.01.10-19.11.51:269][717]LogModuleManager: Shutting down and abandoning module SettingsEditor (398)
[2020.01.10-19.11.51:269][717]LogModuleManager: Shutting down and abandoning module ProjectLauncher (396)
[2020.01.10-19.11.51:269][717]LogModuleManager: Shutting down and abandoning module SessionFrontend (394)
[2020.01.10-19.11.51:269][717]LogModuleManager: Shutting down and abandoning module ProfilerClient (392)
[2020.01.10-19.11.51:269][717]LogModuleManager: Shutting down and abandoning module DeviceManager (390)
[2020.01.10-19.11.51:269][717]LogModuleManager: Shutting down and abandoning module TargetDeviceServices (389)
[2020.01.10-19.11.51:321][717]LogModuleManager: Shutting down and abandoning module AutomationController (386)
[2020.01.10-19.11.51:321][717]LogModuleManager: Shutting down and abandoning module AutomationWindow (384)
[2020.01.10-19.11.51:321][717]LogModuleManager: Shutting down and abandoning module Layers (382)
[2020.01.10-19.11.51:321][717]LogModuleManager: Shutting down and abandoning module ComponentVisualizers (380)
[2020.01.10-19.11.51:321][717]LogModuleManager: Shutting down and abandoning module DetailCustomizations (378)
[2020.01.10-19.11.51:321][717]LogModuleManager: Shutting down and abandoning module PackagesDialog (376)
[2020.01.10-19.11.51:321][717]LogModuleManager: Shutting down and abandoning module Persona (374)
[2020.01.10-19.11.51:321][717]LogModuleManager: Shutting down and abandoning module AdvancedPreviewScene (373)
[2020.01.10-19.11.51:321][717]LogModuleManager: Shutting down and abandoning module AnimGraph (371)
[2020.01.10-19.11.51:321][717]LogModuleManager: Shutting down and abandoning module Kismet (368)
[2020.01.10-19.11.51:327][717]LogModuleManager: Shutting down and abandoning module ClassViewer (366)
[2020.01.10-19.11.51:327][717]LogModuleManager: Shutting down and abandoning module Toolbox (364)
[2020.01.10-19.11.51:327][717]LogModuleManager: Shutting down and abandoning module ModuleUI (362)
[2020.01.10-19.11.51:327][717]LogModuleManager: Shutting down and abandoning module MovieSceneTools (360)
[2020.01.10-19.11.51:327][717]LogModuleManager: Shutting down and abandoning module OutputLog (358)
[2020.01.10-19.11.51:327][717]LogModuleManager: Shutting down and abandoning module GammaUI (356)
[2020.01.10-19.11.51:327][717]LogModuleManager: Shutting down and abandoning module Documentation (354)
[2020.01.10-19.11.51:327][717]LogModuleManager: Shutting down and abandoning module MovieSceneTracks (352)
[2020.01.10-19.11.51:327][717]LogModuleManager: Shutting down and abandoning module MovieScene (350)
[2020.01.10-19.11.51:327][717]LogModuleManager: Shutting down and abandoning module Niagara (348)
[2020.01.10-19.11.51:327][717]LogModuleManager: Shutting down and abandoning module NiagaraEditor (347)
[2020.01.10-19.11.51:327][717]LogModuleManager: Shutting down and abandoning module StreamingPauseRendering (344)
[2020.01.10-19.11.51:327][717]LogModuleManager: Shutting down and abandoning module AnalyticsET (342)
[2020.01.10-19.11.51:327][717]LogModuleManager: Shutting down and abandoning module PortalServices (340)
[2020.01.10-19.11.51:327][717]LogModuleManager: Shutting down and abandoning module PortalRpc (338)
[2020.01.10-19.11.51:327][717]LogModuleManager: Shutting down and abandoning module MessagingRpc (336)
[2020.01.10-19.11.51:327][717]LogModuleManager: Shutting down and abandoning module AIModule (334)
[2020.01.10-19.11.51:327][717]LogModuleManager: Shutting down and abandoning module GameplayDebugger (333)
[2020.01.10-19.11.51:327][717]LogModuleManager: Shutting down and abandoning module AITestSuite (331)
[2020.01.10-19.11.51:327][717]LogModuleManager: Shutting down and abandoning module ProfilerService (328)
[2020.01.10-19.11.51:434][717]LogModuleManager: Shutting down and abandoning module TaskGraph (326)
[2020.01.10-19.11.51:434][717]LogModuleManager: Shutting down and abandoning module SteamVRController (324)
[2020.01.10-19.11.51:434][717]LogModuleManager: Shutting down and abandoning module SteamVR (322)
[2020.01.10-19.11.51:434][717]LogModuleManager: Shutting down and abandoning module ProceduralMeshComponentEditor (320)
[2020.01.10-19.11.51:434][717]LogModuleManager: Shutting down and abandoning module ProceduralMeshComponent (318)
[2020.01.10-19.11.51:434][717]LogModuleManager: Shutting down and abandoning module OculusLibrary (316)
[2020.01.10-19.11.51:434][717]LogModuleManager: Shutting down and abandoning module OculusInput (314)
[2020.01.10-19.11.51:434][717]LogModuleManager: Shutting down and abandoning module MobilePatchingUtils (312)
[2020.01.10-19.11.51:434][717]LogModuleManager: Shutting down and abandoning module CustomMeshComponent (310)
[2020.01.10-19.11.51:434][717]LogModuleManager: Shutting down and abandoning module CableComponent (308)
[2020.01.10-19.11.51:434][717]LogModuleManager: Shutting down and abandoning module ArchVisCharacter (306)
[2020.01.10-19.11.51:434][717]LogModuleManager: Shutting down and abandoning module AndroidPermission (304)
[2020.01.10-19.11.51:434][717]LogModuleManager: Shutting down and abandoning module MediaPlayerEditor (300)
[2020.01.10-19.11.51:434][717]LogModuleManager: Shutting down and abandoning module HTML5Networking (298)
[2020.01.10-19.11.51:434][717]LogModuleManager: Shutting down and abandoning module AlembicImporter (296)
[2020.01.10-19.11.51:434][717]LogModuleManager: Shutting down and abandoning module AlembicLibrary (295)
[2020.01.10-19.11.51:434][717]LogModuleManager: Shutting down and abandoning module GeometryCache (294)
[2020.01.10-19.11.51:434][717]LogModuleManager: Shutting down and abandoning module GeometryCacheEd (293)
[2020.01.10-19.11.51:434][717]LogModuleManager: Shutting down and abandoning module SuperSearchEditor (288)
[2020.01.10-19.11.51:434][717]LogModuleManager: Shutting down and abandoning module SuperSearch (287)
[2020.01.10-19.11.51:434][717]LogModuleManager: Shutting down and abandoning module SpeedTreeImporter (284)
[2020.01.10-19.11.51:434][717]LogModuleManager: Shutting down and abandoning module PluginBrowser (282)
[2020.01.10-19.11.51:434][717]LogModuleManager: Shutting down and abandoning module MobileLauncherProfileWizard (280)
[2020.01.10-19.11.51:434][717]LogModuleManager: Shutting down and abandoning module VisualStudioSourceCodeAccess (278)
[2020.01.10-19.11.51:434][717]LogModuleManager: Shutting down and abandoning module DesktopPlatform (277)
[2020.01.10-19.11.51:434][717]LogModuleManager: Shutting down and abandoning module UObjectPlugin (274)
[2020.01.10-19.11.51:434][717]LogModuleManager: Shutting down and abandoning module SubversionSourceControl (272)
[2020.01.10-19.11.51:434][717]LogModuleManager: Shutting down and abandoning module PerforceSourceControl (270)
[2020.01.10-19.11.51:435][717]LogModuleManager: Shutting down and abandoning module GitSourceControl (268)
[2020.01.10-19.11.51:435][717]LogModuleManager: Shutting down and abandoning module SourceControl (267)
[2020.01.10-19.11.51:435][717]LogModuleManager: Shutting down and abandoning module LightPropagationVolumeEditor (264)
[2020.01.10-19.11.51:435][717]LogModuleManager: Shutting down and abandoning module PaperTiledImporter (262)
[2020.01.10-19.11.51:435][717]LogModuleManager: Shutting down and abandoning module PaperSpriteSheetImporter (260)
[2020.01.10-19.11.51:435][717]LogModuleManager: Shutting down and abandoning module Paper2DEditor (258)
[2020.01.10-19.11.51:435][717]LogModuleManager: Shutting down and abandoning module MeshPaint (257)
[2020.01.10-19.11.51:435][717]LogModuleManager: Shutting down and abandoning module LevelEditor (255)
[2020.01.10-19.11.51:435][717]LogModuleManager: Shutting down and abandoning module PixelInspectorModule (254)
[2020.01.10-19.11.51:435][717]LogModuleManager: Shutting down and abandoning module MainFrame (252)
[2020.01.10-19.11.51:435][717]LogModuleManager: Shutting down and abandoning module HotReload (251)
[2020.01.10-19.11.51:436][717]LogModuleManager: Shutting down and abandoning module PhysXVehiclesEditor (246)
[2020.01.10-19.11.51:436][717]LogModuleManager: Shutting down and abandoning module PhysXVehicles (244)
[2020.01.10-19.11.51:436][717]LogModuleManager: Shutting down and abandoning module LocationServicesBPLibrary (242)
[2020.01.10-19.11.51:436][717]LogModuleManager: Shutting down and abandoning module ImmediatePhysicsEditor (240)
[2020.01.10-19.11.51:436][717]LogModuleManager: Shutting down and abandoning module ImmediatePhysics (238)
[2020.01.10-19.11.51:436][717]LogModuleManager: Shutting down and abandoning module UdpMessaging (236)
[2020.01.10-19.11.51:537][717]LogModuleManager: Shutting down and abandoning module TcpMessaging (234)
[2020.01.10-19.11.51:701][717]LogModuleManager: Shutting down and abandoning module GameplayTagsEditor (232)
[2020.01.10-19.11.51:701][717]LogModuleManager: Shutting down and abandoning module FacialAnimationEditor (230)
[2020.01.10-19.11.51:701][717]LogModuleManager: Shutting down and abandoning module FacialAnimation (228)
[2020.01.10-19.11.51:701][717]LogModuleManager: Shutting down and abandoning module AssetManagerEditor (226)
[2020.01.10-19.11.51:701][717]LogModuleManager: Shutting down and abandoning module GraphEditor (225)
[2020.01.10-19.11.51:701][717]LogModuleManager: Shutting down and abandoning module ContentBrowser (223)
[2020.01.10-19.11.51:702][717]LogModuleManager: Shutting down and abandoning module LightPropagationVolumeRuntime (220)
[2020.01.10-19.11.51:702][717]LogModuleManager: Shutting down and abandoning module Paper2D (218)
[2020.01.10-19.11.51:702][717]LogModuleManager: Shutting down and abandoning module WindowsMoviePlayer (216)
[2020.01.10-19.11.51:702][717]LogModuleManager: Shutting down and abandoning module WmfMedia (214)
[2020.01.10-19.11.51:702][717]LogModuleManager: Shutting down and abandoning module ClothingSystemEditor (212)
[2020.01.10-19.11.51:702][717]LogModuleManager: Shutting down and abandoning module ClothingSystemRuntime (210)
[2020.01.10-19.11.51:702][717]LogModuleManager: Shutting down and abandoning module MediaAssets (208)
[2020.01.10-19.11.51:702][717]LogModuleManager: Shutting down and abandoning module GameLiveStreaming (206)
[2020.01.10-19.11.51:702][717]LogModuleManager: Shutting down and abandoning module VREditor (204)
[2020.01.10-19.11.51:702][717]LogModuleManager: Shutting down and abandoning module StringTableEditor (202)
[2020.01.10-19.11.51:702][717]LogModuleManager: Shutting down and abandoning module GameplayTasksEditor (200)
[2020.01.10-19.11.51:702][717]LogModuleManager: Shutting down and abandoning module BehaviorTreeEditor (198)
[2020.01.10-19.11.51:702][717]LogModuleManager: Shutting down and abandoning module FunctionalTesting (196)
[2020.01.10-19.11.51:702][717]LogModuleManager: Shutting down and abandoning module CollisionAnalyzer (194)
[2020.01.10-19.11.51:702][717]LogModuleManager: Shutting down and abandoning module UMG (192)
[2020.01.10-19.11.51:702][717]LogModuleManager: Shutting down and abandoning module UMGEditor (191)
[2020.01.10-19.11.51:702][717]LogModuleManager: Shutting down and abandoning module Sequencer (190)
[2020.01.10-19.11.51:702][717]LogModuleManager: Shutting down and abandoning module AssetTools (188)
[2020.01.10-19.11.51:702][717]LogModuleManager: Shutting down and abandoning module MessageLog (187)
[2020.01.10-19.11.51:702][717]LogModuleManager: Shutting down and abandoning module WorkspaceMenuStructure (186)
[2020.01.10-19.11.51:702][717]LogModuleManager: Shutting down and abandoning module SlateReflector (180)
[2020.01.10-19.11.51:702][717]LogModuleManager: Shutting down and abandoning module Slate (178)
[2020.01.10-19.11.51:702][717]LogModuleManager: Shutting down and abandoning module EditorStyle (176)
[2020.01.10-19.11.51:704][717]LogModuleManager: Shutting down and abandoning module SourceCodeAccess (174)
[2020.01.10-19.11.51:704][717]LogModuleManager: Shutting down and abandoning module HeadMountedDisplay (172)
[2020.01.10-19.11.51:704][717]LogModuleManager: Shutting down and abandoning module XAudio2 (170)
[2020.01.10-19.11.51:704][717]LogModuleManager: Shutting down and abandoning module Networking (168)
[2020.01.10-19.11.51:704][717]LogModuleManager: Shutting down and abandoning module Core (164)
[2020.01.10-19.11.51:704][717]LogModuleManager: Shutting down and abandoning module AssetRegistry (162)
[2020.01.10-19.11.51:824][717]LogDirectoryWatcher: A directory notification for '../../../Engine/Content/' was aborted.
[2020.01.10-19.11.51:824][717]LogDirectoryWatcher: A directory notification for '../../../../../../Users/Carlos Gómez/Desktop/videojuego_shooter/EntregaJuegoUnreal2/Content/' was aborted.
[2020.01.10-19.11.51:824][717]LogDirectoryWatcher: A directory notification for '../../../Engine/Plugins/2D/Paper2D/Content/' was aborted.
[2020.01.10-19.11.51:824][717]LogDirectoryWatcher: A directory notification for '../../../Engine/Plugins/Runtime/GearVR/Content/' was aborted.
[2020.01.10-19.11.51:827][717]LogModuleManager: Shutting down and abandoning module DirectoryWatcher (161)
[2020.01.10-19.11.51:827][717]LogModuleManager: Shutting down and abandoning module KismetCompiler (158)
[2020.01.10-19.11.51:827][717]LogModuleManager: Shutting down and abandoning module LevelSequence (156)
[2020.01.10-19.11.51:827][717]LogModuleManager: Shutting down and abandoning module PhysXFormats (154)
[2020.01.10-19.11.51:827][717]LogModuleManager: Shutting down and abandoning module MeshUtilities (152)
[2020.01.10-19.11.51:827][717]LogModuleManager: Shutting down and abandoning module SimplygonSwarm (151)
[2020.01.10-19.11.51:827][717]LogModuleManager: Shutting down and abandoning module SimplygonMeshReduction (149)
[2020.01.10-19.11.51:827][717]LogModuleManager: Shutting down and abandoning module QuadricMeshReduction (147)
[2020.01.10-19.11.51:827][717]LogModuleManager: Shutting down and abandoning module DerivedDataCache (144)
[2020.01.10-19.11.51:846][717]LogDerivedDataCache: Shutdown
[2020.01.10-19.11.51:846][717]LogModuleManager: Shutting down and abandoning module TargetPlatform (142)
[2020.01.10-19.11.51:846][717]LogModuleManager: Shutting down and abandoning module VulkanShaderFormat (141)
[2020.01.10-19.11.51:846][717]LogModuleManager: Shutting down and abandoning module ShaderFormatVectorVM (139)
[2020.01.10-19.11.51:846][717]LogModuleManager: Shutting down and abandoning module ShaderFormatOpenGL (137)
[2020.01.10-19.11.51:846][717]LogModuleManager: Shutting down and abandoning module ShaderFormatD3D (135)
[2020.01.10-19.11.51:846][717]LogModuleManager: Shutting down and abandoning module MetalShaderFormat (133)
[2020.01.10-19.11.51:846][717]LogModuleManager: Shutting down and abandoning module TextureFormatUncompressed (131)
[2020.01.10-19.11.51:846][717]LogModuleManager: Shutting down and abandoning module TextureFormatPVR (129)
[2020.01.10-19.11.51:846][717]LogModuleManager: Shutting down and abandoning module TextureFormatDXT (127)
[2020.01.10-19.11.51:846][717]LogModuleManager: Shutting down and abandoning module TextureFormatIntelISPCTexComp (125)
[2020.01.10-19.11.51:846][717]LogModuleManager: Shutting down and abandoning module TextureFormatASTC (123)
[2020.01.10-19.11.51:846][717]LogModuleManager: Shutting down and abandoning module ImageWrapper (122)
[2020.01.10-19.11.51:846][717]LogModuleManager: Shutting down and abandoning module TextureFormatAndroid (119)
[2020.01.10-19.11.51:846][717]LogModuleManager: Shutting down and abandoning module AudioFormatOpus (117)
[2020.01.10-19.11.51:846][717]LogModuleManager: Shutting down and abandoning module AudioFormatOgg (115)
[2020.01.10-19.11.51:846][717]LogModuleManager: Shutting down and abandoning module AudioFormatADPCM (113)
[2020.01.10-19.11.51:846][717]LogModuleManager: Shutting down and abandoning module LinuxTargetPlatform (111)
[2020.01.10-19.11.51:846][717]LogModuleManager: Shutting down and abandoning module LinuxServerTargetPlatform (109)
[2020.01.10-19.11.51:846][717]LogModuleManager: Shutting down and abandoning module LinuxNoEditorTargetPlatform (107)
[2020.01.10-19.11.51:846][717]LogModuleManager: Shutting down and abandoning module LinuxClientTargetPlatform (105)
[2020.01.10-19.11.51:846][717]LogModuleManager: Shutting down and abandoning module TVOSTargetPlatform (103)
[2020.01.10-19.11.51:846][717]LogModuleManager: Shutting down and abandoning module Messaging (101)
[2020.01.10-19.11.51:846][717]LogModuleManager: Shutting down and abandoning module IOSTargetPlatform (99)
[2020.01.10-19.11.51:846][717]LogModuleManager: Shutting down and abandoning module HTML5TargetPlatform (97)
[2020.01.10-19.11.51:846][717]LogModuleManager: Shutting down and abandoning module Android_PVRTCTargetPlatform (95)
[2020.01.10-19.11.51:846][717]LogModuleManager: Shutting down and abandoning module Android_MultiTargetPlatform (93)
[2020.01.10-19.11.51:846][717]LogModuleManager: Shutting down and abandoning module Android_ETC2TargetPlatform (91)
[2020.01.10-19.11.51:846][717]LogModuleManager: Shutting down and abandoning module Android_ETC1TargetPlatform (89)
[2020.01.10-19.11.51:846][717]LogModuleManager: Shutting down and abandoning module Android_DXTTargetPlatform (87)
[2020.01.10-19.11.51:846][717]LogModuleManager: Shutting down and abandoning module Android_ATCTargetPlatform (85)
[2020.01.10-19.11.51:846][717]LogModuleManager: Shutting down and abandoning module Android_ASTCTargetPlatform (83)
[2020.01.10-19.11.51:846][717]LogModuleManager: Shutting down and abandoning module AndroidTargetPlatform (81)
[2020.01.10-19.11.51:846][717]LogModuleManager: Shutting down and abandoning module WindowsTargetPlatform (79)
[2020.01.10-19.11.51:846][717]LogModuleManager: Shutting down and abandoning module WindowsServerTargetPlatform (77)
[2020.01.10-19.11.51:846][717]LogModuleManager: Shutting down and abandoning module WindowsNoEditorTargetPlatform (75)
[2020.01.10-19.11.51:846][717]LogModuleManager: Shutting down and abandoning module WindowsClientTargetPlatform (73)
[2020.01.10-19.11.51:846][717]LogModuleManager: Shutting down and abandoning module MacTargetPlatform (71)
[2020.01.10-19.11.51:846][717]LogModuleManager: Shutting down and abandoning module MacServerTargetPlatform (69)
[2020.01.10-19.11.51:846][717]LogModuleManager: Shutting down and abandoning module MacNoEditorTargetPlatform (67)
[2020.01.10-19.11.51:846][717]LogModuleManager: Shutting down and abandoning module MacClientTargetPlatform (65)
[2020.01.10-19.11.51:846][717]LogModuleManager: Shutting down and abandoning module AllDesktopTargetPlatform (63)
[2020.01.10-19.11.51:846][717]LogModuleManager: Shutting down and abandoning module InputCore (60)
[2020.01.10-19.11.51:846][717]LogModuleManager: Shutting down and abandoning module Settings (58)
[2020.01.10-19.11.51:846][717]LogModuleManager: Shutting down and abandoning module OculusRift (56)
[2020.01.10-19.11.51:846][717]LogModuleManager: Shutting down and abandoning module GearVRController (54)
[2020.01.10-19.11.51:846][717]LogModuleManager: Shutting down and abandoning module GearVR (52)
[2020.01.10-19.11.51:846][717]LogModuleManager: Shutting down and abandoning module ExampleDeviceProfileSelector (50)
[2020.01.10-19.11.51:846][717]LogModuleManager: Shutting down and abandoning module OnlineBlueprintSupport (48)
[2020.01.10-19.11.51:846][717]LogModuleManager: Shutting down and abandoning module OnlineSubsystem (44)
[2020.01.10-19.11.51:846][717]LogOnline:Display: Unloading online subsystem: NULL
[2020.01.10-19.11.51:846][717]LogModuleManager: Shutting down and abandoning module XMPP (43)
[2020.01.10-19.11.51:846][717]LogModuleManager: Shutting down and abandoning module HTTP (41)
[2020.01.10-19.11.51:846][717]LogHttp:Display: Http module shutting down, but needs to wait on 1 outstanding Http requests:
[2020.01.10-19.11.51:846][717]LogHttp:Display: 	verb=[POST] url=[https://datarouter.ol.epicgames.com/datarouter/api/v1/public/data?SessionID=%7B9FAB691E-4AFD-61AD-A632-9F95A33A9367%7D&AppID=UEEditor.Rocket.Release&AppVersion=4.16.3-3561208%2B%2B%2BUE4%2BRelease-4.16&UserID=96c22fcc4a13df48a702c0b25280ec08%7C5727c0aceda34a2a8745d0ddd25f12e5%7C2451b241-4f41-47a9-baf2-594cddf6b242&AppEnvironment=datacollector-binary&UploadType=eteventstream] status=Processing
[2020.01.10-19.11.51:872][717]LogModuleManager: Shutting down and abandoning module SSL (40)
[2020.01.10-19.11.51:873][717]LogModuleManager: Shutting down and abandoning module HTTPChunkInstaller (36)
[2020.01.10-19.11.51:873][717]LogModuleManager: Shutting down and abandoning module AnimationModifiers (34)
[2020.01.10-19.11.51:873][717]LogModuleManager: Shutting down and abandoning module PropertyEditor (33)
[2020.01.10-19.11.51:873][717]LogModuleManager: Shutting down and abandoning module AudioEditor (30)
[2020.01.10-19.11.51:873][717]LogModuleManager: Shutting down and abandoning module TextureCompressor (28)
[2020.01.10-19.11.51:873][717]LogModuleManager: Shutting down and abandoning module ShaderCore (26)
[2020.01.10-19.11.51:873][717]LogModuleManager: Shutting down and abandoning module Landscape (24)
[2020.01.10-19.11.51:873][717]LogModuleManager: Shutting down and abandoning module SlateRHIRenderer (22)
[2020.01.10-19.11.51:874][717]LogModuleManager: Shutting down and abandoning module OpenGLDrv (20)
[2020.01.10-19.11.51:874][717]LogModuleManager: Shutting down and abandoning module D3D11RHI (18)
[2020.01.10-19.11.51:874][717]LogModuleManager: Shutting down and abandoning module AnimGraphRuntime (16)
[2020.01.10-19.11.51:874][717]LogModuleManager: Shutting down and abandoning module Renderer (14)
[2020.01.10-19.11.51:874][717]LogModuleManager: Shutting down and abandoning module Engine (12)
[2020.01.10-19.11.51:874][717]LogModuleManager: Shutting down and abandoning module CoreUObject (10)
[2020.01.10-19.11.51:874][717]LogModuleManager: Shutting down and abandoning module NetworkFile (8)
[2020.01.10-19.11.51:874][717]LogModuleManager: Shutting down and abandoning module StreamingFile (6)
[2020.01.10-19.11.51:874][717]LogModuleManager: Shutting down and abandoning module SandboxFile (4)
[2020.01.10-19.11.51:874][717]LogModuleManager: Shutting down and abandoning module PakFile (2)
[2020.01.10-19.11.51:876][717]LogExit: Exiting.
[2020.01.10-19.11.51:894][717]Log file closed, 01/10/20 20:11:51
