Log file open, 01/23/20 23:21:34
LogInit:Display: Running engine for game: EntregaJuegoUnreal2
LogPlatformFile: Not using cached read wrapper
LogInit:Display: RandInit(-1396887225) SRandInit(-1396887225).
LogTaskGraph: Started task graph with 5 named threads and 8 total threads with 1 sets of task threads.
LogStats: Stats thread started at 0.098512
LogInit: Using libcurl 7.47.1
LogInit:  - built for x86_64-pc-win32
LogInit:  - supports SSL with OpenSSL/1.0.2g
LogInit:  - supports HTTP deflate (compression) using libz 1.2.8
LogInit:  - other features:
LogInit:      CURL_VERSION_SSL
LogInit:      CURL_VERSION_LIBZ
LogInit:      CURL_VERSION_IPV6
LogInit:      CURL_VERSION_ASYNCHDNS
LogInit:      CURL_VERSION_LARGEFILE
LogInit:      CURL_VERSION_IDN
LogInit:  CurlRequestOptions (configurable via config and command line):
LogInit:  - bVerifyPeer = false  - Libcurl will NOT verify peer certificate
LogInit:  - bUseHttpProxy = false  - Libcurl will NOT use HTTP proxy
LogInit:  - bDontReuseConnections = false  - Libcurl will reuse connections
LogInit:  - CertBundlePath = nullptr  - Libcurl will use whatever was configured at build time.
LogInit: Build: ++UE4+Release-4.16-CL-3561208
LogInit: Engine Version: 4.16.3-3561208+++UE4+Release-4.16
LogInit: Compatible Engine Version: 4.16.0-3452394+++UE4+Release-4.16
LogInit: Net CL: 3452394
LogDevObjectVersion: Number of dev versions registered: 16
LogDevObjectVersion:   Dev-Blueprints (B0D832E4-1F89-4F0D-ACCF-7EB736FD4AA2): 9
LogDevObjectVersion:   Dev-Build (E1C64328-A22C-4D53-A36C-8E866417BD8C): 0
LogDevObjectVersion:   Dev-Core (375EC13C-06E4-48FB-B500-84F0262A717E): 2
LogDevObjectVersion:   Dev-Editor (E4B068ED-F494-42E9-A231-DA0B2E46BB41): 17
LogDevObjectVersion:   Dev-Framework (CFFC743F-43B0-4480-9391-14DF171D2073): 23
LogDevObjectVersion:   Dev-Mobile (B02B49B5-BB20-44E9-A304-32B752E40360): 0
LogDevObjectVersion:   Dev-Networking (A4E4105C-59A1-49B5-A7C5-40C4547EDFEE): 0
LogDevObjectVersion:   Dev-Online (39C831C9-5AE6-47DC-9A44-9C173E1C8E7C): 0
LogDevObjectVersion:   Dev-Physics (78F01B33-EBEA-4F98-B9B4-84EACCB95AA2): 0
LogDevObjectVersion:   Dev-Platform (6631380F-2D4D-43E0-8009-CF276956A95A): 0
LogDevObjectVersion:   Dev-Rendering (12F88B9F-8875-4AFC-A67C-D90C383ABD29): 15
LogDevObjectVersion:   Dev-Sequencer (7B5AE74C-D270-4C10-A958-57980B212A5A): 4
LogDevObjectVersion:   Dev-VR (D7296918-1DD6-4BDD-9DE2-64A83CC13884): 0
LogDevObjectVersion:   Dev-LoadTimes (C2A15278-BFE7-4AFE-6C17-90FF531DF755): 1
LogDevObjectVersion:   Private-Geometry (6EACA3D4-40EC-4CC1-B786-8BED09428FC5): 1
LogDevObjectVersion:   Dev-AnimPhys (29E575DD-E0A3-4627-9D10-D276232CDCEA): 3
LogInit: Compiled (64-bit): Jul 28 2017 11:49:47
LogInit: Compiled with Visual C++: 19.00.24215.01
LogInit: Build Configuration: Development
LogInit: Branch Name: ++UE4+Release-4.16
LogInit: Command line:  
LogInit: Base directory: D:/Program Files (x86)/Epic Games/UE_4.16/Engine/Binaries/Win64/
LogInit: Installed Engine Build: 1
LogInit: Presizing for max 8388607 objects, including 0 objects not considered by GC, pre-allocating 0 bytes for permanent pool.
LogInit: Object subsystem initialized
[2020.01.23-22.21.34:627][  0]LogInit: Selected Device Profile: [Windows]
[2020.01.23-22.21.34:627][  0]LogInit: Applying CVar settings loaded from the selected device profile: [Windows]
[2020.01.23-22.21.34:636][  0]LogInit: Computer: DESKTOP-JHFJI5B
[2020.01.23-22.21.34:636][  0]LogInit: User: DiegoTrapiello
[2020.01.23-22.21.34:636][  0]LogInit: CPU Page size=4096, Cores=4
[2020.01.23-22.21.34:636][  0]LogInit: High frequency timer resolution =3.914064 MHz
[2020.01.23-22.21.34:636][  0]LogMemory: Memory total: Physical=16.0GB (16GB approx)
[2020.01.23-22.21.34:636][  0]LogMemory: Platform Memory Stats for Windows
[2020.01.23-22.21.34:636][  0]LogMemory: Process Physical Memory: 274.51 MB used, 274.51 MB peak
[2020.01.23-22.21.34:636][  0]LogMemory: Process Virtual Memory: 262.97 MB used, 262.97 MB peak
[2020.01.23-22.21.34:636][  0]LogMemory: Physical Memory: 7812.37 MB used,  8531.05 MB free, 16343.42 MB total
[2020.01.23-22.21.34:636][  0]LogMemory: Virtual Memory: 4757.65 MB used,  8531.05 MB free, 134217728.00 MB total
[2020.01.23-22.21.34:706][  0]LogInit: Overriding language with editor language configuration option (en).
[2020.01.23-22.21.34:706][  0]LogInit: Overriding locale with editor locale configuration option (en).
[2020.01.23-22.21.35:688][  0]LogD3D11RHI: D3D11 adapters:
[2020.01.23-22.21.35:767][  0]LogD3D11RHI:    0. 'NVIDIA GeForce GTX 1070' (Feature Level 11_0)
[2020.01.23-22.21.35:767][  0]LogD3D11RHI:       8088/0/8171 MB DedicatedVideo/DedicatedSystem/SharedSystem, Outputs:1, VendorId:0x10de
[2020.01.23-22.21.35:769][  0]LogD3D11RHI:    1. 'Microsoft Basic Render Driver' (Feature Level 11_0)
[2020.01.23-22.21.35:769][  0]LogD3D11RHI:       0/0/8171 MB DedicatedVideo/DedicatedSystem/SharedSystem, Outputs:0, VendorId:0x1414
[2020.01.23-22.21.35:769][  0]LogD3D11RHI: Chosen D3D11 Adapter: 0
[2020.01.23-22.21.35:777][  0]LogD3D11RHI: Creating new Direct3DDevice
[2020.01.23-22.21.35:777][  0]LogD3D11RHI:     GPU DeviceId: 0x1b81 (for the marketing name, search the web for "GPU Device Id")
[2020.01.23-22.21.35:777][  0]LogWindows: EnumDisplayDevices:
[2020.01.23-22.21.35:777][  0]LogWindows:    0. 'NVIDIA GeForce GTX 1070' (P:1 D:1)
[2020.01.23-22.21.35:777][  0]LogWindows:    1. 'NVIDIA GeForce GTX 1070' (P:0 D:0)
[2020.01.23-22.21.35:777][  0]LogWindows:    2. 'NVIDIA GeForce GTX 1070' (P:0 D:0)
[2020.01.23-22.21.35:777][  0]LogWindows:    3. 'NVIDIA GeForce GTX 1070' (P:0 D:0)
[2020.01.23-22.21.35:777][  0]LogWindows: DebugString: GetVideoDriverDetailsInvalid PrimaryIsNotTheChoosenAdapter GetVideoDriverDetailsInvalid PrimaryIsNotTheChoosenAdapter GetVideoDriverDetailsInvalid PrimaryIsNotTheChoosenAdapter GetVideoDriverDetailsInvalid PrimaryIsNotTheChoosenAdapter FoundDriverCount:0 
[2020.01.23-22.21.35:778][  0]LogD3D11RHI:     Adapter Name: NVIDIA GeForce GTX 1070
[2020.01.23-22.21.35:778][  0]LogD3D11RHI:   Driver Version: Unknown (internal:Unknown, unified:Unknown)
[2020.01.23-22.21.35:778][  0]LogD3D11RHI:      Driver Date: Unknown
[2020.01.23-22.21.35:778][  0]LogRHI: Texture pool is 1361 MB (70% of 1945 MB)
[2020.01.23-22.21.35:836][  0]LogD3D11RHI: Async texture creation enabled
[2020.01.23-22.21.35:855][  0]LogD3D11RHI: GPU Timing Frequency: 1000.000000 (Debug: 2 1)
[2020.01.23-22.21.35:856][  0]LogShaderCompilers: Guid format shader working directory is -43 characters bigger than the processId version (../../../../../../Diego Trapiello/Documents/Unreal Projects/videojuego_shooter/EntregaJuegoUnreal2/Intermediate/Shaders/WorkingDirectory/20348/).
[2020.01.23-22.21.35:857][  0]LogShaderCompilers: Cleaned the shader compiler working directory 'C:/Users/Diego Trapiello/AppData/Local/Temp/UnrealShaderWorkingDir/D2AE2A3949F2FD9BBCAD7EAF9FF07E85/'.
[2020.01.23-22.21.35:857][  0]LogShaderCompilers:Display: Using Local Shader Compiler.
[2020.01.23-22.21.36:785][  0]LogTemp:Display: Loaded TP AllDesktopTargetPlatform
[2020.01.23-22.21.36:840][  0]LogTemp:Display: Loaded TP MacClientTargetPlatform
[2020.01.23-22.21.36:895][  0]LogTemp:Display: Loaded TP MacNoEditorTargetPlatform
[2020.01.23-22.21.36:952][  0]LogTemp:Display: Loaded TP MacServerTargetPlatform
[2020.01.23-22.21.37:008][  0]LogTemp:Display: Loaded TP MacTargetPlatform
[2020.01.23-22.21.37:066][  0]LogTemp:Display: Loaded TP WindowsClientTargetPlatform
[2020.01.23-22.21.37:125][  0]LogTemp:Display: Loaded TP WindowsNoEditorTargetPlatform
[2020.01.23-22.21.37:184][  0]LogTemp:Display: Loaded TP WindowsServerTargetPlatform
[2020.01.23-22.21.37:234][  0]LogTemp:Display: Loaded TP WindowsTargetPlatform
[2020.01.23-22.21.37:289][  0]LogTemp:Display: Loaded TP AndroidTargetPlatform
[2020.01.23-22.21.37:345][  0]LogTemp:Display: Loaded TP Android_ASTCTargetPlatform
[2020.01.23-22.21.37:400][  0]LogTemp:Display: Loaded TP Android_ATCTargetPlatform
[2020.01.23-22.21.37:454][  0]LogTemp:Display: Loaded TP Android_DXTTargetPlatform
[2020.01.23-22.21.37:507][  0]LogTemp:Display: Loaded TP Android_ETC1TargetPlatform
[2020.01.23-22.21.37:565][  0]LogTemp:Display: Loaded TP Android_ETC2TargetPlatform
[2020.01.23-22.21.37:672][  0]LogTemp:Display: Loaded TP Android_MultiTargetPlatform
[2020.01.23-22.21.37:672][  0]LogTemp:Display: Loaded TP Android_PVRTCTargetPlatform
[2020.01.23-22.21.37:718][  0]LogTemp:Display: Loaded TP HTML5TargetPlatform
[2020.01.23-22.21.37:821][  0]LogTemp:Display: Loaded TP IOSTargetPlatform
[2020.01.23-22.21.37:848][  0]LogTemp:Display: Loaded TP TVOSTargetPlatform
[2020.01.23-22.21.37:901][  0]LogTemp:Display: Loaded TP LinuxClientTargetPlatform
[2020.01.23-22.21.37:955][  0]LogTemp:Display: Loaded TP LinuxNoEditorTargetPlatform
[2020.01.23-22.21.38:014][  0]LogTemp:Display: Loaded TP LinuxServerTargetPlatform
[2020.01.23-22.21.38:067][  0]LogTemp:Display: Loaded TP LinuxTargetPlatform
[2020.01.23-22.21.38:067][  0]LogTargetPlatformManager:Display: Building Assets For Windows
[2020.01.23-22.21.38:588][  0]LogDerivedDataCache:Display: Max Cache Size: 512 MB
[2020.01.23-22.21.38:657][  0]LogDerivedDataCache: Loaded boot cache 0.07s 90MB C:/Users/Diego Trapiello/AppData/Local/UnrealEngine/4.16/DerivedDataCache/Boot.ddc.
[2020.01.23-22.21.38:657][  0]LogDerivedDataCache:Display: Loaded Boot cache: C:/Users/Diego Trapiello/AppData/Local/UnrealEngine/4.16/DerivedDataCache/Boot.ddc
[2020.01.23-22.21.38:657][  0]LogDerivedDataCache: FDerivedDataBackendGraph:  Pak pak cache file ../../../../../../Diego Trapiello/Documents/Unreal Projects/videojuego_shooter/EntregaJuegoUnreal2/DerivedDataCache/DDC.ddp not found, will not use a pak cache.
[2020.01.23-22.21.38:657][  0]LogDerivedDataCache: Unable to find inner node Pak for hierarchical cache Hierarchy.
[2020.01.23-22.21.38:657][  0]LogDerivedDataCache: FDerivedDataBackendGraph:  CompressedPak pak cache file ../../../../../../Diego Trapiello/Documents/Unreal Projects/videojuego_shooter/EntregaJuegoUnreal2/DerivedDataCache/Compressed.ddp not found, will not use a pak cache.
[2020.01.23-22.21.38:657][  0]LogDerivedDataCache: Unable to find inner node CompressedPak for hierarchical cache Hierarchy.
[2020.01.23-22.21.38:670][  0]LogDerivedDataCache:Display: Pak cache opened for reading ../../../Engine/DerivedDataCache/Compressed.ddp.
[2020.01.23-22.21.38:682][  0]LogDerivedDataCache: Using Local data cache path C:/Users/Diego Trapiello/AppData/Local/UnrealEngine/Common/DerivedDataCache: Writable
[2020.01.23-22.21.38:689][  0]LogMaterial: Verifying Global Shaders for PCD3D_SM5
[2020.01.23-22.21.38:689][  0]LogSlate: Using Freetype 2.6.0
[2020.01.23-22.21.38:690][  0]LogSlate: SlateFontCache - WITH_FREETYPE: 1, WITH_HARFBUZZ: 1
[2020.01.23-22.21.38:690][  0]LogSlate: SlateFontCache - WITH_FREETYPE: 1, WITH_HARFBUZZ: 1
[2020.01.23-22.21.39:028][  0]LogInit: Selected Device Profile: [Windows]
[2020.01.23-22.21.39:090][  0]LogContentStreaming: Texture pool size is 0.00 MB
[2020.01.23-22.21.39:246][  0]LogMeshUtilities: Using QuadricMeshReduction for automatic static mesh reduction
[2020.01.23-22.21.39:293][  0]LogSimplygon: Simplygon DLL not present - disabling.
[2020.01.23-22.21.39:357][  0]LogMeshUtilities: Using SimplygonSwarm for distributed automatic mesh merging
[2020.01.23-22.21.39:357][  0]LogMeshUtilities: No automatic skeletal mesh reduction module available
[2020.01.23-22.21.39:357][  0]LogMeshUtilities: No automatic mesh merging module available
[2020.01.23-22.21.39:905][  0]LogNetVersion: EntregaJuegoUnreal2 , NetCL: 3452394, EngineNetVer: 2, GameNetVer: 0 (Checksum: 2631086534)
[2020.01.23-22.21.39:961][  0]LogAssetRegistry: FAssetRegistry took 0.0244 seconds to start up
[2020.01.23-22.21.40:005][  0]LogPackageLocalizationCache: Processed 4 localized package path(s) for 1 prioritized culture(s) in 0.022129 seconds
[2020.01.23-22.21.40:012][  0]LogUObjectArray: 34194 objects as part of root set at end of initial load.
[2020.01.23-22.21.40:012][  0]LogUObjectAllocator: 7260424 out of 0 bytes used by permanent object pool.
[2020.01.23-22.21.40:012][  0]LogUObjectArray: CloseDisregardForGC: 0/0 objects in disregard for GC pool
[2020.01.23-22.21.40:082][  0]LogInit: WinSock: version 1.1 (2.2), MaxSocks=32767, MaxUdp=65467
[2020.01.23-22.21.42:893][  0]LogTcpMessaging: Initializing TcpMessaging bridge
[2020.01.23-22.21.42:946][  0]LogUdpMessaging: Initializing bridge on interface 0.0.0.0:0 to multicast group 230.0.0.1:6666.
[2020.01.23-22.21.43:597][  0]LogMaterial: Uniform references updated for custom material expression Custom.
[2020.01.23-22.21.44:081][  0]SourceControl: Info Source control is disabled
[2020.01.23-22.21.44:082][  0]SourceControl: Info Source control is disabled
[2020.01.23-22.21.44:147][  0]SourceControl: Info Source control is disabled
[2020.01.23-22.21.44:213][  0]SourceControl: Info Source control is disabled
[2020.01.23-22.21.45:099][  0]LogAndroidPermission: UAndroidPermissionCallbackProxy::GetInstance
[2020.01.23-22.21.45:859][  0]LogEngine: Initializing Engine...
[2020.01.23-22.21.45:860][  0]LogHMD: Failed to initialize OpenVR with code 110
[2020.01.23-22.21.46:026][  0]LogStats: UGameplayTagsManager::ConstructGameplayTagTree: Construct from data asset -  0.000 s
[2020.01.23-22.21.46:026][  0]LogStats: UGameplayTagsManager::ConstructGameplayTagTree: GameplayTagTreeChangedEvent.Broadcast -  0.000 s
[2020.01.23-22.21.46:164][  0]LogAIModule: Creating AISystem for world Untitled
[2020.01.23-22.21.46:208][  0]LogInit: XAudio2 using 'Altavoces (Realtek High Definition Audio)' : 4 channels at 44.1 kHz using 16 bits per sample (channel mask 0x33)
[2020.01.23-22.21.46:269][  0]LogInit: FAudioDevice initialized.
[2020.01.23-22.21.46:307][  0]LogDerivedDataCache: Saved boot cache 0.04s 90MB C:/Users/Diego Trapiello/AppData/Local/UnrealEngine/4.16/DerivedDataCache/Boot.ddc.
[2020.01.23-22.21.46:315][  0]LogInit: Texture streaming: Enabled
[2020.01.23-22.21.46:407][  0]LogEngineSessionManager: EngineSessionManager initialized
[2020.01.23-22.21.46:419][  0]LogEngineSessionManager: EngineSessionManager sent abnormal shutdown report. Type=Crashed, SessionId={040F1674-499F-0762-7DE0-D99A6FF70470}
[2020.01.23-22.21.46:663][  0]LogInit: Transaction tracking system initialized
[2020.01.23-22.21.47:027][  0]BlueprintLog: New page: Editor Load
[2020.01.23-22.21.48:065][  0]LocalizationService: Info Localization service is disabled
[2020.01.23-22.21.48:823][  0]LogConsoleResponse:Display: 
[2020.01.23-22.21.48:953][  0]LogCook:Display: Max memory allowance for cook 16384mb min free memory 0mb
[2020.01.23-22.21.48:953][  0]LogCook:Display: Mobile HDR setting 1
[2020.01.23-22.21.50:174][  0]LogFileCache: Scanning file cache for directory 'D:/Diego Trapiello/Documents/Unreal Projects/videojuego_shooter/EntregaJuegoUnreal2/Content/' took 0.03s
[2020.01.23-22.21.50:224][  0]SourceControl: Info Source control is disabled
[2020.01.23-22.21.50:225][  0]LightingResults: New page: Lighting Build
[2020.01.23-22.21.50:272][  0]MapCheck: New page: Map Check
[2020.01.23-22.21.50:272][  0]LightingResults: New page: Lighting Build
[2020.01.23-22.21.50:320][  0]LogAIModule: Creating AISystem for world MenuPrincipal
[2020.01.23-22.21.50:321][  0]LogEditorServer: Finished looking for orphan Actors (0.000 secs)
[2020.01.23-22.21.50:330][  0]Cmd: MAP CHECKDEP NOCLEARLOG
[2020.01.23-22.21.50:404][  0]MapCheck: Info Map check complete: 0 Error(s), 0 Warning(s), took 73.898ms to complete.
[2020.01.23-22.21.50:404][  0]LogFileHelpers: Loading map 'MenuPrincipal' took 0.180
[2020.01.23-22.21.50:550][  0]LogCollectionManager: Loaded 0 collections in 0.001765 seconds
[2020.01.23-22.21.50:637][  0]LogFileCache: Scanning file cache for directory 'D:/Diego Trapiello/Documents/Unreal Projects/videojuego_shooter/EntregaJuegoUnreal2/Saved/Collections/' took 0.01s
[2020.01.23-22.21.50:637][  0]LogFileCache: Scanning file cache for directory 'D:/Diego Trapiello/Documents/Unreal Projects/videojuego_shooter/EntregaJuegoUnreal2/Content/Developers/DiegoTrapiello/Collections/' took 0.01s
[2020.01.23-22.21.50:637][  0]LogFileCache: Scanning file cache for directory 'D:/Diego Trapiello/Documents/Unreal Projects/videojuego_shooter/EntregaJuegoUnreal2/Content/Collections/' took 0.01s
[2020.01.23-22.21.50:637][  0]LogCollectionManager: Rebuilt the GUID cache for 0 collections in 0.000002 seconds
[2020.01.23-22.21.50:645][  0]LogContentBrowser: Native class hierarchy populated in 0.0078 seconds. Added 2329 classes and 491 folders.
[2020.01.23-22.21.50:712][  0]LogContentBrowser: Native class hierarchy updated for 'WidgetCarousel' in 0.0008 seconds. Added 0 classes and 0 folders.
[2020.01.23-22.21.50:805][  0]LogContentBrowser: Native class hierarchy updated for 'AddContentDialog' in 0.0008 seconds. Added 0 classes and 0 folders.
[2020.01.23-22.21.50:856][  0]LogContentBrowser: Native class hierarchy updated for 'SceneOutliner' in 0.0007 seconds. Added 1 classes and 2 folders.
[2020.01.23-22.21.50:891][  0]LogCrashTracker: Crashtracker disabled due to settings.
[2020.01.23-22.21.50:897][  0]LogSlate: Took 0.000403 seconds to synchronously load lazily loaded font '../../../Engine/Content/Slate/Fonts/Roboto-Regular.ttf' (155K)
[2020.01.23-22.21.50:900][  0]LogSlate: Took 0.000373 seconds to synchronously load lazily loaded font '../../../Engine/Content/Slate/Fonts/Roboto-Bold.ttf' (160K)
[2020.01.23-22.21.50:905][  0]LogSlate: Took 0.000328 seconds to synchronously load lazily loaded font '../../../Engine/Content/Editor/Slate/Fonts/FontAwesome.ttf' (139K)
[2020.01.23-22.21.50:985][  0]LogRenderer: Reallocating scene render targets to support 688x576 NumSamples 1 (Frame:1).
[2020.01.23-22.21.51:054][  0]LogUObjectGlobals:Warning: Failed to find object 'Class None.'
[2020.01.23-22.21.51:125][  0]LogContentBrowser: Native class hierarchy updated for 'HierarchicalLODOutliner' in 0.0008 seconds. Added 1 classes and 2 folders.
[2020.01.23-22.21.51:125][  0]LogLoad: (Engine Initialization) Total time: 18.76 seconds
[2020.01.23-22.21.51:125][  0]LogLoad: (Engine Initialization) Total Blueprint compile time: 0.06 seconds
[2020.01.23-22.21.51:125][  0]LogExternalProfiler: Found external profiler: VSPerf
[2020.01.23-22.21.51:125][  0]LogExternalProfiler: Using external profiler: VSPerf
[2020.01.23-22.21.51:147][  0]LogWindowsTextInputMethodSystem:Display: IME system now deactivated.
[2020.01.23-22.21.51:148][  0]LogOcInput: OculusInput pre-init called
[2020.01.23-22.21.51:148][  0]LogHMD: Starting GearVRController plugin
[2020.01.23-22.21.51:178][  0]LogContentStreaming: Texture pool size now 1000 MB
[2020.01.23-22.21.51:212][  0]LogSlate: Took 0.000282 seconds to synchronously load lazily loaded font '../../../Engine/Content/Slate/Fonts/Roboto-Light.ttf' (159K)
[2020.01.23-22.21.51:244][  1]LogAssetRegistry: Asset discovery search completed in 11.3039 seconds
[2020.01.23-22.21.51:246][  1]LogCollectionManager: Rebuilt the object cache for 0 collections in 0.000000 seconds (found 0 objects)
[2020.01.23-22.21.51:246][  1]LogCollectionManager: Fixed up redirectors for 0 collections in 0.000031 seconds (updated 0 objects)
[2020.01.23-22.21.52:166][106]LogSlate: Took 0.000340 seconds to synchronously load lazily loaded font '../../../Engine/Content/Slate/Fonts/Roboto-Light.ttf' (159K)
[2020.01.23-22.21.56:235][583]LogFileCache: Retrieving MD5 hashes for directory 'D:/Diego Trapiello/Documents/Unreal Projects/videojuego_shooter/EntregaJuegoUnreal2/Content/' took 5.08s
[2020.01.23-22.21.58:902][894]LogSlate: Took 0.000281 seconds to synchronously load lazily loaded font '../../../Engine/Content/Slate/Fonts/Roboto-Light.ttf' (159K)
[2020.01.23-22.21.59:834][894]LogSlate: Took 0.000261 seconds to synchronously load lazily loaded font '../../../Engine/Content/Slate/Fonts/Roboto-Regular.ttf' (155K)
[2020.01.23-22.22.00:309][894]LogLinker:Warning: Can't find file '/Game/cha_unity/Arboles/Texturas/leaves'
[2020.01.23-22.22.00:310][894]LogLinker:Warning: Can't find file for asset '/Game/cha_unity/Arboles/Texturas/leaves' while loading ../../../../../../Diego Trapiello/Documents/Unreal Projects/videojuego_shooter/EntregaJuegoUnreal2/Content/Estructuras/Arboles/Arboles/Tree_FBX.uasset.
[2020.01.23-22.22.00:310][894]LoadErrors:Error: Error /Game/Estructuras/Arboles/Arboles/Tree_FBX : Can't find file for asset. /Game/cha_unity/Arboles/Texturas/leaves
[2020.01.23-22.22.00:310][894]LogLinker:Warning: Can't find file '/Game/cha_unity/Arboles/Texturas/trunk'
[2020.01.23-22.22.00:310][894]LogLinker:Warning: Can't find file for asset '/Game/cha_unity/Arboles/Texturas/trunk' while loading ../../../../../../Diego Trapiello/Documents/Unreal Projects/videojuego_shooter/EntregaJuegoUnreal2/Content/Estructuras/Arboles/Arboles/Tree_FBX.uasset.
[2020.01.23-22.22.00:310][894]LoadErrors:Error: Error /Game/Estructuras/Arboles/Arboles/Tree_FBX : Can't find file for asset. /Game/cha_unity/Arboles/Texturas/trunk
[2020.01.23-22.22.00:310][894]LogLinker:Warning: Can't find file '/Game/cha_unity/Arboles/Texturas/leaves'
[2020.01.23-22.22.00:310][894]LogLinker:Warning: Can't find file for asset '/Game/cha_unity/Arboles/Texturas/leaves' while loading ../../../../../../Diego Trapiello/Documents/Unreal Projects/videojuego_shooter/EntregaJuegoUnreal2/Content/Estructuras/Arboles/Arboles/Tree_FBX.uasset.
[2020.01.23-22.22.00:310][894]LogLinker:Warning: Can't find file '/Game/cha_unity/Arboles/Texturas/trunk'
[2020.01.23-22.22.00:310][894]LogLinker:Warning: Can't find file for asset '/Game/cha_unity/Arboles/Texturas/trunk' while loading ../../../../../../Diego Trapiello/Documents/Unreal Projects/videojuego_shooter/EntregaJuegoUnreal2/Content/Estructuras/Arboles/Arboles/Tree_FBX.uasset.
[2020.01.23-22.22.00:502][894]LogLinker:Warning: Can't find file '/Game/cha_unity/Arboles/Texturas/trunk'
[2020.01.23-22.22.00:502][894]LoadErrors: Info Failed to load /Game/cha_unity/Arboles/Texturas/trunk.trunk Referenced by Tree_FBX
[2020.01.23-22.22.00:502][894]LogLinker:Warning: Can't find file for asset '/Game/cha_unity/Arboles/Texturas/trunk' while loading NULL.
[2020.01.23-22.22.00:502][894]LogLinker:Warning: Can't find file '/Game/cha_unity/Arboles/Texturas/leaves'
[2020.01.23-22.22.00:502][894]LoadErrors: Info Failed to load /Game/cha_unity/Arboles/Texturas/leaves.leaves Referenced by Tree_FBX
[2020.01.23-22.22.00:502][894]LogLinker:Warning: Can't find file for asset '/Game/cha_unity/Arboles/Texturas/leaves' while loading NULL.
[2020.01.23-22.22.01:317][894]LogAIModule: Creating AISystem for world FirstPersonExampleMap
[2020.01.23-22.22.01:400][894]LightingResults: New page: Lighting Build
[2020.01.23-22.22.01:400][894]LoadErrors: New page: Loading map: FirstPersonExampleMap.umap
[2020.01.23-22.22.01:415][894]MapCheck: New page: Map Check
[2020.01.23-22.22.01:415][894]LightingResults: New page: Lighting Build
[2020.01.23-22.22.01:450][894]LogEditorServer: Finished looking for orphan Actors (0.000 secs)
[2020.01.23-22.22.01:506][894]Cmd: MAP CHECKDEP NOCLEARLOG
[2020.01.23-22.22.01:670][894]MapCheck: Info Map check complete: 0 Error(s), 0 Warning(s), took 164.485ms to complete.
[2020.01.23-22.22.01:671][894]LogFileHelpers: Loading map 'FirstPersonExampleMap' took 0.273
[2020.01.23-22.22.10:560][870]LogContentBrowser: Native class hierarchy updated for 'BlueprintGraph' in 0.0011 seconds. Added 112 classes and 0 folders.
[2020.01.23-22.22.11:140][870]LogSlate: Took 0.000306 seconds to synchronously load lazily loaded font '../../../Engine/Content/Editor/Slate/Fonts/Roboto-BoldCondensed.ttf' (158K)
[2020.01.23-22.22.12:470][983]LogRenderer: Reallocating scene render targets to support 688x696 NumSamples 1 (Frame:1).
[2020.01.23-22.22.15:724][273]LogSlate: Took 0.000324 seconds to synchronously load lazily loaded font '../../../Engine/Content/Editor/Slate/Fonts/Roboto-Italic.ttf' (157K)
[2020.01.23-22.23.05:121][ 47]BlueprintLog: New page: Compile Bala_Cohete
[2020.01.23-22.23.05:708][ 78]LogSavePackage: Save=24.15ms
[2020.01.23-22.23.05:708][ 78]LogSavePackage: Moving '../../../../../../Diego Trapiello/Documents/Unreal Projects/videojuego_shooter/EntregaJuegoUnreal2/Saved/Bala_Cohete7C831DBC4760053982DB30ADF4572BD4.tmp' to '../../../../../../Diego Trapiello/Documents/Unreal Projects/videojuego_shooter/EntregaJuegoUnreal2/Content/Guns/Balas/Bala_Cohete.uasset'
[2020.01.23-22.23.05:714][ 78]LogSavePackage:Display: Finished SavePackage ../../../../../../Diego Trapiello/Documents/Unreal Projects/videojuego_shooter/EntregaJuegoUnreal2/Content/Guns/Balas/Bala_Cohete.uasset
[2020.01.23-22.23.17:849][406]LogSavePackage: Save=22.60ms
[2020.01.23-22.23.17:849][406]LogSavePackage: Moving '../../../../../../Diego Trapiello/Documents/Unreal Projects/videojuego_shooter/EntregaJuegoUnreal2/Saved/Bala_Cohete3FB9EE144295FCB7A9354F8330498A0C.tmp' to '../../../../../../Diego Trapiello/Documents/Unreal Projects/videojuego_shooter/EntregaJuegoUnreal2/Content/Guns/Balas/Bala_Cohete.uasset'
[2020.01.23-22.23.17:852][406]LogSavePackage:Display: Finished SavePackage ../../../../../../Diego Trapiello/Documents/Unreal Projects/videojuego_shooter/EntregaJuegoUnreal2/Content/Guns/Balas/Bala_Cohete.uasset
[2020.01.23-22.23.19:867][620]LogTemp: Repeting last play command: Selected Viewport
[2020.01.23-22.23.19:941][620]LogBlueprintUserMessages: Early PlayInEditor Detection: Level '/Game/FirstPersonBP/Maps/FirstPersonExampleMap.FirstPersonExampleMap:PersistentLevel' has LevelScriptBlueprint '/Game/FirstPersonBP/Maps/FirstPersonExampleMap.FirstPersonExampleMap:PersistentLevel.FirstPersonExampleMap' with GeneratedClass '/Game/FirstPersonBP/Maps/FirstPersonExampleMap.FirstPersonExampleMap_C' with ClassGeneratedBy '/Game/FirstPersonBP/Maps/FirstPersonExampleMap.FirstPersonExampleMap:PersistentLevel.FirstPersonExampleMap'
[2020.01.23-22.23.19:941][620]LogPlayLevel: PlayLevel: No blueprints needed recompiling
[2020.01.23-22.23.19:942][620]PIE: New page: PIE session: FirstPersonExampleMap (Jan 24, 2020, 12:23:19 AM)
[2020.01.23-22.23.19:942][620]LogPlayLevel: Creating play world package: /Game/FirstPersonBP/Maps/UEDPIE_0_FirstPersonExampleMap
[2020.01.23-22.23.19:976][620]LogPlayLevel: PIE: StaticDuplicateObject took: (0.034316s)
[2020.01.23-22.23.19:977][620]LogAIModule: Creating AISystem for world FirstPersonExampleMap
[2020.01.23-22.23.19:977][620]LogPlayLevel: PIE: World Init took: (0.000802s)
[2020.01.23-22.23.19:978][620]LogPlayLevel: PIE: Created PIE world by copying editor world from /Game/FirstPersonBP/Maps/FirstPersonExampleMap.FirstPersonExampleMap to /Game/FirstPersonBP/Maps/UEDPIE_0_FirstPersonExampleMap.FirstPersonExampleMap (0.035652s)
[2020.01.23-22.23.20:048][620]LogInit: XAudio2 using 'Altavoces (Realtek High Definition Audio)' : 4 channels at 44.1 kHz using 16 bits per sample (channel mask 0x33)
[2020.01.23-22.23.20:102][620]LogInit: FAudioDevice initialized.
[2020.01.23-22.23.20:142][620]LogLoad: Game class is 'FirstPersonGameMode_C'
[2020.01.23-22.23.20:149][620]LogWorld: Bringing World /Game/FirstPersonBP/Maps/UEDPIE_0_FirstPersonExampleMap.FirstPersonExampleMap up for play (max tick rate 0) at 2020.01.23-23.23.20
[2020.01.23-22.23.20:150][620]LogWorld: Bringing up level for play took: 0.005925
[2020.01.23-22.23.20:201][620]LogContentBrowser: Native class hierarchy updated for 'MovieSceneCapture' in 0.0008 seconds. Added 11 classes and 0 folders.
[2020.01.23-22.23.20:205][620]PIE: Info Play in editor start time for /Game/FirstPersonBP/Maps/UEDPIE_0_FirstPersonExampleMap 0.609
[2020.01.23-22.23.20:205][620]LogBlueprintUserMessages: Late PlayInEditor Detection: Level '/Game/FirstPersonBP/Maps/FirstPersonExampleMap.FirstPersonExampleMap:PersistentLevel' has LevelScriptBlueprint '/Game/FirstPersonBP/Maps/FirstPersonExampleMap.FirstPersonExampleMap:PersistentLevel.FirstPersonExampleMap' with GeneratedClass '/Game/FirstPersonBP/Maps/FirstPersonExampleMap.FirstPersonExampleMap_C' with ClassGeneratedBy '/Game/FirstPersonBP/Maps/FirstPersonExampleMap.FirstPersonExampleMap:PersistentLevel.FirstPersonExampleMap'
[2020.01.23-22.23.21:871][776]LogBlueprintUserMessages: [SpawnerZombieSimple_308] COMPROBAR
[2020.01.23-22.23.23:870][978]LogBlueprintUserMessages: [SpawnerZombieSimple2_794] COMPROBAR
[2020.01.23-22.23.25:873][209]LogBlueprintUserMessages: [SpawnerZombieSimple3_1031] COMPROBAR
[2020.01.23-22.23.27:871][425]LogBlueprintUserMessages: [SpawnerZombieSimple4_1283] COMPROBAR
[2020.01.23-22.23.34:666][143]LogBlueprintUserMessages: [Gun_Pistol_C_0] Finished
[2020.01.23-22.23.36:076][250]LogBlueprintUserMessages: [Gun_Pistol_C_0] Finished
[2020.01.23-22.23.37:797][389]LogBlueprintUserMessages: [Gun_Pistol_C_0] Finished
[2020.01.23-22.23.39:834][565]LogBlueprintUserMessages: [Gun_Pistol_C_0] Finished
[2020.01.23-22.23.41:675][703]LogBlueprintUserMessages: [Gun_Pistol_C_0] Finished
[2020.01.23-22.23.44:068][930]LogBlueprintUserMessages: [Gun_Pistol_C_0] Finished
[2020.01.23-22.23.44:949][ 16]LogBlueprintUserMessages: [Gun_Pistol_C_0] Finished
[2020.01.23-22.23.45:588][ 73]LogBlueprintUserMessages: [Gun_Pistol_C_0] Finished
[2020.01.23-22.23.45:786][ 86]LogBlueprintUserMessages: [Gun_Pistol_C_0] Finished
[2020.01.23-22.23.46:028][100]LogBlueprintUserMessages: [Gun_Pistol_C_0] Finished
[2020.01.23-22.23.46:205][110]LogBlueprintUserMessages: [Gun_Pistol_C_0] Finished
[2020.01.23-22.23.46:436][123]LogBlueprintUserMessages: [Gun_Pistol_C_0] Finished
[2020.01.23-22.23.46:674][136]LogBlueprintUserMessages: [Gun_Pistol_C_0] Finished
[2020.01.23-22.23.47:083][159]LogBlueprintUserMessages: [Gun_Pistol_C_0] Finished
[2020.01.23-22.23.47:281][176]LogBlueprintUserMessages: [Gun_Pistol_C_0] Finished
[2020.01.23-22.23.51:202][500]LogBlueprintUserMessages: [Gun_Pistol_C_0] Finished
[2020.01.23-22.23.52:336][584]LogBlueprintUserMessages: [Gun_Pistol_C_0] Finished
[2020.01.23-22.23.53:740][687]LogBlueprintUserMessages: [Gun_Pistol_C_0] Finished
[2020.01.23-22.23.54:167][718]LogBlueprintUserMessages: [Gun_Pistol_C_0] Finished
[2020.01.23-22.23.54:320][729]LogBlueprintUserMessages: [Gun_Pistol_C_0] Finished
[2020.01.23-22.23.54:487][741]LogBlueprintUserMessages: [Gun_Pistol_C_0] Finished
[2020.01.23-22.23.55:234][795]LogBlueprintUserMessages: Early EndPlayMap Detection: Level '/Game/FirstPersonBP/Maps/FirstPersonExampleMap.FirstPersonExampleMap:PersistentLevel' has LevelScriptBlueprint '/Game/FirstPersonBP/Maps/FirstPersonExampleMap.FirstPersonExampleMap:PersistentLevel.FirstPersonExampleMap' with GeneratedClass '/Game/FirstPersonBP/Maps/FirstPersonExampleMap.FirstPersonExampleMap_C' with ClassGeneratedBy '/Game/FirstPersonBP/Maps/FirstPersonExampleMap.FirstPersonExampleMap:PersistentLevel.FirstPersonExampleMap'
[2020.01.23-22.23.55:283][795]LogBlueprintUserMessages: Late EndPlayMap Detection: Level '/Game/FirstPersonBP/Maps/FirstPersonExampleMap.FirstPersonExampleMap:PersistentLevel' has LevelScriptBlueprint '/Game/FirstPersonBP/Maps/FirstPersonExampleMap.FirstPersonExampleMap:PersistentLevel.FirstPersonExampleMap' with GeneratedClass '/Game/FirstPersonBP/Maps/FirstPersonExampleMap.FirstPersonExampleMap_C' with ClassGeneratedBy '/Game/FirstPersonBP/Maps/FirstPersonExampleMap.FirstPersonExampleMap:PersistentLevel.FirstPersonExampleMap'
[2020.01.23-22.26.41:263][164]BlueprintLog: New page: Compile Gun_Parent
[2020.01.23-22.26.42:855][229]Cmd: OBJ SAVEPACKAGE PACKAGE="/Game/Guns/Gun_Parent" FILE="../../../../../../Diego Trapiello/Documents/Unreal Projects/videojuego_shooter/EntregaJuegoUnreal2/Content/Guns/Gun_Parent.uasset" SILENT=true
[2020.01.23-22.26.42:943][229]LogSavePackage: Save=76.39ms
[2020.01.23-22.26.42:943][229]LogSavePackage: Moving '../../../../../../Diego Trapiello/Documents/Unreal Projects/videojuego_shooter/EntregaJuegoUnreal2/Saved/Gun_ParentBFD907734130937F325915BCB49B4BCF.tmp' to '../../../../../../Diego Trapiello/Documents/Unreal Projects/videojuego_shooter/EntregaJuegoUnreal2/Content/Guns/Gun_Parent.uasset'
[2020.01.23-22.26.42:948][229]LogSavePackage:Display: Finished SavePackage ../../../../../../Diego Trapiello/Documents/Unreal Projects/videojuego_shooter/EntregaJuegoUnreal2/Content/Guns/Gun_Parent.uasset
[2020.01.23-22.26.48:567][776]LogTemp: Repeting last play command: Selected Viewport
[2020.01.23-22.26.48:592][776]LogBlueprintUserMessages: Early PlayInEditor Detection: Level '/Game/FirstPersonBP/Maps/FirstPersonExampleMap.FirstPersonExampleMap:PersistentLevel' has LevelScriptBlueprint '/Game/FirstPersonBP/Maps/FirstPersonExampleMap.FirstPersonExampleMap:PersistentLevel.FirstPersonExampleMap' with GeneratedClass '/Game/FirstPersonBP/Maps/FirstPersonExampleMap.FirstPersonExampleMap_C' with ClassGeneratedBy '/Game/FirstPersonBP/Maps/FirstPersonExampleMap.FirstPersonExampleMap:PersistentLevel.FirstPersonExampleMap'
[2020.01.23-22.26.48:592][776]LogPlayLevel: PlayLevel: No blueprints needed recompiling
[2020.01.23-22.26.48:592][776]PIE: New page: PIE session: FirstPersonExampleMap (Jan 24, 2020, 12:26:48 AM)
[2020.01.23-22.26.48:592][776]LogPlayLevel: Creating play world package: /Game/FirstPersonBP/Maps/UEDPIE_0_FirstPersonExampleMap
[2020.01.23-22.26.48:629][776]LogPlayLevel: PIE: StaticDuplicateObject took: (0.036883s)
[2020.01.23-22.26.48:630][776]LogAIModule: Creating AISystem for world FirstPersonExampleMap
[2020.01.23-22.26.48:630][776]LogPlayLevel: PIE: World Init took: (0.001003s)
[2020.01.23-22.26.48:630][776]LogPlayLevel: PIE: Created PIE world by copying editor world from /Game/FirstPersonBP/Maps/FirstPersonExampleMap.FirstPersonExampleMap to /Game/FirstPersonBP/Maps/UEDPIE_0_FirstPersonExampleMap.FirstPersonExampleMap (0.038329s)
[2020.01.23-22.26.48:689][776]LogInit: XAudio2 using 'Altavoces (Realtek High Definition Audio)' : 4 channels at 44.1 kHz using 16 bits per sample (channel mask 0x33)
[2020.01.23-22.26.48:744][776]LogInit: FAudioDevice initialized.
[2020.01.23-22.26.48:777][776]LogLoad: Game class is 'FirstPersonGameMode_C'
[2020.01.23-22.26.48:784][776]LogWorld: Bringing World /Game/FirstPersonBP/Maps/UEDPIE_0_FirstPersonExampleMap.FirstPersonExampleMap up for play (max tick rate 0) at 2020.01.23-23.26.48
[2020.01.23-22.26.48:784][776]LogWorld: Bringing up level for play took: 0.005934
[2020.01.23-22.26.48:789][776]PIE: Info Play in editor start time for /Game/FirstPersonBP/Maps/UEDPIE_0_FirstPersonExampleMap 1.193
[2020.01.23-22.26.48:789][776]LogBlueprintUserMessages: Late PlayInEditor Detection: Level '/Game/FirstPersonBP/Maps/FirstPersonExampleMap.FirstPersonExampleMap:PersistentLevel' has LevelScriptBlueprint '/Game/FirstPersonBP/Maps/FirstPersonExampleMap.FirstPersonExampleMap:PersistentLevel.FirstPersonExampleMap' with GeneratedClass '/Game/FirstPersonBP/Maps/FirstPersonExampleMap.FirstPersonExampleMap_C' with ClassGeneratedBy '/Game/FirstPersonBP/Maps/FirstPersonExampleMap.FirstPersonExampleMap:PersistentLevel.FirstPersonExampleMap'
[2020.01.23-22.26.50:562][926]LogBlueprintUserMessages: [SpawnerZombieSimple_308] COMPROBAR
[2020.01.23-22.26.51:220][989]LogBlueprintUserMessages: [Gun_Pistol_C_0] Finished
[2020.01.23-22.26.52:558][114]LogBlueprintUserMessages: [SpawnerZombieSimple2_794] COMPROBAR
[2020.01.23-22.26.53:902][248]LogBlueprintUserMessages: [Gun_Pistol_C_0] Finished
[2020.01.23-22.26.54:556][307]LogBlueprintUserMessages: [SpawnerZombieSimple3_1031] COMPROBAR
[2020.01.23-22.26.55:546][419]LogBlueprintUserMessages: [Gun_Pistol_C_0] Finished
[2020.01.23-22.26.56:562][526]LogBlueprintUserMessages: [SpawnerZombieSimple4_1283] COMPROBAR
[2020.01.23-22.26.56:761][545]LogBlueprintUserMessages: [Gun_Pistol_C_0] Finished
[2020.01.23-22.26.58:194][696]LogBlueprintUserMessages: [Gun_Pistol_C_0] Finished
[2020.01.23-22.26.59:488][830]LogBlueprintUserMessages: [Gun_Pistol_C_0] Finished
[2020.01.23-22.27.00:155][895]LogBlueprintUserMessages: [Gun_Pistol_C_0] Finished
[2020.01.23-22.27.04:355][271]LogBlueprintUserMessages: [Gun_Pistol_C_0] Finished
[2020.01.23-22.27.06:034][398]LogBlueprintUserMessages: [Gun_Pistol_C_0] Finished
[2020.01.23-22.27.07:930][542]LogBlueprintUserMessages: [Gun_Pistol_C_0] Finished
[2020.01.23-22.27.08:848][614]LogBlueprintUserMessages: [Gun_Pistol_C_0] Finished
[2020.01.23-22.27.09:839][688]LogBlueprintUserMessages: [Gun_Pistol_C_0] Finished
[2020.01.23-22.27.10:842][752]LogBlueprintUserMessages: [Gun_Pistol_C_0] Finished
[2020.01.23-22.27.12:398][888]LogBlueprintUserMessages: [Gun_Pistol_C_0] Finished
[2020.01.23-22.27.13:656][ 29]LogBlueprintUserMessages: [Gun_Pistol_C_0] Finished
[2020.01.23-22.27.14:536][122]LogBlueprintUserMessages: [Gun_Pistol_C_0] Finished
[2020.01.23-22.27.16:265][291]LogBlueprintUserMessages: [Gun_Pistol_C_0] Finished
[2020.01.23-22.27.17:605][436]LogBlueprintUserMessages: [Gun_Pistol_C_0] Finished
[2020.01.23-22.27.18:544][533]LogBlueprintUserMessages: [Gun_Pistol_C_0] Finished
[2020.01.23-22.27.19:319][613]LogBlueprintUserMessages: [Gun_Pistol_C_0] Finished
[2020.01.23-22.27.19:986][674]LogBlueprintUserMessages: [Gun_Pistol_C_0] Finished
[2020.01.23-22.27.20:628][740]LogBlueprintUserMessages: [Gun_Pistol_C_0] Finished
[2020.01.23-22.27.22:761][955]LogBlueprintUserMessages: [Gun_Pistol_C_0] Finished
[2020.01.23-22.27.23:784][ 59]LogBlueprintUserMessages: [Gun_Pistol_C_0] Finished
[2020.01.23-22.27.24:572][142]LogBlueprintUserMessages: [Gun_Pistol_C_0] Finished
[2020.01.23-22.27.26:046][270]LogBlueprintUserMessages: [Gun_Pistol_C_0] Finished
[2020.01.23-22.27.27:124][340]LogBlueprintUserMessages: [Gun_Pistol_C_0] Finished
[2020.01.23-22.27.27:846][386]LogBlueprintUserMessages: [Gun_Pistol_C_0] Finished
[2020.01.23-22.27.28:922][470]LogBlueprintUserMessages: [Gun_Pistol_C_0] Finished
[2020.01.23-22.27.31:854][685]LogBlueprintUserMessages: [Gun_Pistol_C_0] Finished
[2020.01.23-22.27.34:071][858]LogBlueprintUserMessages: [Gun_Pistol_C_0] Finished
[2020.01.23-22.27.35:701][996]LogBlueprintUserMessages: [Gun_Pistol_C_0] Finished
[2020.01.23-22.27.36:751][100]LogBlueprintUserMessages: [Gun_Pistol_C_0] Finished
[2020.01.23-22.27.37:756][198]LogBlueprintUserMessages: Early EndPlayMap Detection: Level '/Game/FirstPersonBP/Maps/FirstPersonExampleMap.FirstPersonExampleMap:PersistentLevel' has LevelScriptBlueprint '/Game/FirstPersonBP/Maps/FirstPersonExampleMap.FirstPersonExampleMap:PersistentLevel.FirstPersonExampleMap' with GeneratedClass '/Game/FirstPersonBP/Maps/FirstPersonExampleMap.FirstPersonExampleMap_C' with ClassGeneratedBy '/Game/FirstPersonBP/Maps/FirstPersonExampleMap.FirstPersonExampleMap:PersistentLevel.FirstPersonExampleMap'
[2020.01.23-22.27.37:800][198]LogBlueprintUserMessages: Late EndPlayMap Detection: Level '/Game/FirstPersonBP/Maps/FirstPersonExampleMap.FirstPersonExampleMap:PersistentLevel' has LevelScriptBlueprint '/Game/FirstPersonBP/Maps/FirstPersonExampleMap.FirstPersonExampleMap:PersistentLevel.FirstPersonExampleMap' with GeneratedClass '/Game/FirstPersonBP/Maps/FirstPersonExampleMap.FirstPersonExampleMap_C' with ClassGeneratedBy '/Game/FirstPersonBP/Maps/FirstPersonExampleMap.FirstPersonExampleMap:PersistentLevel.FirstPersonExampleMap'
[2020.01.23-22.32.06:536][605]LogEditorViewport: Clicking on Actor (LMB): StaticMeshActor (Floor)
[2020.01.23-22.32.07:717][679]LogWindowsTextInputMethodSystem:Display: IME system now deactivated.
[2020.01.23-22.32.08:063][680]Cmd: QUIT_EDITOR
[2020.01.23-22.32.09:138][680]LogExit: Preparing to exit.
[2020.01.23-22.32.09:609][680]LogDirectoryWatcher: A directory notification for 'D:/Diego Trapiello/Documents/Unreal Projects/videojuego_shooter/EntregaJuegoUnreal2/Content/' was aborted.
[2020.01.23-22.32.09:814][680]LogExit: Editor shut down
[2020.01.23-22.32.09:818][680]LogExit: Transaction tracking system shut down
[2020.01.23-22.32.09:936][680]LogObj: Freed 0b from 0 cluster array pools.
[2020.01.23-22.32.09:936][680]LogExit: Object subsystem successfully closed.
[2020.01.23-22.32.09:966][680]LogD3D11RHI: Shutdown
[2020.01.23-22.32.09:966][680]LogD3D11RHI: CleanupD3DDevice
[2020.01.23-22.32.10:313][680]LogD3D11RHI: ~FD3D11DynamicRHI
[2020.01.23-22.32.10:347][680]LogModuleManager: Shutting down and abandoning module MovieSceneCapture (530)
[2020.01.23-22.32.10:347][680]LogModuleManager: Shutting down and abandoning module BlueprintGraph (528)
[2020.01.23-22.32.10:347][680]LogModuleManager: Shutting down and abandoning module BlueprintProfiler (526)
[2020.01.23-22.32.10:347][680]LogModuleManager: Shutting down and abandoning module HierarchicalLODOutliner (524)
[2020.01.23-22.32.10:347][680]LogModuleManager: Shutting down and abandoning module CrashTracker (522)
[2020.01.23-22.32.10:347][680]LogModuleManager: Shutting down and abandoning module SceneOutliner (520)
[2020.01.23-22.32.10:347][680]LogModuleManager: Shutting down and abandoning module AddContentDialog (518)
[2020.01.23-22.32.10:347][680]LogDirectoryWatcher: A directory notification for 'D:/Program Files (x86)/Epic Games/UE_4.16/FeaturePacks/' was aborted.
[2020.01.23-22.32.10:349][680]LogModuleManager: Shutting down and abandoning module WidgetCarousel (517)
[2020.01.23-22.32.10:349][680]LogModuleManager: Shutting down and abandoning module EditorWidgets (514)
[2020.01.23-22.32.10:349][680]LogModuleManager: Shutting down and abandoning module CollectionManager (512)
[2020.01.23-22.32.10:349][680]LogDirectoryWatcher: A directory notification for 'D:/Diego Trapiello/Documents/Unreal Projects/videojuego_shooter/EntregaJuegoUnreal2/Content/Collections/' was aborted.
[2020.01.23-22.32.10:349][680]LogDirectoryWatcher: A directory notification for 'D:/Diego Trapiello/Documents/Unreal Projects/videojuego_shooter/EntregaJuegoUnreal2/Content/Developers/DiegoTrapiello/Collections/' was aborted.
[2020.01.23-22.32.10:349][680]LogDirectoryWatcher: A directory notification for 'D:/Diego Trapiello/Documents/Unreal Projects/videojuego_shooter/EntregaJuegoUnreal2/Saved/Collections/' was aborted.
[2020.01.23-22.32.10:349][680]LogModuleManager: Shutting down and abandoning module StatsViewer (510)
[2020.01.23-22.32.10:349][680]LogModuleManager: Shutting down and abandoning module FoliageEdit (508)
[2020.01.23-22.32.10:349][680]LogModuleManager: Shutting down and abandoning module LandscapeEditor (506)
[2020.01.23-22.32.10:349][680]LogModuleManager: Shutting down and abandoning module MeshPaintMode (504)
[2020.01.23-22.32.10:349][680]LogModuleManager: Shutting down and abandoning module SceneDepthPickerMode (502)
[2020.01.23-22.32.10:349][680]LogModuleManager: Shutting down and abandoning module ActorPickerMode (500)
[2020.01.23-22.32.10:349][680]LogModuleManager: Shutting down and abandoning module GeometryMode (498)
[2020.01.23-22.32.10:349][680]LogModuleManager: Shutting down and abandoning module TextureAlignMode (496)
[2020.01.23-22.32.10:349][680]LogModuleManager: Shutting down and abandoning module BspMode (494)
[2020.01.23-22.32.10:349][680]LogModuleManager: Shutting down and abandoning module HardwareSurvey (492)
[2020.01.23-22.32.10:349][680]LogModuleManager: Shutting down and abandoning module SequenceRecorderSections (490)
[2020.01.23-22.32.10:349][680]LogModuleManager: Shutting down and abandoning module AutomationWorker (488)
[2020.01.23-22.32.10:349][680]LogModuleManager: Shutting down and abandoning module MatineeToLevelSequence (486)
[2020.01.23-22.32.10:349][680]LogModuleManager: Shutting down and abandoning module LevelSequenceEditor (484)
[2020.01.23-22.32.10:349][680]LogModuleManager: Shutting down and abandoning module PlacementMode (483)
[2020.01.23-22.32.10:349][680]LogModuleManager: Shutting down and abandoning module WmfMediaFactory (480)
[2020.01.23-22.32.10:349][680]LogModuleManager: Shutting down and abandoning module WmfMediaEditor (478)
[2020.01.23-22.32.10:349][680]LogModuleManager: Shutting down and abandoning module AvfMediaFactory (476)
[2020.01.23-22.32.10:349][680]LogModuleManager: Shutting down and abandoning module AvfMediaEditor (474)
[2020.01.23-22.32.10:349][680]LogModuleManager: Shutting down and abandoning module AndroidMediaFactory (472)
[2020.01.23-22.32.10:349][680]LogModuleManager: Shutting down and abandoning module Media (471)
[2020.01.23-22.32.10:349][680]LogModuleManager: Shutting down and abandoning module AndroidMediaEditor (468)
[2020.01.23-22.32.10:349][680]LogModuleManager: Shutting down and abandoning module CharacterAI (466)
[2020.01.23-22.32.10:349][680]LogModuleManager: Shutting down and abandoning module AudioCapture (464)
[2020.01.23-22.32.10:349][680]LogModuleManager: Shutting down and abandoning module SequenceRecorder (463)
[2020.01.23-22.32.10:349][680]LogModuleManager: Shutting down and abandoning module SmartSnapping (460)
[2020.01.23-22.32.10:350][680]LogModuleManager: Shutting down and abandoning module SessionServices (458)
[2020.01.23-22.32.10:350][680]LogModuleManager: Shutting down and abandoning module ViewportSnapping (456)
[2020.01.23-22.32.10:350][680]LogModuleManager: Shutting down and abandoning module ViewportInteraction (454)
[2020.01.23-22.32.10:350][680]LogModuleManager: Shutting down and abandoning module ClothPainter (452)
[2020.01.23-22.32.10:350][680]LogModuleManager: Shutting down and abandoning module LogVisualizer (450)
[2020.01.23-22.32.10:350][680]LogModuleManager: Shutting down and abandoning module IntroTutorials (448)
[2020.01.23-22.32.10:350][680]LogModuleManager: Shutting down and abandoning module GameProjectGeneration (447)
[2020.01.23-22.32.10:350][680]LogModuleManager: Shutting down and abandoning module EditorLiveStreaming (444)
[2020.01.23-22.32.10:350][680]LogModuleManager: Shutting down and abandoning module IOSPlatformEditor (442)
[2020.01.23-22.32.10:350][680]LogModuleManager: Shutting down and abandoning module HTML5PlatformEditor (440)
[2020.01.23-22.32.10:350][680]LogModuleManager: Shutting down and abandoning module AndroidPlatformEditor (438)
[2020.01.23-22.32.10:350][680]LogModuleManager: Shutting down and abandoning module AndroidDeviceDetection (437)
[2020.01.23-22.32.10:963][680]LogModuleManager: Shutting down and abandoning module IOSRuntimeSettings (434)
[2020.01.23-22.32.10:963][680]LogModuleManager: Shutting down and abandoning module AndroidRuntimeSettings (432)
[2020.01.23-22.32.10:963][680]LogModuleManager: Shutting down and abandoning module InputBindingEditor (430)
[2020.01.23-22.32.10:975][680]LogModuleManager: Shutting down and abandoning module MergeActors (428)
[2020.01.23-22.32.10:990][680]LogModuleManager: Shutting down and abandoning module SizeMap (426)
[2020.01.23-22.32.10:990][680]LogModuleManager: Shutting down and abandoning module TreeMap (424)
[2020.01.23-22.32.10:999][680]LogModuleManager: Shutting down and abandoning module ReferenceViewer (422)
[2020.01.23-22.32.11:014][680]LogModuleManager: Shutting down and abandoning module LocalizationDashboard (420)
[2020.01.23-22.32.11:029][680]LogModuleManager: Shutting down and abandoning module LocalizationService (419)
[2020.01.23-22.32.11:045][680]LogModuleManager: Shutting down and abandoning module HardwareTargeting (416)
[2020.01.23-22.32.11:045][680]LogModuleManager: Shutting down and abandoning module DeviceProfileEditor (414)
[2020.01.23-22.32.11:064][680]LogModuleManager: Shutting down and abandoning module UndoHistory (412)
[2020.01.23-22.32.11:069][680]LogModuleManager: Shutting down and abandoning module UserFeedback (410)
[2020.01.23-22.32.11:069][680]LogModuleManager: Shutting down and abandoning module XmlParser (408)
[2020.01.23-22.32.11:076][680]LogModuleManager: Shutting down and abandoning module Blutility (406)
[2020.01.23-22.32.11:083][680]LogModuleManager: Shutting down and abandoning module ProjectSettingsViewer (404)
[2020.01.23-22.32.11:083][680]LogModuleManager: Shutting down and abandoning module ProjectTargetPlatformEditor (403)
[2020.01.23-22.32.11:083][680]LogModuleManager: Shutting down and abandoning module EditorSettingsViewer (400)
[2020.01.23-22.32.11:083][680]LogModuleManager: Shutting down and abandoning module SettingsEditor (398)
[2020.01.23-22.32.11:092][680]LogModuleManager: Shutting down and abandoning module ProjectLauncher (396)
[2020.01.23-22.32.11:111][680]LogModuleManager: Shutting down and abandoning module SessionFrontend (394)
[2020.01.23-22.32.11:131][680]LogModuleManager: Shutting down and abandoning module ProfilerClient (392)
[2020.01.23-22.32.11:144][680]LogModuleManager: Shutting down and abandoning module DeviceManager (390)
[2020.01.23-22.32.11:157][680]LogModuleManager: Shutting down and abandoning module TargetDeviceServices (389)
[2020.01.23-22.32.11:224][680]LogModuleManager: Shutting down and abandoning module AutomationController (386)
[2020.01.23-22.32.11:232][680]LogModuleManager: Shutting down and abandoning module AutomationWindow (384)
[2020.01.23-22.32.11:250][680]LogModuleManager: Shutting down and abandoning module Layers (382)
[2020.01.23-22.32.11:265][680]LogModuleManager: Shutting down and abandoning module ComponentVisualizers (380)
[2020.01.23-22.32.11:265][680]LogModuleManager: Shutting down and abandoning module DetailCustomizations (378)
[2020.01.23-22.32.11:273][680]LogModuleManager: Shutting down and abandoning module PackagesDialog (376)
[2020.01.23-22.32.11:273][680]LogModuleManager: Shutting down and abandoning module Persona (374)
[2020.01.23-22.32.11:295][680]LogModuleManager: Shutting down and abandoning module AdvancedPreviewScene (373)
[2020.01.23-22.32.11:295][680]LogModuleManager: Shutting down and abandoning module AnimGraph (371)
[2020.01.23-22.32.11:295][680]LogModuleManager: Shutting down and abandoning module Kismet (368)
[2020.01.23-22.32.11:317][680]LogModuleManager: Shutting down and abandoning module ClassViewer (366)
[2020.01.23-22.32.11:318][680]LogModuleManager: Shutting down and abandoning module Toolbox (364)
[2020.01.23-22.32.11:326][680]LogModuleManager: Shutting down and abandoning module ModuleUI (362)
[2020.01.23-22.32.11:340][680]LogModuleManager: Shutting down and abandoning module MovieSceneTools (360)
[2020.01.23-22.32.11:356][680]LogModuleManager: Shutting down and abandoning module OutputLog (358)
[2020.01.23-22.32.11:365][680]LogModuleManager: Shutting down and abandoning module GammaUI (356)
[2020.01.23-22.32.11:378][680]LogModuleManager: Shutting down and abandoning module Documentation (354)
[2020.01.23-22.32.11:378][680]LogModuleManager: Shutting down and abandoning module MovieSceneTracks (352)
[2020.01.23-22.32.11:378][680]LogModuleManager: Shutting down and abandoning module MovieScene (350)
[2020.01.23-22.32.11:378][680]LogModuleManager: Shutting down and abandoning module Niagara (348)
[2020.01.23-22.32.11:378][680]LogModuleManager: Shutting down and abandoning module NiagaraEditor (347)
[2020.01.23-22.32.11:411][680]LogModuleManager: Shutting down and abandoning module StreamingPauseRendering (344)
[2020.01.23-22.32.11:411][680]LogModuleManager: Shutting down and abandoning module AnalyticsET (342)
[2020.01.23-22.32.11:411][680]LogModuleManager: Shutting down and abandoning module PortalServices (340)
[2020.01.23-22.32.11:411][680]LogModuleManager: Shutting down and abandoning module PortalRpc (338)
[2020.01.23-22.32.11:411][680]LogModuleManager: Shutting down and abandoning module MessagingRpc (336)
[2020.01.23-22.32.11:411][680]LogModuleManager: Shutting down and abandoning module AIModule (334)
[2020.01.23-22.32.11:411][680]LogModuleManager: Shutting down and abandoning module GameplayDebugger (333)
[2020.01.23-22.32.11:411][680]LogModuleManager: Shutting down and abandoning module AITestSuite (331)
[2020.01.23-22.32.11:424][680]LogModuleManager: Shutting down and abandoning module ProfilerService (328)
[2020.01.23-22.32.11:450][680]LogModuleManager: Shutting down and abandoning module TaskGraph (326)
[2020.01.23-22.32.11:465][680]LogModuleManager: Shutting down and abandoning module SteamVRController (324)
[2020.01.23-22.32.11:465][680]LogModuleManager: Shutting down and abandoning module SteamVR (322)
[2020.01.23-22.32.11:465][680]LogModuleManager: Shutting down and abandoning module ProceduralMeshComponentEditor (320)
[2020.01.23-22.32.11:476][680]LogModuleManager: Shutting down and abandoning module ProceduralMeshComponent (318)
[2020.01.23-22.32.11:485][680]LogModuleManager: Shutting down and abandoning module OculusLibrary (316)
[2020.01.23-22.32.11:485][680]LogModuleManager: Shutting down and abandoning module OculusInput (314)
[2020.01.23-22.32.11:485][680]LogModuleManager: Shutting down and abandoning module MobilePatchingUtils (312)
[2020.01.23-22.32.11:485][680]LogModuleManager: Shutting down and abandoning module CustomMeshComponent (310)
[2020.01.23-22.32.11:486][680]LogModuleManager: Shutting down and abandoning module CableComponent (308)
[2020.01.23-22.32.11:500][680]LogModuleManager: Shutting down and abandoning module ArchVisCharacter (306)
[2020.01.23-22.32.11:500][680]LogModuleManager: Shutting down and abandoning module AndroidPermission (304)
[2020.01.23-22.32.11:500][680]LogModuleManager: Shutting down and abandoning module MediaPlayerEditor (300)
[2020.01.23-22.32.11:545][680]LogModuleManager: Shutting down and abandoning module HTML5Networking (298)
[2020.01.23-22.32.11:545][680]LogModuleManager: Shutting down and abandoning module AlembicImporter (296)
[2020.01.23-22.32.11:560][680]LogModuleManager: Shutting down and abandoning module AlembicLibrary (295)
[2020.01.23-22.32.11:560][680]LogModuleManager: Shutting down and abandoning module GeometryCache (294)
[2020.01.23-22.32.11:572][680]LogModuleManager: Shutting down and abandoning module GeometryCacheEd (293)
[2020.01.23-22.32.11:572][680]LogModuleManager: Shutting down and abandoning module SuperSearchEditor (288)
[2020.01.23-22.32.11:572][680]LogModuleManager: Shutting down and abandoning module SuperSearch (287)
[2020.01.23-22.32.11:572][680]LogModuleManager: Shutting down and abandoning module SpeedTreeImporter (284)
[2020.01.23-22.32.11:572][680]LogModuleManager: Shutting down and abandoning module PluginBrowser (282)
[2020.01.23-22.32.11:589][680]LogModuleManager: Shutting down and abandoning module MobileLauncherProfileWizard (280)
[2020.01.23-22.32.11:603][680]LogModuleManager: Shutting down and abandoning module VisualStudioSourceCodeAccess (278)
[2020.01.23-22.32.11:603][680]LogModuleManager: Shutting down and abandoning module DesktopPlatform (277)
[2020.01.23-22.32.11:603][680]LogModuleManager: Shutting down and abandoning module UObjectPlugin (274)
[2020.01.23-22.32.11:603][680]LogModuleManager: Shutting down and abandoning module SubversionSourceControl (272)
[2020.01.23-22.32.11:615][680]LogModuleManager: Shutting down and abandoning module PerforceSourceControl (270)
[2020.01.23-22.32.11:636][680]LogModuleManager: Shutting down and abandoning module GitSourceControl (268)
[2020.01.23-22.32.11:652][680]LogModuleManager: Shutting down and abandoning module SourceControl (267)
[2020.01.23-22.32.11:667][680]LogModuleManager: Shutting down and abandoning module LightPropagationVolumeEditor (264)
[2020.01.23-22.32.11:667][680]LogModuleManager: Shutting down and abandoning module PaperTiledImporter (262)
[2020.01.23-22.32.11:667][680]LogModuleManager: Shutting down and abandoning module PaperSpriteSheetImporter (260)
[2020.01.23-22.32.11:667][680]LogModuleManager: Shutting down and abandoning module Paper2DEditor (258)
[2020.01.23-22.32.11:679][680]LogModuleManager: Shutting down and abandoning module MeshPaint (257)
[2020.01.23-22.32.11:689][680]LogModuleManager: Shutting down and abandoning module LevelEditor (255)
[2020.01.23-22.32.11:705][680]LogModuleManager: Shutting down and abandoning module PixelInspectorModule (254)
[2020.01.23-22.32.11:718][680]LogModuleManager: Shutting down and abandoning module MainFrame (252)
[2020.01.23-22.32.11:727][680]LogModuleManager: Shutting down and abandoning module HotReload (251)
[2020.01.23-22.32.11:742][680]LogModuleManager: Shutting down and abandoning module PhysXVehiclesEditor (246)
[2020.01.23-22.32.11:751][680]LogModuleManager: Shutting down and abandoning module PhysXVehicles (244)
[2020.01.23-22.32.11:751][680]LogModuleManager: Shutting down and abandoning module LocationServicesBPLibrary (242)
[2020.01.23-22.32.11:751][680]LogModuleManager: Shutting down and abandoning module ImmediatePhysicsEditor (240)
[2020.01.23-22.32.11:751][680]LogModuleManager: Shutting down and abandoning module ImmediatePhysics (238)
[2020.01.23-22.32.11:764][680]LogModuleManager: Shutting down and abandoning module UdpMessaging (236)
[2020.01.23-22.32.11:865][680]LogModuleManager: Shutting down and abandoning module TcpMessaging (234)
[2020.01.23-22.32.11:976][680]LogModuleManager: Shutting down and abandoning module GameplayTagsEditor (232)
[2020.01.23-22.32.12:000][680]LogModuleManager: Shutting down and abandoning module FacialAnimationEditor (230)
[2020.01.23-22.32.12:006][680]LogModuleManager: Shutting down and abandoning module FacialAnimation (228)
[2020.01.23-22.32.12:006][680]LogModuleManager: Shutting down and abandoning module AssetManagerEditor (226)
[2020.01.23-22.32.12:027][680]LogModuleManager: Shutting down and abandoning module GraphEditor (225)
[2020.01.23-22.32.12:027][680]LogModuleManager: Shutting down and abandoning module ContentBrowser (223)
[2020.01.23-22.32.12:030][680]LogModuleManager: Shutting down and abandoning module LightPropagationVolumeRuntime (220)
[2020.01.23-22.32.12:030][680]LogModuleManager: Shutting down and abandoning module Paper2D (218)
[2020.01.23-22.32.12:036][680]LogModuleManager: Shutting down and abandoning module WindowsMoviePlayer (216)
[2020.01.23-22.32.12:036][680]LogModuleManager: Shutting down and abandoning module WmfMedia (214)
[2020.01.23-22.32.12:063][680]LogModuleManager: Shutting down and abandoning module ClothingSystemEditor (212)
[2020.01.23-22.32.12:065][680]LogModuleManager: Shutting down and abandoning module ClothingSystemRuntime (210)
[2020.01.23-22.32.12:083][680]LogModuleManager: Shutting down and abandoning module MediaAssets (208)
[2020.01.23-22.32.12:083][680]LogModuleManager: Shutting down and abandoning module GameLiveStreaming (206)
[2020.01.23-22.32.12:096][680]LogModuleManager: Shutting down and abandoning module VREditor (204)
[2020.01.23-22.32.12:109][680]LogModuleManager: Shutting down and abandoning module StringTableEditor (202)
[2020.01.23-22.32.12:123][680]LogModuleManager: Shutting down and abandoning module GameplayTasksEditor (200)
[2020.01.23-22.32.12:123][680]LogModuleManager: Shutting down and abandoning module BehaviorTreeEditor (198)
[2020.01.23-22.32.12:151][680]LogModuleManager: Shutting down and abandoning module FunctionalTesting (196)
[2020.01.23-22.32.12:151][680]LogModuleManager: Shutting down and abandoning module CollisionAnalyzer (194)
[2020.01.23-22.32.12:164][680]LogModuleManager: Shutting down and abandoning module UMG (192)
[2020.01.23-22.32.12:171][680]LogModuleManager: Shutting down and abandoning module UMGEditor (191)
[2020.01.23-22.32.12:202][680]LogModuleManager: Shutting down and abandoning module Sequencer (190)
[2020.01.23-22.32.12:218][680]LogModuleManager: Shutting down and abandoning module AssetTools (188)
[2020.01.23-22.32.12:253][680]LogModuleManager: Shutting down and abandoning module MessageLog (187)
[2020.01.23-22.32.12:253][680]LogModuleManager: Shutting down and abandoning module WorkspaceMenuStructure (186)
[2020.01.23-22.32.12:253][680]LogModuleManager: Shutting down and abandoning module SlateReflector (180)
[2020.01.23-22.32.12:266][680]LogModuleManager: Shutting down and abandoning module Slate (178)
[2020.01.23-22.32.12:266][680]LogModuleManager: Shutting down and abandoning module EditorStyle (176)
[2020.01.23-22.32.12:268][680]LogModuleManager: Shutting down and abandoning module SourceCodeAccess (174)
[2020.01.23-22.32.12:268][680]LogModuleManager: Shutting down and abandoning module HeadMountedDisplay (172)
[2020.01.23-22.32.12:268][680]LogModuleManager: Shutting down and abandoning module XAudio2 (170)
[2020.01.23-22.32.12:268][680]LogModuleManager: Shutting down and abandoning module Networking (168)
[2020.01.23-22.32.12:268][680]LogModuleManager: Shutting down and abandoning module Core (164)
[2020.01.23-22.32.12:268][680]LogModuleManager: Shutting down and abandoning module AssetRegistry (162)
[2020.01.23-22.32.12:462][680]LogDirectoryWatcher: A directory notification for '../../../Engine/Content/' was aborted.
[2020.01.23-22.32.12:462][680]LogDirectoryWatcher: A directory notification for '../../../../../../Diego Trapiello/Documents/Unreal Projects/videojuego_shooter/EntregaJuegoUnreal2/Content/' was aborted.
[2020.01.23-22.32.12:462][680]LogDirectoryWatcher: A directory notification for '../../../Engine/Plugins/2D/Paper2D/Content/' was aborted.
[2020.01.23-22.32.12:462][680]LogDirectoryWatcher: A directory notification for '../../../Engine/Plugins/Runtime/GearVR/Content/' was aborted.
[2020.01.23-22.32.12:488][680]LogModuleManager: Shutting down and abandoning module DirectoryWatcher (161)
[2020.01.23-22.32.12:488][680]LogModuleManager: Shutting down and abandoning module KismetCompiler (158)
[2020.01.23-22.32.12:488][680]LogModuleManager: Shutting down and abandoning module LevelSequence (156)
[2020.01.23-22.32.12:488][680]LogModuleManager: Shutting down and abandoning module PhysXFormats (154)
[2020.01.23-22.32.12:488][680]LogModuleManager: Shutting down and abandoning module MeshUtilities (152)
[2020.01.23-22.32.12:502][680]LogModuleManager: Shutting down and abandoning module SimplygonSwarm (151)
[2020.01.23-22.32.12:510][680]LogModuleManager: Shutting down and abandoning module SimplygonMeshReduction (149)
[2020.01.23-22.32.12:510][680]LogModuleManager: Shutting down and abandoning module QuadricMeshReduction (147)
[2020.01.23-22.32.12:526][680]LogModuleManager: Shutting down and abandoning module DerivedDataCache (144)
[2020.01.23-22.32.12:630][680]LogDerivedDataCache: Shutdown
[2020.01.23-22.32.12:630][680]LogModuleManager: Shutting down and abandoning module TargetPlatform (142)
[2020.01.23-22.32.12:631][680]LogModuleManager: Shutting down and abandoning module VulkanShaderFormat (141)
[2020.01.23-22.32.12:672][680]LogModuleManager: Shutting down and abandoning module ShaderFormatVectorVM (139)
[2020.01.23-22.32.12:693][680]LogModuleManager: Shutting down and abandoning module ShaderFormatOpenGL (137)
[2020.01.23-22.32.12:704][680]LogModuleManager: Shutting down and abandoning module ShaderFormatD3D (135)
[2020.01.23-22.32.12:717][680]LogModuleManager: Shutting down and abandoning module MetalShaderFormat (133)
[2020.01.23-22.32.12:726][680]LogModuleManager: Shutting down and abandoning module TextureFormatUncompressed (131)
[2020.01.23-22.32.12:726][680]LogModuleManager: Shutting down and abandoning module TextureFormatPVR (129)
[2020.01.23-22.32.12:726][680]LogModuleManager: Shutting down and abandoning module TextureFormatDXT (127)
[2020.01.23-22.32.12:726][680]LogModuleManager: Shutting down and abandoning module TextureFormatIntelISPCTexComp (125)
[2020.01.23-22.32.12:736][680]LogModuleManager: Shutting down and abandoning module TextureFormatASTC (123)
[2020.01.23-22.32.12:736][680]LogModuleManager: Shutting down and abandoning module ImageWrapper (122)
[2020.01.23-22.32.12:736][680]LogModuleManager: Shutting down and abandoning module TextureFormatAndroid (119)
[2020.01.23-22.32.12:736][680]LogModuleManager: Shutting down and abandoning module AudioFormatOpus (117)
[2020.01.23-22.32.12:736][680]LogModuleManager: Shutting down and abandoning module AudioFormatOgg (115)
[2020.01.23-22.32.12:736][680]LogModuleManager: Shutting down and abandoning module AudioFormatADPCM (113)
[2020.01.23-22.32.12:736][680]LogModuleManager: Shutting down and abandoning module LinuxTargetPlatform (111)
[2020.01.23-22.32.12:736][680]LogModuleManager: Shutting down and abandoning module LinuxServerTargetPlatform (109)
[2020.01.23-22.32.12:736][680]LogModuleManager: Shutting down and abandoning module LinuxNoEditorTargetPlatform (107)
[2020.01.23-22.32.12:736][680]LogModuleManager: Shutting down and abandoning module LinuxClientTargetPlatform (105)
[2020.01.23-22.32.12:736][680]LogModuleManager: Shutting down and abandoning module TVOSTargetPlatform (103)
[2020.01.23-22.32.12:736][680]LogModuleManager: Shutting down and abandoning module Messaging (101)
[2020.01.23-22.32.12:736][680]LogModuleManager: Shutting down and abandoning module IOSTargetPlatform (99)
[2020.01.23-22.32.12:736][680]LogModuleManager: Shutting down and abandoning module HTML5TargetPlatform (97)
[2020.01.23-22.32.12:736][680]LogModuleManager: Shutting down and abandoning module Android_PVRTCTargetPlatform (95)
[2020.01.23-22.32.12:751][680]LogModuleManager: Shutting down and abandoning module Android_MultiTargetPlatform (93)
[2020.01.23-22.32.12:751][680]LogModuleManager: Shutting down and abandoning module Android_ETC2TargetPlatform (91)
[2020.01.23-22.32.12:780][680]LogModuleManager: Shutting down and abandoning module Android_ETC1TargetPlatform (89)
[2020.01.23-22.32.12:788][680]LogModuleManager: Shutting down and abandoning module Android_DXTTargetPlatform (87)
[2020.01.23-22.32.12:797][680]LogModuleManager: Shutting down and abandoning module Android_ATCTargetPlatform (85)
[2020.01.23-22.32.12:798][680]LogModuleManager: Shutting down and abandoning module Android_ASTCTargetPlatform (83)
[2020.01.23-22.32.12:798][680]LogModuleManager: Shutting down and abandoning module AndroidTargetPlatform (81)
[2020.01.23-22.32.12:807][680]LogModuleManager: Shutting down and abandoning module WindowsTargetPlatform (79)
[2020.01.23-22.32.12:807][680]LogModuleManager: Shutting down and abandoning module WindowsServerTargetPlatform (77)
[2020.01.23-22.32.12:807][680]LogModuleManager: Shutting down and abandoning module WindowsNoEditorTargetPlatform (75)
[2020.01.23-22.32.12:808][680]LogModuleManager: Shutting down and abandoning module WindowsClientTargetPlatform (73)
[2020.01.23-22.32.12:808][680]LogModuleManager: Shutting down and abandoning module MacTargetPlatform (71)
[2020.01.23-22.32.12:808][680]LogModuleManager: Shutting down and abandoning module MacServerTargetPlatform (69)
[2020.01.23-22.32.12:808][680]LogModuleManager: Shutting down and abandoning module MacNoEditorTargetPlatform (67)
[2020.01.23-22.32.12:808][680]LogModuleManager: Shutting down and abandoning module MacClientTargetPlatform (65)
[2020.01.23-22.32.12:808][680]LogModuleManager: Shutting down and abandoning module AllDesktopTargetPlatform (63)
[2020.01.23-22.32.12:808][680]LogModuleManager: Shutting down and abandoning module InputCore (60)
[2020.01.23-22.32.12:808][680]LogModuleManager: Shutting down and abandoning module Settings (58)
[2020.01.23-22.32.12:808][680]LogModuleManager: Shutting down and abandoning module OculusRift (56)
[2020.01.23-22.32.12:833][680]LogModuleManager: Shutting down and abandoning module GearVRController (54)
[2020.01.23-22.32.12:833][680]LogModuleManager: Shutting down and abandoning module GearVR (52)
[2020.01.23-22.32.12:846][680]LogModuleManager: Shutting down and abandoning module ExampleDeviceProfileSelector (50)
[2020.01.23-22.32.12:846][680]LogModuleManager: Shutting down and abandoning module OnlineBlueprintSupport (48)
[2020.01.23-22.32.12:846][680]LogModuleManager: Shutting down and abandoning module OnlineSubsystem (44)
[2020.01.23-22.32.12:846][680]LogOnline:Display: Unloading online subsystem: NULL
[2020.01.23-22.32.12:876][680]LogModuleManager: Shutting down and abandoning module XMPP (43)
[2020.01.23-22.32.12:883][680]LogModuleManager: Shutting down and abandoning module HTTP (41)
[2020.01.23-22.32.12:883][680]LogHttp:Display: Http module shutting down, but needs to wait on 1 outstanding Http requests:
[2020.01.23-22.32.12:886][680]LogHttp:Display: 	verb=[POST] url=[https://datarouter.ol.epicgames.com/datarouter/api/v1/public/data?SessionID=%7B1006CE9E-433C-5A01-3723-78886531635E%7D&AppID=UEEditor.Rocket.Release&AppVersion=4.16.3-3561208%2B%2B%2BUE4%2BRelease-4.16&UserID=9e57c2c64b20593d5bf76f8216e1211c%7C3da654c4b0e74fa6a45970f2e66751cc%7Ca00a1342-5ee5-46c1-94e0-465cecb1bc04&AppEnvironment=datacollector-binary&UploadType=eteventstream] status=Processing
[2020.01.23-22.32.12:912][680]LogModuleManager: Shutting down and abandoning module SSL (40)
[2020.01.23-22.32.12:930][680]LogModuleManager: Shutting down and abandoning module HTTPChunkInstaller (36)
[2020.01.23-22.32.12:960][680]LogModuleManager: Shutting down and abandoning module AnimationModifiers (34)
[2020.01.23-22.32.12:974][680]LogModuleManager: Shutting down and abandoning module PropertyEditor (33)
[2020.01.23-22.32.12:974][680]LogModuleManager: Shutting down and abandoning module AudioEditor (30)
[2020.01.23-22.32.12:992][680]LogModuleManager: Shutting down and abandoning module TextureCompressor (28)
[2020.01.23-22.32.12:992][680]LogModuleManager: Shutting down and abandoning module ShaderCore (26)
[2020.01.23-22.32.12:992][680]LogModuleManager: Shutting down and abandoning module Landscape (24)
[2020.01.23-22.32.12:992][680]LogModuleManager: Shutting down and abandoning module SlateRHIRenderer (22)
[2020.01.23-22.32.13:006][680]LogModuleManager: Shutting down and abandoning module OpenGLDrv (20)
[2020.01.23-22.32.13:029][680]LogModuleManager: Shutting down and abandoning module D3D11RHI (18)
[2020.01.23-22.32.13:029][680]LogModuleManager: Shutting down and abandoning module AnimGraphRuntime (16)
[2020.01.23-22.32.13:040][680]LogModuleManager: Shutting down and abandoning module Renderer (14)
[2020.01.23-22.32.13:040][680]LogModuleManager: Shutting down and abandoning module Engine (12)
[2020.01.23-22.32.13:040][680]LogModuleManager: Shutting down and abandoning module CoreUObject (10)
[2020.01.23-22.32.13:040][680]LogModuleManager: Shutting down and abandoning module NetworkFile (8)
[2020.01.23-22.32.13:051][680]LogModuleManager: Shutting down and abandoning module StreamingFile (6)
[2020.01.23-22.32.13:072][680]LogModuleManager: Shutting down and abandoning module SandboxFile (4)
[2020.01.23-22.32.13:078][680]LogModuleManager: Shutting down and abandoning module PakFile (2)
[2020.01.23-22.32.13:109][680]LogExit: Exiting.
[2020.01.23-22.32.13:206][680]Log file closed, 01/23/20 23:32:13
