Log file open, 01/17/20 00:07:50
LogInit:Display: Running engine for game: EntregaJuegoUnreal2
LogPlatformFile: Not using cached read wrapper
LogInit:Display: RandInit(309068252) SRandInit(309068252).
LogTaskGraph: Started task graph with 5 named threads and 8 total threads with 1 sets of task threads.
LogStats: Stats thread started at 0.245303
LogInit: Using libcurl 7.47.1
LogInit:  - built for x86_64-pc-win32
LogInit:  - supports SSL with OpenSSL/1.0.2g
LogInit:  - supports HTTP deflate (compression) using libz 1.2.8
LogInit:  - other features:
LogInit:      CURL_VERSION_SSL
LogInit:      CURL_VERSION_LIBZ
LogInit:      CURL_VERSION_IPV6
LogInit:      CURL_VERSION_ASYNCHDNS
LogInit:      CURL_VERSION_LARGEFILE
LogInit:      CURL_VERSION_IDN
LogInit:  CurlRequestOptions (configurable via config and command line):
LogInit:  - bVerifyPeer = false  - Libcurl will NOT verify peer certificate
LogInit:  - bUseHttpProxy = false  - Libcurl will NOT use HTTP proxy
LogInit:  - bDontReuseConnections = false  - Libcurl will reuse connections
LogInit:  - CertBundlePath = nullptr  - Libcurl will use whatever was configured at build time.
LogInit: Build: ++UE4+Release-4.16-CL-3561208
LogInit: Engine Version: 4.16.3-3561208+++UE4+Release-4.16
LogInit: Compatible Engine Version: 4.16.0-3452394+++UE4+Release-4.16
LogInit: Net CL: 3452394
LogDevObjectVersion: Number of dev versions registered: 16
LogDevObjectVersion:   Dev-Blueprints (B0D832E4-1F89-4F0D-ACCF-7EB736FD4AA2): 9
LogDevObjectVersion:   Dev-Build (E1C64328-A22C-4D53-A36C-8E866417BD8C): 0
LogDevObjectVersion:   Dev-Core (375EC13C-06E4-48FB-B500-84F0262A717E): 2
LogDevObjectVersion:   Dev-Editor (E4B068ED-F494-42E9-A231-DA0B2E46BB41): 17
LogDevObjectVersion:   Dev-Framework (CFFC743F-43B0-4480-9391-14DF171D2073): 23
LogDevObjectVersion:   Dev-Mobile (B02B49B5-BB20-44E9-A304-32B752E40360): 0
LogDevObjectVersion:   Dev-Networking (A4E4105C-59A1-49B5-A7C5-40C4547EDFEE): 0
LogDevObjectVersion:   Dev-Online (39C831C9-5AE6-47DC-9A44-9C173E1C8E7C): 0
LogDevObjectVersion:   Dev-Physics (78F01B33-EBEA-4F98-B9B4-84EACCB95AA2): 0
LogDevObjectVersion:   Dev-Platform (6631380F-2D4D-43E0-8009-CF276956A95A): 0
LogDevObjectVersion:   Dev-Rendering (12F88B9F-8875-4AFC-A67C-D90C383ABD29): 15
LogDevObjectVersion:   Dev-Sequencer (7B5AE74C-D270-4C10-A958-57980B212A5A): 4
LogDevObjectVersion:   Dev-VR (D7296918-1DD6-4BDD-9DE2-64A83CC13884): 0
LogDevObjectVersion:   Dev-LoadTimes (C2A15278-BFE7-4AFE-6C17-90FF531DF755): 1
LogDevObjectVersion:   Private-Geometry (6EACA3D4-40EC-4CC1-B786-8BED09428FC5): 1
LogDevObjectVersion:   Dev-AnimPhys (29E575DD-E0A3-4627-9D10-D276232CDCEA): 3
LogInit: Compiled (64-bit): Jul 28 2017 11:49:47
LogInit: Compiled with Visual C++: 19.00.24215.01
LogInit: Build Configuration: Development
LogInit: Branch Name: ++UE4+Release-4.16
LogInit: Command line:  
LogInit: Base directory: D:/Program Files (x86)/Epic Games/UE_4.16/Engine/Binaries/Win64/
LogInit: Installed Engine Build: 1
LogInit: Presizing for max 8388607 objects, including 0 objects not considered by GC, pre-allocating 0 bytes for permanent pool.
LogInit: Object subsystem initialized
[2020.01.16-23.07.51:512][  0]LogInit: Selected Device Profile: [Windows]
[2020.01.16-23.07.51:512][  0]LogInit: Applying CVar settings loaded from the selected device profile: [Windows]
[2020.01.16-23.07.51:545][  0]LogInit: Computer: DESKTOP-JHFJI5B
[2020.01.16-23.07.51:545][  0]LogInit: User: DiegoTrapiello
[2020.01.16-23.07.51:545][  0]LogInit: CPU Page size=4096, Cores=4
[2020.01.16-23.07.51:545][  0]LogInit: High frequency timer resolution =3.914066 MHz
[2020.01.16-23.07.51:545][  0]LogMemory: Memory total: Physical=16.0GB (16GB approx)
[2020.01.16-23.07.51:545][  0]LogMemory: Platform Memory Stats for Windows
[2020.01.16-23.07.51:545][  0]LogMemory: Process Physical Memory: 273.55 MB used, 273.55 MB peak
[2020.01.16-23.07.51:545][  0]LogMemory: Process Virtual Memory: 262.91 MB used, 262.91 MB peak
[2020.01.16-23.07.51:545][  0]LogMemory: Physical Memory: 9786.82 MB used,  6556.60 MB free, 16343.42 MB total
[2020.01.16-23.07.51:545][  0]LogMemory: Virtual Memory: 4757.66 MB used,  6556.60 MB free, 134217728.00 MB total
[2020.01.16-23.07.51:783][  0]LogInit: Overriding language with editor language configuration option (en).
[2020.01.16-23.07.51:783][  0]LogInit: Overriding locale with editor locale configuration option (en).
[2020.01.16-23.07.56:236][  0]LogD3D11RHI: D3D11 adapters:
[2020.01.16-23.07.56:329][  0]LogD3D11RHI:    0. 'NVIDIA GeForce GTX 1070' (Feature Level 11_0)
[2020.01.16-23.07.56:329][  0]LogD3D11RHI:       8088/0/8171 MB DedicatedVideo/DedicatedSystem/SharedSystem, Outputs:1, VendorId:0x10de
[2020.01.16-23.07.56:331][  0]LogD3D11RHI:    1. 'Microsoft Basic Render Driver' (Feature Level 11_0)
[2020.01.16-23.07.56:331][  0]LogD3D11RHI:       0/0/8171 MB DedicatedVideo/DedicatedSystem/SharedSystem, Outputs:0, VendorId:0x1414
[2020.01.16-23.07.56:331][  0]LogD3D11RHI: Chosen D3D11 Adapter: 0
[2020.01.16-23.07.56:341][  0]LogD3D11RHI: Creating new Direct3DDevice
[2020.01.16-23.07.56:341][  0]LogD3D11RHI:     GPU DeviceId: 0x1b81 (for the marketing name, search the web for "GPU Device Id")
[2020.01.16-23.07.56:341][  0]LogWindows: EnumDisplayDevices:
[2020.01.16-23.07.56:341][  0]LogWindows:    0. 'NVIDIA GeForce GTX 1070' (P:1 D:1)
[2020.01.16-23.07.56:341][  0]LogWindows:    1. 'NVIDIA GeForce GTX 1070' (P:0 D:0)
[2020.01.16-23.07.56:342][  0]LogWindows:    2. 'NVIDIA GeForce GTX 1070' (P:0 D:0)
[2020.01.16-23.07.56:342][  0]LogWindows:    3. 'NVIDIA GeForce GTX 1070' (P:0 D:0)
[2020.01.16-23.07.56:342][  0]LogWindows: DebugString: GetVideoDriverDetailsInvalid PrimaryIsNotTheChoosenAdapter GetVideoDriverDetailsInvalid PrimaryIsNotTheChoosenAdapter GetVideoDriverDetailsInvalid PrimaryIsNotTheChoosenAdapter GetVideoDriverDetailsInvalid PrimaryIsNotTheChoosenAdapter FoundDriverCount:0 
[2020.01.16-23.07.56:342][  0]LogD3D11RHI:     Adapter Name: NVIDIA GeForce GTX 1070
[2020.01.16-23.07.56:342][  0]LogD3D11RHI:   Driver Version: Unknown (internal:Unknown, unified:Unknown)
[2020.01.16-23.07.56:342][  0]LogD3D11RHI:      Driver Date: Unknown
[2020.01.16-23.07.56:342][  0]LogRHI: Texture pool is 1361 MB (70% of 1945 MB)
[2020.01.16-23.07.56:384][  0]LogD3D11RHI: Async texture creation enabled
[2020.01.16-23.07.56:408][  0]LogD3D11RHI: GPU Timing Frequency: 1000.000000 (Debug: 2 1)
[2020.01.16-23.07.56:410][  0]LogShaderCompilers: Guid format shader working directory is -43 characters bigger than the processId version (../../../../../../Diego Trapiello/Documents/Unreal Projects/videojuego_shooter/EntregaJuegoUnreal2/Intermediate/Shaders/WorkingDirectory/25660/).
[2020.01.16-23.07.56:410][  0]LogShaderCompilers: Cleaned the shader compiler working directory 'C:/Users/Diego Trapiello/AppData/Local/Temp/UnrealShaderWorkingDir/FDE08E3F4BB6D137E14F9D8B7E8E53D8/'.
[2020.01.16-23.07.56:410][  0]LogShaderCompilers:Display: Using Local Shader Compiler.
[2020.01.16-23.07.58:365][  0]LogTemp:Display: Loaded TP AllDesktopTargetPlatform
[2020.01.16-23.07.58:437][  0]LogTemp:Display: Loaded TP MacClientTargetPlatform
[2020.01.16-23.07.58:501][  0]LogTemp:Display: Loaded TP MacNoEditorTargetPlatform
[2020.01.16-23.07.58:576][  0]LogTemp:Display: Loaded TP MacServerTargetPlatform
[2020.01.16-23.07.58:658][  0]LogTemp:Display: Loaded TP MacTargetPlatform
[2020.01.16-23.07.58:723][  0]LogTemp:Display: Loaded TP WindowsClientTargetPlatform
[2020.01.16-23.07.58:792][  0]LogTemp:Display: Loaded TP WindowsNoEditorTargetPlatform
[2020.01.16-23.07.58:858][  0]LogTemp:Display: Loaded TP WindowsServerTargetPlatform
[2020.01.16-23.07.58:916][  0]LogTemp:Display: Loaded TP WindowsTargetPlatform
[2020.01.16-23.07.59:001][  0]LogTemp:Display: Loaded TP AndroidTargetPlatform
[2020.01.16-23.07.59:067][  0]LogTemp:Display: Loaded TP Android_ASTCTargetPlatform
[2020.01.16-23.07.59:130][  0]LogTemp:Display: Loaded TP Android_ATCTargetPlatform
[2020.01.16-23.07.59:198][  0]LogTemp:Display: Loaded TP Android_DXTTargetPlatform
[2020.01.16-23.07.59:269][  0]LogTemp:Display: Loaded TP Android_ETC1TargetPlatform
[2020.01.16-23.07.59:337][  0]LogTemp:Display: Loaded TP Android_ETC2TargetPlatform
[2020.01.16-23.07.59:498][  0]LogTemp:Display: Loaded TP Android_MultiTargetPlatform
[2020.01.16-23.07.59:498][  0]LogTemp:Display: Loaded TP Android_PVRTCTargetPlatform
[2020.01.16-23.07.59:577][  0]LogTemp:Display: Loaded TP HTML5TargetPlatform
[2020.01.16-23.07.59:769][  0]LogTemp:Display: Loaded TP IOSTargetPlatform
[2020.01.16-23.07.59:804][  0]LogTemp:Display: Loaded TP TVOSTargetPlatform
[2020.01.16-23.07.59:872][  0]LogTemp:Display: Loaded TP LinuxClientTargetPlatform
[2020.01.16-23.07.59:939][  0]LogTemp:Display: Loaded TP LinuxNoEditorTargetPlatform
[2020.01.16-23.08.00:024][  0]LogTemp:Display: Loaded TP LinuxServerTargetPlatform
[2020.01.16-23.08.00:133][  0]LogTemp:Display: Loaded TP LinuxTargetPlatform
[2020.01.16-23.08.00:133][  0]LogTargetPlatformManager:Display: Building Assets For Windows
[2020.01.16-23.08.01:111][  0]LogDerivedDataCache:Display: Max Cache Size: 512 MB
[2020.01.16-23.08.01:449][  0]LogDerivedDataCache: Loaded boot cache 0.34s 90MB C:/Users/Diego Trapiello/AppData/Local/UnrealEngine/4.16/DerivedDataCache/Boot.ddc.
[2020.01.16-23.08.01:449][  0]LogDerivedDataCache:Display: Loaded Boot cache: C:/Users/Diego Trapiello/AppData/Local/UnrealEngine/4.16/DerivedDataCache/Boot.ddc
[2020.01.16-23.08.01:449][  0]LogDerivedDataCache: FDerivedDataBackendGraph:  Pak pak cache file ../../../../../../Diego Trapiello/Documents/Unreal Projects/videojuego_shooter/EntregaJuegoUnreal2/DerivedDataCache/DDC.ddp not found, will not use a pak cache.
[2020.01.16-23.08.01:449][  0]LogDerivedDataCache: Unable to find inner node Pak for hierarchical cache Hierarchy.
[2020.01.16-23.08.01:449][  0]LogDerivedDataCache: FDerivedDataBackendGraph:  CompressedPak pak cache file ../../../../../../Diego Trapiello/Documents/Unreal Projects/videojuego_shooter/EntregaJuegoUnreal2/DerivedDataCache/Compressed.ddp not found, will not use a pak cache.
[2020.01.16-23.08.01:449][  0]LogDerivedDataCache: Unable to find inner node CompressedPak for hierarchical cache Hierarchy.
[2020.01.16-23.08.01:477][  0]LogDerivedDataCache:Display: Pak cache opened for reading ../../../Engine/DerivedDataCache/Compressed.ddp.
[2020.01.16-23.08.01:489][  0]LogDerivedDataCache: Using Local data cache path C:/Users/Diego Trapiello/AppData/Local/UnrealEngine/Common/DerivedDataCache: Writable
[2020.01.16-23.08.01:498][  0]LogMaterial: Verifying Global Shaders for PCD3D_SM5
[2020.01.16-23.08.01:498][  0]LogSlate: Using Freetype 2.6.0
[2020.01.16-23.08.01:522][  0]LogSlate: SlateFontCache - WITH_FREETYPE: 1, WITH_HARFBUZZ: 1
[2020.01.16-23.08.01:522][  0]LogSlate: SlateFontCache - WITH_FREETYPE: 1, WITH_HARFBUZZ: 1
[2020.01.16-23.08.04:489][  0]LogInit: Selected Device Profile: [Windows]
[2020.01.16-23.08.04:731][  0]LogContentStreaming: Texture pool size is 0.00 MB
[2020.01.16-23.08.04:970][  0]LogMeshUtilities: Using QuadricMeshReduction for automatic static mesh reduction
[2020.01.16-23.08.05:063][  0]LogSimplygon: Simplygon DLL not present - disabling.
[2020.01.16-23.08.05:139][  0]LogMeshUtilities: Using SimplygonSwarm for distributed automatic mesh merging
[2020.01.16-23.08.05:139][  0]LogMeshUtilities: No automatic skeletal mesh reduction module available
[2020.01.16-23.08.05:139][  0]LogMeshUtilities: No automatic mesh merging module available
[2020.01.16-23.08.06:999][  0]LogNetVersion: EntregaJuegoUnreal2 , NetCL: 3452394, EngineNetVer: 2, GameNetVer: 0 (Checksum: 2631086534)
[2020.01.16-23.08.07:152][  0]LogAssetRegistry: FAssetRegistry took 0.0289 seconds to start up
[2020.01.16-23.08.07:225][  0]LogPackageLocalizationCache: Processed 4 localized package path(s) for 1 prioritized culture(s) in 0.038653 seconds
[2020.01.16-23.08.07:234][  0]LogUObjectArray: 34194 objects as part of root set at end of initial load.
[2020.01.16-23.08.07:234][  0]LogUObjectAllocator: 7260416 out of 0 bytes used by permanent object pool.
[2020.01.16-23.08.07:234][  0]LogUObjectArray: CloseDisregardForGC: 0/0 objects in disregard for GC pool
[2020.01.16-23.08.07:317][  0]LogInit: WinSock: version 1.1 (2.2), MaxSocks=32767, MaxUdp=65467
[2020.01.16-23.08.17:520][  0]LogTcpMessaging: Initializing TcpMessaging bridge
[2020.01.16-23.08.17:597][  0]LogUdpMessaging: Initializing bridge on interface 0.0.0.0:0 to multicast group 230.0.0.1:6666.
[2020.01.16-23.08.18:810][  0]LogMaterial: Uniform references updated for custom material expression Custom.
[2020.01.16-23.08.19:436][  0]SourceControl: Info Source control is disabled
[2020.01.16-23.08.19:437][  0]SourceControl: Info Source control is disabled
[2020.01.16-23.08.19:521][  0]SourceControl: Info Source control is disabled
[2020.01.16-23.08.19:624][  0]SourceControl: Info Source control is disabled
[2020.01.16-23.08.21:102][  0]LogAndroidPermission: UAndroidPermissionCallbackProxy::GetInstance
[2020.01.16-23.08.22:887][  0]LogEngine: Initializing Engine...
[2020.01.16-23.08.22:888][  0]LogHMD: Failed to initialize OpenVR with code 110
[2020.01.16-23.08.23:470][  0]LogStats: UGameplayTagsManager::ConstructGameplayTagTree: Construct from data asset -  0.000 s
[2020.01.16-23.08.23:470][  0]LogStats: UGameplayTagsManager::ConstructGameplayTagTree: GameplayTagTreeChangedEvent.Broadcast -  0.000 s
[2020.01.16-23.08.23:858][  0]LogAIModule: Creating AISystem for world Untitled
[2020.01.16-23.08.23:956][  0]LogInit: XAudio2 using 'BenQ GL2250H (NVIDIA High Definition Audio)' : 2 channels at 48 kHz using 16 bits per sample (channel mask 0x3)
[2020.01.16-23.08.23:983][  0]LogInit: FAudioDevice initialized.
[2020.01.16-23.08.24:052][  0]LogDerivedDataCache: Saved boot cache 0.07s 90MB C:/Users/Diego Trapiello/AppData/Local/UnrealEngine/4.16/DerivedDataCache/Boot.ddc.
[2020.01.16-23.08.24:071][  0]LogInit: Texture streaming: Enabled
[2020.01.16-23.08.24:316][  0]LogEngineSessionManager: EngineSessionManager initialized
[2020.01.16-23.08.25:035][  0]LogInit: Transaction tracking system initialized
[2020.01.16-23.08.25:707][  0]BlueprintLog: New page: Editor Load
[2020.01.16-23.08.27:710][  0]LocalizationService: Info Localization service is disabled
[2020.01.16-23.08.29:280][  0]LogConsoleResponse:Display: 
[2020.01.16-23.08.30:477][  0]LogCook:Display: Max memory allowance for cook 16384mb min free memory 0mb
[2020.01.16-23.08.30:477][  0]LogCook:Display: Mobile HDR setting 1
[2020.01.16-23.08.31:287][  0]LogFileCache: Scanning file cache for directory 'D:/Diego Trapiello/Documents/Unreal Projects/videojuego_shooter/EntregaJuegoUnreal2/Content/' took 0.03s
[2020.01.16-23.08.33:182][  0]SourceControl: Info Source control is disabled
[2020.01.16-23.08.33:183][  0]LightingResults: New page: Lighting Build
[2020.01.16-23.08.33:255][  0]MapCheck: New page: Map Check
[2020.01.16-23.08.33:255][  0]LightingResults: New page: Lighting Build
[2020.01.16-23.08.42:377][  0]LogAIModule: Creating AISystem for world FirstPersonExampleMap
[2020.01.16-23.08.42:408][  0]LogEditorServer: Finished looking for orphan Actors (0.000 secs)
[2020.01.16-23.08.42:428][  0]Cmd: MAP CHECKDEP NOCLEARLOG
[2020.01.16-23.08.42:561][  0]MapCheck: Info Map check complete: 0 Error(s), 0 Warning(s), took 132.243ms to complete.
[2020.01.16-23.08.42:561][  0]LogFileHelpers: Loading map 'FirstPersonExampleMap' took 9.379
[2020.01.16-23.08.42:752][  0]LogCollectionManager: Loaded 0 collections in 0.001771 seconds
[2020.01.16-23.08.42:838][  0]LogFileCache: Scanning file cache for directory 'D:/Diego Trapiello/Documents/Unreal Projects/videojuego_shooter/EntregaJuegoUnreal2/Saved/Collections/' took 0.01s
[2020.01.16-23.08.42:838][  0]LogFileCache: Scanning file cache for directory 'D:/Diego Trapiello/Documents/Unreal Projects/videojuego_shooter/EntregaJuegoUnreal2/Content/Developers/DiegoTrapiello/Collections/' took 0.01s
[2020.01.16-23.08.42:838][  0]LogFileCache: Scanning file cache for directory 'D:/Diego Trapiello/Documents/Unreal Projects/videojuego_shooter/EntregaJuegoUnreal2/Content/Collections/' took 0.01s
[2020.01.16-23.08.42:838][  0]LogCollectionManager: Rebuilt the GUID cache for 0 collections in 0.000002 seconds
[2020.01.16-23.08.42:845][  0]LogContentBrowser: Native class hierarchy populated in 0.0074 seconds. Added 2329 classes and 491 folders.
[2020.01.16-23.08.42:910][  0]LogContentBrowser: Native class hierarchy updated for 'WidgetCarousel' in 0.0007 seconds. Added 0 classes and 0 folders.
[2020.01.16-23.08.43:711][  0]LogContentBrowser: Native class hierarchy updated for 'AddContentDialog' in 0.0007 seconds. Added 0 classes and 0 folders.
[2020.01.16-23.08.43:783][  0]LogContentBrowser: Native class hierarchy updated for 'SceneOutliner' in 0.0007 seconds. Added 1 classes and 2 folders.
[2020.01.16-23.08.43:836][  0]LogCrashTracker: Crashtracker disabled due to settings.
[2020.01.16-23.08.43:855][  0]LogSlate: Took 0.011646 seconds to synchronously load lazily loaded font '../../../Engine/Content/Slate/Fonts/Roboto-Regular.ttf' (155K)
[2020.01.16-23.08.43:865][  0]LogSlate: Took 0.008219 seconds to synchronously load lazily loaded font '../../../Engine/Content/Slate/Fonts/Roboto-Bold.ttf' (160K)
[2020.01.16-23.08.43:877][  0]LogSlate: Took 0.008281 seconds to synchronously load lazily loaded font '../../../Engine/Content/Editor/Slate/Fonts/FontAwesome.ttf' (139K)
[2020.01.16-23.08.44:028][  0]LogRenderer: Reallocating scene render targets to support 764x576 NumSamples 1 (Frame:1).
[2020.01.16-23.08.44:117][  0]LogUObjectGlobals:Warning: Failed to find object 'Class None.'
[2020.01.16-23.08.44:202][  0]LogContentBrowser: Native class hierarchy updated for 'HierarchicalLODOutliner' in 0.0008 seconds. Added 1 classes and 2 folders.
[2020.01.16-23.08.44:202][  0]LogLoad: (Engine Initialization) Total time: 58.45 seconds
[2020.01.16-23.08.44:202][  0]LogLoad: (Engine Initialization) Total Blueprint compile time: 0.81 seconds
[2020.01.16-23.08.44:202][  0]LogExternalProfiler: Found external profiler: VSPerf
[2020.01.16-23.08.44:202][  0]LogExternalProfiler: Using external profiler: VSPerf
[2020.01.16-23.08.44:211][  0]LogWindowsTextInputMethodSystem:Display: IME system now deactivated.
[2020.01.16-23.08.44:212][  0]LogOcInput: OculusInput pre-init called
[2020.01.16-23.08.44:212][  0]LogHMD: Starting GearVRController plugin
[2020.01.16-23.08.44:247][  0]LogContentStreaming: Texture pool size now 1000 MB
[2020.01.16-23.08.44:330][  0]LogSlate: Took 0.025387 seconds to synchronously load lazily loaded font '../../../Engine/Content/Slate/Fonts/Roboto-Light.ttf' (159K)
[2020.01.16-23.08.44:345][  1]LogAssetRegistry: Asset discovery search completed in 37.2156 seconds
[2020.01.16-23.08.44:347][  1]LogCollectionManager: Rebuilt the object cache for 0 collections in 0.000001 seconds (found 0 objects)
[2020.01.16-23.08.44:347][  1]LogCollectionManager: Fixed up redirectors for 0 collections in 0.000025 seconds (updated 0 objects)
[2020.01.16-23.08.49:342][546]LogFileCache: Retrieving MD5 hashes for directory 'D:/Diego Trapiello/Documents/Unreal Projects/videojuego_shooter/EntregaJuegoUnreal2/Content/' took 5.11s
[2020.01.16-23.09.40:547][602]LogTemp: Repeting last play command: Selected Viewport
[2020.01.16-23.09.40:608][602]LogBlueprintUserMessages: Early PlayInEditor Detection: Level '/Game/FirstPersonBP/Maps/FirstPersonExampleMap.FirstPersonExampleMap:PersistentLevel' has LevelScriptBlueprint '/Game/FirstPersonBP/Maps/FirstPersonExampleMap.FirstPersonExampleMap:PersistentLevel.FirstPersonExampleMap' with GeneratedClass '/Game/FirstPersonBP/Maps/FirstPersonExampleMap.FirstPersonExampleMap_C' with ClassGeneratedBy '/Game/FirstPersonBP/Maps/FirstPersonExampleMap.FirstPersonExampleMap:PersistentLevel.FirstPersonExampleMap'
[2020.01.16-23.09.40:608][602]LogPlayLevel: PlayLevel: No blueprints needed recompiling
[2020.01.16-23.09.40:608][602]PIE: New page: PIE session: FirstPersonExampleMap (Jan 17, 2020, 1:09:40 AM)
[2020.01.16-23.09.40:608][602]LogPlayLevel: Creating play world package: /Game/FirstPersonBP/Maps/UEDPIE_0_FirstPersonExampleMap
[2020.01.16-23.09.40:636][602]LogPlayLevel: PIE: StaticDuplicateObject took: (0.027777s)
[2020.01.16-23.09.40:637][602]LogAIModule: Creating AISystem for world FirstPersonExampleMap
[2020.01.16-23.09.40:637][602]LogPlayLevel: PIE: World Init took: (0.000785s)
[2020.01.16-23.09.40:637][602]LogPlayLevel: PIE: Created PIE world by copying editor world from /Game/FirstPersonBP/Maps/FirstPersonExampleMap.FirstPersonExampleMap to /Game/FirstPersonBP/Maps/UEDPIE_0_FirstPersonExampleMap.FirstPersonExampleMap (0.028821s)
[2020.01.16-23.09.40:682][602]LogInit: XAudio2 using 'BenQ GL2250H (NVIDIA High Definition Audio)' : 2 channels at 48 kHz using 16 bits per sample (channel mask 0x3)
[2020.01.16-23.09.40:692][602]LogInit: FAudioDevice initialized.
[2020.01.16-23.09.40:739][602]LogLoad: Game class is 'FirstPersonGameMode_C'
[2020.01.16-23.09.40:745][602]LogWorld: Bringing World /Game/FirstPersonBP/Maps/UEDPIE_0_FirstPersonExampleMap.FirstPersonExampleMap up for play (max tick rate 0) at 2020.01.17-00.09.40
[2020.01.16-23.09.40:746][602]LogWorld: Bringing up level for play took: 0.005479
[2020.01.16-23.09.40:792][602]LogContentBrowser: Native class hierarchy updated for 'MovieSceneCapture' in 0.0007 seconds. Added 11 classes and 0 folders.
[2020.01.16-23.09.40:795][602]PIE: Info Play in editor start time for /Game/FirstPersonBP/Maps/UEDPIE_0_FirstPersonExampleMap 0.876
[2020.01.16-23.09.40:795][602]LogBlueprintUserMessages: Late PlayInEditor Detection: Level '/Game/FirstPersonBP/Maps/FirstPersonExampleMap.FirstPersonExampleMap:PersistentLevel' has LevelScriptBlueprint '/Game/FirstPersonBP/Maps/FirstPersonExampleMap.FirstPersonExampleMap:PersistentLevel.FirstPersonExampleMap' with GeneratedClass '/Game/FirstPersonBP/Maps/FirstPersonExampleMap.FirstPersonExampleMap_C' with ClassGeneratedBy '/Game/FirstPersonBP/Maps/FirstPersonExampleMap.FirstPersonExampleMap:PersistentLevel.FirstPersonExampleMap'
[2020.01.16-23.09.40:798][602]LogBlueprintUserMessages: [FirstPersonExampleMap_C_2] PUNTOS AÑADIDOS
[2020.01.16-23.09.42:013][742]LogBlueprintUserMessages: [ZombieEnano_78] atacando
[2020.01.16-23.09.42:230][759]LogBlueprintUserMessages: [ZombieSimple_52] atacando
[2020.01.16-23.09.44:841][ 14]LogBlueprintUserMessages: [ZombieEnano_78] atacando
[2020.01.16-23.09.45:141][ 45]LogBlueprintUserMessages: [ZombieSimple_52] atacando
[2020.01.16-23.09.45:553][ 87]LogBlueprintUserMessages: [ZombieSpawner_98] 14
[2020.01.16-23.09.48:055][314]LogBlueprintUserMessages: [ZombieEnano_78] atacando
[2020.01.16-23.09.48:613][368]LogBlueprintUserMessages: [ZombieSimple_52] atacando
[2020.01.16-23.09.48:799][386]LogBlueprintUserMessages: [ZombieFuerte_54] atacando
[2020.01.16-23.09.50:559][560]LogBlueprintUserMessages: [ZombieSpawner_98] 14
[2020.01.16-23.09.50:656][570]LogBlueprintUserMessages: [ZombieEnano_78] atacando
[2020.01.16-23.09.51:017][606]LogBlueprintUserMessages: [ZombieSimple_52] atacando
[2020.01.16-23.09.52:795][800]LogBlueprintUserMessages: [ZombieFuerte_54] atacando
[2020.01.16-23.09.53:262][856]LogBlueprintUserMessages: [ZombieEnano_78] atacando
[2020.01.16-23.09.53:420][875]LogBlueprintUserMessages: [ZombieSimple_52] atacando
[2020.01.16-23.09.55:064][ 72]LogBlueprintUserMessages: [ZombieEnano_C_1] atacando
[2020.01.16-23.09.55:555][131]LogBlueprintUserMessages: [ZombieSpawner_98] 14
[2020.01.16-23.09.55:823][163]LogBlueprintUserMessages: [ZombieSimple_52] atacando
[2020.01.16-23.09.57:609][374]LogBlueprintUserMessages: [ZombieSimple_52] Daño : 150
[2020.01.16-23.09.57:609][374]LogBlueprintUserMessages: [ZombieSimple_52] Daño : 150
[2020.01.16-23.09.57:643][378]LogBlueprintUserMessages: [ZombieEnano_78] atacando
[2020.01.16-23.09.57:651][379]LogBlueprintUserMessages: [ZombieFuerte_54] Daño : 150
[2020.01.16-23.09.57:658][380]LogBlueprintUserMessages: [ZombieFuerte_54] Daño : 150
[2020.01.16-23.09.59:761][632]LogBlueprintUserMessages: [ZombieFuerte_54] Daño : 150
[2020.01.16-23.09.59:770][633]LogBlueprintUserMessages: [ZombieFuerte_54] Daño : 150
[2020.01.16-23.10.00:229][688]LogBlueprintUserMessages: [Gun_Pistol_C_0] Finished
[2020.01.16-23.10.00:551][726]LogBlueprintUserMessages: [ZombieSpawner_98] 14
[2020.01.16-23.10.02:469][956]LogBlueprintUserMessages: [ZombieEnano_78] atacando
[2020.01.16-23.10.05:553][326]LogBlueprintUserMessages: [ZombieSpawner_98] 14
[2020.01.16-23.10.05:554][326]LogScriptCore:Warning: Script Msg: Attempted to access index 14 from array ArrayPuntosSpawn of length 14!
[2020.01.16-23.10.05:554][326]LogScript:Warning: Accessed None trying to read property CallFunc_Array_Get_Item
	ZombieSpawner_C /Game/FirstPersonBP/Maps/UEDPIE_0_FirstPersonExampleMap.FirstPersonExampleMap:PersistentLevel.ZombieSpawner_98
	Function /Game/Enemigos/ZombieSpawner.ZombieSpawner_C:ExecuteUbergraph_ZombieSpawner:049B
[2020.01.16-23.10.05:554][326]PIE:Error: Error Blueprint Runtime Error: Accessed None trying to read property CallFunc_Array_Get_Item from function: 'ExecuteUbergraph_ZombieSpawner' from node: SpawnActor Zombie Enano in graph: EventGraph in object: ZombieSpawner with description: Accessed None trying to read property CallFunc_Array_Get_Item
[2020.01.16-23.10.07:145][517]LogBlueprintUserMessages: [ZombieEnano_78] atacando
[2020.01.16-23.10.08:170][640]LogBlueprintUserMessages: [ZombieEnano_78] Daño : 200
[2020.01.16-23.10.08:329][659]LogBlueprintUserMessages: [ZombieEnano_78] Daño : 200
[2020.01.16-23.10.09:304][776]LogBlueprintUserMessages: [Gun_Pistol_C_0] Finished
[2020.01.16-23.10.10:555][926]LogBlueprintUserMessages: [ZombieSpawner_98] 14
[2020.01.16-23.10.10:556][926]LogScriptCore:Warning: Script Msg: Attempted to access index 14 from array ArrayPuntosSpawn of length 14!
[2020.01.16-23.10.10:556][926]LogScript:Warning: Accessed None trying to read property CallFunc_Array_Get_Item
	ZombieSpawner_C /Game/FirstPersonBP/Maps/UEDPIE_0_FirstPersonExampleMap.FirstPersonExampleMap:PersistentLevel.ZombieSpawner_98
	Function /Game/Enemigos/ZombieSpawner.ZombieSpawner_C:ExecuteUbergraph_ZombieSpawner:05AF
[2020.01.16-23.10.10:556][926]PIE:Error: Error Blueprint Runtime Error: Accessed None trying to read property CallFunc_Array_Get_Item from function: 'ExecuteUbergraph_ZombieSpawner' from node: SpawnActor Zombie Enano in graph: EventGraph in object: ZombieSpawner with description: Accessed None trying to read property CallFunc_Array_Get_Item
[2020.01.16-23.10.12:138][116]LogBlueprintUserMessages: [ZombieEnano_C_0] atacando
[2020.01.16-23.10.12:188][122]LogBlueprintUserMessages: [ZombieEnano_C_4] atacando
[2020.01.16-23.10.12:581][169]LogBlueprintUserMessages: [ZombieEnano_C_0] Daño : 200
[2020.01.16-23.10.12:630][175]LogBlueprintUserMessages: [ZombieEnano_C_2] Daño : 200
[2020.01.16-23.10.12:722][186]LogBlueprintUserMessages: [ZombieEnano_C_0] Daño : 200
[2020.01.16-23.10.12:746][189]LogBlueprintUserMessages: [ZombieEnano_C_4] Daño : 200
[2020.01.16-23.10.12:763][191]LogBlueprintUserMessages: [ZombieEnano_C_1] Daño : 200
[2020.01.16-23.10.12:772][192]LogBlueprintUserMessages: [ZombieEnano_C_3] Daño : 200
[2020.01.16-23.10.12:880][205]LogBlueprintUserMessages: [ZombieEnano_C_4] Daño : 200
[2020.01.16-23.10.12:897][207]LogBlueprintUserMessages: [ZombieEnano_C_1] Daño : 200
[2020.01.16-23.10.12:905][208]LogBlueprintUserMessages: [ZombieEnano_C_3] Daño : 200
[2020.01.16-23.10.13:023][222]LogBlueprintUserMessages: [ZombieEnano_C_4] Daño : 200
[2020.01.16-23.10.13:032][223]LogBlueprintUserMessages: [ZombieEnano_C_1] Daño : 200
[2020.01.16-23.10.13:047][225]LogBlueprintUserMessages: [ZombieEnano_C_3] Daño : 200
[2020.01.16-23.10.13:131][235]LogBlueprintUserMessages: [ZombieEnano_C_0] Daño : 200
[2020.01.16-23.10.13:179][241]LogBlueprintUserMessages: [ZombieEnano_C_2] Daño : 200
[2020.01.16-23.10.13:256][250]LogBlueprintUserMessages: [ZombieEnano_C_0] Daño : 200
[2020.01.16-23.10.13:305][256]LogBlueprintUserMessages: [ZombieEnano_C_2] Daño : 200
[2020.01.16-23.10.15:556][526]LogBlueprintUserMessages: [ZombieSpawner_98] 14
[2020.01.16-23.10.17:880][805]LogBlueprintUserMessages: [ZombieEnano_C_6] atacando
[2020.01.16-23.10.20:480][117]LogBlueprintUserMessages: [ZombieEnano_C_6] atacando
[2020.01.16-23.10.20:556][126]LogBlueprintUserMessages: [ZombieSpawner_98] 14
[2020.01.16-23.10.23:481][477]LogBlueprintUserMessages: [ZombieEnano_C_6] atacando
[2020.01.16-23.10.23:890][526]LogBlueprintUserMessages: [ZombieEnano_C_7] atacando
[2020.01.16-23.10.24:097][551]LogBlueprintUserMessages: [ZombieEnano_C_6] Daño : 200
[2020.01.16-23.10.24:448][593]LogBlueprintUserMessages: [ZombieEnano_C_7] Daño : 200
[2020.01.16-23.10.24:589][610]LogBlueprintUserMessages: [ZombieEnano_C_7] Daño : 200
[2020.01.16-23.10.24:723][626]LogBlueprintUserMessages: [ZombieEnano_C_7] Daño : 200
[2020.01.16-23.10.25:548][725]LogBlueprintUserMessages: [ZombieSpawner_98] 14
[2020.01.16-23.10.28:282][ 53]LogBlueprintUserMessages: [ZombieEnano_C_8] atacando
[2020.01.16-23.10.30:549][325]LogBlueprintUserMessages: [ZombieSpawner_98] 14
[2020.01.16-23.10.32:149][517]LogBlueprintUserMessages: [ZombieEnano_C_9] atacando
[2020.01.16-23.10.32:299][535]LogBlueprintUserMessages: [ZombieEnano_C_8] atacando
[2020.01.16-23.10.33:673][700]LogBlueprintUserMessages: [ZombieEnano_C_8] Daño : 200
[2020.01.16-23.10.33:825][718]LogBlueprintUserMessages: [ZombieEnano_C_8] Daño : 200
[2020.01.16-23.10.33:924][730]LogBlueprintUserMessages: [ZombieEnano_C_9] Daño : 200
[2020.01.16-23.10.34:073][748]LogBlueprintUserMessages: [ZombieEnano_C_9] Daño : 200
[2020.01.16-23.10.35:551][925]LogBlueprintUserMessages: [ZombieSpawner_98] 14
[2020.01.16-23.10.38:183][241]LogBlueprintUserMessages: [ZombieEnano_C_10] atacando
[2020.01.16-23.10.40:557][525]LogBlueprintUserMessages: [ZombieSpawner_98] 14
[2020.01.16-23.10.40:790][553]LogBlueprintUserMessages: [ZombieEnano_C_10] atacando
[2020.01.16-23.10.41:899][686]LogBlueprintUserMessages: [ZombieEnano_C_11] atacando
[2020.01.16-23.10.43:391][865]LogBlueprintUserMessages: [ZombieEnano_C_10] atacando
[2020.01.16-23.10.45:550][124]LogBlueprintUserMessages: [ZombieSpawner_98] 14
[2020.01.16-23.10.46:159][197]LogBlueprintUserMessages: [ZombieEnano_C_11] atacando
[2020.01.16-23.10.46:359][221]LogBlueprintUserMessages: [ZombieEnano_C_10] atacando
[2020.01.16-23.10.47:276][331]LogBlueprintUserMessages: [ZombieSpawner_98] Daño : 350
[2020.01.16-23.10.47:409][347]LogBlueprintUserMessages: [ZombieEnano_C_12] atacando
[2020.01.16-23.10.48:101][430]LogBlueprintUserMessages: [Gun_Pistol_C_0] Finished
[2020.01.16-23.10.53:305][ 49]LogBlueprintUserMessages: [ZombieEnano_C_10] atacando
[2020.01.16-23.10.54:064][140]LogBlueprintUserMessages: [ZombieEnano_C_11] atacando
[2020.01.16-23.10.55:915][361]LogBlueprintUserMessages: [ZombieEnano_C_10] atacando
[2020.01.16-23.10.56:669][451]LogBlueprintUserMessages: [ZombieEnano_C_11] atacando
[2020.01.16-23.10.58:510][672]LogBlueprintUserMessages: [ZombieEnano_C_10] atacando
[2020.01.16-23.10.59:268][763]LogBlueprintUserMessages: [ZombieEnano_C_11] atacando
[2020.01.16-23.11.01:113][984]LogBlueprintUserMessages: [ZombieEnano_C_10] atacando
[2020.01.16-23.11.01:871][ 75]LogBlueprintUserMessages: [ZombieEnano_C_11] atacando
[2020.01.16-23.11.03:713][296]LogBlueprintUserMessages: [ZombieEnano_C_10] atacando
[2020.01.16-23.11.04:472][387]LogBlueprintUserMessages: [ZombieEnano_C_11] atacando
[2020.01.16-23.11.06:314][608]LogBlueprintUserMessages: [ZombieEnano_C_10] atacando
[2020.01.16-23.11.07:073][699]LogBlueprintUserMessages: [ZombieEnano_C_11] atacando
[2020.01.16-23.11.08:915][920]LogBlueprintUserMessages: [ZombieEnano_C_10] atacando
[2020.01.16-23.11.12:082][300]LogBlueprintUserMessages: [ZombieEnano_C_11] atacando
[2020.01.16-23.11.12:507][351]LogBlueprintUserMessages: [ZombieEnano_C_10] atacando
[2020.01.16-23.11.12:640][367]LogBlueprintUserMessages: [ZombieEnano_C_12] atacando
[2020.01.16-23.11.17:178][911]LogBlueprintUserMessages: [ZombieEnano_C_12] atacando
[2020.01.16-23.11.17:287][924]LogBlueprintUserMessages: [ZombieEnano_C_10] atacando
[2020.01.16-23.11.17:704][974]LogBlueprintUserMessages: [ZombieEnano_C_11] atacando
[2020.01.16-23.11.19:778][223]LogBlueprintUserMessages: [ZombieEnano_C_12] atacando
[2020.01.16-23.11.19:887][236]LogBlueprintUserMessages: [ZombieEnano_C_10] atacando
[2020.01.16-23.11.20:304][286]LogBlueprintUserMessages: [ZombieEnano_C_11] atacando
[2020.01.16-23.11.22:379][535]LogBlueprintUserMessages: [ZombieEnano_C_12] atacando
[2020.01.16-23.11.22:487][548]LogBlueprintUserMessages: [ZombieEnano_C_10] atacando
[2020.01.16-23.11.22:905][598]LogBlueprintUserMessages: [ZombieEnano_C_11] atacando
[2020.01.16-23.11.26:729][ 57]LogBlueprintUserMessages: [ZombieEnano_C_10] atacando
[2020.01.16-23.11.26:771][ 62]LogBlueprintUserMessages: [ZombieEnano_C_12] atacando
[2020.01.16-23.11.27:146][107]LogBlueprintUserMessages: [Gun_Pistol_C_0] Finished
[2020.01.16-23.11.27:588][160]LogBlueprintUserMessages: [ZombieEnano_C_11] atacando
[2020.01.16-23.11.28:397][257]LogBlueprintUserMessages: [ZombieEnano_C_11] Daño : 500
[2020.01.16-23.11.28:397][257]LogBlueprintUserMessages: [ZombieEnano_C_10] Daño : 500
[2020.01.16-23.11.28:397][257]LogBlueprintUserMessages: [ZombieEnano_C_12] Daño : 500
[2020.01.16-23.11.29:189][352]LogBlueprintUserMessages: [Gun_Pistol_C_0] Finished
[2020.01.16-23.11.30:799][535]LogBlueprintUserMessages: [ZombieEnano_C_12] atacando
[2020.01.16-23.11.30:866][543]LogBlueprintUserMessages: [ZombieEnano_C_10] atacando
[2020.01.16-23.12.58:471][ 46]LogBlueprintUserMessages: Early EndPlayMap Detection: Level '/Game/FirstPersonBP/Maps/FirstPersonExampleMap.FirstPersonExampleMap:PersistentLevel' has LevelScriptBlueprint '/Game/FirstPersonBP/Maps/FirstPersonExampleMap.FirstPersonExampleMap:PersistentLevel.FirstPersonExampleMap' with GeneratedClass '/Game/FirstPersonBP/Maps/FirstPersonExampleMap.FirstPersonExampleMap_C' with ClassGeneratedBy '/Game/FirstPersonBP/Maps/FirstPersonExampleMap.FirstPersonExampleMap:PersistentLevel.FirstPersonExampleMap'
[2020.01.16-23.12.58:508][ 46]LogBlueprintUserMessages: Late EndPlayMap Detection: Level '/Game/FirstPersonBP/Maps/FirstPersonExampleMap.FirstPersonExampleMap:PersistentLevel' has LevelScriptBlueprint '/Game/FirstPersonBP/Maps/FirstPersonExampleMap.FirstPersonExampleMap:PersistentLevel.FirstPersonExampleMap' with GeneratedClass '/Game/FirstPersonBP/Maps/FirstPersonExampleMap.FirstPersonExampleMap_C' with ClassGeneratedBy '/Game/FirstPersonBP/Maps/FirstPersonExampleMap.FirstPersonExampleMap:PersistentLevel.FirstPersonExampleMap'
[2020.01.16-23.14.23:416][199]Cmd: SELECT NONE
[2020.01.16-23.14.24:159][272]LogWindowsTextInputMethodSystem:Display: IME system now deactivated.
[2020.01.16-23.14.24:164][272]LogWindowsTextInputMethodSystem:Display: IME system now deactivated.
[2020.01.16-23.14.24:316][273]Cmd: QUIT_EDITOR
[2020.01.16-23.14.24:698][273]LogExit: Preparing to exit.
[2020.01.16-23.14.24:902][273]LogDirectoryWatcher: A directory notification for 'D:/Diego Trapiello/Documents/Unreal Projects/videojuego_shooter/EntregaJuegoUnreal2/Content/' was aborted.
[2020.01.16-23.14.24:935][273]LogExit: Editor shut down
[2020.01.16-23.14.24:938][273]LogExit: Transaction tracking system shut down
[2020.01.16-23.14.24:988][273]LogObj: Freed 0b from 0 cluster array pools.
[2020.01.16-23.14.24:989][273]LogExit: Object subsystem successfully closed.
[2020.01.16-23.14.25:012][273]LogD3D11RHI: Shutdown
[2020.01.16-23.14.25:012][273]LogD3D11RHI: CleanupD3DDevice
[2020.01.16-23.14.25:077][273]LogD3D11RHI: ~FD3D11DynamicRHI
[2020.01.16-23.14.25:087][273]LogModuleManager: Shutting down and abandoning module MovieSceneCapture (526)
[2020.01.16-23.14.25:087][273]LogModuleManager: Shutting down and abandoning module HierarchicalLODOutliner (524)
[2020.01.16-23.14.25:087][273]LogModuleManager: Shutting down and abandoning module CrashTracker (522)
[2020.01.16-23.14.25:087][273]LogModuleManager: Shutting down and abandoning module SceneOutliner (520)
[2020.01.16-23.14.25:087][273]LogModuleManager: Shutting down and abandoning module AddContentDialog (518)
[2020.01.16-23.14.25:087][273]LogDirectoryWatcher: A directory notification for 'D:/Program Files (x86)/Epic Games/UE_4.16/FeaturePacks/' was aborted.
[2020.01.16-23.14.25:088][273]LogModuleManager: Shutting down and abandoning module WidgetCarousel (517)
[2020.01.16-23.14.25:088][273]LogModuleManager: Shutting down and abandoning module EditorWidgets (514)
[2020.01.16-23.14.25:088][273]LogModuleManager: Shutting down and abandoning module CollectionManager (512)
[2020.01.16-23.14.25:088][273]LogDirectoryWatcher: A directory notification for 'D:/Diego Trapiello/Documents/Unreal Projects/videojuego_shooter/EntregaJuegoUnreal2/Content/Collections/' was aborted.
[2020.01.16-23.14.25:088][273]LogDirectoryWatcher: A directory notification for 'D:/Diego Trapiello/Documents/Unreal Projects/videojuego_shooter/EntregaJuegoUnreal2/Content/Developers/DiegoTrapiello/Collections/' was aborted.
[2020.01.16-23.14.25:088][273]LogDirectoryWatcher: A directory notification for 'D:/Diego Trapiello/Documents/Unreal Projects/videojuego_shooter/EntregaJuegoUnreal2/Saved/Collections/' was aborted.
[2020.01.16-23.14.25:088][273]LogModuleManager: Shutting down and abandoning module StatsViewer (510)
[2020.01.16-23.14.25:088][273]LogModuleManager: Shutting down and abandoning module FoliageEdit (508)
[2020.01.16-23.14.25:088][273]LogModuleManager: Shutting down and abandoning module LandscapeEditor (506)
[2020.01.16-23.14.25:088][273]LogModuleManager: Shutting down and abandoning module MeshPaintMode (504)
[2020.01.16-23.14.25:088][273]LogModuleManager: Shutting down and abandoning module SceneDepthPickerMode (502)
[2020.01.16-23.14.25:088][273]LogModuleManager: Shutting down and abandoning module ActorPickerMode (500)
[2020.01.16-23.14.25:088][273]LogModuleManager: Shutting down and abandoning module GeometryMode (498)
[2020.01.16-23.14.25:088][273]LogModuleManager: Shutting down and abandoning module TextureAlignMode (496)
[2020.01.16-23.14.25:088][273]LogModuleManager: Shutting down and abandoning module BspMode (494)
[2020.01.16-23.14.25:088][273]LogModuleManager: Shutting down and abandoning module HardwareSurvey (492)
[2020.01.16-23.14.25:088][273]LogModuleManager: Shutting down and abandoning module SequenceRecorderSections (490)
[2020.01.16-23.14.25:088][273]LogModuleManager: Shutting down and abandoning module AutomationWorker (488)
[2020.01.16-23.14.25:104][273]LogModuleManager: Shutting down and abandoning module MatineeToLevelSequence (486)
[2020.01.16-23.14.25:104][273]LogModuleManager: Shutting down and abandoning module LevelSequenceEditor (484)
[2020.01.16-23.14.25:104][273]LogModuleManager: Shutting down and abandoning module PlacementMode (483)
[2020.01.16-23.14.25:104][273]LogModuleManager: Shutting down and abandoning module WmfMediaFactory (480)
[2020.01.16-23.14.25:104][273]LogModuleManager: Shutting down and abandoning module WmfMediaEditor (478)
[2020.01.16-23.14.25:104][273]LogModuleManager: Shutting down and abandoning module AvfMediaFactory (476)
[2020.01.16-23.14.25:104][273]LogModuleManager: Shutting down and abandoning module AvfMediaEditor (474)
[2020.01.16-23.14.25:104][273]LogModuleManager: Shutting down and abandoning module AndroidMediaFactory (472)
[2020.01.16-23.14.25:104][273]LogModuleManager: Shutting down and abandoning module Media (471)
[2020.01.16-23.14.25:104][273]LogModuleManager: Shutting down and abandoning module AndroidMediaEditor (468)
[2020.01.16-23.14.25:104][273]LogModuleManager: Shutting down and abandoning module CharacterAI (466)
[2020.01.16-23.14.25:104][273]LogModuleManager: Shutting down and abandoning module AudioCapture (464)
[2020.01.16-23.14.25:104][273]LogModuleManager: Shutting down and abandoning module SequenceRecorder (463)
[2020.01.16-23.14.25:104][273]LogModuleManager: Shutting down and abandoning module SmartSnapping (460)
[2020.01.16-23.14.25:104][273]LogModuleManager: Shutting down and abandoning module SessionServices (458)
[2020.01.16-23.14.25:104][273]LogModuleManager: Shutting down and abandoning module ViewportSnapping (456)
[2020.01.16-23.14.25:104][273]LogModuleManager: Shutting down and abandoning module ViewportInteraction (454)
[2020.01.16-23.14.25:104][273]LogModuleManager: Shutting down and abandoning module ClothPainter (452)
[2020.01.16-23.14.25:104][273]LogModuleManager: Shutting down and abandoning module LogVisualizer (450)
[2020.01.16-23.14.25:104][273]LogModuleManager: Shutting down and abandoning module IntroTutorials (448)
[2020.01.16-23.14.25:104][273]LogModuleManager: Shutting down and abandoning module GameProjectGeneration (447)
[2020.01.16-23.14.25:104][273]LogModuleManager: Shutting down and abandoning module EditorLiveStreaming (444)
[2020.01.16-23.14.25:104][273]LogModuleManager: Shutting down and abandoning module IOSPlatformEditor (442)
[2020.01.16-23.14.25:104][273]LogModuleManager: Shutting down and abandoning module HTML5PlatformEditor (440)
[2020.01.16-23.14.25:104][273]LogModuleManager: Shutting down and abandoning module AndroidPlatformEditor (438)
[2020.01.16-23.14.25:104][273]LogModuleManager: Shutting down and abandoning module AndroidDeviceDetection (437)
[2020.01.16-23.14.25:712][273]LogModuleManager: Shutting down and abandoning module IOSRuntimeSettings (434)
[2020.01.16-23.14.25:712][273]LogModuleManager: Shutting down and abandoning module AndroidRuntimeSettings (432)
[2020.01.16-23.14.25:712][273]LogModuleManager: Shutting down and abandoning module InputBindingEditor (430)
[2020.01.16-23.14.25:712][273]LogModuleManager: Shutting down and abandoning module MergeActors (428)
[2020.01.16-23.14.25:712][273]LogModuleManager: Shutting down and abandoning module SizeMap (426)
[2020.01.16-23.14.25:712][273]LogModuleManager: Shutting down and abandoning module TreeMap (424)
[2020.01.16-23.14.25:712][273]LogModuleManager: Shutting down and abandoning module ReferenceViewer (422)
[2020.01.16-23.14.25:712][273]LogModuleManager: Shutting down and abandoning module LocalizationDashboard (420)
[2020.01.16-23.14.25:712][273]LogModuleManager: Shutting down and abandoning module LocalizationService (419)
[2020.01.16-23.14.25:712][273]LogModuleManager: Shutting down and abandoning module HardwareTargeting (416)
[2020.01.16-23.14.25:712][273]LogModuleManager: Shutting down and abandoning module DeviceProfileEditor (414)
[2020.01.16-23.14.25:712][273]LogModuleManager: Shutting down and abandoning module UndoHistory (412)
[2020.01.16-23.14.25:712][273]LogModuleManager: Shutting down and abandoning module UserFeedback (410)
[2020.01.16-23.14.25:712][273]LogModuleManager: Shutting down and abandoning module XmlParser (408)
[2020.01.16-23.14.25:712][273]LogModuleManager: Shutting down and abandoning module Blutility (406)
[2020.01.16-23.14.25:712][273]LogModuleManager: Shutting down and abandoning module ProjectSettingsViewer (404)
[2020.01.16-23.14.25:712][273]LogModuleManager: Shutting down and abandoning module ProjectTargetPlatformEditor (403)
[2020.01.16-23.14.25:713][273]LogModuleManager: Shutting down and abandoning module EditorSettingsViewer (400)
[2020.01.16-23.14.25:713][273]LogModuleManager: Shutting down and abandoning module SettingsEditor (398)
[2020.01.16-23.14.25:713][273]LogModuleManager: Shutting down and abandoning module ProjectLauncher (396)
[2020.01.16-23.14.25:713][273]LogModuleManager: Shutting down and abandoning module SessionFrontend (394)
[2020.01.16-23.14.25:713][273]LogModuleManager: Shutting down and abandoning module ProfilerClient (392)
[2020.01.16-23.14.25:713][273]LogModuleManager: Shutting down and abandoning module DeviceManager (390)
[2020.01.16-23.14.25:713][273]LogModuleManager: Shutting down and abandoning module TargetDeviceServices (389)
[2020.01.16-23.14.25:778][273]LogModuleManager: Shutting down and abandoning module AutomationController (386)
[2020.01.16-23.14.25:778][273]LogModuleManager: Shutting down and abandoning module AutomationWindow (384)
[2020.01.16-23.14.25:778][273]LogModuleManager: Shutting down and abandoning module Layers (382)
[2020.01.16-23.14.25:778][273]LogModuleManager: Shutting down and abandoning module ComponentVisualizers (380)
[2020.01.16-23.14.25:778][273]LogModuleManager: Shutting down and abandoning module DetailCustomizations (378)
[2020.01.16-23.14.25:778][273]LogModuleManager: Shutting down and abandoning module PackagesDialog (376)
[2020.01.16-23.14.25:778][273]LogModuleManager: Shutting down and abandoning module Persona (374)
[2020.01.16-23.14.25:778][273]LogModuleManager: Shutting down and abandoning module AdvancedPreviewScene (373)
[2020.01.16-23.14.25:778][273]LogModuleManager: Shutting down and abandoning module AnimGraph (371)
[2020.01.16-23.14.25:778][273]LogModuleManager: Shutting down and abandoning module Kismet (368)
[2020.01.16-23.14.25:780][273]LogModuleManager: Shutting down and abandoning module ClassViewer (366)
[2020.01.16-23.14.25:780][273]LogModuleManager: Shutting down and abandoning module Toolbox (364)
[2020.01.16-23.14.25:780][273]LogModuleManager: Shutting down and abandoning module ModuleUI (362)
[2020.01.16-23.14.25:780][273]LogModuleManager: Shutting down and abandoning module MovieSceneTools (360)
[2020.01.16-23.14.25:780][273]LogModuleManager: Shutting down and abandoning module OutputLog (358)
[2020.01.16-23.14.25:780][273]LogModuleManager: Shutting down and abandoning module GammaUI (356)
[2020.01.16-23.14.25:780][273]LogModuleManager: Shutting down and abandoning module Documentation (354)
[2020.01.16-23.14.25:780][273]LogModuleManager: Shutting down and abandoning module MovieSceneTracks (352)
[2020.01.16-23.14.25:780][273]LogModuleManager: Shutting down and abandoning module MovieScene (350)
[2020.01.16-23.14.25:780][273]LogModuleManager: Shutting down and abandoning module Niagara (348)
[2020.01.16-23.14.25:780][273]LogModuleManager: Shutting down and abandoning module NiagaraEditor (347)
[2020.01.16-23.14.25:780][273]LogModuleManager: Shutting down and abandoning module StreamingPauseRendering (344)
[2020.01.16-23.14.25:780][273]LogModuleManager: Shutting down and abandoning module AnalyticsET (342)
[2020.01.16-23.14.25:780][273]LogModuleManager: Shutting down and abandoning module PortalServices (340)
[2020.01.16-23.14.25:780][273]LogModuleManager: Shutting down and abandoning module PortalRpc (338)
[2020.01.16-23.14.25:780][273]LogModuleManager: Shutting down and abandoning module MessagingRpc (336)
[2020.01.16-23.14.25:780][273]LogModuleManager: Shutting down and abandoning module AIModule (334)
[2020.01.16-23.14.25:780][273]LogModuleManager: Shutting down and abandoning module GameplayDebugger (333)
[2020.01.16-23.14.25:780][273]LogModuleManager: Shutting down and abandoning module AITestSuite (331)
[2020.01.16-23.14.25:780][273]LogModuleManager: Shutting down and abandoning module ProfilerService (328)
[2020.01.16-23.14.25:842][273]LogModuleManager: Shutting down and abandoning module TaskGraph (326)
[2020.01.16-23.14.25:842][273]LogModuleManager: Shutting down and abandoning module SteamVRController (324)
[2020.01.16-23.14.25:842][273]LogModuleManager: Shutting down and abandoning module SteamVR (322)
[2020.01.16-23.14.25:842][273]LogModuleManager: Shutting down and abandoning module ProceduralMeshComponentEditor (320)
[2020.01.16-23.14.25:842][273]LogModuleManager: Shutting down and abandoning module ProceduralMeshComponent (318)
[2020.01.16-23.14.25:842][273]LogModuleManager: Shutting down and abandoning module OculusLibrary (316)
[2020.01.16-23.14.25:842][273]LogModuleManager: Shutting down and abandoning module OculusInput (314)
[2020.01.16-23.14.25:842][273]LogModuleManager: Shutting down and abandoning module MobilePatchingUtils (312)
[2020.01.16-23.14.25:842][273]LogModuleManager: Shutting down and abandoning module CustomMeshComponent (310)
[2020.01.16-23.14.25:842][273]LogModuleManager: Shutting down and abandoning module CableComponent (308)
[2020.01.16-23.14.25:842][273]LogModuleManager: Shutting down and abandoning module ArchVisCharacter (306)
[2020.01.16-23.14.25:842][273]LogModuleManager: Shutting down and abandoning module AndroidPermission (304)
[2020.01.16-23.14.25:842][273]LogModuleManager: Shutting down and abandoning module MediaPlayerEditor (300)
[2020.01.16-23.14.25:843][273]LogModuleManager: Shutting down and abandoning module HTML5Networking (298)
[2020.01.16-23.14.25:843][273]LogModuleManager: Shutting down and abandoning module AlembicImporter (296)
[2020.01.16-23.14.25:843][273]LogModuleManager: Shutting down and abandoning module AlembicLibrary (295)
[2020.01.16-23.14.25:843][273]LogModuleManager: Shutting down and abandoning module GeometryCache (294)
[2020.01.16-23.14.25:843][273]LogModuleManager: Shutting down and abandoning module GeometryCacheEd (293)
[2020.01.16-23.14.25:843][273]LogModuleManager: Shutting down and abandoning module SuperSearchEditor (288)
[2020.01.16-23.14.25:843][273]LogModuleManager: Shutting down and abandoning module SuperSearch (287)
[2020.01.16-23.14.25:843][273]LogModuleManager: Shutting down and abandoning module SpeedTreeImporter (284)
[2020.01.16-23.14.25:843][273]LogModuleManager: Shutting down and abandoning module PluginBrowser (282)
[2020.01.16-23.14.25:843][273]LogModuleManager: Shutting down and abandoning module MobileLauncherProfileWizard (280)
[2020.01.16-23.14.25:843][273]LogModuleManager: Shutting down and abandoning module VisualStudioSourceCodeAccess (278)
[2020.01.16-23.14.25:843][273]LogModuleManager: Shutting down and abandoning module DesktopPlatform (277)
[2020.01.16-23.14.25:843][273]LogModuleManager: Shutting down and abandoning module UObjectPlugin (274)
[2020.01.16-23.14.25:843][273]LogModuleManager: Shutting down and abandoning module SubversionSourceControl (272)
[2020.01.16-23.14.25:843][273]LogModuleManager: Shutting down and abandoning module PerforceSourceControl (270)
[2020.01.16-23.14.25:843][273]LogModuleManager: Shutting down and abandoning module GitSourceControl (268)
[2020.01.16-23.14.25:843][273]LogModuleManager: Shutting down and abandoning module SourceControl (267)
[2020.01.16-23.14.25:843][273]LogModuleManager: Shutting down and abandoning module LightPropagationVolumeEditor (264)
[2020.01.16-23.14.25:843][273]LogModuleManager: Shutting down and abandoning module PaperTiledImporter (262)
[2020.01.16-23.14.25:843][273]LogModuleManager: Shutting down and abandoning module PaperSpriteSheetImporter (260)
[2020.01.16-23.14.25:843][273]LogModuleManager: Shutting down and abandoning module Paper2DEditor (258)
[2020.01.16-23.14.25:843][273]LogModuleManager: Shutting down and abandoning module MeshPaint (257)
[2020.01.16-23.14.25:843][273]LogModuleManager: Shutting down and abandoning module LevelEditor (255)
[2020.01.16-23.14.25:844][273]LogModuleManager: Shutting down and abandoning module PixelInspectorModule (254)
[2020.01.16-23.14.25:844][273]LogModuleManager: Shutting down and abandoning module MainFrame (252)
[2020.01.16-23.14.25:844][273]LogModuleManager: Shutting down and abandoning module HotReload (251)
[2020.01.16-23.14.25:845][273]LogModuleManager: Shutting down and abandoning module PhysXVehiclesEditor (246)
[2020.01.16-23.14.25:845][273]LogModuleManager: Shutting down and abandoning module PhysXVehicles (244)
[2020.01.16-23.14.25:845][273]LogModuleManager: Shutting down and abandoning module LocationServicesBPLibrary (242)
[2020.01.16-23.14.25:845][273]LogModuleManager: Shutting down and abandoning module ImmediatePhysicsEditor (240)
[2020.01.16-23.14.25:845][273]LogModuleManager: Shutting down and abandoning module ImmediatePhysics (238)
[2020.01.16-23.14.25:845][273]LogModuleManager: Shutting down and abandoning module UdpMessaging (236)
[2020.01.16-23.14.25:946][273]LogModuleManager: Shutting down and abandoning module TcpMessaging (234)
[2020.01.16-23.14.26:047][273]LogModuleManager: Shutting down and abandoning module GameplayTagsEditor (232)
[2020.01.16-23.14.26:061][273]LogModuleManager: Shutting down and abandoning module FacialAnimationEditor (230)
[2020.01.16-23.14.26:061][273]LogModuleManager: Shutting down and abandoning module FacialAnimation (228)
[2020.01.16-23.14.26:061][273]LogModuleManager: Shutting down and abandoning module AssetManagerEditor (226)
[2020.01.16-23.14.26:061][273]LogModuleManager: Shutting down and abandoning module GraphEditor (225)
[2020.01.16-23.14.26:061][273]LogModuleManager: Shutting down and abandoning module ContentBrowser (223)
[2020.01.16-23.14.26:062][273]LogModuleManager: Shutting down and abandoning module LightPropagationVolumeRuntime (220)
[2020.01.16-23.14.26:062][273]LogModuleManager: Shutting down and abandoning module Paper2D (218)
[2020.01.16-23.14.26:062][273]LogModuleManager: Shutting down and abandoning module WindowsMoviePlayer (216)
[2020.01.16-23.14.26:062][273]LogModuleManager: Shutting down and abandoning module WmfMedia (214)
[2020.01.16-23.14.26:070][273]LogModuleManager: Shutting down and abandoning module ClothingSystemEditor (212)
[2020.01.16-23.14.26:070][273]LogModuleManager: Shutting down and abandoning module ClothingSystemRuntime (210)
[2020.01.16-23.14.26:070][273]LogModuleManager: Shutting down and abandoning module MediaAssets (208)
[2020.01.16-23.14.26:070][273]LogModuleManager: Shutting down and abandoning module GameLiveStreaming (206)
[2020.01.16-23.14.26:070][273]LogModuleManager: Shutting down and abandoning module VREditor (204)
[2020.01.16-23.14.26:070][273]LogModuleManager: Shutting down and abandoning module StringTableEditor (202)
[2020.01.16-23.14.26:070][273]LogModuleManager: Shutting down and abandoning module GameplayTasksEditor (200)
[2020.01.16-23.14.26:070][273]LogModuleManager: Shutting down and abandoning module BehaviorTreeEditor (198)
[2020.01.16-23.14.26:070][273]LogModuleManager: Shutting down and abandoning module FunctionalTesting (196)
[2020.01.16-23.14.26:070][273]LogModuleManager: Shutting down and abandoning module CollisionAnalyzer (194)
[2020.01.16-23.14.26:070][273]LogModuleManager: Shutting down and abandoning module UMG (192)
[2020.01.16-23.14.26:070][273]LogModuleManager: Shutting down and abandoning module UMGEditor (191)
[2020.01.16-23.14.26:071][273]LogModuleManager: Shutting down and abandoning module Sequencer (190)
[2020.01.16-23.14.26:071][273]LogModuleManager: Shutting down and abandoning module AssetTools (188)
[2020.01.16-23.14.26:071][273]LogModuleManager: Shutting down and abandoning module MessageLog (187)
[2020.01.16-23.14.26:071][273]LogModuleManager: Shutting down and abandoning module WorkspaceMenuStructure (186)
[2020.01.16-23.14.26:071][273]LogModuleManager: Shutting down and abandoning module SlateReflector (180)
[2020.01.16-23.14.26:071][273]LogModuleManager: Shutting down and abandoning module Slate (178)
[2020.01.16-23.14.26:071][273]LogModuleManager: Shutting down and abandoning module EditorStyle (176)
[2020.01.16-23.14.26:073][273]LogModuleManager: Shutting down and abandoning module SourceCodeAccess (174)
[2020.01.16-23.14.26:073][273]LogModuleManager: Shutting down and abandoning module HeadMountedDisplay (172)
[2020.01.16-23.14.26:073][273]LogModuleManager: Shutting down and abandoning module XAudio2 (170)
[2020.01.16-23.14.26:073][273]LogModuleManager: Shutting down and abandoning module Networking (168)
[2020.01.16-23.14.26:074][273]LogModuleManager: Shutting down and abandoning module Core (164)
[2020.01.16-23.14.26:074][273]LogModuleManager: Shutting down and abandoning module AssetRegistry (162)
[2020.01.16-23.14.26:300][273]LogDirectoryWatcher: A directory notification for '../../../Engine/Content/' was aborted.
[2020.01.16-23.14.26:300][273]LogDirectoryWatcher: A directory notification for '../../../../../../Diego Trapiello/Documents/Unreal Projects/videojuego_shooter/EntregaJuegoUnreal2/Content/' was aborted.
[2020.01.16-23.14.26:300][273]LogDirectoryWatcher: A directory notification for '../../../Engine/Plugins/2D/Paper2D/Content/' was aborted.
[2020.01.16-23.14.26:300][273]LogDirectoryWatcher: A directory notification for '../../../Engine/Plugins/Runtime/GearVR/Content/' was aborted.
[2020.01.16-23.14.26:307][273]LogModuleManager: Shutting down and abandoning module DirectoryWatcher (161)
[2020.01.16-23.14.26:308][273]LogModuleManager: Shutting down and abandoning module KismetCompiler (158)
[2020.01.16-23.14.26:308][273]LogModuleManager: Shutting down and abandoning module LevelSequence (156)
[2020.01.16-23.14.26:308][273]LogModuleManager: Shutting down and abandoning module PhysXFormats (154)
[2020.01.16-23.14.26:308][273]LogModuleManager: Shutting down and abandoning module MeshUtilities (152)
[2020.01.16-23.14.26:308][273]LogModuleManager: Shutting down and abandoning module SimplygonSwarm (151)
[2020.01.16-23.14.26:308][273]LogModuleManager: Shutting down and abandoning module SimplygonMeshReduction (149)
[2020.01.16-23.14.26:308][273]LogModuleManager: Shutting down and abandoning module QuadricMeshReduction (147)
[2020.01.16-23.14.26:308][273]LogModuleManager: Shutting down and abandoning module DerivedDataCache (144)
[2020.01.16-23.14.26:392][273]LogDerivedDataCache: Shutdown
[2020.01.16-23.14.26:392][273]LogModuleManager: Shutting down and abandoning module TargetPlatform (142)
[2020.01.16-23.14.26:392][273]LogModuleManager: Shutting down and abandoning module VulkanShaderFormat (141)
[2020.01.16-23.14.26:392][273]LogModuleManager: Shutting down and abandoning module ShaderFormatVectorVM (139)
[2020.01.16-23.14.26:392][273]LogModuleManager: Shutting down and abandoning module ShaderFormatOpenGL (137)
[2020.01.16-23.14.26:392][273]LogModuleManager: Shutting down and abandoning module ShaderFormatD3D (135)
[2020.01.16-23.14.26:392][273]LogModuleManager: Shutting down and abandoning module MetalShaderFormat (133)
[2020.01.16-23.14.26:392][273]LogModuleManager: Shutting down and abandoning module TextureFormatUncompressed (131)
[2020.01.16-23.14.26:392][273]LogModuleManager: Shutting down and abandoning module TextureFormatPVR (129)
[2020.01.16-23.14.26:392][273]LogModuleManager: Shutting down and abandoning module TextureFormatDXT (127)
[2020.01.16-23.14.26:393][273]LogModuleManager: Shutting down and abandoning module TextureFormatIntelISPCTexComp (125)
[2020.01.16-23.14.26:393][273]LogModuleManager: Shutting down and abandoning module TextureFormatASTC (123)
[2020.01.16-23.14.26:393][273]LogModuleManager: Shutting down and abandoning module ImageWrapper (122)
[2020.01.16-23.14.26:393][273]LogModuleManager: Shutting down and abandoning module TextureFormatAndroid (119)
[2020.01.16-23.14.26:393][273]LogModuleManager: Shutting down and abandoning module AudioFormatOpus (117)
[2020.01.16-23.14.26:393][273]LogModuleManager: Shutting down and abandoning module AudioFormatOgg (115)
[2020.01.16-23.14.26:393][273]LogModuleManager: Shutting down and abandoning module AudioFormatADPCM (113)
[2020.01.16-23.14.26:393][273]LogModuleManager: Shutting down and abandoning module LinuxTargetPlatform (111)
[2020.01.16-23.14.26:393][273]LogModuleManager: Shutting down and abandoning module LinuxServerTargetPlatform (109)
[2020.01.16-23.14.26:393][273]LogModuleManager: Shutting down and abandoning module LinuxNoEditorTargetPlatform (107)
[2020.01.16-23.14.26:393][273]LogModuleManager: Shutting down and abandoning module LinuxClientTargetPlatform (105)
[2020.01.16-23.14.26:393][273]LogModuleManager: Shutting down and abandoning module TVOSTargetPlatform (103)
[2020.01.16-23.14.26:393][273]LogModuleManager: Shutting down and abandoning module Messaging (101)
[2020.01.16-23.14.26:393][273]LogModuleManager: Shutting down and abandoning module IOSTargetPlatform (99)
[2020.01.16-23.14.26:393][273]LogModuleManager: Shutting down and abandoning module HTML5TargetPlatform (97)
[2020.01.16-23.14.26:393][273]LogModuleManager: Shutting down and abandoning module Android_PVRTCTargetPlatform (95)
[2020.01.16-23.14.26:393][273]LogModuleManager: Shutting down and abandoning module Android_MultiTargetPlatform (93)
[2020.01.16-23.14.26:393][273]LogModuleManager: Shutting down and abandoning module Android_ETC2TargetPlatform (91)
[2020.01.16-23.14.26:393][273]LogModuleManager: Shutting down and abandoning module Android_ETC1TargetPlatform (89)
[2020.01.16-23.14.26:393][273]LogModuleManager: Shutting down and abandoning module Android_DXTTargetPlatform (87)
[2020.01.16-23.14.26:393][273]LogModuleManager: Shutting down and abandoning module Android_ATCTargetPlatform (85)
[2020.01.16-23.14.26:393][273]LogModuleManager: Shutting down and abandoning module Android_ASTCTargetPlatform (83)
[2020.01.16-23.14.26:393][273]LogModuleManager: Shutting down and abandoning module AndroidTargetPlatform (81)
[2020.01.16-23.14.26:393][273]LogModuleManager: Shutting down and abandoning module WindowsTargetPlatform (79)
[2020.01.16-23.14.26:393][273]LogModuleManager: Shutting down and abandoning module WindowsServerTargetPlatform (77)
[2020.01.16-23.14.26:393][273]LogModuleManager: Shutting down and abandoning module WindowsNoEditorTargetPlatform (75)
[2020.01.16-23.14.26:393][273]LogModuleManager: Shutting down and abandoning module WindowsClientTargetPlatform (73)
[2020.01.16-23.14.26:393][273]LogModuleManager: Shutting down and abandoning module MacTargetPlatform (71)
[2020.01.16-23.14.26:393][273]LogModuleManager: Shutting down and abandoning module MacServerTargetPlatform (69)
[2020.01.16-23.14.26:393][273]LogModuleManager: Shutting down and abandoning module MacNoEditorTargetPlatform (67)
[2020.01.16-23.14.26:393][273]LogModuleManager: Shutting down and abandoning module MacClientTargetPlatform (65)
[2020.01.16-23.14.26:393][273]LogModuleManager: Shutting down and abandoning module AllDesktopTargetPlatform (63)
[2020.01.16-23.14.26:393][273]LogModuleManager: Shutting down and abandoning module InputCore (60)
[2020.01.16-23.14.26:393][273]LogModuleManager: Shutting down and abandoning module Settings (58)
[2020.01.16-23.14.26:393][273]LogModuleManager: Shutting down and abandoning module OculusRift (56)
[2020.01.16-23.14.26:393][273]LogModuleManager: Shutting down and abandoning module GearVRController (54)
[2020.01.16-23.14.26:393][273]LogModuleManager: Shutting down and abandoning module GearVR (52)
[2020.01.16-23.14.26:393][273]LogModuleManager: Shutting down and abandoning module ExampleDeviceProfileSelector (50)
[2020.01.16-23.14.26:393][273]LogModuleManager: Shutting down and abandoning module OnlineBlueprintSupport (48)
[2020.01.16-23.14.26:393][273]LogModuleManager: Shutting down and abandoning module OnlineSubsystem (44)
[2020.01.16-23.14.26:393][273]LogOnline:Display: Unloading online subsystem: NULL
[2020.01.16-23.14.26:393][273]LogModuleManager: Shutting down and abandoning module XMPP (43)
[2020.01.16-23.14.26:394][273]LogModuleManager: Shutting down and abandoning module HTTP (41)
[2020.01.16-23.14.26:394][273]LogHttp:Display: Http module shutting down, but needs to wait on 1 outstanding Http requests:
[2020.01.16-23.14.26:394][273]LogHttp:Display: 	verb=[POST] url=[https://datarouter.ol.epicgames.com/datarouter/api/v1/public/data?SessionID=%7B488B5DE8-4AD4-A1E5-76C0-219BA26C4178%7D&AppID=UEEditor.Rocket.Release&AppVersion=4.16.3-3561208%2B%2B%2BUE4%2BRelease-4.16&UserID=9e57c2c64b20593d5bf76f8216e1211c%7C3da654c4b0e74fa6a45970f2e66751cc%7Ca00a1342-5ee5-46c1-94e0-465cecb1bc04&AppEnvironment=datacollector-binary&UploadType=eteventstream] status=Processing
[2020.01.16-23.14.26:418][273]LogModuleManager: Shutting down and abandoning module SSL (40)
[2020.01.16-23.14.26:422][273]LogModuleManager: Shutting down and abandoning module HTTPChunkInstaller (36)
[2020.01.16-23.14.26:422][273]LogModuleManager: Shutting down and abandoning module AnimationModifiers (34)
[2020.01.16-23.14.26:422][273]LogModuleManager: Shutting down and abandoning module PropertyEditor (33)
[2020.01.16-23.14.26:422][273]LogModuleManager: Shutting down and abandoning module AudioEditor (30)
[2020.01.16-23.14.26:422][273]LogModuleManager: Shutting down and abandoning module TextureCompressor (28)
[2020.01.16-23.14.26:422][273]LogModuleManager: Shutting down and abandoning module ShaderCore (26)
[2020.01.16-23.14.26:422][273]LogModuleManager: Shutting down and abandoning module Landscape (24)
[2020.01.16-23.14.26:422][273]LogModuleManager: Shutting down and abandoning module SlateRHIRenderer (22)
[2020.01.16-23.14.26:423][273]LogModuleManager: Shutting down and abandoning module OpenGLDrv (20)
[2020.01.16-23.14.26:423][273]LogModuleManager: Shutting down and abandoning module D3D11RHI (18)
[2020.01.16-23.14.26:423][273]LogModuleManager: Shutting down and abandoning module AnimGraphRuntime (16)
[2020.01.16-23.14.26:423][273]LogModuleManager: Shutting down and abandoning module Renderer (14)
[2020.01.16-23.14.26:423][273]LogModuleManager: Shutting down and abandoning module Engine (12)
[2020.01.16-23.14.26:423][273]LogModuleManager: Shutting down and abandoning module CoreUObject (10)
[2020.01.16-23.14.26:423][273]LogModuleManager: Shutting down and abandoning module NetworkFile (8)
[2020.01.16-23.14.26:423][273]LogModuleManager: Shutting down and abandoning module StreamingFile (6)
[2020.01.16-23.14.26:423][273]LogModuleManager: Shutting down and abandoning module SandboxFile (4)
[2020.01.16-23.14.26:423][273]LogModuleManager: Shutting down and abandoning module PakFile (2)
[2020.01.16-23.14.26:426][273]LogExit: Exiting.
[2020.01.16-23.14.26:450][273]Log file closed, 01/17/20 00:14:26
