Log file open, 01/14/20 23:12:49
LogInit:Display: Running engine for game: EntregaJuegoUnreal2
LogPlatformFile: Not using cached read wrapper
LogInit:Display: RandInit(1786318173) SRandInit(1786318173).
LogTaskGraph: Started task graph with 5 named threads and 10 total threads with 1 sets of task threads.
LogStats: Stats thread started at 0.113217
LogInit: Using libcurl 7.47.1
LogInit:  - built for x86_64-pc-win32
LogInit:  - supports SSL with OpenSSL/1.0.2g
LogInit:  - supports HTTP deflate (compression) using libz 1.2.8
LogInit:  - other features:
LogInit:      CURL_VERSION_SSL
LogInit:      CURL_VERSION_LIBZ
LogInit:      CURL_VERSION_IPV6
LogInit:      CURL_VERSION_ASYNCHDNS
LogInit:      CURL_VERSION_LARGEFILE
LogInit:      CURL_VERSION_IDN
LogInit:  CurlRequestOptions (configurable via config and command line):
LogInit:  - bVerifyPeer = false  - Libcurl will NOT verify peer certificate
LogInit:  - bUseHttpProxy = false  - Libcurl will NOT use HTTP proxy
LogInit:  - bDontReuseConnections = false  - Libcurl will reuse connections
LogInit:  - CertBundlePath = nullptr  - Libcurl will use whatever was configured at build time.
LogInit: Build: ++UE4+Release-4.16-CL-3561208
LogInit: Engine Version: 4.16.3-3561208+++UE4+Release-4.16
LogInit: Compatible Engine Version: 4.16.0-3452394+++UE4+Release-4.16
LogInit: Net CL: 3452394
LogDevObjectVersion: Number of dev versions registered: 16
LogDevObjectVersion:   Dev-Blueprints (B0D832E4-1F89-4F0D-ACCF-7EB736FD4AA2): 9
LogDevObjectVersion:   Dev-Build (E1C64328-A22C-4D53-A36C-8E866417BD8C): 0
LogDevObjectVersion:   Dev-Core (375EC13C-06E4-48FB-B500-84F0262A717E): 2
LogDevObjectVersion:   Dev-Editor (E4B068ED-F494-42E9-A231-DA0B2E46BB41): 17
LogDevObjectVersion:   Dev-Framework (CFFC743F-43B0-4480-9391-14DF171D2073): 23
LogDevObjectVersion:   Dev-Mobile (B02B49B5-BB20-44E9-A304-32B752E40360): 0
LogDevObjectVersion:   Dev-Networking (A4E4105C-59A1-49B5-A7C5-40C4547EDFEE): 0
LogDevObjectVersion:   Dev-Online (39C831C9-5AE6-47DC-9A44-9C173E1C8E7C): 0
LogDevObjectVersion:   Dev-Physics (78F01B33-EBEA-4F98-B9B4-84EACCB95AA2): 0
LogDevObjectVersion:   Dev-Platform (6631380F-2D4D-43E0-8009-CF276956A95A): 0
LogDevObjectVersion:   Dev-Rendering (12F88B9F-8875-4AFC-A67C-D90C383ABD29): 15
LogDevObjectVersion:   Dev-Sequencer (7B5AE74C-D270-4C10-A958-57980B212A5A): 4
LogDevObjectVersion:   Dev-VR (D7296918-1DD6-4BDD-9DE2-64A83CC13884): 0
LogDevObjectVersion:   Dev-LoadTimes (C2A15278-BFE7-4AFE-6C17-90FF531DF755): 1
LogDevObjectVersion:   Private-Geometry (6EACA3D4-40EC-4CC1-B786-8BED09428FC5): 1
LogDevObjectVersion:   Dev-AnimPhys (29E575DD-E0A3-4627-9D10-D276232CDCEA): 3
LogInit: Compiled (64-bit): Jul 28 2017 11:49:47
LogInit: Compiled with Visual C++: 19.00.24215.01
LogInit: Build Configuration: Development
LogInit: Branch Name: ++UE4+Release-4.16
LogInit: Command line:  
LogInit: Base directory: C:/Program Files (x86)/Epic Games/UE_4.16/Engine/Binaries/Win64/
LogInit: Installed Engine Build: 1
LogInit: Presizing for max 8388607 objects, including 0 objects not considered by GC, pre-allocating 0 bytes for permanent pool.
LogInit: Object subsystem initialized
[2020.01.14-22.12.49:754][  0]LogInit: Selected Device Profile: [Windows]
[2020.01.14-22.12.49:754][  0]LogInit: Applying CVar settings loaded from the selected device profile: [Windows]
[2020.01.14-22.12.49:767][  0]LogInit: Computer: DESKTOP-VCH55FJ
[2020.01.14-22.12.49:767][  0]LogInit: User: CarlosGómez
[2020.01.14-22.12.49:767][  0]LogInit: CPU Page size=4096, Cores=6
[2020.01.14-22.12.49:767][  0]LogInit: High frequency timer resolution =10.000000 MHz
[2020.01.14-22.12.49:767][  0]LogMemory: Memory total: Physical=16.0GB (16GB approx)
[2020.01.14-22.12.49:767][  0]LogMemory: Platform Memory Stats for Windows
[2020.01.14-22.12.49:767][  0]LogMemory: Process Physical Memory: 275.49 MB used, 275.50 MB peak
[2020.01.14-22.12.49:767][  0]LogMemory: Process Virtual Memory: 267.31 MB used, 267.31 MB peak
[2020.01.14-22.12.49:767][  0]LogMemory: Physical Memory: 5131.38 MB used,  11202.32 MB free, 16333.70 MB total
[2020.01.14-22.12.49:767][  0]LogMemory: Virtual Memory: 4781.21 MB used,  11202.32 MB free, 134217728.00 MB total
[2020.01.14-22.12.49:843][  0]LogInit: Overriding language with editor language configuration option (en).
[2020.01.14-22.12.49:843][  0]LogInit: Overriding locale with editor locale configuration option (en).
[2020.01.14-22.12.50:726][  0]LogD3D11RHI: D3D11 adapters:
[2020.01.14-22.12.50:794][  0]LogD3D11RHI:    0. 'NVIDIA GeForce GTX 1660 Ti' (Feature Level 11_0)
[2020.01.14-22.12.50:794][  0]LogD3D11RHI:       5991/0/8166 MB DedicatedVideo/DedicatedSystem/SharedSystem, Outputs:2, VendorId:0x10de
[2020.01.14-22.12.50:796][  0]LogD3D11RHI:    1. 'Microsoft Basic Render Driver' (Feature Level 11_0)
[2020.01.14-22.12.50:796][  0]LogD3D11RHI:       0/0/8166 MB DedicatedVideo/DedicatedSystem/SharedSystem, Outputs:0, VendorId:0x1414
[2020.01.14-22.12.50:796][  0]LogD3D11RHI: Chosen D3D11 Adapter: 0
[2020.01.14-22.12.50:804][  0]LogD3D11RHI: Creating new Direct3DDevice
[2020.01.14-22.12.50:804][  0]LogD3D11RHI:     GPU DeviceId: 0x2182 (for the marketing name, search the web for "GPU Device Id")
[2020.01.14-22.12.50:804][  0]LogWindows: EnumDisplayDevices:
[2020.01.14-22.12.50:804][  0]LogWindows:    0. 'NVIDIA GeForce GTX 1660 Ti' (P:1 D:1)
[2020.01.14-22.12.50:804][  0]LogWindows:    1. 'NVIDIA GeForce GTX 1660 Ti' (P:0 D:1)
[2020.01.14-22.12.50:804][  0]LogWindows:    2. 'NVIDIA GeForce GTX 1660 Ti' (P:0 D:0)
[2020.01.14-22.12.50:804][  0]LogWindows:    3. 'NVIDIA GeForce GTX 1660 Ti' (P:0 D:0)
[2020.01.14-22.12.50:804][  0]LogWindows: DebugString: GetVideoDriverDetailsInvalid PrimaryIsNotTheChoosenAdapter GetVideoDriverDetailsInvalid PrimaryIsNotTheChoosenAdapter GetVideoDriverDetailsInvalid PrimaryIsNotTheChoosenAdapter GetVideoDriverDetailsInvalid PrimaryIsNotTheChoosenAdapter FoundDriverCount:0 
[2020.01.14-22.12.50:804][  0]LogD3D11RHI:     Adapter Name: NVIDIA GeForce GTX 1660 Ti
[2020.01.14-22.12.50:804][  0]LogD3D11RHI:   Driver Version: Unknown (internal:Unknown, unified:Unknown)
[2020.01.14-22.12.50:804][  0]LogD3D11RHI:      Driver Date: Unknown
[2020.01.14-22.12.50:804][  0]LogRHI: Texture pool is 1361 MB (70% of 1945 MB)
[2020.01.14-22.12.50:854][  0]LogD3D11RHI: Async texture creation enabled
[2020.01.14-22.12.50:865][  0]LogD3D11RHI: GPU Timing Frequency: 1000.000000 (Debug: 2 1)
[2020.01.14-22.12.50:868][  0]LogShaderCompilers: Guid format shader working directory is -31 characters bigger than the processId version (../../../../../../Users/Carlos Gómez/Desktop/videojuego_shooter/EntregaJuegoUnreal2/Intermediate/Shaders/WorkingDirectory/10276/).
[2020.01.14-22.12.50:868][  0]LogShaderCompilers: Cleaned the shader compiler working directory 'C:/Users/Carlos Gómez/AppData/Local/Temp/UnrealShaderWorkingDir/E3ECDC6C4DCCD9308478CC8B20DF71F7/'.
[2020.01.14-22.12.50:868][  0]LogShaderCompilers:Display: Using Local Shader Compiler.
[2020.01.14-22.12.51:792][  0]LogTemp:Display: Loaded TP AllDesktopTargetPlatform
[2020.01.14-22.12.51:845][  0]LogTemp:Display: Loaded TP MacClientTargetPlatform
[2020.01.14-22.12.51:900][  0]LogTemp:Display: Loaded TP MacNoEditorTargetPlatform
[2020.01.14-22.12.51:952][  0]LogTemp:Display: Loaded TP MacServerTargetPlatform
[2020.01.14-22.12.52:004][  0]LogTemp:Display: Loaded TP MacTargetPlatform
[2020.01.14-22.12.52:056][  0]LogTemp:Display: Loaded TP WindowsClientTargetPlatform
[2020.01.14-22.12.52:109][  0]LogTemp:Display: Loaded TP WindowsNoEditorTargetPlatform
[2020.01.14-22.12.52:165][  0]LogTemp:Display: Loaded TP WindowsServerTargetPlatform
[2020.01.14-22.12.52:211][  0]LogTemp:Display: Loaded TP WindowsTargetPlatform
[2020.01.14-22.12.52:262][  0]LogTemp:Display: Loaded TP AndroidTargetPlatform
[2020.01.14-22.12.52:319][  0]LogTemp:Display: Loaded TP Android_ASTCTargetPlatform
[2020.01.14-22.12.52:372][  0]LogTemp:Display: Loaded TP Android_ATCTargetPlatform
[2020.01.14-22.12.52:426][  0]LogTemp:Display: Loaded TP Android_DXTTargetPlatform
[2020.01.14-22.12.52:476][  0]LogTemp:Display: Loaded TP Android_ETC1TargetPlatform
[2020.01.14-22.12.52:529][  0]LogTemp:Display: Loaded TP Android_ETC2TargetPlatform
[2020.01.14-22.12.52:636][  0]LogTemp:Display: Loaded TP Android_MultiTargetPlatform
[2020.01.14-22.12.52:636][  0]LogTemp:Display: Loaded TP Android_PVRTCTargetPlatform
[2020.01.14-22.12.52:680][  0]LogTemp:Display: Loaded TP HTML5TargetPlatform
[2020.01.14-22.12.52:779][  0]LogTemp:Display: Loaded TP IOSTargetPlatform
[2020.01.14-22.12.52:811][  0]LogTemp:Display: Loaded TP TVOSTargetPlatform
[2020.01.14-22.12.52:863][  0]LogTemp:Display: Loaded TP LinuxClientTargetPlatform
[2020.01.14-22.12.52:914][  0]LogTemp:Display: Loaded TP LinuxNoEditorTargetPlatform
[2020.01.14-22.12.52:964][  0]LogTemp:Display: Loaded TP LinuxServerTargetPlatform
[2020.01.14-22.12.53:019][  0]LogTemp:Display: Loaded TP LinuxTargetPlatform
[2020.01.14-22.12.53:019][  0]LogTargetPlatformManager:Display: Building Assets For Windows
[2020.01.14-22.12.53:538][  0]LogDerivedDataCache:Display: Max Cache Size: 512 MB
[2020.01.14-22.12.53:624][  0]LogDerivedDataCache: Loaded boot cache 0.09s 90MB C:/Users/Carlos Gómez/AppData/Local/UnrealEngine/4.16/DerivedDataCache/Boot.ddc.
[2020.01.14-22.12.53:624][  0]LogDerivedDataCache:Display: Loaded Boot cache: C:/Users/Carlos Gómez/AppData/Local/UnrealEngine/4.16/DerivedDataCache/Boot.ddc
[2020.01.14-22.12.53:624][  0]LogDerivedDataCache: FDerivedDataBackendGraph:  Pak pak cache file ../../../../../../Users/Carlos Gómez/Desktop/videojuego_shooter/EntregaJuegoUnreal2/DerivedDataCache/DDC.ddp not found, will not use a pak cache.
[2020.01.14-22.12.53:624][  0]LogDerivedDataCache: Unable to find inner node Pak for hierarchical cache Hierarchy.
[2020.01.14-22.12.53:624][  0]LogDerivedDataCache: FDerivedDataBackendGraph:  CompressedPak pak cache file ../../../../../../Users/Carlos Gómez/Desktop/videojuego_shooter/EntregaJuegoUnreal2/DerivedDataCache/Compressed.ddp not found, will not use a pak cache.
[2020.01.14-22.12.53:624][  0]LogDerivedDataCache: Unable to find inner node CompressedPak for hierarchical cache Hierarchy.
[2020.01.14-22.12.53:640][  0]LogDerivedDataCache:Display: Pak cache opened for reading ../../../Engine/DerivedDataCache/Compressed.ddp.
[2020.01.14-22.12.53:652][  0]LogDerivedDataCache: Using Local data cache path C:/Users/Carlos Gómez/AppData/Local/UnrealEngine/Common/DerivedDataCache: Writable
[2020.01.14-22.12.53:661][  0]LogMaterial: Verifying Global Shaders for PCD3D_SM5
[2020.01.14-22.12.53:662][  0]LogSlate: Using Freetype 2.6.0
[2020.01.14-22.12.53:662][  0]LogSlate: SlateFontCache - WITH_FREETYPE: 1, WITH_HARFBUZZ: 1
[2020.01.14-22.12.53:662][  0]LogSlate: SlateFontCache - WITH_FREETYPE: 1, WITH_HARFBUZZ: 1
[2020.01.14-22.12.53:983][  0]LogInit: Selected Device Profile: [Windows]
[2020.01.14-22.12.54:048][  0]LogContentStreaming: Texture pool size is 0.00 MB
[2020.01.14-22.12.54:195][  0]LogMeshUtilities: Using QuadricMeshReduction for automatic static mesh reduction
[2020.01.14-22.12.54:242][  0]LogSimplygon: Simplygon DLL not present - disabling.
[2020.01.14-22.12.54:309][  0]LogMeshUtilities: Using SimplygonSwarm for distributed automatic mesh merging
[2020.01.14-22.12.54:309][  0]LogMeshUtilities: No automatic skeletal mesh reduction module available
[2020.01.14-22.12.54:309][  0]LogMeshUtilities: No automatic mesh merging module available
[2020.01.14-22.12.54:842][  0]LogNetVersion: EntregaJuegoUnreal2 , NetCL: 3452394, EngineNetVer: 2, GameNetVer: 0 (Checksum: 2631086534)
[2020.01.14-22.12.54:907][  0]LogAssetRegistry: FAssetRegistry took 0.0261 seconds to start up
[2020.01.14-22.12.54:951][  0]LogPackageLocalizationCache: Processed 4 localized package path(s) for 1 prioritized culture(s) in 0.018802 seconds
[2020.01.14-22.12.54:957][  0]LogUObjectArray: 34194 objects as part of root set at end of initial load.
[2020.01.14-22.12.54:957][  0]LogUObjectAllocator: 7260416 out of 0 bytes used by permanent object pool.
[2020.01.14-22.12.54:957][  0]LogUObjectArray: CloseDisregardForGC: 0/0 objects in disregard for GC pool
[2020.01.14-22.12.55:024][  0]LogInit: WinSock: version 1.1 (2.2), MaxSocks=32767, MaxUdp=65467
[2020.01.14-22.12.56:845][  0]LogWmfMedia: Failed to load mf.dll
[2020.01.14-22.12.56:845][  0]LogWmfMedia: Failed to load required Windows Media Foundation libraries
[2020.01.14-22.12.56:893][  0]LogWindowsMoviePlayer: Could not load mf.dll. Library not found.
[2020.01.14-22.12.56:893][  0]LogWindowsMoviePlayer: Could not load mfplat.dll. Library not found.
[2020.01.14-22.12.56:893][  0]LogWindowsMoviePlayer: Could not load mfplay.dll. Library not found.
[2020.01.14-22.12.57:343][  0]LogTcpMessaging: Initializing TcpMessaging bridge
[2020.01.14-22.12.57:385][  0]LogUdpMessaging: Initializing bridge on interface 0.0.0.0:0 to multicast group 230.0.0.1:6666.
[2020.01.14-22.12.57:915][  0]LogMaterial: Uniform references updated for custom material expression Custom.
[2020.01.14-22.12.58:318][  0]SourceControl: Info Source control is disabled
[2020.01.14-22.12.58:319][  0]SourceControl: Info Source control is disabled
[2020.01.14-22.12.58:370][  0]SourceControl: Info Source control is disabled
[2020.01.14-22.12.58:418][  0]SourceControl: Info Source control is disabled
[2020.01.14-22.12.59:125][  0]LogAndroidPermission: UAndroidPermissionCallbackProxy::GetInstance
[2020.01.14-22.12.59:750][  0]LogEngine: Initializing Engine...
[2020.01.14-22.12.59:750][  0]LogHMD: Failed to initialize OpenVR with code 110
[2020.01.14-22.12.59:915][  0]LogStats: UGameplayTagsManager::ConstructGameplayTagTree: Construct from data asset -  0.000 s
[2020.01.14-22.12.59:916][  0]LogStats: UGameplayTagsManager::ConstructGameplayTagTree: GameplayTagTreeChangedEvent.Broadcast -  0.000 s
[2020.01.14-22.13.00:052][  0]LogAIModule: Creating AISystem for world Untitled
[2020.01.14-22.13.00:086][  0]LogInit: XAudio2 using 'Speakers (2- USB Audio Device)' : 2 channels at 48 kHz using 16 bits per sample (channel mask 0x3)
[2020.01.14-22.13.00:102][  0]LogInit: FAudioDevice initialized.
[2020.01.14-22.13.00:158][  0]LogDerivedDataCache: Saved boot cache 0.06s 90MB C:/Users/Carlos Gómez/AppData/Local/UnrealEngine/4.16/DerivedDataCache/Boot.ddc.
[2020.01.14-22.13.00:173][  0]LogInit: Texture streaming: Enabled
[2020.01.14-22.13.00:277][  0]LogEngineSessionManager: EngineSessionManager initialized
[2020.01.14-22.13.00:503][  0]LogInit: Transaction tracking system initialized
[2020.01.14-22.13.00:835][  0]BlueprintLog: New page: Editor Load
[2020.01.14-22.13.01:852][  0]LocalizationService: Info Localization service is disabled
[2020.01.14-22.13.02:562][  0]LogConsoleResponse:Display: 
[2020.01.14-22.13.02:692][  0]LogCook:Display: Max memory allowance for cook 16384mb min free memory 0mb
[2020.01.14-22.13.02:692][  0]LogCook:Display: Mobile HDR setting 1
[2020.01.14-22.13.03:734][  0]LogFileCache: Scanning file cache for directory 'C:/Users/Carlos Gómez/Desktop/videojuego_shooter/EntregaJuegoUnreal2/Content/' took 0.02s
[2020.01.14-22.13.03:783][  0]SourceControl: Info Source control is disabled
[2020.01.14-22.13.03:783][  0]Cmd: MAP LOAD FILE="../../../../../../Users/Carlos Gómez/Desktop/videojuego_shooter/EntregaJuegoUnreal2/Content/FirstPersonBP/Maps/FirstPersonExampleMap.umap" TEMPLATE=0 SHOWPROGRESS=1 FEATURELEVEL=3
[2020.01.14-22.13.03:783][  0]LightingResults: New page: Lighting Build
[2020.01.14-22.13.03:831][  0]MapCheck: New page: Map Check
[2020.01.14-22.13.03:831][  0]LightingResults: New page: Lighting Build
[2020.01.14-22.13.04:521][  0]LogLinker:Warning: Can't find file '/Game/cha_unity/Arboles/Texturas/leaves'
[2020.01.14-22.13.04:521][  0]LogLinker:Warning: Can't find file for asset '/Game/cha_unity/Arboles/Texturas/leaves' while loading ../../../../../../Users/Carlos Gómez/Desktop/videojuego_shooter/EntregaJuegoUnreal2/Content/Estructuras/cha_unity/Arboles/Tree_FBX.uasset.
[2020.01.14-22.13.04:521][  0]LoadErrors:Error: Error /Game/Estructuras/cha_unity/Arboles/Tree_FBX : Can't find file for asset. /Game/cha_unity/Arboles/Texturas/leaves
[2020.01.14-22.13.04:521][  0]LogLinker:Warning: Can't find file '/Game/cha_unity/Arboles/Texturas/trunk'
[2020.01.14-22.13.04:522][  0]LogLinker:Warning: Can't find file for asset '/Game/cha_unity/Arboles/Texturas/trunk' while loading ../../../../../../Users/Carlos Gómez/Desktop/videojuego_shooter/EntregaJuegoUnreal2/Content/Estructuras/cha_unity/Arboles/Tree_FBX.uasset.
[2020.01.14-22.13.04:522][  0]LoadErrors:Error: Error /Game/Estructuras/cha_unity/Arboles/Tree_FBX : Can't find file for asset. /Game/cha_unity/Arboles/Texturas/trunk
[2020.01.14-22.13.04:522][  0]LogLinker:Warning: Can't find file '/Game/cha_unity/Arboles/Texturas/leaves'
[2020.01.14-22.13.04:522][  0]LogLinker:Warning: Can't find file for asset '/Game/cha_unity/Arboles/Texturas/leaves' while loading ../../../../../../Users/Carlos Gómez/Desktop/videojuego_shooter/EntregaJuegoUnreal2/Content/Estructuras/cha_unity/Arboles/Tree_FBX.uasset.
[2020.01.14-22.13.04:522][  0]LoadErrors:Error: Error /Game/Estructuras/cha_unity/Arboles/Tree_FBX : Can't find file for asset. /Game/cha_unity/Arboles/Texturas/leaves
[2020.01.14-22.13.04:522][  0]LogLinker:Warning: Can't find file '/Game/cha_unity/Arboles/Texturas/trunk'
[2020.01.14-22.13.04:522][  0]LogLinker:Warning: Can't find file for asset '/Game/cha_unity/Arboles/Texturas/trunk' while loading ../../../../../../Users/Carlos Gómez/Desktop/videojuego_shooter/EntregaJuegoUnreal2/Content/Estructuras/cha_unity/Arboles/Tree_FBX.uasset.
[2020.01.14-22.13.04:522][  0]LoadErrors:Error: Error /Game/Estructuras/cha_unity/Arboles/Tree_FBX : Can't find file for asset. /Game/cha_unity/Arboles/Texturas/trunk
[2020.01.14-22.13.04:589][  0]LogLinker:Warning: Can't find file '/Game/cha_unity/Arboles/Texturas/trunk'
[2020.01.14-22.13.04:589][  0]LoadErrors: Info Failed to load /Game/cha_unity/Arboles/Texturas/trunk.trunk Referenced by Tree_FBX
[2020.01.14-22.13.04:589][  0]LogLinker:Warning: Can't find file for asset '/Game/cha_unity/Arboles/Texturas/trunk' while loading NULL.
[2020.01.14-22.13.04:589][  0]LoadErrors: Info Failed to load /Game/cha_unity/Arboles/Texturas/trunk.trunk Referenced by Tree_FBX
[2020.01.14-22.13.04:589][  0]LogLinker:Warning: Can't find file '/Game/cha_unity/Arboles/Texturas/leaves'
[2020.01.14-22.13.04:589][  0]LoadErrors: Info Failed to load /Game/cha_unity/Arboles/Texturas/leaves.leaves Referenced by Tree_FBX
[2020.01.14-22.13.04:589][  0]LogLinker:Warning: Can't find file for asset '/Game/cha_unity/Arboles/Texturas/leaves' while loading NULL.
[2020.01.14-22.13.04:589][  0]LoadErrors: Info Failed to load /Game/cha_unity/Arboles/Texturas/leaves.leaves Referenced by Tree_FBX
[2020.01.14-22.13.05:127][  0]LogAIModule: Creating AISystem for world FirstPersonExampleMap
[2020.01.14-22.13.05:140][  0]LogEditorServer: Finished looking for orphan Actors (0.000 secs)
[2020.01.14-22.13.05:158][  0]Cmd: MAP CHECKDEP NOCLEARLOG
[2020.01.14-22.13.05:232][  0]MapCheck: Info Map check complete: 0 Error(s), 0 Warning(s), took 73.801ms to complete.
[2020.01.14-22.13.05:232][  0]LogFileHelpers: Loading map 'FirstPersonExampleMap' took 1.450
[2020.01.14-22.13.05:379][  0]LogCollectionManager: Loaded 0 collections in 0.001745 seconds
[2020.01.14-22.13.05:462][  0]LogFileCache: Scanning file cache for directory 'C:/Users/Carlos Gómez/Desktop/videojuego_shooter/EntregaJuegoUnreal2/Saved/Collections/' took 0.01s
[2020.01.14-22.13.05:462][  0]LogFileCache: Scanning file cache for directory 'C:/Users/Carlos Gómez/Desktop/videojuego_shooter/EntregaJuegoUnreal2/Content/Developers/CarlosGómez/Collections/' took 0.01s
[2020.01.14-22.13.05:462][  0]LogFileCache: Scanning file cache for directory 'C:/Users/Carlos Gómez/Desktop/videojuego_shooter/EntregaJuegoUnreal2/Content/Collections/' took 0.01s
[2020.01.14-22.13.05:462][  0]LogCollectionManager: Rebuilt the GUID cache for 0 collections in 0.000003 seconds
[2020.01.14-22.13.05:471][  0]LogContentBrowser: Native class hierarchy populated in 0.0094 seconds. Added 2329 classes and 491 folders.
[2020.01.14-22.13.05:539][  0]LogContentBrowser: Native class hierarchy updated for 'WidgetCarousel' in 0.0005 seconds. Added 0 classes and 0 folders.
[2020.01.14-22.13.05:576][  0]LogContentBrowser: Native class hierarchy updated for 'AddContentDialog' in 0.0005 seconds. Added 0 classes and 0 folders.
[2020.01.14-22.13.05:625][  0]LogContentBrowser: Native class hierarchy updated for 'SceneOutliner' in 0.0006 seconds. Added 1 classes and 2 folders.
[2020.01.14-22.13.05:665][  0]LogCrashTracker: Crashtracker disabled due to settings.
[2020.01.14-22.13.05:669][  0]LogSlate: Took 0.000229 seconds to synchronously load lazily loaded font '../../../Engine/Content/Slate/Fonts/Roboto-Regular.ttf' (155K)
[2020.01.14-22.13.05:671][  0]LogSlate: Took 0.000244 seconds to synchronously load lazily loaded font '../../../Engine/Content/Slate/Fonts/Roboto-Bold.ttf' (160K)
[2020.01.14-22.13.05:676][  0]LogSlate: Took 0.000214 seconds to synchronously load lazily loaded font '../../../Engine/Content/Editor/Slate/Fonts/FontAwesome.ttf' (139K)
[2020.01.14-22.13.05:754][  0]LogRenderer: Reallocating scene render targets to support 1208x576 NumSamples 1 (Frame:1).
[2020.01.14-22.13.05:916][  0]LogUObjectGlobals:Warning: Failed to find object 'Class None.'
[2020.01.14-22.13.05:985][  0]LogContentBrowser: Native class hierarchy updated for 'HierarchicalLODOutliner' in 0.0006 seconds. Added 1 classes and 2 folders.
[2020.01.14-22.13.05:985][  0]LogLoad: (Engine Initialization) Total time: 17.89 seconds
[2020.01.14-22.13.05:985][  0]LogLoad: (Engine Initialization) Total Blueprint compile time: 0.33 seconds
[2020.01.14-22.13.05:985][  0]LogExternalProfiler: No external profilers were discovered.  External profiling features will not be available.
[2020.01.14-22.13.05:995][  0]LogOcInput: OculusInput pre-init called
[2020.01.14-22.13.05:995][  0]LogHMD: Starting GearVRController plugin
[2020.01.14-22.13.06:029][  0]LogContentStreaming: Texture pool size now 1000 MB
[2020.01.14-22.13.06:083][  0]LogSlate: Took 0.000265 seconds to synchronously load lazily loaded font '../../../Engine/Content/Slate/Fonts/Roboto-Light.ttf' (159K)
[2020.01.14-22.13.06:105][  1]LogAssetRegistry: Asset discovery search completed in 11.2203 seconds
[2020.01.14-22.13.06:107][  1]LogCollectionManager: Rebuilt the object cache for 0 collections in 0.000001 seconds (found 0 objects)
[2020.01.14-22.13.06:107][  1]LogCollectionManager: Fixed up redirectors for 0 collections in 0.000030 seconds (updated 0 objects)
[2020.01.14-22.13.11:102][586]LogFileCache: Retrieving MD5 hashes for directory 'C:/Users/Carlos Gómez/Desktop/videojuego_shooter/EntregaJuegoUnreal2/Content/' took 5.09s
[2020.01.14-22.13.13:649][890]LogSlate: Took 0.000153 seconds to synchronously load lazily loaded font '../../../Engine/Content/Slate/Fonts/Roboto-Light.ttf' (159K)
[2020.01.14-22.13.13:931][890]LogSavePackage: Save=254.04ms
[2020.01.14-22.13.13:931][890]LogSavePackage: Moving '../../../../../../Users/Carlos Gómez/Desktop/videojuego_shooter/EntregaJuegoUnreal2/Saved/FirstPersonExampleMap0D754B5F45066D05CE7A6F8B5B3C0550.tmp' to '../../../../../../Users/Carlos Gómez/Desktop/videojuego_shooter/EntregaJuegoUnreal2/Content/FirstPersonBP/Maps/FirstPersonExampleMap.umap'
[2020.01.14-22.13.13:933][890]LogSavePackage:Display: Finished SavePackage ../../../../../../Users/Carlos Gómez/Desktop/videojuego_shooter/EntregaJuegoUnreal2/Content/FirstPersonBP/Maps/FirstPersonExampleMap.umap
[2020.01.14-22.13.14:323][890]LogSavePackage: Save=328.83ms
[2020.01.14-22.13.14:323][890]LogSavePackage: Moving '../../../../../../Users/Carlos Gómez/Desktop/videojuego_shooter/EntregaJuegoUnreal2/Saved/FirstPersonExampleMap_BuiltData4C576E7741369A5D16DE649F67A70F66.tmp' to '../../../../../../Users/Carlos Gómez/Desktop/videojuego_shooter/EntregaJuegoUnreal2/Content/FirstPersonBP/Maps/FirstPersonExampleMap_BuiltData.uasset'
[2020.01.14-22.13.14:325][890]LogSavePackage:Display: Finished SavePackage ../../../../../../Users/Carlos Gómez/Desktop/videojuego_shooter/EntregaJuegoUnreal2/Content/FirstPersonBP/Maps/FirstPersonExampleMap_BuiltData.uasset
[2020.01.14-22.13.14:977][967]LogTemp: Repeting last play command: Selected Viewport
[2020.01.14-22.13.15:052][967]LogBlueprintUserMessages: Early PlayInEditor Detection: Level '/Game/FirstPersonBP/Maps/FirstPersonExampleMap.FirstPersonExampleMap:PersistentLevel' has LevelScriptBlueprint '/Game/FirstPersonBP/Maps/FirstPersonExampleMap.FirstPersonExampleMap:PersistentLevel.FirstPersonExampleMap' with GeneratedClass '/Game/FirstPersonBP/Maps/FirstPersonExampleMap.FirstPersonExampleMap_C' with ClassGeneratedBy '/Game/FirstPersonBP/Maps/FirstPersonExampleMap.FirstPersonExampleMap:PersistentLevel.FirstPersonExampleMap'
[2020.01.14-22.13.15:052][967]LogPlayLevel: PlayLevel: No blueprints needed recompiling
[2020.01.14-22.13.15:052][967]PIE: New page: PIE session: FirstPersonExampleMap (Jan 15, 2020, 12:13:15 AM)
[2020.01.14-22.13.15:052][967]LogPlayLevel: Creating play world package: /Game/FirstPersonBP/Maps/UEDPIE_0_FirstPersonExampleMap
[2020.01.14-22.13.15:073][967]LogPlayLevel: PIE: StaticDuplicateObject took: (0.020732s)
[2020.01.14-22.13.15:074][967]LogAIModule: Creating AISystem for world FirstPersonExampleMap
[2020.01.14-22.13.15:074][967]LogPlayLevel: PIE: World Init took: (0.000767s)
[2020.01.14-22.13.15:074][967]LogPlayLevel: PIE: Created PIE world by copying editor world from /Game/FirstPersonBP/Maps/FirstPersonExampleMap.FirstPersonExampleMap to /Game/FirstPersonBP/Maps/UEDPIE_0_FirstPersonExampleMap.FirstPersonExampleMap (0.021762s)
[2020.01.14-22.13.15:109][967]LogInit: XAudio2 using 'Speakers (2- USB Audio Device)' : 2 channels at 48 kHz using 16 bits per sample (channel mask 0x3)
[2020.01.14-22.13.15:119][967]LogInit: FAudioDevice initialized.
[2020.01.14-22.13.15:161][967]LogLoad: Game class is 'FirstPersonGameMode_C'
[2020.01.14-22.13.15:166][967]LogWorld: Bringing World /Game/FirstPersonBP/Maps/UEDPIE_0_FirstPersonExampleMap.FirstPersonExampleMap up for play (max tick rate 0) at 2020.01.14-23.13.15
[2020.01.14-22.13.15:166][967]LogWorld: Bringing up level for play took: 0.003442
[2020.01.14-22.13.15:210][967]LogContentBrowser: Native class hierarchy updated for 'MovieSceneCapture' in 0.0006 seconds. Added 11 classes and 0 folders.
[2020.01.14-22.13.15:214][967]PIE: Info Play in editor start time for /Game/FirstPersonBP/Maps/UEDPIE_0_FirstPersonExampleMap 1.052
[2020.01.14-22.13.15:214][967]LogBlueprintUserMessages: Late PlayInEditor Detection: Level '/Game/FirstPersonBP/Maps/FirstPersonExampleMap.FirstPersonExampleMap:PersistentLevel' has LevelScriptBlueprint '/Game/FirstPersonBP/Maps/FirstPersonExampleMap.FirstPersonExampleMap:PersistentLevel.FirstPersonExampleMap' with GeneratedClass '/Game/FirstPersonBP/Maps/FirstPersonExampleMap.FirstPersonExampleMap_C' with ClassGeneratedBy '/Game/FirstPersonBP/Maps/FirstPersonExampleMap.FirstPersonExampleMap:PersistentLevel.FirstPersonExampleMap'
[2020.01.14-22.13.17:114][190]LogBlueprintUserMessages: Early EndPlayMap Detection: Level '/Game/FirstPersonBP/Maps/FirstPersonExampleMap.FirstPersonExampleMap:PersistentLevel' has LevelScriptBlueprint '/Game/FirstPersonBP/Maps/FirstPersonExampleMap.FirstPersonExampleMap:PersistentLevel.FirstPersonExampleMap' with GeneratedClass '/Game/FirstPersonBP/Maps/FirstPersonExampleMap.FirstPersonExampleMap_C' with ClassGeneratedBy '/Game/FirstPersonBP/Maps/FirstPersonExampleMap.FirstPersonExampleMap:PersistentLevel.FirstPersonExampleMap'
[2020.01.14-22.13.17:146][190]LogBlueprintUserMessages: Late EndPlayMap Detection: Level '/Game/FirstPersonBP/Maps/FirstPersonExampleMap.FirstPersonExampleMap:PersistentLevel' has LevelScriptBlueprint '/Game/FirstPersonBP/Maps/FirstPersonExampleMap.FirstPersonExampleMap:PersistentLevel.FirstPersonExampleMap' with GeneratedClass '/Game/FirstPersonBP/Maps/FirstPersonExampleMap.FirstPersonExampleMap_C' with ClassGeneratedBy '/Game/FirstPersonBP/Maps/FirstPersonExampleMap.FirstPersonExampleMap:PersistentLevel.FirstPersonExampleMap'
[2020.01.14-22.13.20:783][607]LogLinker:Warning: Can't find file '/Game/cha_unity/Roca/Texturas/cha_material_roca'
[2020.01.14-22.13.20:783][607]LogLinker:Warning: Can't find file for asset '/Game/cha_unity/Roca/Texturas/cha_material_roca' while loading ../../../../../../Users/Carlos Gómez/Desktop/videojuego_shooter/EntregaJuegoUnreal2/Content/Estructuras/cha_unity/Roca/rockBlobFour.uasset.
[2020.01.14-22.13.20:783][607]LoadErrors:Error: Error /Game/Estructuras/cha_unity/Roca/rockBlobFour : Can't find file for asset. /Game/cha_unity/Roca/Texturas/cha_material_roca
[2020.01.14-22.13.20:783][607]LogLinker:Warning: Can't find file '/Game/cha_unity/Roca/Texturas/cha_material_roca'
[2020.01.14-22.13.20:783][607]LogLinker:Warning: Can't find file for asset '/Game/cha_unity/Roca/Texturas/cha_material_roca' while loading ../../../../../../Users/Carlos Gómez/Desktop/videojuego_shooter/EntregaJuegoUnreal2/Content/Estructuras/cha_unity/Roca/rockBlobFour.uasset.
[2020.01.14-22.13.20:784][607]LogLinker:Warning: Can't find file '/Game/cha_unity/Roca/Texturas/cha_material_roca'
[2020.01.14-22.13.20:784][607]LoadErrors: Info Failed to load /Game/cha_unity/Roca/Texturas/cha_material_roca.cha_material_roca Referenced by rockBlobFour
[2020.01.14-22.13.20:784][607]LogLinker:Warning: Can't find file for asset '/Game/cha_unity/Roca/Texturas/cha_material_roca' while loading NULL.
[2020.01.14-22.13.20:786][607]LogStaticMesh: Building static mesh rockBlobFour...
[2020.01.14-22.13.20:799][607]LogStaticMesh: Built static mesh [0.02s] /Game/Estructuras/cha_unity/Roca/rockBlobFour.rockBlobFour
[2020.01.14-22.13.20:853][611]LogActorFactory: Actor Factory created rockBlobFour
[2020.01.14-22.13.24:700][ 71]LogLinker:Warning: Can't find file '/Game/cha_unity/Roca/Texturas/cha_material_roca'
[2020.01.14-22.13.24:700][ 71]LogLinker:Warning: Can't find file for asset '/Game/cha_unity/Roca/Texturas/cha_material_roca' while loading ../../../../../../Users/Carlos Gómez/Desktop/videojuego_shooter/EntregaJuegoUnreal2/Content/Estructuras/cha_unity/Roca/rock2_collider.uasset.
[2020.01.14-22.13.24:700][ 71]LoadErrors:Error: Error /Game/Estructuras/cha_unity/Roca/rock2_collider : Can't find file for asset. /Game/cha_unity/Roca/Texturas/cha_material_roca
[2020.01.14-22.13.24:701][ 71]LogLinker:Warning: Can't find file '/Game/cha_unity/Roca/Texturas/cha_material_roca'
[2020.01.14-22.13.24:701][ 71]LogLinker:Warning: Can't find file for asset '/Game/cha_unity/Roca/Texturas/cha_material_roca' while loading ../../../../../../Users/Carlos Gómez/Desktop/videojuego_shooter/EntregaJuegoUnreal2/Content/Estructuras/cha_unity/Roca/rock2_collider.uasset.
[2020.01.14-22.13.24:701][ 71]LogLinker:Warning: Can't find file '/Game/cha_unity/Roca/Texturas/cha_material_roca'
[2020.01.14-22.13.24:701][ 71]LoadErrors: Info Failed to load /Game/cha_unity/Roca/Texturas/cha_material_roca.cha_material_roca Referenced by rock2_collider
[2020.01.14-22.13.24:701][ 71]LogLinker:Warning: Can't find file for asset '/Game/cha_unity/Roca/Texturas/cha_material_roca' while loading NULL.
[2020.01.14-22.13.24:702][ 71]LogStaticMesh: Building static mesh rock2_collider...
[2020.01.14-22.13.24:718][ 71]LogStaticMesh: Built static mesh [0.02s] /Game/Estructuras/cha_unity/Roca/rock2_collider.rock2_collider
[2020.01.14-22.13.24:769][ 75]LogActorFactory: Actor Factory created rock2_collider
[2020.01.14-22.13.25:352][144]LogActorFactory: Actor Factory created rock2_collider
[2020.01.14-22.13.28:246][473]LogActorFactory: Actor Factory created rock2_collider
[2020.01.14-22.13.29:828][644]LogActorFactory: Actor Factory created rock2_collider
[2020.01.14-22.13.30:588][731]LogActorFactory: Actor Factory created rock2_collider
[2020.01.14-22.13.30:826][757]LogActorFactory: Actor Factory created rock2_collider
[2020.01.14-22.13.32:970][  5]Cmd: DELETE
[2020.01.14-22.13.32:970][  5]Cmd: ACTOR DELETE
[2020.01.14-22.13.32:970][  5]LogEditorActor: Deleted Actor: StaticMeshActor
[2020.01.14-22.13.32:977][  5]LogEditorActor: Deleted 1 Actors (0.007 secs)
[2020.01.14-22.13.34:010][127]LogLinker:Warning: Can't find file '/Game/cha_unity/Roca/Texturas/cha_material_roca'
[2020.01.14-22.13.34:010][127]LogLinker:Warning: Can't find file for asset '/Game/cha_unity/Roca/Texturas/cha_material_roca' while loading ../../../../../../Users/Carlos Gómez/Desktop/videojuego_shooter/EntregaJuegoUnreal2/Content/Estructuras/cha_unity/Roca/rock4_collider.uasset.
[2020.01.14-22.13.34:010][127]LoadErrors:Error: Error /Game/Estructuras/cha_unity/Roca/rock4_collider : Can't find file for asset. /Game/cha_unity/Roca/Texturas/cha_material_roca
[2020.01.14-22.13.34:010][127]LogLinker:Warning: Can't find file '/Game/cha_unity/Roca/Texturas/cha_material_roca'
[2020.01.14-22.13.34:010][127]LogLinker:Warning: Can't find file for asset '/Game/cha_unity/Roca/Texturas/cha_material_roca' while loading ../../../../../../Users/Carlos Gómez/Desktop/videojuego_shooter/EntregaJuegoUnreal2/Content/Estructuras/cha_unity/Roca/rock4_collider.uasset.
[2020.01.14-22.13.34:011][127]LogLinker:Warning: Can't find file '/Game/cha_unity/Roca/Texturas/cha_material_roca'
[2020.01.14-22.13.34:011][127]LoadErrors: Info Failed to load /Game/cha_unity/Roca/Texturas/cha_material_roca.cha_material_roca Referenced by rock4_collider
[2020.01.14-22.13.34:011][127]LogLinker:Warning: Can't find file for asset '/Game/cha_unity/Roca/Texturas/cha_material_roca' while loading NULL.
[2020.01.14-22.13.34:011][127]LogStaticMesh: Building static mesh rock4_collider...
[2020.01.14-22.13.34:031][127]LogStaticMesh: Built static mesh [0.02s] /Game/Estructuras/cha_unity/Roca/rock4_collider.rock4_collider
[2020.01.14-22.13.34:081][131]LogActorFactory: Actor Factory created rock4_collider
[2020.01.14-22.13.35:541][305]LogActorFactory: Actor Factory created rock4_collider
[2020.01.14-22.13.38:358][620]Cmd: DELETE
[2020.01.14-22.13.38:358][620]Cmd: ACTOR DELETE
[2020.01.14-22.13.38:359][620]LogEditorActor: Deleted Actor: StaticMeshActor
[2020.01.14-22.13.38:366][620]LogEditorActor: Deleted 1 Actors (0.007 secs)
[2020.01.14-22.13.41:341][969]LogEditorActor: Deleted Actor: StaticMeshActor
[2020.01.14-22.13.41:347][969]LogEditorActor: Deleted 1 Actors (0.007 secs)
[2020.01.14-22.13.45:458][452]LogLinker:Warning: Can't find file '/Game/cha_unity/Roca/Texturas/cha_material_roca'
[2020.01.14-22.13.45:458][452]LogLinker:Warning: Can't find file for asset '/Game/cha_unity/Roca/Texturas/cha_material_roca' while loading ../../../../../../Users/Carlos Gómez/Desktop/videojuego_shooter/EntregaJuegoUnreal2/Content/Estructuras/cha_unity/Roca/cliff.uasset.
[2020.01.14-22.13.45:458][452]LoadErrors:Error: Error /Game/Estructuras/cha_unity/Roca/cliff : Can't find file for asset. /Game/cha_unity/Roca/Texturas/cha_material_roca
[2020.01.14-22.13.45:458][452]LogLinker:Warning: Can't find file '/Game/cha_unity/Roca/Texturas/cha_material_roca'
[2020.01.14-22.13.45:458][452]LogLinker:Warning: Can't find file for asset '/Game/cha_unity/Roca/Texturas/cha_material_roca' while loading ../../../../../../Users/Carlos Gómez/Desktop/videojuego_shooter/EntregaJuegoUnreal2/Content/Estructuras/cha_unity/Roca/cliff.uasset.
[2020.01.14-22.13.45:459][452]LogLinker:Warning: Can't find file '/Game/cha_unity/Roca/Texturas/cha_material_roca'
[2020.01.14-22.13.45:459][452]LoadErrors: Info Failed to load /Game/cha_unity/Roca/Texturas/cha_material_roca.cha_material_roca Referenced by cliff
[2020.01.14-22.13.45:459][452]LogLinker:Warning: Can't find file for asset '/Game/cha_unity/Roca/Texturas/cha_material_roca' while loading NULL.
[2020.01.14-22.13.45:459][452]LogStaticMesh: Building static mesh cliff...
[2020.01.14-22.13.45:479][452]LogStaticMesh: Built static mesh [0.02s] /Game/Estructuras/cha_unity/Roca/cliff.cliff
[2020.01.14-22.13.55:407][487]LogActorFactory: Actor Factory created Tree_FBX
[2020.01.14-22.13.56:039][562]LogActorFactory: Actor Factory created Tree_FBX
[2020.01.14-22.14.00:815][118]LogActorFactory: Actor Factory created Tree_FBX
[2020.01.14-22.14.01:664][213]LogActorFactory: Actor Factory created Tree_FBX
[2020.01.14-22.14.12:408][409]LogActorFactory: Actor Factory created Tree_FBX
[2020.01.14-22.14.13:405][520]LogActorFactory: Actor Factory created Tree_FBX
[2020.01.14-22.14.14:875][684]LogActorFactory: Actor Factory created Tree_FBX
[2020.01.14-22.14.16:229][827]LogActorFactory: Actor Factory created Tree_FBX
[2020.01.14-22.14.17:849][ 10]LogActorFactory: Actor Factory created Tree_FBX
[2020.01.14-22.14.18:655][ 99]LogActorFactory: Actor Factory created Tree_FBX
[2020.01.14-22.14.20:136][266]LogActorFactory: Actor Factory created Tree_FBX
[2020.01.14-22.14.20:992][360]LogActorFactory: Actor Factory created Tree_FBX
[2020.01.14-22.14.22:607][541]LogActorFactory: Actor Factory created Tree_FBX
[2020.01.14-22.14.23:423][630]LogActorFactory: Actor Factory created Tree_FBX
[2020.01.14-22.14.25:350][850]LogActorFactory: Actor Factory created Tree_FBX
[2020.01.14-22.14.26:835][ 17]LogActorFactory: Actor Factory created Tree_FBX
[2020.01.14-22.14.27:570][ 97]LogActorFactory: Actor Factory created Tree_FBX
[2020.01.14-22.14.28:869][243]LogActorFactory: Actor Factory created Tree_FBX
[2020.01.14-22.14.34:569][898]LogActorFactory: Actor Factory created Tree_FBX
[2020.01.14-22.14.35:870][ 39]LogActorFactory: Actor Factory created Tree_FBX
[2020.01.14-22.14.36:532][108]LogActorFactory: Actor Factory created Tree_FBX
[2020.01.14-22.14.37:382][203]LogActorFactory: Actor Factory created Tree_FBX
[2020.01.14-22.14.38:028][271]LogActorFactory: Actor Factory created Tree_FBX
[2020.01.14-22.14.38:733][347]LogActorFactory: Actor Factory created Tree_FBX
[2020.01.14-22.14.41:328][646]LogActorFactory: Actor Factory created Tree_FBX
[2020.01.14-22.14.42:213][745]LogActorFactory: Actor Factory created Tree_FBX
[2020.01.14-22.14.49:918][631]LogActorFactory: Actor Factory created Tree_FBX
[2020.01.14-22.14.51:068][761]LogActorFactory: Actor Factory created Tree_FBX
[2020.01.14-22.14.51:693][824]LogActorFactory: Actor Factory created Tree_FBX
[2020.01.14-22.14.52:775][942]LogActorFactory: Actor Factory created Tree_FBX
[2020.01.14-22.14.53:445][  5]LogActorFactory: Actor Factory created Tree_FBX
[2020.01.14-22.14.54:079][ 74]LogActorFactory: Actor Factory created Tree_FBX
[2020.01.14-22.14.55:798][257]LogActorFactory: Actor Factory created Tree_FBX
[2020.01.14-22.14.56:611][343]LogActorFactory: Actor Factory created Tree_FBX
[2020.01.14-22.14.59:035][597]LogActorFactory: Actor Factory created Tree_FBX
[2020.01.14-22.14.59:667][662]LogActorFactory: Actor Factory created Tree_FBX
[2020.01.14-22.15.00:973][803]LogEditorViewport: Clicking on Actor (LMB): StaticMeshActor (Tree_FBX20)
[2020.01.14-22.15.01:833][895]Cmd: DELETE
[2020.01.14-22.15.01:833][895]Cmd: ACTOR DELETE
[2020.01.14-22.15.01:834][895]LogEditorActor: Deleted Actor: StaticMeshActor
[2020.01.14-22.15.01:842][895]LogEditorActor: Deleted 1 Actors (0.010 secs)
[2020.01.14-22.15.03:943][103]LogSavePackage: Save=253.90ms
[2020.01.14-22.15.03:943][103]LogSavePackage: Moving '../../../../../../Users/Carlos Gómez/Desktop/videojuego_shooter/EntregaJuegoUnreal2/Saved/FirstPersonExampleMapBE8F54D74310A8A5FB4BB98E5AD01C2B.tmp' to '../../../../../../Users/Carlos Gómez/Desktop/videojuego_shooter/EntregaJuegoUnreal2/Content/FirstPersonBP/Maps/FirstPersonExampleMap.umap'
[2020.01.14-22.15.03:947][103]LogSavePackage:Display: Finished SavePackage ../../../../../../Users/Carlos Gómez/Desktop/videojuego_shooter/EntregaJuegoUnreal2/Content/FirstPersonBP/Maps/FirstPersonExampleMap.umap
[2020.01.14-22.15.04:243][103]LogSavePackage: Save=222.15ms
[2020.01.14-22.15.04:243][103]LogSavePackage: Moving '../../../../../../Users/Carlos Gómez/Desktop/videojuego_shooter/EntregaJuegoUnreal2/Saved/FirstPersonExampleMap_BuiltDataB3E2B1E3498840BD942DC799EF0C933E.tmp' to '../../../../../../Users/Carlos Gómez/Desktop/videojuego_shooter/EntregaJuegoUnreal2/Content/FirstPersonBP/Maps/FirstPersonExampleMap_BuiltData.uasset'
[2020.01.14-22.15.04:246][103]LogSavePackage:Display: Finished SavePackage ../../../../../../Users/Carlos Gómez/Desktop/videojuego_shooter/EntregaJuegoUnreal2/Content/FirstPersonBP/Maps/FirstPersonExampleMap_BuiltData.uasset
[2020.01.14-22.15.05:112][203]LogTemp: Repeting last play command: Selected Viewport
[2020.01.14-22.15.05:141][203]LogBlueprintUserMessages: Early PlayInEditor Detection: Level '/Game/FirstPersonBP/Maps/FirstPersonExampleMap.FirstPersonExampleMap:PersistentLevel' has LevelScriptBlueprint '/Game/FirstPersonBP/Maps/FirstPersonExampleMap.FirstPersonExampleMap:PersistentLevel.FirstPersonExampleMap' with GeneratedClass '/Game/FirstPersonBP/Maps/FirstPersonExampleMap.FirstPersonExampleMap_C' with ClassGeneratedBy '/Game/FirstPersonBP/Maps/FirstPersonExampleMap.FirstPersonExampleMap:PersistentLevel.FirstPersonExampleMap'
[2020.01.14-22.15.05:141][203]LogPlayLevel: PlayLevel: No blueprints needed recompiling
[2020.01.14-22.15.05:141][203]PIE: New page: PIE session: FirstPersonExampleMap (Jan 15, 2020, 12:15:05 AM)
[2020.01.14-22.15.05:141][203]LogPlayLevel: Creating play world package: /Game/FirstPersonBP/Maps/UEDPIE_0_FirstPersonExampleMap
[2020.01.14-22.15.05:166][203]LogPlayLevel: PIE: StaticDuplicateObject took: (0.024319s)
[2020.01.14-22.15.05:167][203]LogAIModule: Creating AISystem for world FirstPersonExampleMap
[2020.01.14-22.15.05:167][203]LogPlayLevel: PIE: World Init took: (0.001094s)
[2020.01.14-22.15.05:167][203]LogPlayLevel: PIE: Created PIE world by copying editor world from /Game/FirstPersonBP/Maps/FirstPersonExampleMap.FirstPersonExampleMap to /Game/FirstPersonBP/Maps/UEDPIE_0_FirstPersonExampleMap.FirstPersonExampleMap (0.025770s)
[2020.01.14-22.15.05:201][203]LogInit: XAudio2 using 'Speakers (2- USB Audio Device)' : 2 channels at 48 kHz using 16 bits per sample (channel mask 0x3)
[2020.01.14-22.15.05:210][203]LogInit: FAudioDevice initialized.
[2020.01.14-22.15.05:241][203]LogLoad: Game class is 'FirstPersonGameMode_C'
[2020.01.14-22.15.05:246][203]LogWorld: Bringing World /Game/FirstPersonBP/Maps/UEDPIE_0_FirstPersonExampleMap.FirstPersonExampleMap up for play (max tick rate 0) at 2020.01.14-23.15.05
[2020.01.14-22.15.05:247][203]LogWorld: Bringing up level for play took: 0.003966
[2020.01.14-22.15.05:250][203]PIE: Info Play in editor start time for /Game/FirstPersonBP/Maps/UEDPIE_0_FirstPersonExampleMap 1.088
[2020.01.14-22.15.05:250][203]LogBlueprintUserMessages: Late PlayInEditor Detection: Level '/Game/FirstPersonBP/Maps/FirstPersonExampleMap.FirstPersonExampleMap:PersistentLevel' has LevelScriptBlueprint '/Game/FirstPersonBP/Maps/FirstPersonExampleMap.FirstPersonExampleMap:PersistentLevel.FirstPersonExampleMap' with GeneratedClass '/Game/FirstPersonBP/Maps/FirstPersonExampleMap.FirstPersonExampleMap_C' with ClassGeneratedBy '/Game/FirstPersonBP/Maps/FirstPersonExampleMap.FirstPersonExampleMap:PersistentLevel.FirstPersonExampleMap'
[2020.01.14-22.15.10:115][351]LogBlueprintUserMessages: Early EndPlayMap Detection: Level '/Game/FirstPersonBP/Maps/FirstPersonExampleMap.FirstPersonExampleMap:PersistentLevel' has LevelScriptBlueprint '/Game/FirstPersonBP/Maps/FirstPersonExampleMap.FirstPersonExampleMap:PersistentLevel.FirstPersonExampleMap' with GeneratedClass '/Game/FirstPersonBP/Maps/FirstPersonExampleMap.FirstPersonExampleMap_C' with ClassGeneratedBy '/Game/FirstPersonBP/Maps/FirstPersonExampleMap.FirstPersonExampleMap:PersistentLevel.FirstPersonExampleMap'
[2020.01.14-22.15.10:214][351]LogBlueprintUserMessages: Late EndPlayMap Detection: Level '/Game/FirstPersonBP/Maps/FirstPersonExampleMap.FirstPersonExampleMap:PersistentLevel' has LevelScriptBlueprint '/Game/FirstPersonBP/Maps/FirstPersonExampleMap.FirstPersonExampleMap:PersistentLevel.FirstPersonExampleMap' with GeneratedClass '/Game/FirstPersonBP/Maps/FirstPersonExampleMap.FirstPersonExampleMap_C' with ClassGeneratedBy '/Game/FirstPersonBP/Maps/FirstPersonExampleMap.FirstPersonExampleMap:PersistentLevel.FirstPersonExampleMap'
[2020.01.14-22.15.13:839][769]LogEditorViewport: Clicking on Actor (LMB): StaticMeshActor (Tree_FBX7)
[2020.01.14-22.15.14:570][847]Cmd: DELETE
[2020.01.14-22.15.14:570][847]Cmd: ACTOR DELETE
[2020.01.14-22.15.14:571][847]LogEditorActor: Deleted Actor: StaticMeshActor
[2020.01.14-22.15.14:579][847]LogEditorActor: Deleted 1 Actors (0.008 secs)
[2020.01.14-22.15.15:028][899]LogEditorViewport: Clicking on Actor (LMB): StaticMeshActor (Tree_FBX4)
[2020.01.14-22.15.15:208][914]Cmd: DELETE
[2020.01.14-22.15.15:208][914]Cmd: ACTOR DELETE
[2020.01.14-22.15.15:209][914]LogEditorActor: Deleted Actor: StaticMeshActor
[2020.01.14-22.15.15:216][914]LogEditorActor: Deleted 1 Actors (0.009 secs)
[2020.01.14-22.15.16:303][ 42]LogEditorViewport: Clicking on Actor (LMB): StaticMeshActor (Tree_FBX)
[2020.01.14-22.15.16:468][ 55]Cmd: DELETE
[2020.01.14-22.15.16:468][ 55]Cmd: ACTOR DELETE
[2020.01.14-22.15.16:469][ 55]LogEditorActor: Deleted Actor: StaticMeshActor
[2020.01.14-22.15.16:477][ 55]LogEditorActor: Deleted 1 Actors (0.009 secs)
[2020.01.14-22.15.16:902][105]LogEditorViewport: Clicking on Actor (LMB): StaticMeshActor (Tree_FBX3)
[2020.01.14-22.15.17:104][123]Cmd: DELETE
[2020.01.14-22.15.17:104][123]Cmd: ACTOR DELETE
[2020.01.14-22.15.17:104][123]LogEditorActor: Deleted Actor: StaticMeshActor
[2020.01.14-22.15.17:111][123]LogEditorActor: Deleted 1 Actors (0.007 secs)
[2020.01.14-22.15.17:478][166]LogEditorViewport: Clicking on Actor (LMB): StaticMeshActor (Tree_FBX2)
[2020.01.14-22.15.17:652][181]Cmd: DELETE
[2020.01.14-22.15.17:652][181]Cmd: ACTOR DELETE
[2020.01.14-22.15.17:653][181]LogEditorActor: Deleted Actor: StaticMeshActor
[2020.01.14-22.15.17:660][181]LogEditorActor: Deleted 1 Actors (0.008 secs)
[2020.01.14-22.15.18:112][234]LogEditorViewport: Clicking on Actor (LMB): StaticMeshActor (Tree_FBX5)
[2020.01.14-22.15.18:244][244]Cmd: DELETE
[2020.01.14-22.15.18:244][244]Cmd: ACTOR DELETE
[2020.01.14-22.15.18:245][244]LogEditorActor: Deleted Actor: StaticMeshActor
[2020.01.14-22.15.18:251][244]LogEditorActor: Deleted 1 Actors (0.008 secs)
[2020.01.14-22.15.19:001][332]LogEditorViewport: Clicking on Actor (LMB): StaticMeshActor (Tree_FBX6)
[2020.01.14-22.15.19:166][346]Cmd: DELETE
[2020.01.14-22.15.19:166][346]Cmd: ACTOR DELETE
[2020.01.14-22.15.19:167][346]LogEditorActor: Deleted Actor: StaticMeshActor
[2020.01.14-22.15.19:175][346]LogEditorActor: Deleted 1 Actors (0.009 secs)
[2020.01.14-22.15.19:418][374]LogEditorViewport: Clicking on Actor (LMB): StaticMeshActor (Tree_FBX9)
[2020.01.14-22.15.19:546][383]Cmd: DELETE
[2020.01.14-22.15.19:546][383]Cmd: ACTOR DELETE
[2020.01.14-22.15.19:547][383]LogEditorActor: Deleted Actor: StaticMeshActor
[2020.01.14-22.15.19:554][383]LogEditorActor: Deleted 1 Actors (0.008 secs)
[2020.01.14-22.15.19:709][401]LogEditorViewport: Clicking on Actor (double click): StaticMeshActor (Tree_FBX11)
[2020.01.14-22.15.19:913][421]Cmd: DELETE
[2020.01.14-22.15.19:913][421]Cmd: ACTOR DELETE
[2020.01.14-22.15.19:914][421]LogEditorActor: Deleted Actor: StaticMeshActor
[2020.01.14-22.15.19:921][421]LogEditorActor: Deleted 1 Actors (0.008 secs)
[2020.01.14-22.15.20:145][447]LogEditorViewport: Clicking on Actor (LMB): StaticMeshActor (Tree_FBX10)
[2020.01.14-22.15.20:275][457]Cmd: DELETE
[2020.01.14-22.15.20:275][457]Cmd: ACTOR DELETE
[2020.01.14-22.15.20:276][457]LogEditorActor: Deleted Actor: StaticMeshActor
[2020.01.14-22.15.20:283][457]LogEditorActor: Deleted 1 Actors (0.007 secs)
[2020.01.14-22.15.20:545][488]LogEditorViewport: Clicking on Actor (double click): StaticMeshActor (Tree_FBX12)
[2020.01.14-22.15.20:839][519]Cmd: DELETE
[2020.01.14-22.15.20:839][519]Cmd: ACTOR DELETE
[2020.01.14-22.15.20:840][519]LogEditorActor: Deleted Actor: StaticMeshActor
[2020.01.14-22.15.20:848][519]LogEditorActor: Deleted 1 Actors (0.009 secs)
[2020.01.14-22.15.21:203][561]LogEditorViewport: Clicking on Actor (LMB): StaticMeshActor (Tree_FBX15)
[2020.01.14-22.15.21:484][589]Cmd: DELETE
[2020.01.14-22.15.21:484][589]Cmd: ACTOR DELETE
[2020.01.14-22.15.21:485][589]LogEditorActor: Deleted Actor: StaticMeshActor
[2020.01.14-22.15.21:491][589]LogEditorActor: Deleted 1 Actors (0.007 secs)
[2020.01.14-22.15.21:896][637]LogEditorViewport: Clicking on Actor (LMB): StaticMeshActor (Tree_FBX14)
[2020.01.14-22.15.22:083][654]Cmd: DELETE
[2020.01.14-22.15.22:083][654]Cmd: ACTOR DELETE
[2020.01.14-22.15.22:084][654]LogEditorActor: Deleted Actor: StaticMeshActor
[2020.01.14-22.15.22:091][654]LogEditorActor: Deleted 1 Actors (0.008 secs)
[2020.01.14-22.15.22:543][708]LogEditorViewport: Clicking on Actor (LMB): StaticMeshActor (Tree_FBX8)
[2020.01.14-22.15.22:654][716]Cmd: DELETE
[2020.01.14-22.15.22:654][716]Cmd: ACTOR DELETE
[2020.01.14-22.15.22:655][716]LogEditorActor: Deleted Actor: StaticMeshActor
[2020.01.14-22.15.22:662][716]LogEditorActor: Deleted 1 Actors (0.008 secs)
[2020.01.14-22.15.26:982][209]LogEditorActor: Deleted Actor: StaticMeshActor
[2020.01.14-22.15.26:982][209]LogEditorActor: Deleted Actor: StaticMeshActor
[2020.01.14-22.15.26:982][209]LogEditorActor: Deleted Actor: StaticMeshActor
[2020.01.14-22.15.26:982][209]LogEditorActor: Deleted Actor: StaticMeshActor
[2020.01.14-22.15.26:982][209]LogEditorActor: Deleted Actor: StaticMeshActor
[2020.01.14-22.15.26:990][209]LogEditorActor: Deleted 5 Actors (0.008 secs)
[2020.01.14-22.15.28:666][377]LogSavePackage: Save=240.09ms
[2020.01.14-22.15.28:666][377]LogSavePackage: Moving '../../../../../../Users/Carlos Gómez/Desktop/videojuego_shooter/EntregaJuegoUnreal2/Saved/FirstPersonExampleMapA84BB0C04C7EFEBDB8EAD79076910A1F.tmp' to '../../../../../../Users/Carlos Gómez/Desktop/videojuego_shooter/EntregaJuegoUnreal2/Content/FirstPersonBP/Maps/FirstPersonExampleMap.umap'
[2020.01.14-22.15.28:670][377]LogSavePackage:Display: Finished SavePackage ../../../../../../Users/Carlos Gómez/Desktop/videojuego_shooter/EntregaJuegoUnreal2/Content/FirstPersonBP/Maps/FirstPersonExampleMap.umap
[2020.01.14-22.15.28:956][377]LogSavePackage: Save=219.90ms
[2020.01.14-22.15.28:956][377]LogSavePackage: Moving '../../../../../../Users/Carlos Gómez/Desktop/videojuego_shooter/EntregaJuegoUnreal2/Saved/FirstPersonExampleMap_BuiltData642AF59A4EE3C6BAF48941AEDA1126D6.tmp' to '../../../../../../Users/Carlos Gómez/Desktop/videojuego_shooter/EntregaJuegoUnreal2/Content/FirstPersonBP/Maps/FirstPersonExampleMap_BuiltData.uasset'
[2020.01.14-22.15.28:958][377]LogSavePackage:Display: Finished SavePackage ../../../../../../Users/Carlos Gómez/Desktop/videojuego_shooter/EntregaJuegoUnreal2/Content/FirstPersonBP/Maps/FirstPersonExampleMap_BuiltData.uasset
[2020.01.14-22.15.44:169][150]LogLinker:Warning: Can't find file '/Game/cha_unity/ItemsOeste/Textura_Shotgun_Mat'
[2020.01.14-22.15.44:169][150]LogLinker:Warning: Can't find file for asset '/Game/cha_unity/ItemsOeste/Textura_Shotgun_Mat' while loading ../../../../../../Users/Carlos Gómez/Desktop/videojuego_shooter/EntregaJuegoUnreal2/Content/Estructuras/cha_unity/ItemsOeste/Shotgun.uasset.
[2020.01.14-22.15.44:169][150]LoadErrors:Error: Error /Game/Estructuras/cha_unity/ItemsOeste/Shotgun : Can't find file for asset. /Game/cha_unity/ItemsOeste/Textura_Shotgun_Mat
[2020.01.14-22.15.44:170][150]LogLinker:Warning: Can't find file '/Game/cha_unity/ItemsOeste/Textura_Shotgun_Mat'
[2020.01.14-22.15.44:170][150]LogLinker:Warning: Can't find file for asset '/Game/cha_unity/ItemsOeste/Textura_Shotgun_Mat' while loading ../../../../../../Users/Carlos Gómez/Desktop/videojuego_shooter/EntregaJuegoUnreal2/Content/Estructuras/cha_unity/ItemsOeste/Shotgun.uasset.
[2020.01.14-22.15.44:170][150]LogLinker:Warning: Can't find file '/Game/cha_unity/ItemsOeste/Textura_Shotgun_Mat'
[2020.01.14-22.15.44:170][150]LoadErrors: Info Failed to load /Game/cha_unity/ItemsOeste/Textura_Shotgun_Mat.Textura_Shotgun_Mat Referenced by Shotgun
[2020.01.14-22.15.44:170][150]LogLinker:Warning: Can't find file for asset '/Game/cha_unity/ItemsOeste/Textura_Shotgun_Mat' while loading NULL.
[2020.01.14-22.15.44:171][150]LogStaticMesh: Building static mesh Shotgun...
[2020.01.14-22.15.44:200][150]LogStaticMesh: Built static mesh [0.03s] /Game/Estructuras/cha_unity/ItemsOeste/Shotgun.Shotgun
[2020.01.14-22.15.44:324][163]LogActorFactory: Actor Factory created Shotgun
[2020.01.14-22.15.44:869][227]LogActorFactory: Actor Factory created Shotgun
[2020.01.14-22.15.47:099][483]Cmd: DELETE
[2020.01.14-22.15.47:099][483]Cmd: ACTOR DELETE
[2020.01.14-22.15.47:100][483]LogEditorActor: Deleted Actor: StaticMeshActor
[2020.01.14-22.15.47:108][483]LogEditorActor: Deleted 1 Actors (0.009 secs)
[2020.01.14-22.16.03:033][255]LogSavePackage: Save=245.52ms
[2020.01.14-22.16.03:033][255]LogSavePackage: Moving '../../../../../../Users/Carlos Gómez/Desktop/videojuego_shooter/EntregaJuegoUnreal2/Saved/FirstPersonExampleMapCB1363E14FB6962587AF93A8CC643557.tmp' to '../../../../../../Users/Carlos Gómez/Desktop/videojuego_shooter/EntregaJuegoUnreal2/Content/FirstPersonBP/Maps/FirstPersonExampleMap.umap'
[2020.01.14-22.16.03:037][255]LogSavePackage:Display: Finished SavePackage ../../../../../../Users/Carlos Gómez/Desktop/videojuego_shooter/EntregaJuegoUnreal2/Content/FirstPersonBP/Maps/FirstPersonExampleMap.umap
[2020.01.14-22.16.03:325][255]LogSavePackage: Save=222.86ms
[2020.01.14-22.16.03:325][255]LogSavePackage: Moving '../../../../../../Users/Carlos Gómez/Desktop/videojuego_shooter/EntregaJuegoUnreal2/Saved/FirstPersonExampleMap_BuiltDataFC77ACF14D2B626C5583BA8090554111.tmp' to '../../../../../../Users/Carlos Gómez/Desktop/videojuego_shooter/EntregaJuegoUnreal2/Content/FirstPersonBP/Maps/FirstPersonExampleMap_BuiltData.uasset'
[2020.01.14-22.16.03:327][255]LogSavePackage:Display: Finished SavePackage ../../../../../../Users/Carlos Gómez/Desktop/videojuego_shooter/EntregaJuegoUnreal2/Content/FirstPersonBP/Maps/FirstPersonExampleMap_BuiltData.uasset
[2020.01.14-22.16.07:413][337]LogWindowsTextInputMethodSystem:Display: IME system now deactivated.
[2020.01.14-22.16.07:599][338]Cmd: QUIT_EDITOR
[2020.01.14-22.16.07:793][338]LogExit: Preparing to exit.
[2020.01.14-22.16.08:598][338]LogDirectoryWatcher: A directory notification for 'C:/Users/Carlos Gómez/Desktop/videojuego_shooter/EntregaJuegoUnreal2/Content/' was aborted.
[2020.01.14-22.16.08:628][338]LogExit: Editor shut down
[2020.01.14-22.16.08:633][338]LogExit: Transaction tracking system shut down
[2020.01.14-22.16.08:710][338]LogObj: Freed 0b from 0 cluster array pools.
[2020.01.14-22.16.08:710][338]LogExit: Object subsystem successfully closed.
[2020.01.14-22.16.08:731][338]LogD3D11RHI: Shutdown
[2020.01.14-22.16.08:731][338]LogD3D11RHI: CleanupD3DDevice
[2020.01.14-22.16.08:845][338]LogD3D11RHI: ~FD3D11DynamicRHI
[2020.01.14-22.16.08:861][338]LogModuleManager: Shutting down and abandoning module StaticMeshEditor (528)
[2020.01.14-22.16.08:861][338]LogModuleManager: Shutting down and abandoning module MovieSceneCapture (526)
[2020.01.14-22.16.08:861][338]LogModuleManager: Shutting down and abandoning module HierarchicalLODOutliner (524)
[2020.01.14-22.16.08:861][338]LogModuleManager: Shutting down and abandoning module CrashTracker (522)
[2020.01.14-22.16.08:861][338]LogModuleManager: Shutting down and abandoning module SceneOutliner (520)
[2020.01.14-22.16.08:861][338]LogModuleManager: Shutting down and abandoning module AddContentDialog (518)
[2020.01.14-22.16.08:861][338]LogDirectoryWatcher: A directory notification for 'C:/Program Files (x86)/Epic Games/UE_4.16/FeaturePacks/' was aborted.
[2020.01.14-22.16.08:862][338]LogModuleManager: Shutting down and abandoning module WidgetCarousel (517)
[2020.01.14-22.16.08:862][338]LogModuleManager: Shutting down and abandoning module EditorWidgets (514)
[2020.01.14-22.16.08:862][338]LogModuleManager: Shutting down and abandoning module CollectionManager (512)
[2020.01.14-22.16.08:862][338]LogDirectoryWatcher: A directory notification for 'C:/Users/Carlos Gómez/Desktop/videojuego_shooter/EntregaJuegoUnreal2/Content/Collections/' was aborted.
[2020.01.14-22.16.08:862][338]LogDirectoryWatcher: A directory notification for 'C:/Users/Carlos Gómez/Desktop/videojuego_shooter/EntregaJuegoUnreal2/Content/Developers/CarlosGómez/Collections/' was aborted.
[2020.01.14-22.16.08:862][338]LogDirectoryWatcher: A directory notification for 'C:/Users/Carlos Gómez/Desktop/videojuego_shooter/EntregaJuegoUnreal2/Saved/Collections/' was aborted.
[2020.01.14-22.16.08:862][338]LogModuleManager: Shutting down and abandoning module StatsViewer (510)
[2020.01.14-22.16.08:862][338]LogModuleManager: Shutting down and abandoning module FoliageEdit (508)
[2020.01.14-22.16.08:862][338]LogModuleManager: Shutting down and abandoning module LandscapeEditor (506)
[2020.01.14-22.16.08:862][338]LogModuleManager: Shutting down and abandoning module MeshPaintMode (504)
[2020.01.14-22.16.08:862][338]LogModuleManager: Shutting down and abandoning module SceneDepthPickerMode (502)
[2020.01.14-22.16.08:862][338]LogModuleManager: Shutting down and abandoning module ActorPickerMode (500)
[2020.01.14-22.16.08:862][338]LogModuleManager: Shutting down and abandoning module GeometryMode (498)
[2020.01.14-22.16.08:862][338]LogModuleManager: Shutting down and abandoning module TextureAlignMode (496)
[2020.01.14-22.16.08:862][338]LogModuleManager: Shutting down and abandoning module BspMode (494)
[2020.01.14-22.16.08:862][338]LogModuleManager: Shutting down and abandoning module HardwareSurvey (492)
[2020.01.14-22.16.08:862][338]LogModuleManager: Shutting down and abandoning module SequenceRecorderSections (490)
[2020.01.14-22.16.08:862][338]LogModuleManager: Shutting down and abandoning module AutomationWorker (488)
[2020.01.14-22.16.08:862][338]LogModuleManager: Shutting down and abandoning module MatineeToLevelSequence (486)
[2020.01.14-22.16.08:862][338]LogModuleManager: Shutting down and abandoning module LevelSequenceEditor (484)
[2020.01.14-22.16.08:862][338]LogModuleManager: Shutting down and abandoning module PlacementMode (483)
[2020.01.14-22.16.08:862][338]LogModuleManager: Shutting down and abandoning module WmfMediaFactory (480)
[2020.01.14-22.16.08:862][338]LogModuleManager: Shutting down and abandoning module WmfMediaEditor (478)
[2020.01.14-22.16.08:862][338]LogModuleManager: Shutting down and abandoning module AvfMediaFactory (476)
[2020.01.14-22.16.08:862][338]LogModuleManager: Shutting down and abandoning module AvfMediaEditor (474)
[2020.01.14-22.16.08:862][338]LogModuleManager: Shutting down and abandoning module AndroidMediaFactory (472)
[2020.01.14-22.16.08:862][338]LogModuleManager: Shutting down and abandoning module Media (471)
[2020.01.14-22.16.08:862][338]LogModuleManager: Shutting down and abandoning module AndroidMediaEditor (468)
[2020.01.14-22.16.08:862][338]LogModuleManager: Shutting down and abandoning module CharacterAI (466)
[2020.01.14-22.16.08:862][338]LogModuleManager: Shutting down and abandoning module AudioCapture (464)
[2020.01.14-22.16.08:862][338]LogModuleManager: Shutting down and abandoning module SequenceRecorder (463)
[2020.01.14-22.16.08:862][338]LogModuleManager: Shutting down and abandoning module SmartSnapping (460)
[2020.01.14-22.16.08:862][338]LogModuleManager: Shutting down and abandoning module SessionServices (458)
[2020.01.14-22.16.08:862][338]LogModuleManager: Shutting down and abandoning module ViewportSnapping (456)
[2020.01.14-22.16.08:862][338]LogModuleManager: Shutting down and abandoning module ViewportInteraction (454)
[2020.01.14-22.16.08:862][338]LogModuleManager: Shutting down and abandoning module ClothPainter (452)
[2020.01.14-22.16.08:862][338]LogModuleManager: Shutting down and abandoning module LogVisualizer (450)
[2020.01.14-22.16.08:862][338]LogModuleManager: Shutting down and abandoning module IntroTutorials (448)
[2020.01.14-22.16.08:862][338]LogModuleManager: Shutting down and abandoning module GameProjectGeneration (447)
[2020.01.14-22.16.08:862][338]LogModuleManager: Shutting down and abandoning module EditorLiveStreaming (444)
[2020.01.14-22.16.08:862][338]LogModuleManager: Shutting down and abandoning module IOSPlatformEditor (442)
[2020.01.14-22.16.08:862][338]LogModuleManager: Shutting down and abandoning module HTML5PlatformEditor (440)
[2020.01.14-22.16.08:862][338]LogModuleManager: Shutting down and abandoning module AndroidPlatformEditor (438)
[2020.01.14-22.16.08:863][338]LogModuleManager: Shutting down and abandoning module AndroidDeviceDetection (437)
[2020.01.14-22.16.09:290][338]LogModuleManager: Shutting down and abandoning module IOSRuntimeSettings (434)
[2020.01.14-22.16.09:290][338]LogModuleManager: Shutting down and abandoning module AndroidRuntimeSettings (432)
[2020.01.14-22.16.09:290][338]LogModuleManager: Shutting down and abandoning module InputBindingEditor (430)
[2020.01.14-22.16.09:290][338]LogModuleManager: Shutting down and abandoning module MergeActors (428)
[2020.01.14-22.16.09:290][338]LogModuleManager: Shutting down and abandoning module SizeMap (426)
[2020.01.14-22.16.09:290][338]LogModuleManager: Shutting down and abandoning module TreeMap (424)
[2020.01.14-22.16.09:290][338]LogModuleManager: Shutting down and abandoning module ReferenceViewer (422)
[2020.01.14-22.16.09:290][338]LogModuleManager: Shutting down and abandoning module LocalizationDashboard (420)
[2020.01.14-22.16.09:290][338]LogModuleManager: Shutting down and abandoning module LocalizationService (419)
[2020.01.14-22.16.09:290][338]LogModuleManager: Shutting down and abandoning module HardwareTargeting (416)
[2020.01.14-22.16.09:290][338]LogModuleManager: Shutting down and abandoning module DeviceProfileEditor (414)
[2020.01.14-22.16.09:290][338]LogModuleManager: Shutting down and abandoning module UndoHistory (412)
[2020.01.14-22.16.09:290][338]LogModuleManager: Shutting down and abandoning module UserFeedback (410)
[2020.01.14-22.16.09:290][338]LogModuleManager: Shutting down and abandoning module XmlParser (408)
[2020.01.14-22.16.09:290][338]LogModuleManager: Shutting down and abandoning module Blutility (406)
[2020.01.14-22.16.09:290][338]LogModuleManager: Shutting down and abandoning module ProjectSettingsViewer (404)
[2020.01.14-22.16.09:290][338]LogModuleManager: Shutting down and abandoning module ProjectTargetPlatformEditor (403)
[2020.01.14-22.16.09:291][338]LogModuleManager: Shutting down and abandoning module EditorSettingsViewer (400)
[2020.01.14-22.16.09:291][338]LogModuleManager: Shutting down and abandoning module SettingsEditor (398)
[2020.01.14-22.16.09:291][338]LogModuleManager: Shutting down and abandoning module ProjectLauncher (396)
[2020.01.14-22.16.09:291][338]LogModuleManager: Shutting down and abandoning module SessionFrontend (394)
[2020.01.14-22.16.09:291][338]LogModuleManager: Shutting down and abandoning module ProfilerClient (392)
[2020.01.14-22.16.09:291][338]LogModuleManager: Shutting down and abandoning module DeviceManager (390)
[2020.01.14-22.16.09:291][338]LogModuleManager: Shutting down and abandoning module TargetDeviceServices (389)
[2020.01.14-22.16.09:344][338]LogModuleManager: Shutting down and abandoning module AutomationController (386)
[2020.01.14-22.16.09:344][338]LogModuleManager: Shutting down and abandoning module AutomationWindow (384)
[2020.01.14-22.16.09:344][338]LogModuleManager: Shutting down and abandoning module Layers (382)
[2020.01.14-22.16.09:344][338]LogModuleManager: Shutting down and abandoning module ComponentVisualizers (380)
[2020.01.14-22.16.09:344][338]LogModuleManager: Shutting down and abandoning module DetailCustomizations (378)
[2020.01.14-22.16.09:344][338]LogModuleManager: Shutting down and abandoning module PackagesDialog (376)
[2020.01.14-22.16.09:344][338]LogModuleManager: Shutting down and abandoning module Persona (374)
[2020.01.14-22.16.09:344][338]LogModuleManager: Shutting down and abandoning module AdvancedPreviewScene (373)
[2020.01.14-22.16.09:344][338]LogModuleManager: Shutting down and abandoning module AnimGraph (371)
[2020.01.14-22.16.09:344][338]LogModuleManager: Shutting down and abandoning module Kismet (368)
[2020.01.14-22.16.09:345][338]LogModuleManager: Shutting down and abandoning module ClassViewer (366)
[2020.01.14-22.16.09:345][338]LogModuleManager: Shutting down and abandoning module Toolbox (364)
[2020.01.14-22.16.09:345][338]LogModuleManager: Shutting down and abandoning module ModuleUI (362)
[2020.01.14-22.16.09:345][338]LogModuleManager: Shutting down and abandoning module MovieSceneTools (360)
[2020.01.14-22.16.09:345][338]LogModuleManager: Shutting down and abandoning module OutputLog (358)
[2020.01.14-22.16.09:345][338]LogModuleManager: Shutting down and abandoning module GammaUI (356)
[2020.01.14-22.16.09:345][338]LogModuleManager: Shutting down and abandoning module Documentation (354)
[2020.01.14-22.16.09:345][338]LogModuleManager: Shutting down and abandoning module MovieSceneTracks (352)
[2020.01.14-22.16.09:345][338]LogModuleManager: Shutting down and abandoning module MovieScene (350)
[2020.01.14-22.16.09:345][338]LogModuleManager: Shutting down and abandoning module Niagara (348)
[2020.01.14-22.16.09:345][338]LogModuleManager: Shutting down and abandoning module NiagaraEditor (347)
[2020.01.14-22.16.09:345][338]LogModuleManager: Shutting down and abandoning module StreamingPauseRendering (344)
[2020.01.14-22.16.09:345][338]LogModuleManager: Shutting down and abandoning module AnalyticsET (342)
[2020.01.14-22.16.09:345][338]LogModuleManager: Shutting down and abandoning module PortalServices (340)
[2020.01.14-22.16.09:345][338]LogModuleManager: Shutting down and abandoning module PortalRpc (338)
[2020.01.14-22.16.09:345][338]LogModuleManager: Shutting down and abandoning module MessagingRpc (336)
[2020.01.14-22.16.09:345][338]LogModuleManager: Shutting down and abandoning module AIModule (334)
[2020.01.14-22.16.09:345][338]LogModuleManager: Shutting down and abandoning module GameplayDebugger (333)
[2020.01.14-22.16.09:345][338]LogModuleManager: Shutting down and abandoning module AITestSuite (331)
[2020.01.14-22.16.09:345][338]LogModuleManager: Shutting down and abandoning module ProfilerService (328)
[2020.01.14-22.16.09:433][338]LogModuleManager: Shutting down and abandoning module TaskGraph (326)
[2020.01.14-22.16.09:433][338]LogModuleManager: Shutting down and abandoning module SteamVRController (324)
[2020.01.14-22.16.09:433][338]LogModuleManager: Shutting down and abandoning module SteamVR (322)
[2020.01.14-22.16.09:433][338]LogModuleManager: Shutting down and abandoning module ProceduralMeshComponentEditor (320)
[2020.01.14-22.16.09:433][338]LogModuleManager: Shutting down and abandoning module ProceduralMeshComponent (318)
[2020.01.14-22.16.09:433][338]LogModuleManager: Shutting down and abandoning module OculusLibrary (316)
[2020.01.14-22.16.09:433][338]LogModuleManager: Shutting down and abandoning module OculusInput (314)
[2020.01.14-22.16.09:433][338]LogModuleManager: Shutting down and abandoning module MobilePatchingUtils (312)
[2020.01.14-22.16.09:433][338]LogModuleManager: Shutting down and abandoning module CustomMeshComponent (310)
[2020.01.14-22.16.09:433][338]LogModuleManager: Shutting down and abandoning module CableComponent (308)
[2020.01.14-22.16.09:433][338]LogModuleManager: Shutting down and abandoning module ArchVisCharacter (306)
[2020.01.14-22.16.09:433][338]LogModuleManager: Shutting down and abandoning module AndroidPermission (304)
[2020.01.14-22.16.09:433][338]LogModuleManager: Shutting down and abandoning module MediaPlayerEditor (300)
[2020.01.14-22.16.09:433][338]LogModuleManager: Shutting down and abandoning module HTML5Networking (298)
[2020.01.14-22.16.09:433][338]LogModuleManager: Shutting down and abandoning module AlembicImporter (296)
[2020.01.14-22.16.09:433][338]LogModuleManager: Shutting down and abandoning module AlembicLibrary (295)
[2020.01.14-22.16.09:433][338]LogModuleManager: Shutting down and abandoning module GeometryCache (294)
[2020.01.14-22.16.09:433][338]LogModuleManager: Shutting down and abandoning module GeometryCacheEd (293)
[2020.01.14-22.16.09:433][338]LogModuleManager: Shutting down and abandoning module SuperSearchEditor (288)
[2020.01.14-22.16.09:433][338]LogModuleManager: Shutting down and abandoning module SuperSearch (287)
[2020.01.14-22.16.09:433][338]LogModuleManager: Shutting down and abandoning module SpeedTreeImporter (284)
[2020.01.14-22.16.09:433][338]LogModuleManager: Shutting down and abandoning module PluginBrowser (282)
[2020.01.14-22.16.09:433][338]LogModuleManager: Shutting down and abandoning module MobileLauncherProfileWizard (280)
[2020.01.14-22.16.09:433][338]LogModuleManager: Shutting down and abandoning module VisualStudioSourceCodeAccess (278)
[2020.01.14-22.16.09:433][338]LogModuleManager: Shutting down and abandoning module DesktopPlatform (277)
[2020.01.14-22.16.09:433][338]LogModuleManager: Shutting down and abandoning module UObjectPlugin (274)
[2020.01.14-22.16.09:434][338]LogModuleManager: Shutting down and abandoning module SubversionSourceControl (272)
[2020.01.14-22.16.09:434][338]LogModuleManager: Shutting down and abandoning module PerforceSourceControl (270)
[2020.01.14-22.16.09:434][338]LogModuleManager: Shutting down and abandoning module GitSourceControl (268)
[2020.01.14-22.16.09:434][338]LogModuleManager: Shutting down and abandoning module SourceControl (267)
[2020.01.14-22.16.09:434][338]LogModuleManager: Shutting down and abandoning module LightPropagationVolumeEditor (264)
[2020.01.14-22.16.09:434][338]LogModuleManager: Shutting down and abandoning module PaperTiledImporter (262)
[2020.01.14-22.16.09:434][338]LogModuleManager: Shutting down and abandoning module PaperSpriteSheetImporter (260)
[2020.01.14-22.16.09:434][338]LogModuleManager: Shutting down and abandoning module Paper2DEditor (258)
[2020.01.14-22.16.09:434][338]LogModuleManager: Shutting down and abandoning module MeshPaint (257)
[2020.01.14-22.16.09:434][338]LogModuleManager: Shutting down and abandoning module LevelEditor (255)
[2020.01.14-22.16.09:434][338]LogModuleManager: Shutting down and abandoning module PixelInspectorModule (254)
[2020.01.14-22.16.09:434][338]LogModuleManager: Shutting down and abandoning module MainFrame (252)
[2020.01.14-22.16.09:434][338]LogModuleManager: Shutting down and abandoning module HotReload (251)
[2020.01.14-22.16.09:435][338]LogModuleManager: Shutting down and abandoning module PhysXVehiclesEditor (246)
[2020.01.14-22.16.09:435][338]LogModuleManager: Shutting down and abandoning module PhysXVehicles (244)
[2020.01.14-22.16.09:435][338]LogModuleManager: Shutting down and abandoning module LocationServicesBPLibrary (242)
[2020.01.14-22.16.09:435][338]LogModuleManager: Shutting down and abandoning module ImmediatePhysicsEditor (240)
[2020.01.14-22.16.09:435][338]LogModuleManager: Shutting down and abandoning module ImmediatePhysics (238)
[2020.01.14-22.16.09:435][338]LogModuleManager: Shutting down and abandoning module UdpMessaging (236)
[2020.01.14-22.16.09:536][338]LogModuleManager: Shutting down and abandoning module TcpMessaging (234)
[2020.01.14-22.16.09:637][338]LogModuleManager: Shutting down and abandoning module GameplayTagsEditor (232)
[2020.01.14-22.16.09:637][338]LogModuleManager: Shutting down and abandoning module FacialAnimationEditor (230)
[2020.01.14-22.16.09:637][338]LogModuleManager: Shutting down and abandoning module FacialAnimation (228)
[2020.01.14-22.16.09:637][338]LogModuleManager: Shutting down and abandoning module AssetManagerEditor (226)
[2020.01.14-22.16.09:637][338]LogModuleManager: Shutting down and abandoning module GraphEditor (225)
[2020.01.14-22.16.09:637][338]LogModuleManager: Shutting down and abandoning module ContentBrowser (223)
[2020.01.14-22.16.09:637][338]LogModuleManager: Shutting down and abandoning module LightPropagationVolumeRuntime (220)
[2020.01.14-22.16.09:637][338]LogModuleManager: Shutting down and abandoning module Paper2D (218)
[2020.01.14-22.16.09:637][338]LogModuleManager: Shutting down and abandoning module WindowsMoviePlayer (216)
[2020.01.14-22.16.09:638][338]LogModuleManager: Shutting down and abandoning module WmfMedia (214)
[2020.01.14-22.16.09:638][338]LogModuleManager: Shutting down and abandoning module ClothingSystemEditor (212)
[2020.01.14-22.16.09:638][338]LogModuleManager: Shutting down and abandoning module ClothingSystemRuntime (210)
[2020.01.14-22.16.09:638][338]LogModuleManager: Shutting down and abandoning module MediaAssets (208)
[2020.01.14-22.16.09:638][338]LogModuleManager: Shutting down and abandoning module GameLiveStreaming (206)
[2020.01.14-22.16.09:638][338]LogModuleManager: Shutting down and abandoning module VREditor (204)
[2020.01.14-22.16.09:638][338]LogModuleManager: Shutting down and abandoning module StringTableEditor (202)
[2020.01.14-22.16.09:638][338]LogModuleManager: Shutting down and abandoning module GameplayTasksEditor (200)
[2020.01.14-22.16.09:638][338]LogModuleManager: Shutting down and abandoning module BehaviorTreeEditor (198)
[2020.01.14-22.16.09:638][338]LogModuleManager: Shutting down and abandoning module FunctionalTesting (196)
[2020.01.14-22.16.09:638][338]LogModuleManager: Shutting down and abandoning module CollisionAnalyzer (194)
[2020.01.14-22.16.09:638][338]LogModuleManager: Shutting down and abandoning module UMG (192)
[2020.01.14-22.16.09:638][338]LogModuleManager: Shutting down and abandoning module UMGEditor (191)
[2020.01.14-22.16.09:638][338]LogModuleManager: Shutting down and abandoning module Sequencer (190)
[2020.01.14-22.16.09:638][338]LogModuleManager: Shutting down and abandoning module AssetTools (188)
[2020.01.14-22.16.09:638][338]LogModuleManager: Shutting down and abandoning module MessageLog (187)
[2020.01.14-22.16.09:638][338]LogModuleManager: Shutting down and abandoning module WorkspaceMenuStructure (186)
[2020.01.14-22.16.09:638][338]LogModuleManager: Shutting down and abandoning module SlateReflector (180)
[2020.01.14-22.16.09:638][338]LogModuleManager: Shutting down and abandoning module Slate (178)
[2020.01.14-22.16.09:638][338]LogModuleManager: Shutting down and abandoning module EditorStyle (176)
[2020.01.14-22.16.09:640][338]LogModuleManager: Shutting down and abandoning module SourceCodeAccess (174)
[2020.01.14-22.16.09:640][338]LogModuleManager: Shutting down and abandoning module HeadMountedDisplay (172)
[2020.01.14-22.16.09:640][338]LogModuleManager: Shutting down and abandoning module XAudio2 (170)
[2020.01.14-22.16.09:640][338]LogModuleManager: Shutting down and abandoning module Networking (168)
[2020.01.14-22.16.09:640][338]LogModuleManager: Shutting down and abandoning module Core (164)
[2020.01.14-22.16.09:640][338]LogModuleManager: Shutting down and abandoning module AssetRegistry (162)
[2020.01.14-22.16.09:710][338]LogDirectoryWatcher: A directory notification for '../../../Engine/Content/' was aborted.
[2020.01.14-22.16.09:710][338]LogDirectoryWatcher: A directory notification for '../../../../../../Users/Carlos Gómez/Desktop/videojuego_shooter/EntregaJuegoUnreal2/Content/' was aborted.
[2020.01.14-22.16.09:710][338]LogDirectoryWatcher: A directory notification for '../../../Engine/Plugins/2D/Paper2D/Content/' was aborted.
[2020.01.14-22.16.09:710][338]LogDirectoryWatcher: A directory notification for '../../../Engine/Plugins/Runtime/GearVR/Content/' was aborted.
[2020.01.14-22.16.09:714][338]LogModuleManager: Shutting down and abandoning module DirectoryWatcher (161)
[2020.01.14-22.16.09:715][338]LogModuleManager: Shutting down and abandoning module KismetCompiler (158)
[2020.01.14-22.16.09:715][338]LogModuleManager: Shutting down and abandoning module LevelSequence (156)
[2020.01.14-22.16.09:715][338]LogModuleManager: Shutting down and abandoning module PhysXFormats (154)
[2020.01.14-22.16.09:715][338]LogModuleManager: Shutting down and abandoning module MeshUtilities (152)
[2020.01.14-22.16.09:715][338]LogModuleManager: Shutting down and abandoning module SimplygonSwarm (151)
[2020.01.14-22.16.09:715][338]LogModuleManager: Shutting down and abandoning module SimplygonMeshReduction (149)
[2020.01.14-22.16.09:715][338]LogModuleManager: Shutting down and abandoning module QuadricMeshReduction (147)
[2020.01.14-22.16.09:715][338]LogModuleManager: Shutting down and abandoning module DerivedDataCache (144)
[2020.01.14-22.16.09:807][338]LogDerivedDataCache: Shutdown
[2020.01.14-22.16.09:807][338]LogModuleManager: Shutting down and abandoning module TargetPlatform (142)
[2020.01.14-22.16.09:807][338]LogModuleManager: Shutting down and abandoning module VulkanShaderFormat (141)
[2020.01.14-22.16.09:807][338]LogModuleManager: Shutting down and abandoning module ShaderFormatVectorVM (139)
[2020.01.14-22.16.09:807][338]LogModuleManager: Shutting down and abandoning module ShaderFormatOpenGL (137)
[2020.01.14-22.16.09:807][338]LogModuleManager: Shutting down and abandoning module ShaderFormatD3D (135)
[2020.01.14-22.16.09:807][338]LogModuleManager: Shutting down and abandoning module MetalShaderFormat (133)
[2020.01.14-22.16.09:807][338]LogModuleManager: Shutting down and abandoning module TextureFormatUncompressed (131)
[2020.01.14-22.16.09:807][338]LogModuleManager: Shutting down and abandoning module TextureFormatPVR (129)
[2020.01.14-22.16.09:807][338]LogModuleManager: Shutting down and abandoning module TextureFormatDXT (127)
[2020.01.14-22.16.09:807][338]LogModuleManager: Shutting down and abandoning module TextureFormatIntelISPCTexComp (125)
[2020.01.14-22.16.09:807][338]LogModuleManager: Shutting down and abandoning module TextureFormatASTC (123)
[2020.01.14-22.16.09:807][338]LogModuleManager: Shutting down and abandoning module ImageWrapper (122)
[2020.01.14-22.16.09:807][338]LogModuleManager: Shutting down and abandoning module TextureFormatAndroid (119)
[2020.01.14-22.16.09:807][338]LogModuleManager: Shutting down and abandoning module AudioFormatOpus (117)
[2020.01.14-22.16.09:807][338]LogModuleManager: Shutting down and abandoning module AudioFormatOgg (115)
[2020.01.14-22.16.09:807][338]LogModuleManager: Shutting down and abandoning module AudioFormatADPCM (113)
[2020.01.14-22.16.09:807][338]LogModuleManager: Shutting down and abandoning module LinuxTargetPlatform (111)
[2020.01.14-22.16.09:807][338]LogModuleManager: Shutting down and abandoning module LinuxServerTargetPlatform (109)
[2020.01.14-22.16.09:807][338]LogModuleManager: Shutting down and abandoning module LinuxNoEditorTargetPlatform (107)
[2020.01.14-22.16.09:807][338]LogModuleManager: Shutting down and abandoning module LinuxClientTargetPlatform (105)
[2020.01.14-22.16.09:807][338]LogModuleManager: Shutting down and abandoning module TVOSTargetPlatform (103)
[2020.01.14-22.16.09:807][338]LogModuleManager: Shutting down and abandoning module Messaging (101)
[2020.01.14-22.16.09:807][338]LogModuleManager: Shutting down and abandoning module IOSTargetPlatform (99)
[2020.01.14-22.16.09:807][338]LogModuleManager: Shutting down and abandoning module HTML5TargetPlatform (97)
[2020.01.14-22.16.09:807][338]LogModuleManager: Shutting down and abandoning module Android_PVRTCTargetPlatform (95)
[2020.01.14-22.16.09:808][338]LogModuleManager: Shutting down and abandoning module Android_MultiTargetPlatform (93)
[2020.01.14-22.16.09:808][338]LogModuleManager: Shutting down and abandoning module Android_ETC2TargetPlatform (91)
[2020.01.14-22.16.09:808][338]LogModuleManager: Shutting down and abandoning module Android_ETC1TargetPlatform (89)
[2020.01.14-22.16.09:808][338]LogModuleManager: Shutting down and abandoning module Android_DXTTargetPlatform (87)
[2020.01.14-22.16.09:808][338]LogModuleManager: Shutting down and abandoning module Android_ATCTargetPlatform (85)
[2020.01.14-22.16.09:808][338]LogModuleManager: Shutting down and abandoning module Android_ASTCTargetPlatform (83)
[2020.01.14-22.16.09:808][338]LogModuleManager: Shutting down and abandoning module AndroidTargetPlatform (81)
[2020.01.14-22.16.09:808][338]LogModuleManager: Shutting down and abandoning module WindowsTargetPlatform (79)
[2020.01.14-22.16.09:808][338]LogModuleManager: Shutting down and abandoning module WindowsServerTargetPlatform (77)
[2020.01.14-22.16.09:808][338]LogModuleManager: Shutting down and abandoning module WindowsNoEditorTargetPlatform (75)
[2020.01.14-22.16.09:808][338]LogModuleManager: Shutting down and abandoning module WindowsClientTargetPlatform (73)
[2020.01.14-22.16.09:808][338]LogModuleManager: Shutting down and abandoning module MacTargetPlatform (71)
[2020.01.14-22.16.09:808][338]LogModuleManager: Shutting down and abandoning module MacServerTargetPlatform (69)
[2020.01.14-22.16.09:808][338]LogModuleManager: Shutting down and abandoning module MacNoEditorTargetPlatform (67)
[2020.01.14-22.16.09:808][338]LogModuleManager: Shutting down and abandoning module MacClientTargetPlatform (65)
[2020.01.14-22.16.09:808][338]LogModuleManager: Shutting down and abandoning module AllDesktopTargetPlatform (63)
[2020.01.14-22.16.09:808][338]LogModuleManager: Shutting down and abandoning module InputCore (60)
[2020.01.14-22.16.09:808][338]LogModuleManager: Shutting down and abandoning module Settings (58)
[2020.01.14-22.16.09:808][338]LogModuleManager: Shutting down and abandoning module OculusRift (56)
[2020.01.14-22.16.09:808][338]LogModuleManager: Shutting down and abandoning module GearVRController (54)
[2020.01.14-22.16.09:808][338]LogModuleManager: Shutting down and abandoning module GearVR (52)
[2020.01.14-22.16.09:808][338]LogModuleManager: Shutting down and abandoning module ExampleDeviceProfileSelector (50)
[2020.01.14-22.16.09:808][338]LogModuleManager: Shutting down and abandoning module OnlineBlueprintSupport (48)
[2020.01.14-22.16.09:808][338]LogModuleManager: Shutting down and abandoning module OnlineSubsystem (44)
[2020.01.14-22.16.09:808][338]LogOnline:Display: Unloading online subsystem: NULL
[2020.01.14-22.16.09:808][338]LogModuleManager: Shutting down and abandoning module XMPP (43)
[2020.01.14-22.16.09:808][338]LogModuleManager: Shutting down and abandoning module HTTP (41)
[2020.01.14-22.16.09:808][338]LogHttp:Display: Http module shutting down, but needs to wait on 1 outstanding Http requests:
[2020.01.14-22.16.09:808][338]LogHttp:Display: 	verb=[POST] url=[https://datarouter.ol.epicgames.com/datarouter/api/v1/public/data?SessionID=%7BCB992C3B-46AD-0CB3-3A22-42B330063642%7D&AppID=UEEditor.Rocket.Release&AppVersion=4.16.3-3561208%2B%2B%2BUE4%2BRelease-4.16&UserID=96c22fcc4a13df48a702c0b25280ec08%7C5727c0aceda34a2a8745d0ddd25f12e5%7C2451b241-4f41-47a9-baf2-594cddf6b242&AppEnvironment=datacollector-binary&UploadType=eteventstream] status=Processing
[2020.01.14-22.16.09:821][338]LogModuleManager: Shutting down and abandoning module SSL (40)
[2020.01.14-22.16.09:822][338]LogModuleManager: Shutting down and abandoning module HTTPChunkInstaller (36)
[2020.01.14-22.16.09:822][338]LogModuleManager: Shutting down and abandoning module AnimationModifiers (34)
[2020.01.14-22.16.09:822][338]LogModuleManager: Shutting down and abandoning module PropertyEditor (33)
[2020.01.14-22.16.09:822][338]LogModuleManager: Shutting down and abandoning module AudioEditor (30)
[2020.01.14-22.16.09:822][338]LogModuleManager: Shutting down and abandoning module TextureCompressor (28)
[2020.01.14-22.16.09:822][338]LogModuleManager: Shutting down and abandoning module ShaderCore (26)
[2020.01.14-22.16.09:822][338]LogModuleManager: Shutting down and abandoning module Landscape (24)
[2020.01.14-22.16.09:822][338]LogModuleManager: Shutting down and abandoning module SlateRHIRenderer (22)
[2020.01.14-22.16.09:823][338]LogModuleManager: Shutting down and abandoning module OpenGLDrv (20)
[2020.01.14-22.16.09:823][338]LogModuleManager: Shutting down and abandoning module D3D11RHI (18)
[2020.01.14-22.16.09:823][338]LogModuleManager: Shutting down and abandoning module AnimGraphRuntime (16)
[2020.01.14-22.16.09:823][338]LogModuleManager: Shutting down and abandoning module Renderer (14)
[2020.01.14-22.16.09:823][338]LogModuleManager: Shutting down and abandoning module Engine (12)
[2020.01.14-22.16.09:823][338]LogModuleManager: Shutting down and abandoning module CoreUObject (10)
[2020.01.14-22.16.09:823][338]LogModuleManager: Shutting down and abandoning module NetworkFile (8)
[2020.01.14-22.16.09:823][338]LogModuleManager: Shutting down and abandoning module StreamingFile (6)
[2020.01.14-22.16.09:823][338]LogModuleManager: Shutting down and abandoning module SandboxFile (4)
[2020.01.14-22.16.09:823][338]LogModuleManager: Shutting down and abandoning module PakFile (2)
[2020.01.14-22.16.09:825][338]LogExit: Exiting.
[2020.01.14-22.16.09:851][338]Log file closed, 01/14/20 23:16:09
