Log file open, 01/14/20 20:58:23
LogInit:Display: Running engine for game: EntregaJuegoUnreal2
LogPlatformFile: Not using cached read wrapper
LogInit:Display: RandInit(-1561378376) SRandInit(-1561378376).
LogTaskGraph: Started task graph with 5 named threads and 10 total threads with 1 sets of task threads.
LogStats: Stats thread started at 0.114300
LogInit: Using libcurl 7.47.1
LogInit:  - built for x86_64-pc-win32
LogInit:  - supports SSL with OpenSSL/1.0.2g
LogInit:  - supports HTTP deflate (compression) using libz 1.2.8
LogInit:  - other features:
LogInit:      CURL_VERSION_SSL
LogInit:      CURL_VERSION_LIBZ
LogInit:      CURL_VERSION_IPV6
LogInit:      CURL_VERSION_ASYNCHDNS
LogInit:      CURL_VERSION_LARGEFILE
LogInit:      CURL_VERSION_IDN
LogInit:  CurlRequestOptions (configurable via config and command line):
LogInit:  - bVerifyPeer = false  - Libcurl will NOT verify peer certificate
LogInit:  - bUseHttpProxy = false  - Libcurl will NOT use HTTP proxy
LogInit:  - bDontReuseConnections = false  - Libcurl will reuse connections
LogInit:  - CertBundlePath = nullptr  - Libcurl will use whatever was configured at build time.
LogInit: Build: ++UE4+Release-4.16-CL-3561208
LogInit: Engine Version: 4.16.3-3561208+++UE4+Release-4.16
LogInit: Compatible Engine Version: 4.16.0-3452394+++UE4+Release-4.16
LogInit: Net CL: 3452394
LogDevObjectVersion: Number of dev versions registered: 16
LogDevObjectVersion:   Dev-Blueprints (B0D832E4-1F89-4F0D-ACCF-7EB736FD4AA2): 9
LogDevObjectVersion:   Dev-Build (E1C64328-A22C-4D53-A36C-8E866417BD8C): 0
LogDevObjectVersion:   Dev-Core (375EC13C-06E4-48FB-B500-84F0262A717E): 2
LogDevObjectVersion:   Dev-Editor (E4B068ED-F494-42E9-A231-DA0B2E46BB41): 17
LogDevObjectVersion:   Dev-Framework (CFFC743F-43B0-4480-9391-14DF171D2073): 23
LogDevObjectVersion:   Dev-Mobile (B02B49B5-BB20-44E9-A304-32B752E40360): 0
LogDevObjectVersion:   Dev-Networking (A4E4105C-59A1-49B5-A7C5-40C4547EDFEE): 0
LogDevObjectVersion:   Dev-Online (39C831C9-5AE6-47DC-9A44-9C173E1C8E7C): 0
LogDevObjectVersion:   Dev-Physics (78F01B33-EBEA-4F98-B9B4-84EACCB95AA2): 0
LogDevObjectVersion:   Dev-Platform (6631380F-2D4D-43E0-8009-CF276956A95A): 0
LogDevObjectVersion:   Dev-Rendering (12F88B9F-8875-4AFC-A67C-D90C383ABD29): 15
LogDevObjectVersion:   Dev-Sequencer (7B5AE74C-D270-4C10-A958-57980B212A5A): 4
LogDevObjectVersion:   Dev-VR (D7296918-1DD6-4BDD-9DE2-64A83CC13884): 0
LogDevObjectVersion:   Dev-LoadTimes (C2A15278-BFE7-4AFE-6C17-90FF531DF755): 1
LogDevObjectVersion:   Private-Geometry (6EACA3D4-40EC-4CC1-B786-8BED09428FC5): 1
LogDevObjectVersion:   Dev-AnimPhys (29E575DD-E0A3-4627-9D10-D276232CDCEA): 3
LogInit: Compiled (64-bit): Jul 28 2017 11:49:47
LogInit: Compiled with Visual C++: 19.00.24215.01
LogInit: Build Configuration: Development
LogInit: Branch Name: ++UE4+Release-4.16
LogInit: Command line:  
LogInit: Base directory: C:/Program Files (x86)/Epic Games/UE_4.16/Engine/Binaries/Win64/
LogInit: Installed Engine Build: 1
LogInit: Presizing for max 8388607 objects, including 0 objects not considered by GC, pre-allocating 0 bytes for permanent pool.
LogInit: Object subsystem initialized
[2020.01.14-19.58.24:114][  0]LogInit: Selected Device Profile: [Windows]
[2020.01.14-19.58.24:114][  0]LogInit: Applying CVar settings loaded from the selected device profile: [Windows]
[2020.01.14-19.58.24:132][  0]LogInit: Computer: DESKTOP-VCH55FJ
[2020.01.14-19.58.24:132][  0]LogInit: User: CarlosGómez
[2020.01.14-19.58.24:132][  0]LogInit: CPU Page size=4096, Cores=6
[2020.01.14-19.58.24:132][  0]LogInit: High frequency timer resolution =10.000000 MHz
[2020.01.14-19.58.24:133][  0]LogMemory: Memory total: Physical=16.0GB (16GB approx)
[2020.01.14-19.58.24:133][  0]LogMemory: Platform Memory Stats for Windows
[2020.01.14-19.58.24:133][  0]LogMemory: Process Physical Memory: 275.27 MB used, 275.27 MB peak
[2020.01.14-19.58.24:133][  0]LogMemory: Process Virtual Memory: 267.04 MB used, 267.04 MB peak
[2020.01.14-19.58.24:133][  0]LogMemory: Physical Memory: 5751.11 MB used,  10582.60 MB free, 16333.70 MB total
[2020.01.14-19.58.24:133][  0]LogMemory: Virtual Memory: 4781.21 MB used,  10582.60 MB free, 134217728.00 MB total
[2020.01.14-19.58.24:204][  0]LogInit: Overriding language with editor language configuration option (en).
[2020.01.14-19.58.24:204][  0]LogInit: Overriding locale with editor locale configuration option (en).
[2020.01.14-19.58.25:089][  0]LogD3D11RHI: D3D11 adapters:
[2020.01.14-19.58.25:172][  0]LogD3D11RHI:    0. 'NVIDIA GeForce GTX 1660 Ti' (Feature Level 11_0)
[2020.01.14-19.58.25:172][  0]LogD3D11RHI:       5991/0/8166 MB DedicatedVideo/DedicatedSystem/SharedSystem, Outputs:2, VendorId:0x10de
[2020.01.14-19.58.25:174][  0]LogD3D11RHI:    1. 'Microsoft Basic Render Driver' (Feature Level 11_0)
[2020.01.14-19.58.25:174][  0]LogD3D11RHI:       0/0/8166 MB DedicatedVideo/DedicatedSystem/SharedSystem, Outputs:0, VendorId:0x1414
[2020.01.14-19.58.25:174][  0]LogD3D11RHI: Chosen D3D11 Adapter: 0
[2020.01.14-19.58.25:182][  0]LogD3D11RHI: Creating new Direct3DDevice
[2020.01.14-19.58.25:182][  0]LogD3D11RHI:     GPU DeviceId: 0x2182 (for the marketing name, search the web for "GPU Device Id")
[2020.01.14-19.58.25:182][  0]LogWindows: EnumDisplayDevices:
[2020.01.14-19.58.25:182][  0]LogWindows:    0. 'NVIDIA GeForce GTX 1660 Ti' (P:1 D:1)
[2020.01.14-19.58.25:182][  0]LogWindows:    1. 'NVIDIA GeForce GTX 1660 Ti' (P:0 D:1)
[2020.01.14-19.58.25:182][  0]LogWindows:    2. 'NVIDIA GeForce GTX 1660 Ti' (P:0 D:0)
[2020.01.14-19.58.25:182][  0]LogWindows:    3. 'NVIDIA GeForce GTX 1660 Ti' (P:0 D:0)
[2020.01.14-19.58.25:182][  0]LogWindows: DebugString: GetVideoDriverDetailsInvalid PrimaryIsNotTheChoosenAdapter GetVideoDriverDetailsInvalid PrimaryIsNotTheChoosenAdapter GetVideoDriverDetailsInvalid PrimaryIsNotTheChoosenAdapter GetVideoDriverDetailsInvalid PrimaryIsNotTheChoosenAdapter FoundDriverCount:0 
[2020.01.14-19.58.25:182][  0]LogD3D11RHI:     Adapter Name: NVIDIA GeForce GTX 1660 Ti
[2020.01.14-19.58.25:182][  0]LogD3D11RHI:   Driver Version: Unknown (internal:Unknown, unified:Unknown)
[2020.01.14-19.58.25:182][  0]LogD3D11RHI:      Driver Date: Unknown
[2020.01.14-19.58.25:182][  0]LogRHI: Texture pool is 1361 MB (70% of 1945 MB)
[2020.01.14-19.58.25:237][  0]LogD3D11RHI: Async texture creation enabled
[2020.01.14-19.58.25:249][  0]LogD3D11RHI: GPU Timing Frequency: 1000.000000 (Debug: 2 1)
[2020.01.14-19.58.25:252][  0]LogShaderCompilers: Guid format shader working directory is -30 characters bigger than the processId version (../../../../../../Users/Carlos Gómez/Desktop/videojuego_shooter/EntregaJuegoUnreal2/Intermediate/Shaders/WorkingDirectory/5748/).
[2020.01.14-19.58.25:252][  0]LogShaderCompilers: Cleaned the shader compiler working directory 'C:/Users/Carlos Gómez/AppData/Local/Temp/UnrealShaderWorkingDir/4BD1919141C76F539624C793933BADC1/'.
[2020.01.14-19.58.25:252][  0]LogShaderCompilers:Display: Using Local Shader Compiler.
[2020.01.14-19.58.26:196][  0]LogTemp:Display: Loaded TP AllDesktopTargetPlatform
[2020.01.14-19.58.26:246][  0]LogTemp:Display: Loaded TP MacClientTargetPlatform
[2020.01.14-19.58.26:297][  0]LogTemp:Display: Loaded TP MacNoEditorTargetPlatform
[2020.01.14-19.58.26:347][  0]LogTemp:Display: Loaded TP MacServerTargetPlatform
[2020.01.14-19.58.26:400][  0]LogTemp:Display: Loaded TP MacTargetPlatform
[2020.01.14-19.58.26:454][  0]LogTemp:Display: Loaded TP WindowsClientTargetPlatform
[2020.01.14-19.58.26:505][  0]LogTemp:Display: Loaded TP WindowsNoEditorTargetPlatform
[2020.01.14-19.58.26:556][  0]LogTemp:Display: Loaded TP WindowsServerTargetPlatform
[2020.01.14-19.58.26:601][  0]LogTemp:Display: Loaded TP WindowsTargetPlatform
[2020.01.14-19.58.26:651][  0]LogTemp:Display: Loaded TP AndroidTargetPlatform
[2020.01.14-19.58.26:701][  0]LogTemp:Display: Loaded TP Android_ASTCTargetPlatform
[2020.01.14-19.58.26:752][  0]LogTemp:Display: Loaded TP Android_ATCTargetPlatform
[2020.01.14-19.58.26:803][  0]LogTemp:Display: Loaded TP Android_DXTTargetPlatform
[2020.01.14-19.58.26:855][  0]LogTemp:Display: Loaded TP Android_ETC1TargetPlatform
[2020.01.14-19.58.26:905][  0]LogTemp:Display: Loaded TP Android_ETC2TargetPlatform
[2020.01.14-19.58.27:009][  0]LogTemp:Display: Loaded TP Android_MultiTargetPlatform
[2020.01.14-19.58.27:009][  0]LogTemp:Display: Loaded TP Android_PVRTCTargetPlatform
[2020.01.14-19.58.27:050][  0]LogTemp:Display: Loaded TP HTML5TargetPlatform
[2020.01.14-19.58.27:143][  0]LogTemp:Display: Loaded TP IOSTargetPlatform
[2020.01.14-19.58.27:173][  0]LogTemp:Display: Loaded TP TVOSTargetPlatform
[2020.01.14-19.58.27:224][  0]LogTemp:Display: Loaded TP LinuxClientTargetPlatform
[2020.01.14-19.58.27:275][  0]LogTemp:Display: Loaded TP LinuxNoEditorTargetPlatform
[2020.01.14-19.58.27:328][  0]LogTemp:Display: Loaded TP LinuxServerTargetPlatform
[2020.01.14-19.58.27:378][  0]LogTemp:Display: Loaded TP LinuxTargetPlatform
[2020.01.14-19.58.27:378][  0]LogTargetPlatformManager:Display: Building Assets For Windows
[2020.01.14-19.58.27:881][  0]LogDerivedDataCache:Display: Max Cache Size: 512 MB
[2020.01.14-19.58.27:966][  0]LogDerivedDataCache: Loaded boot cache 0.09s 90MB C:/Users/Carlos Gómez/AppData/Local/UnrealEngine/4.16/DerivedDataCache/Boot.ddc.
[2020.01.14-19.58.27:966][  0]LogDerivedDataCache:Display: Loaded Boot cache: C:/Users/Carlos Gómez/AppData/Local/UnrealEngine/4.16/DerivedDataCache/Boot.ddc
[2020.01.14-19.58.27:966][  0]LogDerivedDataCache: FDerivedDataBackendGraph:  Pak pak cache file ../../../../../../Users/Carlos Gómez/Desktop/videojuego_shooter/EntregaJuegoUnreal2/DerivedDataCache/DDC.ddp not found, will not use a pak cache.
[2020.01.14-19.58.27:967][  0]LogDerivedDataCache: Unable to find inner node Pak for hierarchical cache Hierarchy.
[2020.01.14-19.58.27:967][  0]LogDerivedDataCache: FDerivedDataBackendGraph:  CompressedPak pak cache file ../../../../../../Users/Carlos Gómez/Desktop/videojuego_shooter/EntregaJuegoUnreal2/DerivedDataCache/Compressed.ddp not found, will not use a pak cache.
[2020.01.14-19.58.27:967][  0]LogDerivedDataCache: Unable to find inner node CompressedPak for hierarchical cache Hierarchy.
[2020.01.14-19.58.27:982][  0]LogDerivedDataCache:Display: Pak cache opened for reading ../../../Engine/DerivedDataCache/Compressed.ddp.
[2020.01.14-19.58.27:994][  0]LogDerivedDataCache: Using Local data cache path C:/Users/Carlos Gómez/AppData/Local/UnrealEngine/Common/DerivedDataCache: Writable
[2020.01.14-19.58.28:003][  0]LogMaterial: Verifying Global Shaders for PCD3D_SM5
[2020.01.14-19.58.28:003][  0]LogSlate: Using Freetype 2.6.0
[2020.01.14-19.58.28:003][  0]LogSlate: SlateFontCache - WITH_FREETYPE: 1, WITH_HARFBUZZ: 1
[2020.01.14-19.58.28:003][  0]LogSlate: SlateFontCache - WITH_FREETYPE: 1, WITH_HARFBUZZ: 1
[2020.01.14-19.58.28:317][  0]LogInit: Selected Device Profile: [Windows]
[2020.01.14-19.58.28:381][  0]LogContentStreaming: Texture pool size is 0.00 MB
[2020.01.14-19.58.28:519][  0]LogMeshUtilities: Using QuadricMeshReduction for automatic static mesh reduction
[2020.01.14-19.58.28:564][  0]LogSimplygon: Simplygon DLL not present - disabling.
[2020.01.14-19.58.28:613][  0]LogMeshUtilities: Using SimplygonSwarm for distributed automatic mesh merging
[2020.01.14-19.58.28:613][  0]LogMeshUtilities: No automatic skeletal mesh reduction module available
[2020.01.14-19.58.28:613][  0]LogMeshUtilities: No automatic mesh merging module available
[2020.01.14-19.58.29:118][  0]LogNetVersion: EntregaJuegoUnreal2 , NetCL: 3452394, EngineNetVer: 2, GameNetVer: 0 (Checksum: 2631086534)
[2020.01.14-19.58.29:180][  0]LogAssetRegistry: FAssetRegistry took 0.0259 seconds to start up
[2020.01.14-19.58.29:230][  0]LogPackageLocalizationCache: Processed 4 localized package path(s) for 1 prioritized culture(s) in 0.022574 seconds
[2020.01.14-19.58.29:237][  0]LogUObjectArray: 34194 objects as part of root set at end of initial load.
[2020.01.14-19.58.29:237][  0]LogUObjectAllocator: 7260424 out of 0 bytes used by permanent object pool.
[2020.01.14-19.58.29:237][  0]LogUObjectArray: CloseDisregardForGC: 0/0 objects in disregard for GC pool
[2020.01.14-19.58.29:308][  0]LogInit: WinSock: version 1.1 (2.2), MaxSocks=32767, MaxUdp=65467
[2020.01.14-19.58.31:069][  0]LogWmfMedia: Failed to load mf.dll
[2020.01.14-19.58.31:069][  0]LogWmfMedia: Failed to load required Windows Media Foundation libraries
[2020.01.14-19.58.31:122][  0]LogWindowsMoviePlayer: Could not load mf.dll. Library not found.
[2020.01.14-19.58.31:122][  0]LogWindowsMoviePlayer: Could not load mfplat.dll. Library not found.
[2020.01.14-19.58.31:123][  0]LogWindowsMoviePlayer: Could not load mfplay.dll. Library not found.
[2020.01.14-19.58.31:560][  0]LogTcpMessaging: Initializing TcpMessaging bridge
[2020.01.14-19.58.31:603][  0]LogUdpMessaging: Initializing bridge on interface 0.0.0.0:0 to multicast group 230.0.0.1:6666.
[2020.01.14-19.58.32:124][  0]LogMaterial: Uniform references updated for custom material expression Custom.
[2020.01.14-19.58.32:513][  0]SourceControl: Info Source control is disabled
[2020.01.14-19.58.32:514][  0]SourceControl: Info Source control is disabled
[2020.01.14-19.58.32:562][  0]SourceControl: Info Source control is disabled
[2020.01.14-19.58.32:609][  0]SourceControl: Info Source control is disabled
[2020.01.14-19.58.33:292][  0]LogAndroidPermission: UAndroidPermissionCallbackProxy::GetInstance
[2020.01.14-19.58.33:889][  0]LogEngine: Initializing Engine...
[2020.01.14-19.58.33:889][  0]LogHMD: Failed to initialize OpenVR with code 110
[2020.01.14-19.58.34:055][  0]LogStats: UGameplayTagsManager::ConstructGameplayTagTree: Construct from data asset -  0.000 s
[2020.01.14-19.58.34:055][  0]LogStats: UGameplayTagsManager::ConstructGameplayTagTree: GameplayTagTreeChangedEvent.Broadcast -  0.000 s
[2020.01.14-19.58.34:180][  0]LogAIModule: Creating AISystem for world Untitled
[2020.01.14-19.58.34:218][  0]LogInit: XAudio2 using 'Speakers (2- USB Audio Device)' : 2 channels at 48 kHz using 16 bits per sample (channel mask 0x3)
[2020.01.14-19.58.34:237][  0]LogInit: FAudioDevice initialized.
[2020.01.14-19.58.34:291][  0]LogDerivedDataCache: Saved boot cache 0.05s 90MB C:/Users/Carlos Gómez/AppData/Local/UnrealEngine/4.16/DerivedDataCache/Boot.ddc.
[2020.01.14-19.58.34:309][  0]LogInit: Texture streaming: Enabled
[2020.01.14-19.58.34:408][  0]LogEngineSessionManager: EngineSessionManager initialized
[2020.01.14-19.58.34:638][  0]LogInit: Transaction tracking system initialized
[2020.01.14-19.58.34:951][  0]BlueprintLog: New page: Editor Load
[2020.01.14-19.58.35:901][  0]LocalizationService: Info Localization service is disabled
[2020.01.14-19.58.36:588][  0]LogConsoleResponse:Display: 
[2020.01.14-19.58.36:722][  0]LogCook:Display: Max memory allowance for cook 16384mb min free memory 0mb
[2020.01.14-19.58.36:722][  0]LogCook:Display: Mobile HDR setting 1
[2020.01.14-19.58.36:877][  0]LogFileCache: Scanning file cache for directory 'C:/Users/Carlos Gómez/Desktop/videojuego_shooter/EntregaJuegoUnreal2/Content/' took 0.02s
[2020.01.14-19.58.37:823][  0]SourceControl: Info Source control is disabled
[2020.01.14-19.58.37:823][  0]Cmd: MAP LOAD FILE="../../../../../../Users/Carlos Gómez/Desktop/videojuego_shooter/EntregaJuegoUnreal2/Content/FirstPersonBP/Maps/FirstPersonExampleMap.umap" TEMPLATE=0 SHOWPROGRESS=1 FEATURELEVEL=3
[2020.01.14-19.58.37:824][  0]LightingResults: New page: Lighting Build
[2020.01.14-19.58.37:867][  0]MapCheck: New page: Map Check
[2020.01.14-19.58.37:867][  0]LightingResults: New page: Lighting Build
[2020.01.14-19.58.39:906][  0]LogAIModule: Creating AISystem for world FirstPersonExampleMap
[2020.01.14-19.58.39:919][  0]LogEditorServer: Finished looking for orphan Actors (0.000 secs)
[2020.01.14-19.58.39:942][  0]Cmd: MAP CHECKDEP NOCLEARLOG
[2020.01.14-19.58.40:020][  0]MapCheck: Info Map check complete: 0 Error(s), 0 Warning(s), took 77.374ms to complete.
[2020.01.14-19.58.40:020][  0]LogFileHelpers: Loading map 'FirstPersonExampleMap' took 2.197
[2020.01.14-19.58.40:161][  0]LogCollectionManager: Loaded 0 collections in 0.001718 seconds
[2020.01.14-19.58.40:241][  0]LogFileCache: Scanning file cache for directory 'C:/Users/Carlos Gómez/Desktop/videojuego_shooter/EntregaJuegoUnreal2/Saved/Collections/' took 0.01s
[2020.01.14-19.58.40:241][  0]LogFileCache: Scanning file cache for directory 'C:/Users/Carlos Gómez/Desktop/videojuego_shooter/EntregaJuegoUnreal2/Content/Developers/CarlosGómez/Collections/' took 0.01s
[2020.01.14-19.58.40:241][  0]LogFileCache: Scanning file cache for directory 'C:/Users/Carlos Gómez/Desktop/videojuego_shooter/EntregaJuegoUnreal2/Content/Collections/' took 0.01s
[2020.01.14-19.58.40:241][  0]LogCollectionManager: Rebuilt the GUID cache for 0 collections in 0.000002 seconds
[2020.01.14-19.58.40:250][  0]LogContentBrowser: Native class hierarchy populated in 0.0095 seconds. Added 2329 classes and 491 folders.
[2020.01.14-19.58.40:319][  0]LogContentBrowser: Native class hierarchy updated for 'WidgetCarousel' in 0.0008 seconds. Added 0 classes and 0 folders.
[2020.01.14-19.58.40:356][  0]LogContentBrowser: Native class hierarchy updated for 'AddContentDialog' in 0.0005 seconds. Added 0 classes and 0 folders.
[2020.01.14-19.58.40:399][  0]LogContentBrowser: Native class hierarchy updated for 'SceneOutliner' in 0.0005 seconds. Added 1 classes and 2 folders.
[2020.01.14-19.58.40:442][  0]LogCrashTracker: Crashtracker disabled due to settings.
[2020.01.14-19.58.40:447][  0]LogSlate: Took 0.000279 seconds to synchronously load lazily loaded font '../../../Engine/Content/Slate/Fonts/Roboto-Regular.ttf' (155K)
[2020.01.14-19.58.40:449][  0]LogSlate: Took 0.000181 seconds to synchronously load lazily loaded font '../../../Engine/Content/Slate/Fonts/Roboto-Bold.ttf' (160K)
[2020.01.14-19.58.40:453][  0]LogSlate: Took 0.000201 seconds to synchronously load lazily loaded font '../../../Engine/Content/Editor/Slate/Fonts/FontAwesome.ttf' (139K)
[2020.01.14-19.58.40:529][  0]LogRenderer: Reallocating scene render targets to support 1208x576 NumSamples 1 (Frame:1).
[2020.01.14-19.58.40:700][  0]LogUObjectGlobals:Warning: Failed to find object 'Class None.'
[2020.01.14-19.58.40:765][  0]LogContentBrowser: Native class hierarchy updated for 'HierarchicalLODOutliner' in 0.0006 seconds. Added 1 classes and 2 folders.
[2020.01.14-19.58.40:765][  0]LogLoad: (Engine Initialization) Total time: 18.38 seconds
[2020.01.14-19.58.40:765][  0]LogLoad: (Engine Initialization) Total Blueprint compile time: 0.32 seconds
[2020.01.14-19.58.40:765][  0]LogExternalProfiler: No external profilers were discovered.  External profiling features will not be available.
[2020.01.14-19.58.40:774][  0]LogOcInput: OculusInput pre-init called
[2020.01.14-19.58.40:774][  0]LogHMD: Starting GearVRController plugin
[2020.01.14-19.58.40:810][  0]LogContentStreaming: Texture pool size now 1000 MB
[2020.01.14-19.58.40:849][  0]LogSlate: Took 0.000199 seconds to synchronously load lazily loaded font '../../../Engine/Content/Slate/Fonts/Roboto-Light.ttf' (159K)
[2020.01.14-19.58.40:863][  1]LogAssetRegistry: Asset discovery search completed in 11.7044 seconds
[2020.01.14-19.58.40:865][  1]LogCollectionManager: Rebuilt the object cache for 0 collections in 0.000001 seconds (found 0 objects)
[2020.01.14-19.58.40:865][  1]LogCollectionManager: Fixed up redirectors for 0 collections in 0.000022 seconds (updated 0 objects)
[2020.01.14-19.58.45:862][572]LogFileCache: Retrieving MD5 hashes for directory 'C:/Users/Carlos Gómez/Desktop/videojuego_shooter/EntregaJuegoUnreal2/Content/' took 5.07s
[2020.01.14-19.58.46:619][662]LogSlate: Took 0.000192 seconds to synchronously load lazily loaded font '../../../Engine/Content/Slate/Fonts/Roboto-Light.ttf' (159K)
[2020.01.14-19.58.47:017][662]LogContentBrowser: Native class hierarchy updated for 'BlueprintGraph' in 0.0010 seconds. Added 112 classes and 0 folders.
[2020.01.14-19.58.47:565][662]LogSlate: Took 0.000154 seconds to synchronously load lazily loaded font '../../../Engine/Content/Slate/Fonts/Roboto-Regular.ttf' (155K)
[2020.01.14-19.58.47:621][662]LogSlate: Took 0.000222 seconds to synchronously load lazily loaded font '../../../Engine/Content/Editor/Slate/Fonts/Roboto-BoldCondensed.ttf' (158K)
[2020.01.14-19.58.47:676][663]LogSlate: Took 0.000232 seconds to synchronously load lazily loaded font '../../../Engine/Content/Editor/Slate/Fonts/Roboto-Italic.ttf' (157K)
[2020.01.14-19.59.15:917][487]LogRenderer: Reallocating scene render targets to support 1208x712 NumSamples 1 (Frame:1).
[2020.01.14-19.59.39:007][434]LogLinker: Can't find file '/Game/FirstPersonBP/Blueprints/FirstPersonCharacter'
[2020.01.14-19.59.39:007][434]LogLinker: Can't find file '/Game/FirstPersonBP/Blueprints/FirstPersonCharacter'
[2020.01.14-19.59.39:010][434]LogBlueprint:Warning: [Gun_Parent] 'Mesh2P' variable not found. Base class was probably changed.
[2020.01.14-20.00.06:998][931]LogEditorTransaction: Undo Move Node
[2020.01.14-20.00.07:028][931]LogSlate: Took 0.000224 seconds to synchronously load lazily loaded font '../../../Engine/Content/Slate/Fonts/Roboto-Light.ttf' (159K)
[2020.01.14-20.00.30:482][998]BlueprintLog: New page: Compile Gun_Parent
[2020.01.14-20.00.30:502][998]LogBlueprint:Warning: [Compiler Gun_Parent] Warning Could not find a variable named "Mesh2P" in 'Gun_Parent_C'.
Make sure 'Gun_Parent_C' has been compiled for  Get Mesh2P
[2020.01.14-20.00.30:503][998]LogBlueprint:Error: [Compiler Gun_Parent] Error The property associated with  Mesh 2P  could not be found
[2020.01.14-20.00.30:898][998]BlueprintEditorCompileResults:Warning: Warning Could not find a variable named "Mesh2P" in 'Gun_Parent_C'.
Make sure 'Gun_Parent_C' has been compiled for  Get Mesh2P
[2020.01.14-20.00.30:898][998]BlueprintEditorCompileResults:Error: Error The property associated with  Mesh 2P  could not be found
[2020.01.14-20.00.30:898][998]LogBlueprint:Warning: [Compiler Gun_Parent] Warning [0128.51] Compile of Gun_Parent failed. 1 Fatal Issue(s) 1 Warning(s) [in 415 ms] (/Game/Guns/Gun_Parent.Gun_Parent)
[2020.01.14-20.00.41:536][940]Cmd: OBJ SAVEPACKAGE PACKAGE="/Game/Guns/Gun_Parent" FILE="../../../../../../Users/Carlos Gómez/Desktop/videojuego_shooter/EntregaJuegoUnreal2/Content/Guns/Gun_Parent.uasset" SILENT=true
[2020.01.14-20.00.41:620][940]LogSavePackage: Save=66.24ms
[2020.01.14-20.00.41:620][940]LogSavePackage: Moving '../../../../../../Users/Carlos Gómez/Desktop/videojuego_shooter/EntregaJuegoUnreal2/Saved/Gun_ParentC5702A90435BA3D2F2C7DE9D3DB923E4.tmp' to '../../../../../../Users/Carlos Gómez/Desktop/videojuego_shooter/EntregaJuegoUnreal2/Content/Guns/Gun_Parent.uasset'
[2020.01.14-20.00.41:623][940]LogSavePackage:Display: Finished SavePackage ../../../../../../Users/Carlos Gómez/Desktop/videojuego_shooter/EntregaJuegoUnreal2/Content/Guns/Gun_Parent.uasset
[2020.01.14-20.00.42:009][974]BlueprintLog: New page: Compile Gun_Parent
[2020.01.14-20.00.45:610][305]LogTemp: Repeting last play command: Selected Viewport
[2020.01.14-20.00.48:270][305]LogBlueprintUserMessages: Early PlayInEditor Detection: Level '/Game/FirstPersonBP/Maps/FirstPersonExampleMap.FirstPersonExampleMap:PersistentLevel' has LevelScriptBlueprint '/Game/FirstPersonBP/Maps/FirstPersonExampleMap.FirstPersonExampleMap:PersistentLevel.FirstPersonExampleMap' with GeneratedClass '/Game/FirstPersonBP/Maps/FirstPersonExampleMap.FirstPersonExampleMap_C' with ClassGeneratedBy '/Game/FirstPersonBP/Maps/FirstPersonExampleMap.FirstPersonExampleMap:PersistentLevel.FirstPersonExampleMap'
[2020.01.14-20.00.48:270][305]LogPlayLevel: PlayLevel: No blueprints needed recompiling
[2020.01.14-20.00.48:270][305]PIE: New page: PIE session: FirstPersonExampleMap (Jan 14, 2020, 10:00:48 PM)
[2020.01.14-20.00.48:270][305]LogPlayLevel: Creating play world package: /Game/FirstPersonBP/Maps/UEDPIE_0_FirstPersonExampleMap
[2020.01.14-20.00.48:299][305]LogPlayLevel: PIE: StaticDuplicateObject took: (0.028564s)
[2020.01.14-20.00.48:300][305]LogAIModule: Creating AISystem for world FirstPersonExampleMap
[2020.01.14-20.00.48:300][305]LogPlayLevel: PIE: World Init took: (0.000863s)
[2020.01.14-20.00.48:300][305]LogPlayLevel: PIE: Created PIE world by copying editor world from /Game/FirstPersonBP/Maps/FirstPersonExampleMap.FirstPersonExampleMap to /Game/FirstPersonBP/Maps/UEDPIE_0_FirstPersonExampleMap.FirstPersonExampleMap (0.029765s)
[2020.01.14-20.00.48:344][305]LogInit: XAudio2 using 'Speakers (2- USB Audio Device)' : 2 channels at 48 kHz using 16 bits per sample (channel mask 0x3)
[2020.01.14-20.00.48:354][305]LogInit: FAudioDevice initialized.
[2020.01.14-20.00.48:402][305]LogLoad: Game class is 'FirstPersonGameMode_C'
[2020.01.14-20.00.48:408][305]LogWorld: Bringing World /Game/FirstPersonBP/Maps/UEDPIE_0_FirstPersonExampleMap.FirstPersonExampleMap up for play (max tick rate 0) at 2020.01.14-21.00.48
[2020.01.14-20.00.48:410][305]LogWorld: Bringing up level for play took: 0.006388
[2020.01.14-20.00.48:454][305]LogContentBrowser: Native class hierarchy updated for 'MovieSceneCapture' in 0.0006 seconds. Added 11 classes and 0 folders.
[2020.01.14-20.00.48:459][305]PIE: Info Play in editor start time for /Game/FirstPersonBP/Maps/UEDPIE_0_FirstPersonExampleMap 0.298
[2020.01.14-20.00.48:459][305]LogBlueprintUserMessages: Late PlayInEditor Detection: Level '/Game/FirstPersonBP/Maps/FirstPersonExampleMap.FirstPersonExampleMap:PersistentLevel' has LevelScriptBlueprint '/Game/FirstPersonBP/Maps/FirstPersonExampleMap.FirstPersonExampleMap:PersistentLevel.FirstPersonExampleMap' with GeneratedClass '/Game/FirstPersonBP/Maps/FirstPersonExampleMap.FirstPersonExampleMap_C' with ClassGeneratedBy '/Game/FirstPersonBP/Maps/FirstPersonExampleMap.FirstPersonExampleMap:PersistentLevel.FirstPersonExampleMap'
[2020.01.14-20.00.49:093][361]LogScript:Warning: Accessed None trying to read property CallFunc_GetAnimInstance_ReturnValue
	Gun_Pistol_C /Game/FirstPersonBP/Maps/UEDPIE_0_FirstPersonExampleMap.FirstPersonExampleMap:PersistentLevel.Gun_Pistol_C_0
	Function /Game/Guns/Gun_Parent.Gun_Parent_C:FireBullet:0168
[2020.01.14-20.00.49:093][361]PIE:Error: Error Blueprint Runtime Error: Accessed None trying to read property CallFunc_GetAnimInstance_ReturnValue from function: 'FireBullet' from node: Montage Play in graph: FireBullet in object: Gun_Parent with description: Accessed None trying to read property CallFunc_GetAnimInstance_ReturnValue
[2020.01.14-20.00.49:504][410]LogScript:Warning: Accessed None trying to read property CallFunc_GetAnimInstance_ReturnValue
	Gun_Pistol_C /Game/FirstPersonBP/Maps/UEDPIE_0_FirstPersonExampleMap.FirstPersonExampleMap:PersistentLevel.Gun_Pistol_C_0
	Function /Game/Guns/Gun_Parent.Gun_Parent_C:FireBullet:0168
[2020.01.14-20.00.49:504][410]PIE:Error: Error Blueprint Runtime Error: Accessed None trying to read property CallFunc_GetAnimInstance_ReturnValue from function: 'FireBullet' from node: Montage Play in graph: FireBullet in object: Gun_Parent with description: Accessed None trying to read property CallFunc_GetAnimInstance_ReturnValue
[2020.01.14-20.00.53:509][890]LogScript:Warning: Accessed None trying to read property CallFunc_GetAnimInstance_ReturnValue
	Gun_Pistol_C /Game/FirstPersonBP/Maps/UEDPIE_0_FirstPersonExampleMap.FirstPersonExampleMap:PersistentLevel.Gun_Pistol_C_0
	Function /Game/Guns/Gun_Parent.Gun_Parent_C:FireBullet:0168
[2020.01.14-20.00.53:509][890]PIE:Error: Error Blueprint Runtime Error: Accessed None trying to read property CallFunc_GetAnimInstance_ReturnValue from function: 'FireBullet' from node: Montage Play in graph: FireBullet in object: Gun_Parent with description: Accessed None trying to read property CallFunc_GetAnimInstance_ReturnValue
[2020.01.14-20.00.53:975][946]LogScript:Warning: Accessed None trying to read property CallFunc_GetAnimInstance_ReturnValue
	Gun_Pistol_C /Game/FirstPersonBP/Maps/UEDPIE_0_FirstPersonExampleMap.FirstPersonExampleMap:PersistentLevel.Gun_Pistol_C_0
	Function /Game/Guns/Gun_Parent.Gun_Parent_C:FireBullet:0168
[2020.01.14-20.00.53:976][946]PIE:Error: Error Blueprint Runtime Error: Accessed None trying to read property CallFunc_GetAnimInstance_ReturnValue from function: 'FireBullet' from node: Montage Play in graph: FireBullet in object: Gun_Parent with description: Accessed None trying to read property CallFunc_GetAnimInstance_ReturnValue
[2020.01.14-20.00.54:076][958]LogScript:Warning: Accessed None trying to read property CallFunc_GetAnimInstance_ReturnValue
	Gun_Pistol_C /Game/FirstPersonBP/Maps/UEDPIE_0_FirstPersonExampleMap.FirstPersonExampleMap:PersistentLevel.Gun_Pistol_C_0
	Function /Game/Guns/Gun_Parent.Gun_Parent_C:FireBullet:0168
[2020.01.14-20.00.54:076][958]PIE:Error: Error Blueprint Runtime Error: Accessed None trying to read property CallFunc_GetAnimInstance_ReturnValue from function: 'FireBullet' from node: Montage Play in graph: FireBullet in object: Gun_Parent with description: Accessed None trying to read property CallFunc_GetAnimInstance_ReturnValue
[2020.01.14-20.00.54:502][  9]LogScript:Warning: Accessed None trying to read property CallFunc_GetAnimInstance_ReturnValue
	Gun_Pistol_C /Game/FirstPersonBP/Maps/UEDPIE_0_FirstPersonExampleMap.FirstPersonExampleMap:PersistentLevel.Gun_Pistol_C_0
	Function /Game/Guns/Gun_Parent.Gun_Parent_C:FireBullet:0168
[2020.01.14-20.00.54:502][  9]PIE:Error: Error Blueprint Runtime Error: Accessed None trying to read property CallFunc_GetAnimInstance_ReturnValue from function: 'FireBullet' from node: Montage Play in graph: FireBullet in object: Gun_Parent with description: Accessed None trying to read property CallFunc_GetAnimInstance_ReturnValue
[2020.01.14-20.00.55:249][ 93]LogScript:Warning: Accessed None trying to read property CallFunc_GetAnimInstance_ReturnValue
	Gun_Pistol_C /Game/FirstPersonBP/Maps/UEDPIE_0_FirstPersonExampleMap.FirstPersonExampleMap:PersistentLevel.Gun_Pistol_C_0
	Function /Game/Guns/Gun_Parent.Gun_Parent_C:FireBullet:0168
[2020.01.14-20.00.55:249][ 93]PIE:Error: Error Blueprint Runtime Error: Accessed None trying to read property CallFunc_GetAnimInstance_ReturnValue from function: 'FireBullet' from node: Montage Play in graph: FireBullet in object: Gun_Parent with description: Accessed None trying to read property CallFunc_GetAnimInstance_ReturnValue
[2020.01.14-20.00.55:799][159]LogScript:Warning: Accessed None trying to read property CallFunc_GetAnimInstance_ReturnValue
	Gun_Pistol_C /Game/FirstPersonBP/Maps/UEDPIE_0_FirstPersonExampleMap.FirstPersonExampleMap:PersistentLevel.Gun_Pistol_C_0
	Function /Game/Guns/Gun_Parent.Gun_Parent_C:FireBullet:0168
[2020.01.14-20.00.55:799][159]PIE:Error: Error Blueprint Runtime Error: Accessed None trying to read property CallFunc_GetAnimInstance_ReturnValue from function: 'FireBullet' from node: Montage Play in graph: FireBullet in object: Gun_Parent with description: Accessed None trying to read property CallFunc_GetAnimInstance_ReturnValue
[2020.01.14-20.00.56:342][224]LogScript:Warning: Accessed None trying to read property CallFunc_GetAnimInstance_ReturnValue
	Gun_Pistol_C /Game/FirstPersonBP/Maps/UEDPIE_0_FirstPersonExampleMap.FirstPersonExampleMap:PersistentLevel.Gun_Pistol_C_0
	Function /Game/Guns/Gun_Parent.Gun_Parent_C:FireBullet:0168
[2020.01.14-20.00.56:342][224]PIE:Error: Error Blueprint Runtime Error: Accessed None trying to read property CallFunc_GetAnimInstance_ReturnValue from function: 'FireBullet' from node: Montage Play in graph: FireBullet in object: Gun_Parent with description: Accessed None trying to read property CallFunc_GetAnimInstance_ReturnValue
[2020.01.14-20.00.56:883][289]LogScript:Warning: Accessed None trying to read property CallFunc_GetAnimInstance_ReturnValue
	Gun_Pistol_C /Game/FirstPersonBP/Maps/UEDPIE_0_FirstPersonExampleMap.FirstPersonExampleMap:PersistentLevel.Gun_Pistol_C_0
	Function /Game/Guns/Gun_Parent.Gun_Parent_C:FireBullet:0168
[2020.01.14-20.00.56:883][289]PIE:Error: Error Blueprint Runtime Error: Accessed None trying to read property CallFunc_GetAnimInstance_ReturnValue from function: 'FireBullet' from node: Montage Play in graph: FireBullet in object: Gun_Parent with description: Accessed None trying to read property CallFunc_GetAnimInstance_ReturnValue
[2020.01.14-20.00.57:466][359]LogScript:Warning: Accessed None trying to read property CallFunc_GetAnimInstance_ReturnValue
	Gun_Pistol_C /Game/FirstPersonBP/Maps/UEDPIE_0_FirstPersonExampleMap.FirstPersonExampleMap:PersistentLevel.Gun_Pistol_C_0
	Function /Game/Guns/Gun_Parent.Gun_Parent_C:FireBullet:0168
[2020.01.14-20.00.57:466][359]PIE:Error: Error Blueprint Runtime Error: Accessed None trying to read property CallFunc_GetAnimInstance_ReturnValue from function: 'FireBullet' from node: Montage Play in graph: FireBullet in object: Gun_Parent with description: Accessed None trying to read property CallFunc_GetAnimInstance_ReturnValue
[2020.01.14-20.00.58:409][472]LogScript:Warning: Accessed None trying to read property CallFunc_GetAnimInstance_ReturnValue
	Gun_Pistol_C /Game/FirstPersonBP/Maps/UEDPIE_0_FirstPersonExampleMap.FirstPersonExampleMap:PersistentLevel.Gun_Pistol_C_0
	Function /Game/Guns/Gun_Parent.Gun_Parent_C:FireBullet:0168
[2020.01.14-20.00.58:409][472]PIE:Error: Error Blueprint Runtime Error: Accessed None trying to read property CallFunc_GetAnimInstance_ReturnValue from function: 'FireBullet' from node: Montage Play in graph: FireBullet in object: Gun_Parent with description: Accessed None trying to read property CallFunc_GetAnimInstance_ReturnValue
[2020.01.14-20.00.59:242][572]LogScript:Warning: Accessed None trying to read property CallFunc_GetAnimInstance_ReturnValue
	Gun_Pistol_C /Game/FirstPersonBP/Maps/UEDPIE_0_FirstPersonExampleMap.FirstPersonExampleMap:PersistentLevel.Gun_Pistol_C_0
	Function /Game/Guns/Gun_Parent.Gun_Parent_C:FireBullet:0168
[2020.01.14-20.00.59:242][572]PIE:Error: Error Blueprint Runtime Error: Accessed None trying to read property CallFunc_GetAnimInstance_ReturnValue from function: 'FireBullet' from node: Montage Play in graph: FireBullet in object: Gun_Parent with description: Accessed None trying to read property CallFunc_GetAnimInstance_ReturnValue
[2020.01.14-20.00.59:758][634]LogScript:Warning: Accessed None trying to read property CallFunc_GetAnimInstance_ReturnValue
	Gun_Pistol_C /Game/FirstPersonBP/Maps/UEDPIE_0_FirstPersonExampleMap.FirstPersonExampleMap:PersistentLevel.Gun_Pistol_C_0
	Function /Game/Guns/Gun_Parent.Gun_Parent_C:FireBullet:0168
[2020.01.14-20.00.59:758][634]PIE:Error: Error Blueprint Runtime Error: Accessed None trying to read property CallFunc_GetAnimInstance_ReturnValue from function: 'FireBullet' from node: Montage Play in graph: FireBullet in object: Gun_Parent with description: Accessed None trying to read property CallFunc_GetAnimInstance_ReturnValue
[2020.01.14-20.01.00:125][678]LogScript:Warning: Accessed None trying to read property CallFunc_GetAnimInstance_ReturnValue
	Gun_Pistol_C /Game/FirstPersonBP/Maps/UEDPIE_0_FirstPersonExampleMap.FirstPersonExampleMap:PersistentLevel.Gun_Pistol_C_0
	Function /Game/Guns/Gun_Parent.Gun_Parent_C:FireBullet:0168
[2020.01.14-20.01.00:125][678]PIE:Error: Error Blueprint Runtime Error: Accessed None trying to read property CallFunc_GetAnimInstance_ReturnValue from function: 'FireBullet' from node: Montage Play in graph: FireBullet in object: Gun_Parent with description: Accessed None trying to read property CallFunc_GetAnimInstance_ReturnValue
[2020.01.14-20.01.00:316][701]LogScript:Warning: Accessed None trying to read property CallFunc_GetAnimInstance_ReturnValue
	Gun_Pistol_C /Game/FirstPersonBP/Maps/UEDPIE_0_FirstPersonExampleMap.FirstPersonExampleMap:PersistentLevel.Gun_Pistol_C_0
	Function /Game/Guns/Gun_Parent.Gun_Parent_C:FireBullet:0168
[2020.01.14-20.01.00:317][701]PIE:Error: Error Blueprint Runtime Error: Accessed None trying to read property CallFunc_GetAnimInstance_ReturnValue from function: 'FireBullet' from node: Montage Play in graph: FireBullet in object: Gun_Parent with description: Accessed None trying to read property CallFunc_GetAnimInstance_ReturnValue
[2020.01.14-20.01.00:542][728]LogScript:Warning: Accessed None trying to read property CallFunc_GetAnimInstance_ReturnValue
	Gun_Pistol_C /Game/FirstPersonBP/Maps/UEDPIE_0_FirstPersonExampleMap.FirstPersonExampleMap:PersistentLevel.Gun_Pistol_C_0
	Function /Game/Guns/Gun_Parent.Gun_Parent_C:FireBullet:0168
[2020.01.14-20.01.00:542][728]PIE:Error: Error Blueprint Runtime Error: Accessed None trying to read property CallFunc_GetAnimInstance_ReturnValue from function: 'FireBullet' from node: Montage Play in graph: FireBullet in object: Gun_Parent with description: Accessed None trying to read property CallFunc_GetAnimInstance_ReturnValue
[2020.01.14-20.01.01:134][799]PIE:Error: Error Blueprint Runtime Error: Accessed None trying to read property CallFunc_GetAnimInstance_ReturnValue from function: 'FireBullet' from node: Montage Play in graph: FireBullet in object: Gun_Parent with description: Accessed None trying to read property CallFunc_GetAnimInstance_ReturnValue
[2020.01.14-20.01.02:079][912]LogBlueprintUserMessages: Early EndPlayMap Detection: Level '/Game/FirstPersonBP/Maps/FirstPersonExampleMap.FirstPersonExampleMap:PersistentLevel' has LevelScriptBlueprint '/Game/FirstPersonBP/Maps/FirstPersonExampleMap.FirstPersonExampleMap:PersistentLevel.FirstPersonExampleMap' with GeneratedClass '/Game/FirstPersonBP/Maps/FirstPersonExampleMap.FirstPersonExampleMap_C' with ClassGeneratedBy '/Game/FirstPersonBP/Maps/FirstPersonExampleMap.FirstPersonExampleMap:PersistentLevel.FirstPersonExampleMap'
[2020.01.14-20.01.02:116][912]LogBlueprintUserMessages: Late EndPlayMap Detection: Level '/Game/FirstPersonBP/Maps/FirstPersonExampleMap.FirstPersonExampleMap:PersistentLevel' has LevelScriptBlueprint '/Game/FirstPersonBP/Maps/FirstPersonExampleMap.FirstPersonExampleMap:PersistentLevel.FirstPersonExampleMap' with GeneratedClass '/Game/FirstPersonBP/Maps/FirstPersonExampleMap.FirstPersonExampleMap_C' with ClassGeneratedBy '/Game/FirstPersonBP/Maps/FirstPersonExampleMap.FirstPersonExampleMap:PersistentLevel.FirstPersonExampleMap'
[2020.01.14-20.01.14:013][ 58]Cmd: OBJ SAVEPACKAGE PACKAGE="/Game/Guns/Gun_Parent" FILE="../../../../../../Users/Carlos Gómez/Desktop/videojuego_shooter/EntregaJuegoUnreal2/Content/Guns/Gun_Parent.uasset" SILENT=true
[2020.01.14-20.01.14:090][ 58]LogSavePackage: Save=69.16ms
[2020.01.14-20.01.14:090][ 58]LogSavePackage: Moving '../../../../../../Users/Carlos Gómez/Desktop/videojuego_shooter/EntregaJuegoUnreal2/Saved/Gun_Parent2FD5898A4931DC377796C9B10BBE7E71.tmp' to '../../../../../../Users/Carlos Gómez/Desktop/videojuego_shooter/EntregaJuegoUnreal2/Content/Guns/Gun_Parent.uasset'
[2020.01.14-20.01.14:093][ 58]LogSavePackage:Display: Finished SavePackage ../../../../../../Users/Carlos Gómez/Desktop/videojuego_shooter/EntregaJuegoUnreal2/Content/Guns/Gun_Parent.uasset
[2020.01.14-20.01.14:571][ 99]BlueprintLog: New page: Compile Gun_Parent
[2020.01.14-20.01.16:888][310]LogTemp: Repeting last play command: Selected Viewport
[2020.01.14-20.01.16:918][310]LogBlueprintUserMessages: Early PlayInEditor Detection: Level '/Game/FirstPersonBP/Maps/FirstPersonExampleMap.FirstPersonExampleMap:PersistentLevel' has LevelScriptBlueprint '/Game/FirstPersonBP/Maps/FirstPersonExampleMap.FirstPersonExampleMap:PersistentLevel.FirstPersonExampleMap' with GeneratedClass '/Game/FirstPersonBP/Maps/FirstPersonExampleMap.FirstPersonExampleMap_C' with ClassGeneratedBy '/Game/FirstPersonBP/Maps/FirstPersonExampleMap.FirstPersonExampleMap:PersistentLevel.FirstPersonExampleMap'
[2020.01.14-20.01.16:918][310]LogPlayLevel: PlayLevel: No blueprints needed recompiling
[2020.01.14-20.01.16:918][310]PIE: New page: PIE session: FirstPersonExampleMap (Jan 14, 2020, 10:01:16 PM)
[2020.01.14-20.01.16:918][310]LogPlayLevel: Creating play world package: /Game/FirstPersonBP/Maps/UEDPIE_0_FirstPersonExampleMap
[2020.01.14-20.01.16:942][310]LogPlayLevel: PIE: StaticDuplicateObject took: (0.024356s)
[2020.01.14-20.01.16:943][310]LogAIModule: Creating AISystem for world FirstPersonExampleMap
[2020.01.14-20.01.16:943][310]LogPlayLevel: PIE: World Init took: (0.000849s)
[2020.01.14-20.01.16:944][310]LogPlayLevel: PIE: Created PIE world by copying editor world from /Game/FirstPersonBP/Maps/FirstPersonExampleMap.FirstPersonExampleMap to /Game/FirstPersonBP/Maps/UEDPIE_0_FirstPersonExampleMap.FirstPersonExampleMap (0.025557s)
[2020.01.14-20.01.16:985][310]LogInit: XAudio2 using 'Speakers (2- USB Audio Device)' : 2 channels at 48 kHz using 16 bits per sample (channel mask 0x3)
[2020.01.14-20.01.16:994][310]LogInit: FAudioDevice initialized.
[2020.01.14-20.01.17:030][310]LogLoad: Game class is 'FirstPersonGameMode_C'
[2020.01.14-20.01.17:036][310]LogWorld: Bringing World /Game/FirstPersonBP/Maps/UEDPIE_0_FirstPersonExampleMap.FirstPersonExampleMap up for play (max tick rate 0) at 2020.01.14-21.01.17
[2020.01.14-20.01.17:037][310]LogWorld: Bringing up level for play took: 0.005147
[2020.01.14-20.01.17:040][310]PIE: Info Play in editor start time for /Game/FirstPersonBP/Maps/UEDPIE_0_FirstPersonExampleMap 0.879
[2020.01.14-20.01.17:040][310]LogBlueprintUserMessages: Late PlayInEditor Detection: Level '/Game/FirstPersonBP/Maps/FirstPersonExampleMap.FirstPersonExampleMap:PersistentLevel' has LevelScriptBlueprint '/Game/FirstPersonBP/Maps/FirstPersonExampleMap.FirstPersonExampleMap:PersistentLevel.FirstPersonExampleMap' with GeneratedClass '/Game/FirstPersonBP/Maps/FirstPersonExampleMap.FirstPersonExampleMap_C' with ClassGeneratedBy '/Game/FirstPersonBP/Maps/FirstPersonExampleMap.FirstPersonExampleMap:PersistentLevel.FirstPersonExampleMap'
[2020.01.14-20.01.17:277][335]PIE:Error: Error Blueprint Runtime Error: Accessed None trying to read property CallFunc_GetAnimInstance_ReturnValue from function: 'FireBullet' from node: Montage Play in graph: FireBullet in object: Gun_Parent with description: Accessed None trying to read property CallFunc_GetAnimInstance_ReturnValue
[2020.01.14-20.01.17:651][380]PIE:Error: Error Blueprint Runtime Error: Accessed None trying to read property CallFunc_GetAnimInstance_ReturnValue from function: 'FireBullet' from node: Montage Play in graph: FireBullet in object: Gun_Parent with description: Accessed None trying to read property CallFunc_GetAnimInstance_ReturnValue
[2020.01.14-20.01.18:243][451]PIE:Error: Error Blueprint Runtime Error: Accessed None trying to read property CallFunc_GetAnimInstance_ReturnValue from function: 'FireBullet' from node: Montage Play in graph: FireBullet in object: Gun_Parent with description: Accessed None trying to read property CallFunc_GetAnimInstance_ReturnValue
[2020.01.14-20.01.18:569][490]PIE:Error: Error Blueprint Runtime Error: Accessed None trying to read property CallFunc_GetAnimInstance_ReturnValue from function: 'FireBullet' from node: Montage Play in graph: FireBullet in object: Gun_Parent with description: Accessed None trying to read property CallFunc_GetAnimInstance_ReturnValue
[2020.01.14-20.01.19:160][561]PIE:Error: Error Blueprint Runtime Error: Accessed None trying to read property CallFunc_GetAnimInstance_ReturnValue from function: 'FireBullet' from node: Montage Play in graph: FireBullet in object: Gun_Parent with description: Accessed None trying to read property CallFunc_GetAnimInstance_ReturnValue
[2020.01.14-20.01.19:285][576]PIE:Error: Error Blueprint Runtime Error: Accessed None trying to read property CallFunc_GetAnimInstance_ReturnValue from function: 'FireBullet' from node: Montage Play in graph: FireBullet in object: Gun_Parent with description: Accessed None trying to read property CallFunc_GetAnimInstance_ReturnValue
[2020.01.14-20.01.19:470][598]PIE:Error: Error Blueprint Runtime Error: Accessed None trying to read property CallFunc_GetAnimInstance_ReturnValue from function: 'FireBullet' from node: Montage Play in graph: FireBullet in object: Gun_Parent with description: Accessed None trying to read property CallFunc_GetAnimInstance_ReturnValue
[2020.01.14-20.01.19:611][615]PIE:Error: Error Blueprint Runtime Error: Accessed None trying to read property CallFunc_GetAnimInstance_ReturnValue from function: 'FireBullet' from node: Montage Play in graph: FireBullet in object: Gun_Parent with description: Accessed None trying to read property CallFunc_GetAnimInstance_ReturnValue
[2020.01.14-20.01.19:769][634]PIE:Error: Error Blueprint Runtime Error: Accessed None trying to read property CallFunc_GetAnimInstance_ReturnValue from function: 'FireBullet' from node: Montage Play in graph: FireBullet in object: Gun_Parent with description: Accessed None trying to read property CallFunc_GetAnimInstance_ReturnValue
[2020.01.14-20.01.19:946][655]PIE:Error: Error Blueprint Runtime Error: Accessed None trying to read property CallFunc_GetAnimInstance_ReturnValue from function: 'FireBullet' from node: Montage Play in graph: FireBullet in object: Gun_Parent with description: Accessed None trying to read property CallFunc_GetAnimInstance_ReturnValue
[2020.01.14-20.01.20:097][673]PIE:Error: Error Blueprint Runtime Error: Accessed None trying to read property CallFunc_GetAnimInstance_ReturnValue from function: 'FireBullet' from node: Montage Play in graph: FireBullet in object: Gun_Parent with description: Accessed None trying to read property CallFunc_GetAnimInstance_ReturnValue
[2020.01.14-20.01.20:256][692]PIE:Error: Error Blueprint Runtime Error: Accessed None trying to read property CallFunc_GetAnimInstance_ReturnValue from function: 'FireBullet' from node: Montage Play in graph: FireBullet in object: Gun_Parent with description: Accessed None trying to read property CallFunc_GetAnimInstance_ReturnValue
[2020.01.14-20.01.20:430][713]PIE:Error: Error Blueprint Runtime Error: Accessed None trying to read property CallFunc_GetAnimInstance_ReturnValue from function: 'FireBullet' from node: Montage Play in graph: FireBullet in object: Gun_Parent with description: Accessed None trying to read property CallFunc_GetAnimInstance_ReturnValue
[2020.01.14-20.01.20:588][732]PIE:Error: Error Blueprint Runtime Error: Accessed None trying to read property CallFunc_GetAnimInstance_ReturnValue from function: 'FireBullet' from node: Montage Play in graph: FireBullet in object: Gun_Parent with description: Accessed None trying to read property CallFunc_GetAnimInstance_ReturnValue
[2020.01.14-20.01.21:158][800]LogBlueprintUserMessages: Early EndPlayMap Detection: Level '/Game/FirstPersonBP/Maps/FirstPersonExampleMap.FirstPersonExampleMap:PersistentLevel' has LevelScriptBlueprint '/Game/FirstPersonBP/Maps/FirstPersonExampleMap.FirstPersonExampleMap:PersistentLevel.FirstPersonExampleMap' with GeneratedClass '/Game/FirstPersonBP/Maps/FirstPersonExampleMap.FirstPersonExampleMap_C' with ClassGeneratedBy '/Game/FirstPersonBP/Maps/FirstPersonExampleMap.FirstPersonExampleMap:PersistentLevel.FirstPersonExampleMap'
[2020.01.14-20.01.21:191][800]LogBlueprintUserMessages: Late EndPlayMap Detection: Level '/Game/FirstPersonBP/Maps/FirstPersonExampleMap.FirstPersonExampleMap:PersistentLevel' has LevelScriptBlueprint '/Game/FirstPersonBP/Maps/FirstPersonExampleMap.FirstPersonExampleMap:PersistentLevel.FirstPersonExampleMap' with GeneratedClass '/Game/FirstPersonBP/Maps/FirstPersonExampleMap.FirstPersonExampleMap_C' with ClassGeneratedBy '/Game/FirstPersonBP/Maps/FirstPersonExampleMap.FirstPersonExampleMap:PersistentLevel.FirstPersonExampleMap'
[2020.01.14-20.01.23:495][ 70]LogEditorViewport: Clicking on Actor (LMB): StaticMeshActor (FenceBricks+BarrotsFull20)
[2020.01.14-20.01.27:246][505]LogEditorViewport: Clicking on Actor (LMB): StaticMeshActor (FenceBricks+BarrotsFull18)
[2020.01.14-20.01.27:685][552]LogEditorViewport: Clicking on Actor (LMB): ZombieEnano_C (ZombieEnano)
[2020.01.14-20.01.28:587][643]Cmd: DELETE
[2020.01.14-20.01.28:587][643]Cmd: ACTOR DELETE
[2020.01.14-20.01.28:591][643]LogEditorActor: Deleted Actor: ZombieEnano_C
[2020.01.14-20.01.28:607][643]LogEditorActor: Deleted 1 Actors (0.019 secs)
[2020.01.14-20.01.29:048][695]LogEditorViewport: Clicking on Actor (LMB): ZombieFuerte_C (ZombieFuerte)
[2020.01.14-20.01.29:178][702]Cmd: DELETE
[2020.01.14-20.01.29:178][702]Cmd: ACTOR DELETE
[2020.01.14-20.01.29:179][702]LogEditorActor: Deleted Actor: ZombieFuerte_C
[2020.01.14-20.01.29:194][702]LogEditorActor: Deleted 1 Actors (0.015 secs)
[2020.01.14-20.01.29:615][752]LogEditorViewport: Clicking on Actor (LMB): ZombieEnano_C (ZombieEnano2)
[2020.01.14-20.01.29:781][762]Cmd: DELETE
[2020.01.14-20.01.29:781][762]Cmd: ACTOR DELETE
[2020.01.14-20.01.29:782][762]LogEditorActor: Deleted Actor: ZombieEnano_C
[2020.01.14-20.01.29:795][762]LogEditorActor: Deleted 1 Actors (0.014 secs)
[2020.01.14-20.01.30:468][842]LogEditorViewport: Clicking on Actor (LMB): ZombieSimple_C (ZombieSimple)
[2020.01.14-20.01.30:589][848]Cmd: DELETE
[2020.01.14-20.01.30:589][848]Cmd: ACTOR DELETE
[2020.01.14-20.01.30:590][848]LogEditorActor: Deleted Actor: ZombieSimple_C
[2020.01.14-20.01.30:606][848]LogEditorActor: Deleted 1 Actors (0.017 secs)
[2020.01.14-20.02.12:537][217]LogEditorTransaction: Undo Delete current selection
[2020.01.14-20.02.12:866][238]LogEditorTransaction: Undo Delete Actors
[2020.01.14-20.02.13:963][316]LogEditorTransaction: Undo Clicking on Actors
[2020.01.14-20.02.14:293][348]LogEditorTransaction: Undo Delete Actors
[2020.01.14-20.02.14:827][384]LogEditorTransaction: Undo Clicking on Actors
[2020.01.14-20.02.15:725][466]LogEditorTransaction: Undo Delete Actors
[2020.01.14-20.02.16:107][489]LogEditorTransaction: Undo Clicking on Actors
[2020.01.14-20.02.16:356][510]LogEditorTransaction: Undo Delete Actors
[2020.01.14-20.02.16:686][529]LogEditorTransaction: Undo Clicking on Actors
[2020.01.14-20.02.30:738][618]BlueprintLog: New page: Compile Gun_Parent
[2020.01.14-20.02.31:622][669]Cmd: OBJ SAVEPACKAGE PACKAGE="/Game/Guns/Gun_Parent" FILE="../../../../../../Users/Carlos Gómez/Desktop/videojuego_shooter/EntregaJuegoUnreal2/Content/Guns/Gun_Parent.uasset" SILENT=true
[2020.01.14-20.02.31:701][669]LogSavePackage: Save=67.34ms
[2020.01.14-20.02.31:701][669]LogSavePackage: Moving '../../../../../../Users/Carlos Gómez/Desktop/videojuego_shooter/EntregaJuegoUnreal2/Saved/Gun_ParentA29B93AF44380DA8EDA84491630D448C.tmp' to '../../../../../../Users/Carlos Gómez/Desktop/videojuego_shooter/EntregaJuegoUnreal2/Content/Guns/Gun_Parent.uasset'
[2020.01.14-20.02.31:705][669]LogSavePackage:Display: Finished SavePackage ../../../../../../Users/Carlos Gómez/Desktop/videojuego_shooter/EntregaJuegoUnreal2/Content/Guns/Gun_Parent.uasset
[2020.01.14-20.02.33:808][871]LogTemp: Repeting last play command: Selected Viewport
[2020.01.14-20.02.33:839][871]LogBlueprintUserMessages: Early PlayInEditor Detection: Level '/Game/FirstPersonBP/Maps/FirstPersonExampleMap.FirstPersonExampleMap:PersistentLevel' has LevelScriptBlueprint '/Game/FirstPersonBP/Maps/FirstPersonExampleMap.FirstPersonExampleMap:PersistentLevel.FirstPersonExampleMap' with GeneratedClass '/Game/FirstPersonBP/Maps/FirstPersonExampleMap.FirstPersonExampleMap_C' with ClassGeneratedBy '/Game/FirstPersonBP/Maps/FirstPersonExampleMap.FirstPersonExampleMap:PersistentLevel.FirstPersonExampleMap'
[2020.01.14-20.02.33:839][871]LogPlayLevel: PlayLevel: No blueprints needed recompiling
[2020.01.14-20.02.33:840][871]PIE: New page: PIE session: FirstPersonExampleMap (Jan 14, 2020, 10:02:33 PM)
[2020.01.14-20.02.33:840][871]LogPlayLevel: Creating play world package: /Game/FirstPersonBP/Maps/UEDPIE_0_FirstPersonExampleMap
[2020.01.14-20.02.33:863][871]LogPlayLevel: PIE: StaticDuplicateObject took: (0.023779s)
[2020.01.14-20.02.33:864][871]LogAIModule: Creating AISystem for world FirstPersonExampleMap
[2020.01.14-20.02.33:864][871]LogPlayLevel: PIE: World Init took: (0.000896s)
[2020.01.14-20.02.33:865][871]LogPlayLevel: PIE: Created PIE world by copying editor world from /Game/FirstPersonBP/Maps/FirstPersonExampleMap.FirstPersonExampleMap to /Game/FirstPersonBP/Maps/UEDPIE_0_FirstPersonExampleMap.FirstPersonExampleMap (0.024942s)
[2020.01.14-20.02.33:906][871]LogInit: XAudio2 using 'Speakers (2- USB Audio Device)' : 2 channels at 48 kHz using 16 bits per sample (channel mask 0x3)
[2020.01.14-20.02.33:916][871]LogInit: FAudioDevice initialized.
[2020.01.14-20.02.33:951][871]LogLoad: Game class is 'FirstPersonGameMode_C'
[2020.01.14-20.02.33:957][871]LogWorld: Bringing World /Game/FirstPersonBP/Maps/UEDPIE_0_FirstPersonExampleMap.FirstPersonExampleMap up for play (max tick rate 0) at 2020.01.14-21.02.33
[2020.01.14-20.02.33:958][871]LogWorld: Bringing up level for play took: 0.005812
[2020.01.14-20.02.33:961][871]PIE: Info Play in editor start time for /Game/FirstPersonBP/Maps/UEDPIE_0_FirstPersonExampleMap -0.2
[2020.01.14-20.02.33:961][871]LogBlueprintUserMessages: Late PlayInEditor Detection: Level '/Game/FirstPersonBP/Maps/FirstPersonExampleMap.FirstPersonExampleMap:PersistentLevel' has LevelScriptBlueprint '/Game/FirstPersonBP/Maps/FirstPersonExampleMap.FirstPersonExampleMap:PersistentLevel.FirstPersonExampleMap' with GeneratedClass '/Game/FirstPersonBP/Maps/FirstPersonExampleMap.FirstPersonExampleMap_C' with ClassGeneratedBy '/Game/FirstPersonBP/Maps/FirstPersonExampleMap.FirstPersonExampleMap:PersistentLevel.FirstPersonExampleMap'
[2020.01.14-20.02.42:428][878]LogBlueprintUserMessages: Early EndPlayMap Detection: Level '/Game/FirstPersonBP/Maps/FirstPersonExampleMap.FirstPersonExampleMap:PersistentLevel' has LevelScriptBlueprint '/Game/FirstPersonBP/Maps/FirstPersonExampleMap.FirstPersonExampleMap:PersistentLevel.FirstPersonExampleMap' with GeneratedClass '/Game/FirstPersonBP/Maps/FirstPersonExampleMap.FirstPersonExampleMap_C' with ClassGeneratedBy '/Game/FirstPersonBP/Maps/FirstPersonExampleMap.FirstPersonExampleMap:PersistentLevel.FirstPersonExampleMap'
[2020.01.14-20.02.42:477][878]LogBlueprintUserMessages: Late EndPlayMap Detection: Level '/Game/FirstPersonBP/Maps/FirstPersonExampleMap.FirstPersonExampleMap:PersistentLevel' has LevelScriptBlueprint '/Game/FirstPersonBP/Maps/FirstPersonExampleMap.FirstPersonExampleMap:PersistentLevel.FirstPersonExampleMap' with GeneratedClass '/Game/FirstPersonBP/Maps/FirstPersonExampleMap.FirstPersonExampleMap_C' with ClassGeneratedBy '/Game/FirstPersonBP/Maps/FirstPersonExampleMap.FirstPersonExampleMap:PersistentLevel.FirstPersonExampleMap'
[2020.01.14-20.03.11:823][962]LogBlueprint:Warning: [Jugador] 'Mesh2P' variable not found. Base class was probably changed.
[2020.01.14-20.03.32:370][330]BlueprintLog: New page: Compile Jugador
[2020.01.14-20.03.33:225][351]LogSavePackage: Save=106.20ms
[2020.01.14-20.03.33:225][351]LogSavePackage: Moving '../../../../../../Users/Carlos Gómez/Desktop/videojuego_shooter/EntregaJuegoUnreal2/Saved/Jugador0D66624740E920EEA61A189C467A5F64.tmp' to '../../../../../../Users/Carlos Gómez/Desktop/videojuego_shooter/EntregaJuegoUnreal2/Content/FirstPersonBP/Blueprints/Jugador.uasset'
[2020.01.14-20.03.33:228][351]LogSavePackage:Display: Finished SavePackage ../../../../../../Users/Carlos Gómez/Desktop/videojuego_shooter/EntregaJuegoUnreal2/Content/FirstPersonBP/Blueprints/Jugador.uasset
[2020.01.14-20.03.35:551][564]LogTemp: Repeting last play command: Selected Viewport
[2020.01.14-20.03.35:584][564]LogBlueprintUserMessages: Early PlayInEditor Detection: Level '/Game/FirstPersonBP/Maps/FirstPersonExampleMap.FirstPersonExampleMap:PersistentLevel' has LevelScriptBlueprint '/Game/FirstPersonBP/Maps/FirstPersonExampleMap.FirstPersonExampleMap:PersistentLevel.FirstPersonExampleMap' with GeneratedClass '/Game/FirstPersonBP/Maps/FirstPersonExampleMap.FirstPersonExampleMap_C' with ClassGeneratedBy '/Game/FirstPersonBP/Maps/FirstPersonExampleMap.FirstPersonExampleMap:PersistentLevel.FirstPersonExampleMap'
[2020.01.14-20.03.35:584][564]LogPlayLevel: PlayLevel: No blueprints needed recompiling
[2020.01.14-20.03.35:585][564]PIE: New page: PIE session: FirstPersonExampleMap (Jan 14, 2020, 10:03:35 PM)
[2020.01.14-20.03.35:585][564]LogPlayLevel: Creating play world package: /Game/FirstPersonBP/Maps/UEDPIE_0_FirstPersonExampleMap
[2020.01.14-20.03.35:606][564]LogPlayLevel: PIE: StaticDuplicateObject took: (0.022280s)
[2020.01.14-20.03.35:607][564]LogAIModule: Creating AISystem for world FirstPersonExampleMap
[2020.01.14-20.03.35:607][564]LogPlayLevel: PIE: World Init took: (0.000778s)
[2020.01.14-20.03.35:607][564]LogPlayLevel: PIE: Created PIE world by copying editor world from /Game/FirstPersonBP/Maps/FirstPersonExampleMap.FirstPersonExampleMap to /Game/FirstPersonBP/Maps/UEDPIE_0_FirstPersonExampleMap.FirstPersonExampleMap (0.023341s)
[2020.01.14-20.03.35:656][564]LogInit: XAudio2 using 'Speakers (2- USB Audio Device)' : 2 channels at 48 kHz using 16 bits per sample (channel mask 0x3)
[2020.01.14-20.03.35:667][564]LogInit: FAudioDevice initialized.
[2020.01.14-20.03.35:700][564]LogLoad: Game class is 'FirstPersonGameMode_C'
[2020.01.14-20.03.35:706][564]LogWorld: Bringing World /Game/FirstPersonBP/Maps/UEDPIE_0_FirstPersonExampleMap.FirstPersonExampleMap up for play (max tick rate 0) at 2020.01.14-21.03.35
[2020.01.14-20.03.35:708][564]LogWorld: Bringing up level for play took: 0.006416
[2020.01.14-20.03.35:711][564]PIE: Info Play in editor start time for /Game/FirstPersonBP/Maps/UEDPIE_0_FirstPersonExampleMap -0.45
[2020.01.14-20.03.35:711][564]LogBlueprintUserMessages: Late PlayInEditor Detection: Level '/Game/FirstPersonBP/Maps/FirstPersonExampleMap.FirstPersonExampleMap:PersistentLevel' has LevelScriptBlueprint '/Game/FirstPersonBP/Maps/FirstPersonExampleMap.FirstPersonExampleMap:PersistentLevel.FirstPersonExampleMap' with GeneratedClass '/Game/FirstPersonBP/Maps/FirstPersonExampleMap.FirstPersonExampleMap_C' with ClassGeneratedBy '/Game/FirstPersonBP/Maps/FirstPersonExampleMap.FirstPersonExampleMap:PersistentLevel.FirstPersonExampleMap'
[2020.01.14-20.03.48:283][ 68]LogBlueprintUserMessages: Early EndPlayMap Detection: Level '/Game/FirstPersonBP/Maps/FirstPersonExampleMap.FirstPersonExampleMap:PersistentLevel' has LevelScriptBlueprint '/Game/FirstPersonBP/Maps/FirstPersonExampleMap.FirstPersonExampleMap:PersistentLevel.FirstPersonExampleMap' with GeneratedClass '/Game/FirstPersonBP/Maps/FirstPersonExampleMap.FirstPersonExampleMap_C' with ClassGeneratedBy '/Game/FirstPersonBP/Maps/FirstPersonExampleMap.FirstPersonExampleMap:PersistentLevel.FirstPersonExampleMap'
[2020.01.14-20.03.48:335][ 68]LogBlueprintUserMessages: Late EndPlayMap Detection: Level '/Game/FirstPersonBP/Maps/FirstPersonExampleMap.FirstPersonExampleMap:PersistentLevel' has LevelScriptBlueprint '/Game/FirstPersonBP/Maps/FirstPersonExampleMap.FirstPersonExampleMap:PersistentLevel.FirstPersonExampleMap' with GeneratedClass '/Game/FirstPersonBP/Maps/FirstPersonExampleMap.FirstPersonExampleMap_C' with ClassGeneratedBy '/Game/FirstPersonBP/Maps/FirstPersonExampleMap.FirstPersonExampleMap:PersistentLevel.FirstPersonExampleMap'
[2020.01.14-20.03.53:317][609]LogSavePackage: Save=282.89ms
[2020.01.14-20.03.53:317][609]LogSavePackage: Moving '../../../../../../Users/Carlos Gómez/Desktop/videojuego_shooter/EntregaJuegoUnreal2/Saved/FirstPersonExampleMapAF44C4CE4408C033C96E4DAEFC58C439.tmp' to '../../../../../../Users/Carlos Gómez/Desktop/videojuego_shooter/EntregaJuegoUnreal2/Content/FirstPersonBP/Maps/FirstPersonExampleMap.umap'
[2020.01.14-20.03.53:321][609]LogSavePackage:Display: Finished SavePackage ../../../../../../Users/Carlos Gómez/Desktop/videojuego_shooter/EntregaJuegoUnreal2/Content/FirstPersonBP/Maps/FirstPersonExampleMap.umap
[2020.01.14-20.03.53:726][609]LogSavePackage: Save=330.93ms
[2020.01.14-20.03.53:726][609]LogSavePackage: Moving '../../../../../../Users/Carlos Gómez/Desktop/videojuego_shooter/EntregaJuegoUnreal2/Saved/FirstPersonExampleMap_BuiltData9845F65646D6807CEF7497B52FD473D0.tmp' to '../../../../../../Users/Carlos Gómez/Desktop/videojuego_shooter/EntregaJuegoUnreal2/Content/FirstPersonBP/Maps/FirstPersonExampleMap_BuiltData.uasset'
[2020.01.14-20.03.53:728][609]LogSavePackage:Display: Finished SavePackage ../../../../../../Users/Carlos Gómez/Desktop/videojuego_shooter/EntregaJuegoUnreal2/Content/FirstPersonBP/Maps/FirstPersonExampleMap_BuiltData.uasset
[2020.01.14-20.03.56:799][770]Cmd: OBJ SAVEPACKAGE PACKAGE="/Game/Guns/Gun_Pistol" FILE="../../../../../../Users/Carlos Gómez/Desktop/videojuego_shooter/EntregaJuegoUnreal2/Content/Guns/Gun_Pistol.uasset" SILENT=true
[2020.01.14-20.03.56:836][770]LogSavePackage: Save=22.26ms
[2020.01.14-20.03.56:836][770]LogSavePackage: Moving '../../../../../../Users/Carlos Gómez/Desktop/videojuego_shooter/EntregaJuegoUnreal2/Saved/Gun_Pistol705431984B18CA6DD123BFB0302D7AE7.tmp' to '../../../../../../Users/Carlos Gómez/Desktop/videojuego_shooter/EntregaJuegoUnreal2/Content/Guns/Gun_Pistol.uasset'
[2020.01.14-20.03.56:839][770]LogSavePackage:Display: Finished SavePackage ../../../../../../Users/Carlos Gómez/Desktop/videojuego_shooter/EntregaJuegoUnreal2/Content/Guns/Gun_Pistol.uasset
[2020.01.14-20.03.57:047][770]LogActorComponent: UnregisterComponent: (/Engine/Transient.EditorFloorComp) Not registered. Aborting.
[2020.01.14-20.03.57:102][770]LogWindowsTextInputMethodSystem:Display: IME system now deactivated.
[2020.01.14-20.03.57:283][771]Cmd: QUIT_EDITOR
[2020.01.14-20.03.57:461][771]LogExit: Preparing to exit.
[2020.01.14-20.03.57:901][771]LogDirectoryWatcher: A directory notification for 'C:/Users/Carlos Gómez/Desktop/videojuego_shooter/EntregaJuegoUnreal2/Content/' was aborted.
[2020.01.14-20.03.57:947][771]LogExit: Editor shut down
[2020.01.14-20.03.57:952][771]LogExit: Transaction tracking system shut down
[2020.01.14-20.03.58:057][771]LogObj: Freed 0b from 0 cluster array pools.
[2020.01.14-20.03.58:057][771]LogExit: Object subsystem successfully closed.
[2020.01.14-20.03.58:074][771]LogD3D11RHI: Shutdown
[2020.01.14-20.03.58:074][771]LogD3D11RHI: CleanupD3DDevice
[2020.01.14-20.03.58:203][771]LogD3D11RHI: ~FD3D11DynamicRHI
[2020.01.14-20.03.58:221][771]LogModuleManager: Shutting down and abandoning module MovieSceneCapture (530)
[2020.01.14-20.03.58:221][771]LogModuleManager: Shutting down and abandoning module BlueprintGraph (528)
[2020.01.14-20.03.58:221][771]LogModuleManager: Shutting down and abandoning module BlueprintProfiler (526)
[2020.01.14-20.03.58:221][771]LogModuleManager: Shutting down and abandoning module HierarchicalLODOutliner (524)
[2020.01.14-20.03.58:221][771]LogModuleManager: Shutting down and abandoning module CrashTracker (522)
[2020.01.14-20.03.58:221][771]LogModuleManager: Shutting down and abandoning module SceneOutliner (520)
[2020.01.14-20.03.58:221][771]LogModuleManager: Shutting down and abandoning module AddContentDialog (518)
[2020.01.14-20.03.58:221][771]LogDirectoryWatcher: A directory notification for 'C:/Program Files (x86)/Epic Games/UE_4.16/FeaturePacks/' was aborted.
[2020.01.14-20.03.58:223][771]LogModuleManager: Shutting down and abandoning module WidgetCarousel (517)
[2020.01.14-20.03.58:223][771]LogModuleManager: Shutting down and abandoning module EditorWidgets (514)
[2020.01.14-20.03.58:223][771]LogModuleManager: Shutting down and abandoning module CollectionManager (512)
[2020.01.14-20.03.58:223][771]LogDirectoryWatcher: A directory notification for 'C:/Users/Carlos Gómez/Desktop/videojuego_shooter/EntregaJuegoUnreal2/Content/Collections/' was aborted.
[2020.01.14-20.03.58:223][771]LogDirectoryWatcher: A directory notification for 'C:/Users/Carlos Gómez/Desktop/videojuego_shooter/EntregaJuegoUnreal2/Content/Developers/CarlosGómez/Collections/' was aborted.
[2020.01.14-20.03.58:223][771]LogDirectoryWatcher: A directory notification for 'C:/Users/Carlos Gómez/Desktop/videojuego_shooter/EntregaJuegoUnreal2/Saved/Collections/' was aborted.
[2020.01.14-20.03.58:223][771]LogModuleManager: Shutting down and abandoning module StatsViewer (510)
[2020.01.14-20.03.58:223][771]LogModuleManager: Shutting down and abandoning module FoliageEdit (508)
[2020.01.14-20.03.58:223][771]LogModuleManager: Shutting down and abandoning module LandscapeEditor (506)
[2020.01.14-20.03.58:223][771]LogModuleManager: Shutting down and abandoning module MeshPaintMode (504)
[2020.01.14-20.03.58:223][771]LogModuleManager: Shutting down and abandoning module SceneDepthPickerMode (502)
[2020.01.14-20.03.58:223][771]LogModuleManager: Shutting down and abandoning module ActorPickerMode (500)
[2020.01.14-20.03.58:223][771]LogModuleManager: Shutting down and abandoning module GeometryMode (498)
[2020.01.14-20.03.58:223][771]LogModuleManager: Shutting down and abandoning module TextureAlignMode (496)
[2020.01.14-20.03.58:223][771]LogModuleManager: Shutting down and abandoning module BspMode (494)
[2020.01.14-20.03.58:223][771]LogModuleManager: Shutting down and abandoning module HardwareSurvey (492)
[2020.01.14-20.03.58:223][771]LogModuleManager: Shutting down and abandoning module SequenceRecorderSections (490)
[2020.01.14-20.03.58:223][771]LogModuleManager: Shutting down and abandoning module AutomationWorker (488)
[2020.01.14-20.03.58:223][771]LogModuleManager: Shutting down and abandoning module MatineeToLevelSequence (486)
[2020.01.14-20.03.58:223][771]LogModuleManager: Shutting down and abandoning module LevelSequenceEditor (484)
[2020.01.14-20.03.58:223][771]LogModuleManager: Shutting down and abandoning module PlacementMode (483)
[2020.01.14-20.03.58:223][771]LogModuleManager: Shutting down and abandoning module WmfMediaFactory (480)
[2020.01.14-20.03.58:223][771]LogModuleManager: Shutting down and abandoning module WmfMediaEditor (478)
[2020.01.14-20.03.58:223][771]LogModuleManager: Shutting down and abandoning module AvfMediaFactory (476)
[2020.01.14-20.03.58:223][771]LogModuleManager: Shutting down and abandoning module AvfMediaEditor (474)
[2020.01.14-20.03.58:223][771]LogModuleManager: Shutting down and abandoning module AndroidMediaFactory (472)
[2020.01.14-20.03.58:223][771]LogModuleManager: Shutting down and abandoning module Media (471)
[2020.01.14-20.03.58:223][771]LogModuleManager: Shutting down and abandoning module AndroidMediaEditor (468)
[2020.01.14-20.03.58:223][771]LogModuleManager: Shutting down and abandoning module CharacterAI (466)
[2020.01.14-20.03.58:223][771]LogModuleManager: Shutting down and abandoning module AudioCapture (464)
[2020.01.14-20.03.58:223][771]LogModuleManager: Shutting down and abandoning module SequenceRecorder (463)
[2020.01.14-20.03.58:223][771]LogModuleManager: Shutting down and abandoning module SmartSnapping (460)
[2020.01.14-20.03.58:223][771]LogModuleManager: Shutting down and abandoning module SessionServices (458)
[2020.01.14-20.03.58:223][771]LogModuleManager: Shutting down and abandoning module ViewportSnapping (456)
[2020.01.14-20.03.58:224][771]LogModuleManager: Shutting down and abandoning module ViewportInteraction (454)
[2020.01.14-20.03.58:224][771]LogModuleManager: Shutting down and abandoning module ClothPainter (452)
[2020.01.14-20.03.58:224][771]LogModuleManager: Shutting down and abandoning module LogVisualizer (450)
[2020.01.14-20.03.58:224][771]LogModuleManager: Shutting down and abandoning module IntroTutorials (448)
[2020.01.14-20.03.58:224][771]LogModuleManager: Shutting down and abandoning module GameProjectGeneration (447)
[2020.01.14-20.03.58:224][771]LogModuleManager: Shutting down and abandoning module EditorLiveStreaming (444)
[2020.01.14-20.03.58:224][771]LogModuleManager: Shutting down and abandoning module IOSPlatformEditor (442)
[2020.01.14-20.03.58:224][771]LogModuleManager: Shutting down and abandoning module HTML5PlatformEditor (440)
[2020.01.14-20.03.58:224][771]LogModuleManager: Shutting down and abandoning module AndroidPlatformEditor (438)
[2020.01.14-20.03.58:224][771]LogModuleManager: Shutting down and abandoning module AndroidDeviceDetection (437)
[2020.01.14-20.03.58:408][771]LogModuleManager: Shutting down and abandoning module IOSRuntimeSettings (434)
[2020.01.14-20.03.58:408][771]LogModuleManager: Shutting down and abandoning module AndroidRuntimeSettings (432)
[2020.01.14-20.03.58:408][771]LogModuleManager: Shutting down and abandoning module InputBindingEditor (430)
[2020.01.14-20.03.58:408][771]LogModuleManager: Shutting down and abandoning module MergeActors (428)
[2020.01.14-20.03.58:408][771]LogModuleManager: Shutting down and abandoning module SizeMap (426)
[2020.01.14-20.03.58:408][771]LogModuleManager: Shutting down and abandoning module TreeMap (424)
[2020.01.14-20.03.58:408][771]LogModuleManager: Shutting down and abandoning module ReferenceViewer (422)
[2020.01.14-20.03.58:408][771]LogModuleManager: Shutting down and abandoning module LocalizationDashboard (420)
[2020.01.14-20.03.58:408][771]LogModuleManager: Shutting down and abandoning module LocalizationService (419)
[2020.01.14-20.03.58:408][771]LogModuleManager: Shutting down and abandoning module HardwareTargeting (416)
[2020.01.14-20.03.58:408][771]LogModuleManager: Shutting down and abandoning module DeviceProfileEditor (414)
[2020.01.14-20.03.58:408][771]LogModuleManager: Shutting down and abandoning module UndoHistory (412)
[2020.01.14-20.03.58:408][771]LogModuleManager: Shutting down and abandoning module UserFeedback (410)
[2020.01.14-20.03.58:408][771]LogModuleManager: Shutting down and abandoning module XmlParser (408)
[2020.01.14-20.03.58:408][771]LogModuleManager: Shutting down and abandoning module Blutility (406)
[2020.01.14-20.03.58:408][771]LogModuleManager: Shutting down and abandoning module ProjectSettingsViewer (404)
[2020.01.14-20.03.58:408][771]LogModuleManager: Shutting down and abandoning module ProjectTargetPlatformEditor (403)
[2020.01.14-20.03.58:408][771]LogModuleManager: Shutting down and abandoning module EditorSettingsViewer (400)
[2020.01.14-20.03.58:408][771]LogModuleManager: Shutting down and abandoning module SettingsEditor (398)
[2020.01.14-20.03.58:409][771]LogModuleManager: Shutting down and abandoning module ProjectLauncher (396)
[2020.01.14-20.03.58:409][771]LogModuleManager: Shutting down and abandoning module SessionFrontend (394)
[2020.01.14-20.03.58:409][771]LogModuleManager: Shutting down and abandoning module ProfilerClient (392)
[2020.01.14-20.03.58:409][771]LogModuleManager: Shutting down and abandoning module DeviceManager (390)
[2020.01.14-20.03.58:409][771]LogModuleManager: Shutting down and abandoning module TargetDeviceServices (389)
[2020.01.14-20.03.58:464][771]LogModuleManager: Shutting down and abandoning module AutomationController (386)
[2020.01.14-20.03.58:464][771]LogModuleManager: Shutting down and abandoning module AutomationWindow (384)
[2020.01.14-20.03.58:464][771]LogModuleManager: Shutting down and abandoning module Layers (382)
[2020.01.14-20.03.58:464][771]LogModuleManager: Shutting down and abandoning module ComponentVisualizers (380)
[2020.01.14-20.03.58:464][771]LogModuleManager: Shutting down and abandoning module DetailCustomizations (378)
[2020.01.14-20.03.58:464][771]LogModuleManager: Shutting down and abandoning module PackagesDialog (376)
[2020.01.14-20.03.58:464][771]LogModuleManager: Shutting down and abandoning module Persona (374)
[2020.01.14-20.03.58:464][771]LogModuleManager: Shutting down and abandoning module AdvancedPreviewScene (373)
[2020.01.14-20.03.58:464][771]LogModuleManager: Shutting down and abandoning module AnimGraph (371)
[2020.01.14-20.03.58:464][771]LogModuleManager: Shutting down and abandoning module Kismet (368)
[2020.01.14-20.03.58:471][771]LogModuleManager: Shutting down and abandoning module ClassViewer (366)
[2020.01.14-20.03.58:471][771]LogModuleManager: Shutting down and abandoning module Toolbox (364)
[2020.01.14-20.03.58:471][771]LogModuleManager: Shutting down and abandoning module ModuleUI (362)
[2020.01.14-20.03.58:471][771]LogModuleManager: Shutting down and abandoning module MovieSceneTools (360)
[2020.01.14-20.03.58:471][771]LogModuleManager: Shutting down and abandoning module OutputLog (358)
[2020.01.14-20.03.58:471][771]LogModuleManager: Shutting down and abandoning module GammaUI (356)
[2020.01.14-20.03.58:471][771]LogModuleManager: Shutting down and abandoning module Documentation (354)
[2020.01.14-20.03.58:472][771]LogModuleManager: Shutting down and abandoning module MovieSceneTracks (352)
[2020.01.14-20.03.58:472][771]LogModuleManager: Shutting down and abandoning module MovieScene (350)
[2020.01.14-20.03.58:472][771]LogModuleManager: Shutting down and abandoning module Niagara (348)
[2020.01.14-20.03.58:472][771]LogModuleManager: Shutting down and abandoning module NiagaraEditor (347)
[2020.01.14-20.03.58:472][771]LogModuleManager: Shutting down and abandoning module StreamingPauseRendering (344)
[2020.01.14-20.03.58:472][771]LogModuleManager: Shutting down and abandoning module AnalyticsET (342)
[2020.01.14-20.03.58:472][771]LogModuleManager: Shutting down and abandoning module PortalServices (340)
[2020.01.14-20.03.58:472][771]LogModuleManager: Shutting down and abandoning module PortalRpc (338)
[2020.01.14-20.03.58:472][771]LogModuleManager: Shutting down and abandoning module MessagingRpc (336)
[2020.01.14-20.03.58:472][771]LogModuleManager: Shutting down and abandoning module AIModule (334)
[2020.01.14-20.03.58:472][771]LogModuleManager: Shutting down and abandoning module GameplayDebugger (333)
[2020.01.14-20.03.58:472][771]LogModuleManager: Shutting down and abandoning module AITestSuite (331)
[2020.01.14-20.03.58:472][771]LogModuleManager: Shutting down and abandoning module ProfilerService (328)
[2020.01.14-20.03.58:709][771]LogModuleManager: Shutting down and abandoning module TaskGraph (326)
[2020.01.14-20.03.58:709][771]LogModuleManager: Shutting down and abandoning module SteamVRController (324)
[2020.01.14-20.03.58:709][771]LogModuleManager: Shutting down and abandoning module SteamVR (322)
[2020.01.14-20.03.58:709][771]LogModuleManager: Shutting down and abandoning module ProceduralMeshComponentEditor (320)
[2020.01.14-20.03.58:709][771]LogModuleManager: Shutting down and abandoning module ProceduralMeshComponent (318)
[2020.01.14-20.03.58:709][771]LogModuleManager: Shutting down and abandoning module OculusLibrary (316)
[2020.01.14-20.03.58:709][771]LogModuleManager: Shutting down and abandoning module OculusInput (314)
[2020.01.14-20.03.58:709][771]LogModuleManager: Shutting down and abandoning module MobilePatchingUtils (312)
[2020.01.14-20.03.58:709][771]LogModuleManager: Shutting down and abandoning module CustomMeshComponent (310)
[2020.01.14-20.03.58:709][771]LogModuleManager: Shutting down and abandoning module CableComponent (308)
[2020.01.14-20.03.58:709][771]LogModuleManager: Shutting down and abandoning module ArchVisCharacter (306)
[2020.01.14-20.03.58:709][771]LogModuleManager: Shutting down and abandoning module AndroidPermission (304)
[2020.01.14-20.03.58:709][771]LogModuleManager: Shutting down and abandoning module MediaPlayerEditor (300)
[2020.01.14-20.03.58:709][771]LogModuleManager: Shutting down and abandoning module HTML5Networking (298)
[2020.01.14-20.03.58:709][771]LogModuleManager: Shutting down and abandoning module AlembicImporter (296)
[2020.01.14-20.03.58:709][771]LogModuleManager: Shutting down and abandoning module AlembicLibrary (295)
[2020.01.14-20.03.58:709][771]LogModuleManager: Shutting down and abandoning module GeometryCache (294)
[2020.01.14-20.03.58:709][771]LogModuleManager: Shutting down and abandoning module GeometryCacheEd (293)
[2020.01.14-20.03.58:709][771]LogModuleManager: Shutting down and abandoning module SuperSearchEditor (288)
[2020.01.14-20.03.58:709][771]LogModuleManager: Shutting down and abandoning module SuperSearch (287)
[2020.01.14-20.03.58:709][771]LogModuleManager: Shutting down and abandoning module SpeedTreeImporter (284)
[2020.01.14-20.03.58:709][771]LogModuleManager: Shutting down and abandoning module PluginBrowser (282)
[2020.01.14-20.03.58:709][771]LogModuleManager: Shutting down and abandoning module MobileLauncherProfileWizard (280)
[2020.01.14-20.03.58:709][771]LogModuleManager: Shutting down and abandoning module VisualStudioSourceCodeAccess (278)
[2020.01.14-20.03.58:709][771]LogModuleManager: Shutting down and abandoning module DesktopPlatform (277)
[2020.01.14-20.03.58:709][771]LogModuleManager: Shutting down and abandoning module UObjectPlugin (274)
[2020.01.14-20.03.58:709][771]LogModuleManager: Shutting down and abandoning module SubversionSourceControl (272)
[2020.01.14-20.03.58:709][771]LogModuleManager: Shutting down and abandoning module PerforceSourceControl (270)
[2020.01.14-20.03.58:709][771]LogModuleManager: Shutting down and abandoning module GitSourceControl (268)
[2020.01.14-20.03.58:709][771]LogModuleManager: Shutting down and abandoning module SourceControl (267)
[2020.01.14-20.03.58:709][771]LogModuleManager: Shutting down and abandoning module LightPropagationVolumeEditor (264)
[2020.01.14-20.03.58:710][771]LogModuleManager: Shutting down and abandoning module PaperTiledImporter (262)
[2020.01.14-20.03.58:710][771]LogModuleManager: Shutting down and abandoning module PaperSpriteSheetImporter (260)
[2020.01.14-20.03.58:710][771]LogModuleManager: Shutting down and abandoning module Paper2DEditor (258)
[2020.01.14-20.03.58:710][771]LogModuleManager: Shutting down and abandoning module MeshPaint (257)
[2020.01.14-20.03.58:710][771]LogModuleManager: Shutting down and abandoning module LevelEditor (255)
[2020.01.14-20.03.58:710][771]LogModuleManager: Shutting down and abandoning module PixelInspectorModule (254)
[2020.01.14-20.03.58:710][771]LogModuleManager: Shutting down and abandoning module MainFrame (252)
[2020.01.14-20.03.58:710][771]LogModuleManager: Shutting down and abandoning module HotReload (251)
[2020.01.14-20.03.58:711][771]LogModuleManager: Shutting down and abandoning module PhysXVehiclesEditor (246)
[2020.01.14-20.03.58:711][771]LogModuleManager: Shutting down and abandoning module PhysXVehicles (244)
[2020.01.14-20.03.58:711][771]LogModuleManager: Shutting down and abandoning module LocationServicesBPLibrary (242)
[2020.01.14-20.03.58:711][771]LogModuleManager: Shutting down and abandoning module ImmediatePhysicsEditor (240)
[2020.01.14-20.03.58:711][771]LogModuleManager: Shutting down and abandoning module ImmediatePhysics (238)
[2020.01.14-20.03.58:711][771]LogModuleManager: Shutting down and abandoning module UdpMessaging (236)
[2020.01.14-20.03.58:812][771]LogModuleManager: Shutting down and abandoning module TcpMessaging (234)
[2020.01.14-20.03.58:913][771]LogModuleManager: Shutting down and abandoning module GameplayTagsEditor (232)
[2020.01.14-20.03.58:913][771]LogModuleManager: Shutting down and abandoning module FacialAnimationEditor (230)
[2020.01.14-20.03.58:913][771]LogModuleManager: Shutting down and abandoning module FacialAnimation (228)
[2020.01.14-20.03.58:913][771]LogModuleManager: Shutting down and abandoning module AssetManagerEditor (226)
[2020.01.14-20.03.58:913][771]LogModuleManager: Shutting down and abandoning module GraphEditor (225)
[2020.01.14-20.03.58:913][771]LogModuleManager: Shutting down and abandoning module ContentBrowser (223)
[2020.01.14-20.03.58:913][771]LogModuleManager: Shutting down and abandoning module LightPropagationVolumeRuntime (220)
[2020.01.14-20.03.58:913][771]LogModuleManager: Shutting down and abandoning module Paper2D (218)
[2020.01.14-20.03.58:913][771]LogModuleManager: Shutting down and abandoning module WindowsMoviePlayer (216)
[2020.01.14-20.03.58:913][771]LogModuleManager: Shutting down and abandoning module WmfMedia (214)
[2020.01.14-20.03.58:913][771]LogModuleManager: Shutting down and abandoning module ClothingSystemEditor (212)
[2020.01.14-20.03.58:913][771]LogModuleManager: Shutting down and abandoning module ClothingSystemRuntime (210)
[2020.01.14-20.03.58:914][771]LogModuleManager: Shutting down and abandoning module MediaAssets (208)
[2020.01.14-20.03.58:914][771]LogModuleManager: Shutting down and abandoning module GameLiveStreaming (206)
[2020.01.14-20.03.58:914][771]LogModuleManager: Shutting down and abandoning module VREditor (204)
[2020.01.14-20.03.58:914][771]LogModuleManager: Shutting down and abandoning module StringTableEditor (202)
[2020.01.14-20.03.58:914][771]LogModuleManager: Shutting down and abandoning module GameplayTasksEditor (200)
[2020.01.14-20.03.58:914][771]LogModuleManager: Shutting down and abandoning module BehaviorTreeEditor (198)
[2020.01.14-20.03.58:914][771]LogModuleManager: Shutting down and abandoning module FunctionalTesting (196)
[2020.01.14-20.03.58:914][771]LogModuleManager: Shutting down and abandoning module CollisionAnalyzer (194)
[2020.01.14-20.03.58:914][771]LogModuleManager: Shutting down and abandoning module UMG (192)
[2020.01.14-20.03.58:914][771]LogModuleManager: Shutting down and abandoning module UMGEditor (191)
[2020.01.14-20.03.58:914][771]LogModuleManager: Shutting down and abandoning module Sequencer (190)
[2020.01.14-20.03.58:914][771]LogModuleManager: Shutting down and abandoning module AssetTools (188)
[2020.01.14-20.03.58:914][771]LogModuleManager: Shutting down and abandoning module MessageLog (187)
[2020.01.14-20.03.58:914][771]LogModuleManager: Shutting down and abandoning module WorkspaceMenuStructure (186)
[2020.01.14-20.03.58:914][771]LogModuleManager: Shutting down and abandoning module SlateReflector (180)
[2020.01.14-20.03.58:914][771]LogModuleManager: Shutting down and abandoning module Slate (178)
[2020.01.14-20.03.58:914][771]LogModuleManager: Shutting down and abandoning module EditorStyle (176)
[2020.01.14-20.03.58:916][771]LogModuleManager: Shutting down and abandoning module SourceCodeAccess (174)
[2020.01.14-20.03.58:916][771]LogModuleManager: Shutting down and abandoning module HeadMountedDisplay (172)
[2020.01.14-20.03.58:916][771]LogModuleManager: Shutting down and abandoning module XAudio2 (170)
[2020.01.14-20.03.58:916][771]LogModuleManager: Shutting down and abandoning module Networking (168)
[2020.01.14-20.03.58:916][771]LogModuleManager: Shutting down and abandoning module Core (164)
[2020.01.14-20.03.58:916][771]LogModuleManager: Shutting down and abandoning module AssetRegistry (162)
[2020.01.14-20.03.59:112][771]LogDirectoryWatcher: A directory notification for '../../../Engine/Content/' was aborted.
[2020.01.14-20.03.59:112][771]LogDirectoryWatcher: A directory notification for '../../../../../../Users/Carlos Gómez/Desktop/videojuego_shooter/EntregaJuegoUnreal2/Content/' was aborted.
[2020.01.14-20.03.59:112][771]LogDirectoryWatcher: A directory notification for '../../../Engine/Plugins/2D/Paper2D/Content/' was aborted.
[2020.01.14-20.03.59:112][771]LogDirectoryWatcher: A directory notification for '../../../Engine/Plugins/Runtime/GearVR/Content/' was aborted.
[2020.01.14-20.03.59:115][771]LogModuleManager: Shutting down and abandoning module DirectoryWatcher (161)
[2020.01.14-20.03.59:115][771]LogModuleManager: Shutting down and abandoning module KismetCompiler (158)
[2020.01.14-20.03.59:115][771]LogModuleManager: Shutting down and abandoning module LevelSequence (156)
[2020.01.14-20.03.59:115][771]LogModuleManager: Shutting down and abandoning module PhysXFormats (154)
[2020.01.14-20.03.59:115][771]LogModuleManager: Shutting down and abandoning module MeshUtilities (152)
[2020.01.14-20.03.59:115][771]LogModuleManager: Shutting down and abandoning module SimplygonSwarm (151)
[2020.01.14-20.03.59:115][771]LogModuleManager: Shutting down and abandoning module SimplygonMeshReduction (149)
[2020.01.14-20.03.59:115][771]LogModuleManager: Shutting down and abandoning module QuadricMeshReduction (147)
[2020.01.14-20.03.59:115][771]LogModuleManager: Shutting down and abandoning module DerivedDataCache (144)
[2020.01.14-20.03.59:197][771]LogDerivedDataCache: Shutdown
[2020.01.14-20.03.59:197][771]LogModuleManager: Shutting down and abandoning module TargetPlatform (142)
[2020.01.14-20.03.59:197][771]LogModuleManager: Shutting down and abandoning module VulkanShaderFormat (141)
[2020.01.14-20.03.59:197][771]LogModuleManager: Shutting down and abandoning module ShaderFormatVectorVM (139)
[2020.01.14-20.03.59:197][771]LogModuleManager: Shutting down and abandoning module ShaderFormatOpenGL (137)
[2020.01.14-20.03.59:197][771]LogModuleManager: Shutting down and abandoning module ShaderFormatD3D (135)
[2020.01.14-20.03.59:197][771]LogModuleManager: Shutting down and abandoning module MetalShaderFormat (133)
[2020.01.14-20.03.59:197][771]LogModuleManager: Shutting down and abandoning module TextureFormatUncompressed (131)
[2020.01.14-20.03.59:197][771]LogModuleManager: Shutting down and abandoning module TextureFormatPVR (129)
[2020.01.14-20.03.59:197][771]LogModuleManager: Shutting down and abandoning module TextureFormatDXT (127)
[2020.01.14-20.03.59:197][771]LogModuleManager: Shutting down and abandoning module TextureFormatIntelISPCTexComp (125)
[2020.01.14-20.03.59:197][771]LogModuleManager: Shutting down and abandoning module TextureFormatASTC (123)
[2020.01.14-20.03.59:197][771]LogModuleManager: Shutting down and abandoning module ImageWrapper (122)
[2020.01.14-20.03.59:197][771]LogModuleManager: Shutting down and abandoning module TextureFormatAndroid (119)
[2020.01.14-20.03.59:197][771]LogModuleManager: Shutting down and abandoning module AudioFormatOpus (117)
[2020.01.14-20.03.59:197][771]LogModuleManager: Shutting down and abandoning module AudioFormatOgg (115)
[2020.01.14-20.03.59:197][771]LogModuleManager: Shutting down and abandoning module AudioFormatADPCM (113)
[2020.01.14-20.03.59:197][771]LogModuleManager: Shutting down and abandoning module LinuxTargetPlatform (111)
[2020.01.14-20.03.59:197][771]LogModuleManager: Shutting down and abandoning module LinuxServerTargetPlatform (109)
[2020.01.14-20.03.59:198][771]LogModuleManager: Shutting down and abandoning module LinuxNoEditorTargetPlatform (107)
[2020.01.14-20.03.59:198][771]LogModuleManager: Shutting down and abandoning module LinuxClientTargetPlatform (105)
[2020.01.14-20.03.59:198][771]LogModuleManager: Shutting down and abandoning module TVOSTargetPlatform (103)
[2020.01.14-20.03.59:198][771]LogModuleManager: Shutting down and abandoning module Messaging (101)
[2020.01.14-20.03.59:198][771]LogModuleManager: Shutting down and abandoning module IOSTargetPlatform (99)
[2020.01.14-20.03.59:198][771]LogModuleManager: Shutting down and abandoning module HTML5TargetPlatform (97)
[2020.01.14-20.03.59:198][771]LogModuleManager: Shutting down and abandoning module Android_PVRTCTargetPlatform (95)
[2020.01.14-20.03.59:198][771]LogModuleManager: Shutting down and abandoning module Android_MultiTargetPlatform (93)
[2020.01.14-20.03.59:198][771]LogModuleManager: Shutting down and abandoning module Android_ETC2TargetPlatform (91)
[2020.01.14-20.03.59:198][771]LogModuleManager: Shutting down and abandoning module Android_ETC1TargetPlatform (89)
[2020.01.14-20.03.59:198][771]LogModuleManager: Shutting down and abandoning module Android_DXTTargetPlatform (87)
[2020.01.14-20.03.59:198][771]LogModuleManager: Shutting down and abandoning module Android_ATCTargetPlatform (85)
[2020.01.14-20.03.59:198][771]LogModuleManager: Shutting down and abandoning module Android_ASTCTargetPlatform (83)
[2020.01.14-20.03.59:198][771]LogModuleManager: Shutting down and abandoning module AndroidTargetPlatform (81)
[2020.01.14-20.03.59:198][771]LogModuleManager: Shutting down and abandoning module WindowsTargetPlatform (79)
[2020.01.14-20.03.59:198][771]LogModuleManager: Shutting down and abandoning module WindowsServerTargetPlatform (77)
[2020.01.14-20.03.59:198][771]LogModuleManager: Shutting down and abandoning module WindowsNoEditorTargetPlatform (75)
[2020.01.14-20.03.59:198][771]LogModuleManager: Shutting down and abandoning module WindowsClientTargetPlatform (73)
[2020.01.14-20.03.59:198][771]LogModuleManager: Shutting down and abandoning module MacTargetPlatform (71)
[2020.01.14-20.03.59:198][771]LogModuleManager: Shutting down and abandoning module MacServerTargetPlatform (69)
[2020.01.14-20.03.59:198][771]LogModuleManager: Shutting down and abandoning module MacNoEditorTargetPlatform (67)
[2020.01.14-20.03.59:198][771]LogModuleManager: Shutting down and abandoning module MacClientTargetPlatform (65)
[2020.01.14-20.03.59:198][771]LogModuleManager: Shutting down and abandoning module AllDesktopTargetPlatform (63)
[2020.01.14-20.03.59:198][771]LogModuleManager: Shutting down and abandoning module InputCore (60)
[2020.01.14-20.03.59:198][771]LogModuleManager: Shutting down and abandoning module Settings (58)
[2020.01.14-20.03.59:198][771]LogModuleManager: Shutting down and abandoning module OculusRift (56)
[2020.01.14-20.03.59:198][771]LogModuleManager: Shutting down and abandoning module GearVRController (54)
[2020.01.14-20.03.59:198][771]LogModuleManager: Shutting down and abandoning module GearVR (52)
[2020.01.14-20.03.59:198][771]LogModuleManager: Shutting down and abandoning module ExampleDeviceProfileSelector (50)
[2020.01.14-20.03.59:198][771]LogModuleManager: Shutting down and abandoning module OnlineBlueprintSupport (48)
[2020.01.14-20.03.59:198][771]LogModuleManager: Shutting down and abandoning module OnlineSubsystem (44)
[2020.01.14-20.03.59:198][771]LogOnline:Display: Unloading online subsystem: NULL
[2020.01.14-20.03.59:198][771]LogModuleManager: Shutting down and abandoning module XMPP (43)
[2020.01.14-20.03.59:198][771]LogModuleManager: Shutting down and abandoning module HTTP (41)
[2020.01.14-20.03.59:198][771]LogHttp:Display: Http module shutting down, but needs to wait on 2 outstanding Http requests:
[2020.01.14-20.03.59:198][771]LogHttp:Display: 	verb=[POST] url=[https://datarouter.ol.epicgames.com/datarouter/api/v1/public/data?SessionID=%7B97AF96C8-40F0-E5B3-96E0-08A5E309D279%7D&AppID=UEEditor.Rocket.Release&AppVersion=4.16.3-3561208%2B%2B%2BUE4%2BRelease-4.16&UserID=96c22fcc4a13df48a702c0b25280ec08%7C5727c0aceda34a2a8745d0ddd25f12e5%7C2451b241-4f41-47a9-baf2-594cddf6b242&AppEnvironment=datacollector-binary&UploadType=eteventstream] status=Processing
[2020.01.14-20.03.59:198][771]LogHttp:Display: 	verb=[POST] url=[https://datarouter.ol.epicgames.com/datarouter/api/v1/public/data?SessionID=%7B97AF96C8-40F0-E5B3-96E0-08A5E309D279%7D&AppID=UEEditor.Rocket.Release&AppVersion=4.16.3-3561208%2B%2B%2BUE4%2BRelease-4.16&UserID=96c22fcc4a13df48a702c0b25280ec08%7C5727c0aceda34a2a8745d0ddd25f12e5%7C2451b241-4f41-47a9-baf2-594cddf6b242&AppEnvironment=datacollector-binary&UploadType=eteventstream] status=Processing
[2020.01.14-20.03.59:200][771]LogModuleManager: Shutting down and abandoning module SSL (40)
[2020.01.14-20.03.59:201][771]LogModuleManager: Shutting down and abandoning module HTTPChunkInstaller (36)
[2020.01.14-20.03.59:201][771]LogModuleManager: Shutting down and abandoning module AnimationModifiers (34)
[2020.01.14-20.03.59:201][771]LogModuleManager: Shutting down and abandoning module PropertyEditor (33)
[2020.01.14-20.03.59:201][771]LogModuleManager: Shutting down and abandoning module AudioEditor (30)
[2020.01.14-20.03.59:201][771]LogModuleManager: Shutting down and abandoning module TextureCompressor (28)
[2020.01.14-20.03.59:201][771]LogModuleManager: Shutting down and abandoning module ShaderCore (26)
[2020.01.14-20.03.59:201][771]LogModuleManager: Shutting down and abandoning module Landscape (24)
[2020.01.14-20.03.59:201][771]LogModuleManager: Shutting down and abandoning module SlateRHIRenderer (22)
[2020.01.14-20.03.59:202][771]LogModuleManager: Shutting down and abandoning module OpenGLDrv (20)
[2020.01.14-20.03.59:202][771]LogModuleManager: Shutting down and abandoning module D3D11RHI (18)
[2020.01.14-20.03.59:202][771]LogModuleManager: Shutting down and abandoning module AnimGraphRuntime (16)
[2020.01.14-20.03.59:202][771]LogModuleManager: Shutting down and abandoning module Renderer (14)
[2020.01.14-20.03.59:203][771]LogModuleManager: Shutting down and abandoning module Engine (12)
[2020.01.14-20.03.59:203][771]LogModuleManager: Shutting down and abandoning module CoreUObject (10)
[2020.01.14-20.03.59:203][771]LogModuleManager: Shutting down and abandoning module NetworkFile (8)
[2020.01.14-20.03.59:203][771]LogModuleManager: Shutting down and abandoning module StreamingFile (6)
[2020.01.14-20.03.59:203][771]LogModuleManager: Shutting down and abandoning module SandboxFile (4)
[2020.01.14-20.03.59:203][771]LogModuleManager: Shutting down and abandoning module PakFile (2)
[2020.01.14-20.03.59:205][771]LogExit: Exiting.
[2020.01.14-20.03.59:230][771]Log file closed, 01/14/20 21:03:59
