Log file open, 01/14/20 20:56:08
LogInit:Display: Running engine for game: EntregaJuegoUnreal2
LogPlatformFile: Not using cached read wrapper
LogInit:Display: RandInit(1377606900) SRandInit(1377606900).
LogTaskGraph: Started task graph with 5 named threads and 10 total threads with 1 sets of task threads.
LogStats: Stats thread started at 0.453365
LogInit: Using libcurl 7.47.1
LogInit:  - built for x86_64-pc-win32
LogInit:  - supports SSL with OpenSSL/1.0.2g
LogInit:  - supports HTTP deflate (compression) using libz 1.2.8
LogInit:  - other features:
LogInit:      CURL_VERSION_SSL
LogInit:      CURL_VERSION_LIBZ
LogInit:      CURL_VERSION_IPV6
LogInit:      CURL_VERSION_ASYNCHDNS
LogInit:      CURL_VERSION_LARGEFILE
LogInit:      CURL_VERSION_IDN
LogInit:  CurlRequestOptions (configurable via config and command line):
LogInit:  - bVerifyPeer = false  - Libcurl will NOT verify peer certificate
LogInit:  - bUseHttpProxy = false  - Libcurl will NOT use HTTP proxy
LogInit:  - bDontReuseConnections = false  - Libcurl will reuse connections
LogInit:  - CertBundlePath = nullptr  - Libcurl will use whatever was configured at build time.
LogInit: Build: ++UE4+Release-4.16-CL-3561208
LogInit: Engine Version: 4.16.3-3561208+++UE4+Release-4.16
LogInit: Compatible Engine Version: 4.16.0-3452394+++UE4+Release-4.16
LogInit: Net CL: 3452394
LogDevObjectVersion: Number of dev versions registered: 16
LogDevObjectVersion:   Dev-Blueprints (B0D832E4-1F89-4F0D-ACCF-7EB736FD4AA2): 9
LogDevObjectVersion:   Dev-Build (E1C64328-A22C-4D53-A36C-8E866417BD8C): 0
LogDevObjectVersion:   Dev-Core (375EC13C-06E4-48FB-B500-84F0262A717E): 2
LogDevObjectVersion:   Dev-Editor (E4B068ED-F494-42E9-A231-DA0B2E46BB41): 17
LogDevObjectVersion:   Dev-Framework (CFFC743F-43B0-4480-9391-14DF171D2073): 23
LogDevObjectVersion:   Dev-Mobile (B02B49B5-BB20-44E9-A304-32B752E40360): 0
LogDevObjectVersion:   Dev-Networking (A4E4105C-59A1-49B5-A7C5-40C4547EDFEE): 0
LogDevObjectVersion:   Dev-Online (39C831C9-5AE6-47DC-9A44-9C173E1C8E7C): 0
LogDevObjectVersion:   Dev-Physics (78F01B33-EBEA-4F98-B9B4-84EACCB95AA2): 0
LogDevObjectVersion:   Dev-Platform (6631380F-2D4D-43E0-8009-CF276956A95A): 0
LogDevObjectVersion:   Dev-Rendering (12F88B9F-8875-4AFC-A67C-D90C383ABD29): 15
LogDevObjectVersion:   Dev-Sequencer (7B5AE74C-D270-4C10-A958-57980B212A5A): 4
LogDevObjectVersion:   Dev-VR (D7296918-1DD6-4BDD-9DE2-64A83CC13884): 0
LogDevObjectVersion:   Dev-LoadTimes (C2A15278-BFE7-4AFE-6C17-90FF531DF755): 1
LogDevObjectVersion:   Private-Geometry (6EACA3D4-40EC-4CC1-B786-8BED09428FC5): 1
LogDevObjectVersion:   Dev-AnimPhys (29E575DD-E0A3-4627-9D10-D276232CDCEA): 3
LogInit: Compiled (64-bit): Jul 28 2017 11:49:47
LogInit: Compiled with Visual C++: 19.00.24215.01
LogInit: Build Configuration: Development
LogInit: Branch Name: ++UE4+Release-4.16
LogInit: Command line:  
LogInit: Base directory: C:/Program Files (x86)/Epic Games/UE_4.16/Engine/Binaries/Win64/
LogInit: Installed Engine Build: 1
LogInit: Presizing for max 8388607 objects, including 0 objects not considered by GC, pre-allocating 0 bytes for permanent pool.
LogInit: Object subsystem initialized
[2020.01.14-19.56.09:509][  0]LogInit: Selected Device Profile: [Windows]
[2020.01.14-19.56.09:509][  0]LogInit: Applying CVar settings loaded from the selected device profile: [Windows]
[2020.01.14-19.56.09:542][  0]LogInit: Computer: DESKTOP-VCH55FJ
[2020.01.14-19.56.09:542][  0]LogInit: User: CarlosGómez
[2020.01.14-19.56.09:542][  0]LogInit: CPU Page size=4096, Cores=6
[2020.01.14-19.56.09:542][  0]LogInit: High frequency timer resolution =10.000000 MHz
[2020.01.14-19.56.09:542][  0]LogMemory: Memory total: Physical=16.0GB (16GB approx)
[2020.01.14-19.56.09:542][  0]LogMemory: Platform Memory Stats for Windows
[2020.01.14-19.56.09:542][  0]LogMemory: Process Physical Memory: 273.89 MB used, 273.89 MB peak
[2020.01.14-19.56.09:542][  0]LogMemory: Process Virtual Memory: 267.50 MB used, 267.50 MB peak
[2020.01.14-19.56.09:543][  0]LogMemory: Physical Memory: 4528.32 MB used,  11805.38 MB free, 16333.70 MB total
[2020.01.14-19.56.09:543][  0]LogMemory: Virtual Memory: 4781.21 MB used,  11805.38 MB free, 134217728.00 MB total
[2020.01.14-19.56.09:836][  0]LogInit: Overriding language with editor language configuration option (en).
[2020.01.14-19.56.09:836][  0]LogInit: Overriding locale with editor locale configuration option (en).
[2020.01.14-19.56.12:623][  0]LogD3D11RHI: D3D11 adapters:
[2020.01.14-19.56.12:703][  0]LogD3D11RHI:    0. 'NVIDIA GeForce GTX 1660 Ti' (Feature Level 11_0)
[2020.01.14-19.56.12:703][  0]LogD3D11RHI:       5991/0/8166 MB DedicatedVideo/DedicatedSystem/SharedSystem, Outputs:2, VendorId:0x10de
[2020.01.14-19.56.12:705][  0]LogD3D11RHI:    1. 'Microsoft Basic Render Driver' (Feature Level 11_0)
[2020.01.14-19.56.12:705][  0]LogD3D11RHI:       0/0/8166 MB DedicatedVideo/DedicatedSystem/SharedSystem, Outputs:0, VendorId:0x1414
[2020.01.14-19.56.12:705][  0]LogD3D11RHI: Chosen D3D11 Adapter: 0
[2020.01.14-19.56.12:713][  0]LogD3D11RHI: Creating new Direct3DDevice
[2020.01.14-19.56.12:713][  0]LogD3D11RHI:     GPU DeviceId: 0x2182 (for the marketing name, search the web for "GPU Device Id")
[2020.01.14-19.56.12:713][  0]LogWindows: EnumDisplayDevices:
[2020.01.14-19.56.12:713][  0]LogWindows:    0. 'NVIDIA GeForce GTX 1660 Ti' (P:1 D:1)
[2020.01.14-19.56.12:713][  0]LogWindows:    1. 'NVIDIA GeForce GTX 1660 Ti' (P:0 D:1)
[2020.01.14-19.56.12:713][  0]LogWindows:    2. 'NVIDIA GeForce GTX 1660 Ti' (P:0 D:0)
[2020.01.14-19.56.12:713][  0]LogWindows:    3. 'NVIDIA GeForce GTX 1660 Ti' (P:0 D:0)
[2020.01.14-19.56.12:713][  0]LogWindows: DebugString: GetVideoDriverDetailsInvalid PrimaryIsNotTheChoosenAdapter GetVideoDriverDetailsInvalid PrimaryIsNotTheChoosenAdapter GetVideoDriverDetailsInvalid PrimaryIsNotTheChoosenAdapter GetVideoDriverDetailsInvalid PrimaryIsNotTheChoosenAdapter FoundDriverCount:0 
[2020.01.14-19.56.12:713][  0]LogD3D11RHI:     Adapter Name: NVIDIA GeForce GTX 1660 Ti
[2020.01.14-19.56.12:713][  0]LogD3D11RHI:   Driver Version: Unknown (internal:Unknown, unified:Unknown)
[2020.01.14-19.56.12:713][  0]LogD3D11RHI:      Driver Date: Unknown
[2020.01.14-19.56.12:714][  0]LogRHI: Texture pool is 1361 MB (70% of 1945 MB)
[2020.01.14-19.56.12:777][  0]LogD3D11RHI: Async texture creation enabled
[2020.01.14-19.56.12:796][  0]LogD3D11RHI: GPU Timing Frequency: 1000.000000 (Debug: 2 1)
[2020.01.14-19.56.12:801][  0]LogShaderCompilers: Guid format shader working directory is -31 characters bigger than the processId version (../../../../../../Users/Carlos Gómez/Desktop/videojuego_shooter/EntregaJuegoUnreal2/Intermediate/Shaders/WorkingDirectory/14480/).
[2020.01.14-19.56.12:802][  0]LogShaderCompilers: Cleaned the shader compiler working directory 'C:/Users/Carlos Gómez/AppData/Local/Temp/UnrealShaderWorkingDir/4937CD5B44A9518D651DA4941B35C9DB/'.
[2020.01.14-19.56.12:802][  0]LogShaderCompilers:Display: Using Local Shader Compiler.
[2020.01.14-19.56.14:835][  0]LogTemp:Display: Loaded TP AllDesktopTargetPlatform
[2020.01.14-19.56.14:889][  0]LogTemp:Display: Loaded TP MacClientTargetPlatform
[2020.01.14-19.56.14:940][  0]LogTemp:Display: Loaded TP MacNoEditorTargetPlatform
[2020.01.14-19.56.14:993][  0]LogTemp:Display: Loaded TP MacServerTargetPlatform
[2020.01.14-19.56.15:051][  0]LogTemp:Display: Loaded TP MacTargetPlatform
[2020.01.14-19.56.15:104][  0]LogTemp:Display: Loaded TP WindowsClientTargetPlatform
[2020.01.14-19.56.15:157][  0]LogTemp:Display: Loaded TP WindowsNoEditorTargetPlatform
[2020.01.14-19.56.15:210][  0]LogTemp:Display: Loaded TP WindowsServerTargetPlatform
[2020.01.14-19.56.15:257][  0]LogTemp:Display: Loaded TP WindowsTargetPlatform
[2020.01.14-19.56.15:312][  0]LogTemp:Display: Loaded TP AndroidTargetPlatform
[2020.01.14-19.56.15:364][  0]LogTemp:Display: Loaded TP Android_ASTCTargetPlatform
[2020.01.14-19.56.15:417][  0]LogTemp:Display: Loaded TP Android_ATCTargetPlatform
[2020.01.14-19.56.15:468][  0]LogTemp:Display: Loaded TP Android_DXTTargetPlatform
[2020.01.14-19.56.15:519][  0]LogTemp:Display: Loaded TP Android_ETC1TargetPlatform
[2020.01.14-19.56.15:570][  0]LogTemp:Display: Loaded TP Android_ETC2TargetPlatform
[2020.01.14-19.56.15:674][  0]LogTemp:Display: Loaded TP Android_MultiTargetPlatform
[2020.01.14-19.56.15:674][  0]LogTemp:Display: Loaded TP Android_PVRTCTargetPlatform
[2020.01.14-19.56.15:716][  0]LogTemp:Display: Loaded TP HTML5TargetPlatform
[2020.01.14-19.56.15:821][  0]LogTemp:Display: Loaded TP IOSTargetPlatform
[2020.01.14-19.56.15:851][  0]LogTemp:Display: Loaded TP TVOSTargetPlatform
[2020.01.14-19.56.15:903][  0]LogTemp:Display: Loaded TP LinuxClientTargetPlatform
[2020.01.14-19.56.15:956][  0]LogTemp:Display: Loaded TP LinuxNoEditorTargetPlatform
[2020.01.14-19.56.16:008][  0]LogTemp:Display: Loaded TP LinuxServerTargetPlatform
[2020.01.14-19.56.16:065][  0]LogTemp:Display: Loaded TP LinuxTargetPlatform
[2020.01.14-19.56.16:065][  0]LogTargetPlatformManager:Display: Building Assets For Windows
[2020.01.14-19.56.16:673][  0]LogDerivedDataCache:Display: Max Cache Size: 512 MB
[2020.01.14-19.56.16:881][  0]LogDerivedDataCache: Loaded boot cache 0.21s 90MB C:/Users/Carlos Gómez/AppData/Local/UnrealEngine/4.16/DerivedDataCache/Boot.ddc.
[2020.01.14-19.56.16:881][  0]LogDerivedDataCache:Display: Loaded Boot cache: C:/Users/Carlos Gómez/AppData/Local/UnrealEngine/4.16/DerivedDataCache/Boot.ddc
[2020.01.14-19.56.16:881][  0]LogDerivedDataCache: FDerivedDataBackendGraph:  Pak pak cache file ../../../../../../Users/Carlos Gómez/Desktop/videojuego_shooter/EntregaJuegoUnreal2/DerivedDataCache/DDC.ddp not found, will not use a pak cache.
[2020.01.14-19.56.16:881][  0]LogDerivedDataCache: Unable to find inner node Pak for hierarchical cache Hierarchy.
[2020.01.14-19.56.16:881][  0]LogDerivedDataCache: FDerivedDataBackendGraph:  CompressedPak pak cache file ../../../../../../Users/Carlos Gómez/Desktop/videojuego_shooter/EntregaJuegoUnreal2/DerivedDataCache/Compressed.ddp not found, will not use a pak cache.
[2020.01.14-19.56.16:881][  0]LogDerivedDataCache: Unable to find inner node CompressedPak for hierarchical cache Hierarchy.
[2020.01.14-19.56.16:905][  0]LogDerivedDataCache:Display: Pak cache opened for reading ../../../Engine/DerivedDataCache/Compressed.ddp.
[2020.01.14-19.56.16:918][  0]LogDerivedDataCache: Using Local data cache path C:/Users/Carlos Gómez/AppData/Local/UnrealEngine/Common/DerivedDataCache: Writable
[2020.01.14-19.56.16:929][  0]LogMaterial: Verifying Global Shaders for PCD3D_SM5
[2020.01.14-19.56.16:932][  0]LogSlate: Using Freetype 2.6.0
[2020.01.14-19.56.16:945][  0]LogSlate: SlateFontCache - WITH_FREETYPE: 1, WITH_HARFBUZZ: 1
[2020.01.14-19.56.16:945][  0]LogSlate: SlateFontCache - WITH_FREETYPE: 1, WITH_HARFBUZZ: 1
[2020.01.14-19.56.17:648][  0]LogInit: Selected Device Profile: [Windows]
[2020.01.14-19.56.17:808][  0]LogContentStreaming: Texture pool size is 0.00 MB
[2020.01.14-19.56.18:009][  0]LogMeshUtilities: Using QuadricMeshReduction for automatic static mesh reduction
[2020.01.14-19.56.18:060][  0]LogSimplygon: Simplygon DLL not present - disabling.
[2020.01.14-19.56.18:113][  0]LogMeshUtilities: Using SimplygonSwarm for distributed automatic mesh merging
[2020.01.14-19.56.18:113][  0]LogMeshUtilities: No automatic skeletal mesh reduction module available
[2020.01.14-19.56.18:113][  0]LogMeshUtilities: No automatic mesh merging module available
[2020.01.14-19.56.19:362][  0]LogNetVersion: EntregaJuegoUnreal2 , NetCL: 3452394, EngineNetVer: 2, GameNetVer: 0 (Checksum: 2631086534)
[2020.01.14-19.56.19:456][  0]LogAssetRegistry: FAssetRegistry took 0.0277 seconds to start up
[2020.01.14-19.56.19:505][  0]LogPackageLocalizationCache: Processed 4 localized package path(s) for 1 prioritized culture(s) in 0.025696 seconds
[2020.01.14-19.56.19:512][  0]LogUObjectArray: 34194 objects as part of root set at end of initial load.
[2020.01.14-19.56.19:512][  0]LogUObjectAllocator: 7260424 out of 0 bytes used by permanent object pool.
[2020.01.14-19.56.19:512][  0]LogUObjectArray: CloseDisregardForGC: 0/0 objects in disregard for GC pool
[2020.01.14-19.56.19:581][  0]LogInit: WinSock: version 1.1 (2.2), MaxSocks=32767, MaxUdp=65467
[2020.01.14-19.56.23:386][  0]LogWmfMedia: Failed to load mf.dll
[2020.01.14-19.56.23:386][  0]LogWmfMedia: Failed to load required Windows Media Foundation libraries
[2020.01.14-19.56.23:437][  0]LogWindowsMoviePlayer: Could not load mf.dll. Library not found.
[2020.01.14-19.56.23:437][  0]LogWindowsMoviePlayer: Could not load mfplat.dll. Library not found.
[2020.01.14-19.56.23:438][  0]LogWindowsMoviePlayer: Could not load mfplay.dll. Library not found.
[2020.01.14-19.56.23:952][  0]LogTcpMessaging: Initializing TcpMessaging bridge
[2020.01.14-19.56.23:996][  0]LogUdpMessaging: Initializing bridge on interface 0.0.0.0:0 to multicast group 230.0.0.1:6666.
[2020.01.14-19.56.24:609][  0]LogMaterial: Uniform references updated for custom material expression Custom.
[2020.01.14-19.56.25:037][  0]SourceControl: Info Source control is disabled
[2020.01.14-19.56.25:038][  0]SourceControl: Info Source control is disabled
[2020.01.14-19.56.25:093][  0]SourceControl: Info Source control is disabled
[2020.01.14-19.56.25:143][  0]SourceControl: Info Source control is disabled
[2020.01.14-19.56.25:920][  0]LogAndroidPermission: UAndroidPermissionCallbackProxy::GetInstance
[2020.01.14-19.56.26:587][  0]LogEngine: Initializing Engine...
[2020.01.14-19.56.26:588][  0]LogHMD: Failed to initialize OpenVR with code 110
[2020.01.14-19.56.26:773][  0]LogStats: UGameplayTagsManager::ConstructGameplayTagTree: Construct from data asset -  0.000 s
[2020.01.14-19.56.26:773][  0]LogStats: UGameplayTagsManager::ConstructGameplayTagTree: GameplayTagTreeChangedEvent.Broadcast -  0.000 s
[2020.01.14-19.56.26:921][  0]LogAIModule: Creating AISystem for world Untitled
[2020.01.14-19.56.26:961][  0]LogInit: XAudio2 using 'Speakers (2- USB Audio Device)' : 2 channels at 48 kHz using 16 bits per sample (channel mask 0x3)
[2020.01.14-19.56.26:979][  0]LogInit: FAudioDevice initialized.
[2020.01.14-19.56.27:035][  0]LogDerivedDataCache: Saved boot cache 0.06s 90MB C:/Users/Carlos Gómez/AppData/Local/UnrealEngine/4.16/DerivedDataCache/Boot.ddc.
[2020.01.14-19.56.27:055][  0]LogInit: Texture streaming: Enabled
[2020.01.14-19.56.27:166][  0]LogEngineSessionManager: EngineSessionManager initialized
[2020.01.14-19.56.27:428][  0]LogInit: Transaction tracking system initialized
[2020.01.14-19.56.27:794][  0]BlueprintLog: New page: Editor Load
[2020.01.14-19.56.28:924][  0]LocalizationService: Info Localization service is disabled
[2020.01.14-19.56.29:693][  0]LogConsoleResponse:Display: 
[2020.01.14-19.56.29:850][  0]LogCook:Display: Max memory allowance for cook 16384mb min free memory 0mb
[2020.01.14-19.56.29:850][  0]LogCook:Display: Mobile HDR setting 1
[2020.01.14-19.56.30:214][  0]LogFileCache: Scanning file cache for directory 'C:/Users/Carlos Gómez/Desktop/videojuego_shooter/EntregaJuegoUnreal2/Content/' took 0.03s
[2020.01.14-19.56.30:963][  0]SourceControl: Info Source control is disabled
[2020.01.14-19.56.30:964][  0]Cmd: MAP LOAD FILE="../../../../../../Users/Carlos Gómez/Desktop/videojuego_shooter/EntregaJuegoUnreal2/Content/FirstPersonBP/Maps/FirstPersonExampleMap.umap" TEMPLATE=0 SHOWPROGRESS=1 FEATURELEVEL=3
[2020.01.14-19.56.30:965][  0]LightingResults: New page: Lighting Build
[2020.01.14-19.56.31:009][  0]MapCheck: New page: Map Check
[2020.01.14-19.56.31:009][  0]LightingResults: New page: Lighting Build
[2020.01.14-19.56.31:973][  0]LogAnimationCompression: Building Anim DDC data for AnimSequence /Game/Enemigos/ZombieSimplePack/zombie_death.zombie_death
[2020.01.14-19.56.31:978][  0]LogAnimationCompression: Building Anim DDC data for AnimSequence /Game/Enemigos/ZombieSimplePack/zombie_attack.zombie_attack
[2020.01.14-19.56.32:174][  0]LogTexture:Display: Building textures: pumpkinHulk_normal (BC5, 2048X2048)
[2020.01.14-19.56.32:601][  0]LogTexture:Display: Building textures: pumpkinHulk_diffuse (AutoDXT, 2048X2048)
[2020.01.14-19.56.33:633][  0]LogMaterial: Missing cached shader map for material PumpkinHulk_Material, compiling. 
[2020.01.14-19.56.33:689][  0]LogAnimationCompression: Building Anim DDC data for AnimSequence /Game/Enemigos/ZombieFuertePack/Standing_Idle_Anim_mixamo_com.Standing_Idle_Anim_mixamo_com
[2020.01.14-19.56.33:691][  0]LogAnimationCompression: Building Anim DDC data for AnimSequence /Game/Enemigos/ZombieFuertePack/Slow_Run_Anim_mixamo_com.Slow_Run_Anim_mixamo_com
[2020.01.14-19.56.33:693][  0]LogAnimationCompression: Building Anim DDC data for AnimSequence /Game/Enemigos/ZombieFuertePack/Mutant_Jump_Attack_Anim_mixamo_com.Mutant_Jump_Attack_Anim_mixamo_com
[2020.01.14-19.56.33:844][  0]LogTexture:Display: Building textures: Jill_HiMidRes_diffuse (AutoDXT, 2048X2048)
[2020.01.14-19.56.35:027][  0]LogTexture:Display: Building textures: Jill_HiMidRes_specular (AutoDXT, 2048X2048)
[2020.01.14-19.56.35:981][  0]LogTexture:Display: Building textures: Jill_HiMidRes_normal (BC5, 2048X2048)
[2020.01.14-19.56.36:398][  0]LogMaterial: Missing cached shader map for material Jill_HiMidRes_Teeth_MAT, compiling. 
[2020.01.14-19.56.36:456][  0]LogMaterial: Missing cached shader map for material Jill_HiMidRes_Hair_MAT, compiling. 
[2020.01.14-19.56.36:503][  0]LogMaterial: Missing cached shader map for material Jill_HiMidRes_Gown_MAT, compiling. 
[2020.01.14-19.56.36:558][  0]LogMaterial: Missing cached shader map for material Jill_HiMidRes_EyeSpec_MAT, compiling. 
[2020.01.14-19.56.36:652][  0]LogMaterial: Missing cached shader map for material Jill_HiMidRes_Eyes_MAT, compiling. 
[2020.01.14-19.56.36:706][  0]LogMaterial: Missing cached shader map for material Jill_HiMidRes_Body_MAT_ncl1_1, compiling. 
[2020.01.14-19.56.36:765][  0]LogMaterial: Missing cached shader map for material Jill_HiMidRes_Body_MAT, compiling. 
[2020.01.14-19.56.36:867][  0]LogAnimationCompression: Building Anim DDC data for AnimSequence /Game/Enemigos/ZombieFuertePack/Mutant_Dying_Anim_mixamo_com.Mutant_Dying_Anim_mixamo_com
[2020.01.14-19.56.37:179][  0]LogAnimationCompression: Building Anim DDC data for AnimSequence /Game/Enemigos/ZombieEnanoPack/Zombie_Attack.Zombie_Attack
[2020.01.14-19.56.37:188][  0]LogAnimationCompression: Building Anim DDC data for AnimSequence /Game/Enemigos/ZombieEnanoPack/Zombie_Idle__1__Anim_mixamo_com.Zombie_Idle__1__Anim_mixamo_com
[2020.01.14-19.56.37:199][  0]LogAnimationCompression: Building Anim DDC data for AnimSequence /Game/Enemigos/ZombieEnanoPack/Run.Run
[2020.01.14-19.56.37:419][  0]LogAnimationCompression: Building Anim DDC data for AnimSequence /Game/Enemigos/ZombieEnanoPack/Falling_Back_Death.Falling_Back_Death
[2020.01.14-19.56.37:437][  0]LogAIModule: Creating AISystem for world FirstPersonExampleMap
[2020.01.14-19.56.37:474][  0]LogEditorServer: Finished looking for orphan Actors (0.000 secs)
[2020.01.14-19.56.37:511][  0]Cmd: MAP CHECKDEP NOCLEARLOG
[2020.01.14-19.56.37:638][  0]MapCheck: Info Map check complete: 0 Error(s), 0 Warning(s), took 125.918ms to complete.
[2020.01.14-19.56.37:638][  0]LogFileHelpers: Loading map 'FirstPersonExampleMap' took 6.674
[2020.01.14-19.56.37:989][  0]LogCollectionManager: Loaded 0 collections in 0.003406 seconds
[2020.01.14-19.56.38:133][  0]LogFileCache: Scanning file cache for directory 'C:/Users/Carlos Gómez/Desktop/videojuego_shooter/EntregaJuegoUnreal2/Saved/Collections/' took 0.01s
[2020.01.14-19.56.38:133][  0]LogFileCache: Scanning file cache for directory 'C:/Users/Carlos Gómez/Desktop/videojuego_shooter/EntregaJuegoUnreal2/Content/Developers/CarlosGómez/Collections/' took 0.01s
[2020.01.14-19.56.38:133][  0]LogFileCache: Scanning file cache for directory 'C:/Users/Carlos Gómez/Desktop/videojuego_shooter/EntregaJuegoUnreal2/Content/Collections/' took 0.01s
[2020.01.14-19.56.38:133][  0]LogCollectionManager: Rebuilt the GUID cache for 0 collections in 0.000004 seconds
[2020.01.14-19.56.38:154][  0]LogContentBrowser: Native class hierarchy populated in 0.0202 seconds. Added 2329 classes and 491 folders.
[2020.01.14-19.56.38:310][  0]LogContentBrowser: Native class hierarchy updated for 'WidgetCarousel' in 0.0009 seconds. Added 0 classes and 0 folders.
[2020.01.14-19.56.38:919][  0]LogContentBrowser: Native class hierarchy updated for 'AddContentDialog' in 0.0011 seconds. Added 0 classes and 0 folders.
[2020.01.14-19.56.39:017][  0]LogContentBrowser: Native class hierarchy updated for 'SceneOutliner' in 0.0011 seconds. Added 1 classes and 2 folders.
[2020.01.14-19.56.39:154][  0]LogCrashTracker: Crashtracker disabled due to settings.
[2020.01.14-19.56.39:176][  0]LogSlate: Took 0.009508 seconds to synchronously load lazily loaded font '../../../Engine/Content/Slate/Fonts/Roboto-Regular.ttf' (155K)
[2020.01.14-19.56.39:193][  0]LogSlate: Took 0.010108 seconds to synchronously load lazily loaded font '../../../Engine/Content/Slate/Fonts/Roboto-Bold.ttf' (160K)
[2020.01.14-19.56.39:209][  0]LogSlate: Took 0.008746 seconds to synchronously load lazily loaded font '../../../Engine/Content/Editor/Slate/Fonts/FontAwesome.ttf' (139K)
[2020.01.14-19.56.39:456][  0]LogRenderer: Reallocating scene render targets to support 1208x576 NumSamples 1 (Frame:1).
[2020.01.14-19.56.39:770][  0]LogUObjectGlobals:Warning: Failed to find object 'Class None.'
[2020.01.14-19.56.39:889][  0]LogContentBrowser: Native class hierarchy updated for 'HierarchicalLODOutliner' in 0.0009 seconds. Added 1 classes and 2 folders.
[2020.01.14-19.56.39:890][  0]LogLoad: (Engine Initialization) Total time: 33.44 seconds
[2020.01.14-19.56.39:890][  0]LogLoad: (Engine Initialization) Total Blueprint compile time: 0.38 seconds
[2020.01.14-19.56.39:890][  0]LogExternalProfiler: No external profilers were discovered.  External profiling features will not be available.
[2020.01.14-19.56.39:901][  0]LogOcInput: OculusInput pre-init called
[2020.01.14-19.56.39:901][  0]LogHMD: Starting GearVRController plugin
[2020.01.14-19.56.39:945][  0]LogContentStreaming: Texture pool size now 1000 MB
[2020.01.14-19.56.40:063][  0]LogSlate: Took 0.010064 seconds to synchronously load lazily loaded font '../../../Engine/Content/Slate/Fonts/Roboto-Light.ttf' (159K)
[2020.01.14-19.56.40:146][  2]LogAssetRegistry: Asset discovery search completed in 20.7129 seconds
[2020.01.14-19.56.40:150][  2]LogCollectionManager: Rebuilt the object cache for 0 collections in 0.000001 seconds (found 0 objects)
[2020.01.14-19.56.40:150][  2]LogCollectionManager: Fixed up redirectors for 0 collections in 0.000078 seconds (updated 0 objects)
[2020.01.14-19.56.43:529][228]LogSlate: Took 0.000298 seconds to synchronously load lazily loaded font '../../../Engine/Content/Slate/Fonts/Roboto-Light.ttf' (159K)
[2020.01.14-19.56.44:040][228]LogSavePackage: Save=445.09ms
[2020.01.14-19.56.44:040][228]LogSavePackage: Moving '../../../../../../Users/Carlos Gómez/Desktop/videojuego_shooter/EntregaJuegoUnreal2/Saved/FirstPersonExampleMap1F1AB5DE427B24F33CE794B822386682.tmp' to '../../../../../../Users/Carlos Gómez/Desktop/videojuego_shooter/EntregaJuegoUnreal2/Content/FirstPersonBP/Maps/FirstPersonExampleMap.umap'
[2020.01.14-19.56.44:044][228]LogSavePackage:Display: Finished SavePackage ../../../../../../Users/Carlos Gómez/Desktop/videojuego_shooter/EntregaJuegoUnreal2/Content/FirstPersonBP/Maps/FirstPersonExampleMap.umap
[2020.01.14-19.56.44:648][228]LogSavePackage: Save=516.33ms
[2020.01.14-19.56.44:648][228]LogSavePackage: Moving '../../../../../../Users/Carlos Gómez/Desktop/videojuego_shooter/EntregaJuegoUnreal2/Saved/FirstPersonExampleMap_BuiltData6BC8887949A8E7534203C1B26FE9F330.tmp' to '../../../../../../Users/Carlos Gómez/Desktop/videojuego_shooter/EntregaJuegoUnreal2/Content/FirstPersonBP/Maps/FirstPersonExampleMap_BuiltData.uasset'
[2020.01.14-19.56.44:652][228]LogSavePackage:Display: Finished SavePackage ../../../../../../Users/Carlos Gómez/Desktop/videojuego_shooter/EntregaJuegoUnreal2/Content/FirstPersonBP/Maps/FirstPersonExampleMap_BuiltData.uasset
[2020.01.14-19.56.45:089][254]LogFileCache: Retrieving MD5 hashes for directory 'C:/Users/Carlos Gómez/Desktop/videojuego_shooter/EntregaJuegoUnreal2/Content/' took 5.17s
[2020.01.14-19.57.07:944][929]LogGameProjectGeneration:Verbose: 'C:/Program Files (x86)/Epic Games/UE_4.16/Templates/TP_FirstPersonBP/Media/TP_FirstPersonBP.png': Skipping as it is in an ignored folder 'Media'
[2020.01.14-19.57.07:944][929]LogGameProjectGeneration:Verbose: 'C:/Program Files (x86)/Epic Games/UE_4.16/Templates/TP_FirstPersonBP/Media/TP_FirstPersonBP_Preview.png': Skipping as it is in an ignored folder 'Media'
[2020.01.14-19.57.08:518][930]Cmd: CLOSE_SLATE_MAINFRAME
[2020.01.14-19.57.08:641][930]LogWindowsTextInputMethodSystem:Display: IME system now deactivated.
[2020.01.14-19.57.08:826][931]Cmd: QUIT_EDITOR
[2020.01.14-19.57.08:866][931]LogExit: Preparing to exit.
[2020.01.14-19.57.10:148][931]LogDirectoryWatcher: A directory notification for 'C:/Users/Carlos Gómez/Desktop/videojuego_shooter/EntregaJuegoUnreal2/Content/' was aborted.
[2020.01.14-19.57.10:195][931]LogExit: Editor shut down
[2020.01.14-19.57.10:199][931]LogExit: Transaction tracking system shut down
[2020.01.14-19.57.10:312][931]LogObj: Freed 0b from 0 cluster array pools.
[2020.01.14-19.57.10:312][931]LogExit: Object subsystem successfully closed.
[2020.01.14-19.57.10:335][931]LogD3D11RHI: Shutdown
[2020.01.14-19.57.10:335][931]LogD3D11RHI: CleanupD3DDevice
[2020.01.14-19.57.10:431][931]LogD3D11RHI: ~FD3D11DynamicRHI
[2020.01.14-19.57.10:453][931]LogModuleManager: Shutting down and abandoning module HierarchicalLODOutliner (524)
[2020.01.14-19.57.10:453][931]LogModuleManager: Shutting down and abandoning module CrashTracker (522)
[2020.01.14-19.57.10:453][931]LogModuleManager: Shutting down and abandoning module SceneOutliner (520)
[2020.01.14-19.57.10:453][931]LogModuleManager: Shutting down and abandoning module AddContentDialog (518)
[2020.01.14-19.57.10:453][931]LogDirectoryWatcher: A directory notification for 'C:/Program Files (x86)/Epic Games/UE_4.16/FeaturePacks/' was aborted.
[2020.01.14-19.57.10:454][931]LogModuleManager: Shutting down and abandoning module WidgetCarousel (517)
[2020.01.14-19.57.10:454][931]LogModuleManager: Shutting down and abandoning module EditorWidgets (514)
[2020.01.14-19.57.10:454][931]LogModuleManager: Shutting down and abandoning module CollectionManager (512)
[2020.01.14-19.57.10:454][931]LogDirectoryWatcher: A directory notification for 'C:/Users/Carlos Gómez/Desktop/videojuego_shooter/EntregaJuegoUnreal2/Content/Collections/' was aborted.
[2020.01.14-19.57.10:454][931]LogDirectoryWatcher: A directory notification for 'C:/Users/Carlos Gómez/Desktop/videojuego_shooter/EntregaJuegoUnreal2/Content/Developers/CarlosGómez/Collections/' was aborted.
[2020.01.14-19.57.10:454][931]LogDirectoryWatcher: A directory notification for 'C:/Users/Carlos Gómez/Desktop/videojuego_shooter/EntregaJuegoUnreal2/Saved/Collections/' was aborted.
[2020.01.14-19.57.10:454][931]LogModuleManager: Shutting down and abandoning module StatsViewer (510)
[2020.01.14-19.57.10:454][931]LogModuleManager: Shutting down and abandoning module FoliageEdit (508)
[2020.01.14-19.57.10:454][931]LogModuleManager: Shutting down and abandoning module LandscapeEditor (506)
[2020.01.14-19.57.10:454][931]LogModuleManager: Shutting down and abandoning module MeshPaintMode (504)
[2020.01.14-19.57.10:454][931]LogModuleManager: Shutting down and abandoning module SceneDepthPickerMode (502)
[2020.01.14-19.57.10:454][931]LogModuleManager: Shutting down and abandoning module ActorPickerMode (500)
[2020.01.14-19.57.10:454][931]LogModuleManager: Shutting down and abandoning module GeometryMode (498)
[2020.01.14-19.57.10:454][931]LogModuleManager: Shutting down and abandoning module TextureAlignMode (496)
[2020.01.14-19.57.10:454][931]LogModuleManager: Shutting down and abandoning module BspMode (494)
[2020.01.14-19.57.10:454][931]LogModuleManager: Shutting down and abandoning module HardwareSurvey (492)
[2020.01.14-19.57.10:455][931]LogModuleManager: Shutting down and abandoning module SequenceRecorderSections (490)
[2020.01.14-19.57.10:455][931]LogModuleManager: Shutting down and abandoning module AutomationWorker (488)
[2020.01.14-19.57.10:455][931]LogModuleManager: Shutting down and abandoning module MatineeToLevelSequence (486)
[2020.01.14-19.57.10:455][931]LogModuleManager: Shutting down and abandoning module LevelSequenceEditor (484)
[2020.01.14-19.57.10:455][931]LogModuleManager: Shutting down and abandoning module PlacementMode (483)
[2020.01.14-19.57.10:455][931]LogModuleManager: Shutting down and abandoning module WmfMediaFactory (480)
[2020.01.14-19.57.10:455][931]LogModuleManager: Shutting down and abandoning module WmfMediaEditor (478)
[2020.01.14-19.57.10:455][931]LogModuleManager: Shutting down and abandoning module AvfMediaFactory (476)
[2020.01.14-19.57.10:455][931]LogModuleManager: Shutting down and abandoning module AvfMediaEditor (474)
[2020.01.14-19.57.10:455][931]LogModuleManager: Shutting down and abandoning module AndroidMediaFactory (472)
[2020.01.14-19.57.10:455][931]LogModuleManager: Shutting down and abandoning module Media (471)
[2020.01.14-19.57.10:455][931]LogModuleManager: Shutting down and abandoning module AndroidMediaEditor (468)
[2020.01.14-19.57.10:455][931]LogModuleManager: Shutting down and abandoning module CharacterAI (466)
[2020.01.14-19.57.10:455][931]LogModuleManager: Shutting down and abandoning module AudioCapture (464)
[2020.01.14-19.57.10:455][931]LogModuleManager: Shutting down and abandoning module SequenceRecorder (463)
[2020.01.14-19.57.10:455][931]LogModuleManager: Shutting down and abandoning module SmartSnapping (460)
[2020.01.14-19.57.10:455][931]LogModuleManager: Shutting down and abandoning module SessionServices (458)
[2020.01.14-19.57.10:455][931]LogModuleManager: Shutting down and abandoning module ViewportSnapping (456)
[2020.01.14-19.57.10:455][931]LogModuleManager: Shutting down and abandoning module ViewportInteraction (454)
[2020.01.14-19.57.10:455][931]LogModuleManager: Shutting down and abandoning module ClothPainter (452)
[2020.01.14-19.57.10:456][931]LogModuleManager: Shutting down and abandoning module LogVisualizer (450)
[2020.01.14-19.57.10:456][931]LogModuleManager: Shutting down and abandoning module IntroTutorials (448)
[2020.01.14-19.57.10:456][931]LogModuleManager: Shutting down and abandoning module GameProjectGeneration (447)
[2020.01.14-19.57.10:456][931]LogModuleManager: Shutting down and abandoning module EditorLiveStreaming (444)
[2020.01.14-19.57.10:456][931]LogModuleManager: Shutting down and abandoning module IOSPlatformEditor (442)
[2020.01.14-19.57.10:456][931]LogModuleManager: Shutting down and abandoning module HTML5PlatformEditor (440)
[2020.01.14-19.57.10:456][931]LogModuleManager: Shutting down and abandoning module AndroidPlatformEditor (438)
[2020.01.14-19.57.10:456][931]LogModuleManager: Shutting down and abandoning module AndroidDeviceDetection (437)
[2020.01.14-19.57.11:319][931]LogModuleManager: Shutting down and abandoning module IOSRuntimeSettings (434)
[2020.01.14-19.57.11:319][931]LogModuleManager: Shutting down and abandoning module AndroidRuntimeSettings (432)
[2020.01.14-19.57.11:319][931]LogModuleManager: Shutting down and abandoning module InputBindingEditor (430)
[2020.01.14-19.57.11:319][931]LogModuleManager: Shutting down and abandoning module MergeActors (428)
[2020.01.14-19.57.11:320][931]LogModuleManager: Shutting down and abandoning module SizeMap (426)
[2020.01.14-19.57.11:320][931]LogModuleManager: Shutting down and abandoning module TreeMap (424)
[2020.01.14-19.57.11:320][931]LogModuleManager: Shutting down and abandoning module ReferenceViewer (422)
[2020.01.14-19.57.11:320][931]LogModuleManager: Shutting down and abandoning module LocalizationDashboard (420)
[2020.01.14-19.57.11:320][931]LogModuleManager: Shutting down and abandoning module LocalizationService (419)
[2020.01.14-19.57.11:320][931]LogModuleManager: Shutting down and abandoning module HardwareTargeting (416)
[2020.01.14-19.57.11:320][931]LogModuleManager: Shutting down and abandoning module DeviceProfileEditor (414)
[2020.01.14-19.57.11:320][931]LogModuleManager: Shutting down and abandoning module UndoHistory (412)
[2020.01.14-19.57.11:320][931]LogModuleManager: Shutting down and abandoning module UserFeedback (410)
[2020.01.14-19.57.11:320][931]LogModuleManager: Shutting down and abandoning module XmlParser (408)
[2020.01.14-19.57.11:320][931]LogModuleManager: Shutting down and abandoning module Blutility (406)
[2020.01.14-19.57.11:320][931]LogModuleManager: Shutting down and abandoning module ProjectSettingsViewer (404)
[2020.01.14-19.57.11:320][931]LogModuleManager: Shutting down and abandoning module ProjectTargetPlatformEditor (403)
[2020.01.14-19.57.11:320][931]LogModuleManager: Shutting down and abandoning module EditorSettingsViewer (400)
[2020.01.14-19.57.11:321][931]LogModuleManager: Shutting down and abandoning module SettingsEditor (398)
[2020.01.14-19.57.11:321][931]LogModuleManager: Shutting down and abandoning module ProjectLauncher (396)
[2020.01.14-19.57.11:321][931]LogModuleManager: Shutting down and abandoning module SessionFrontend (394)
[2020.01.14-19.57.11:321][931]LogModuleManager: Shutting down and abandoning module ProfilerClient (392)
[2020.01.14-19.57.11:321][931]LogModuleManager: Shutting down and abandoning module DeviceManager (390)
[2020.01.14-19.57.11:321][931]LogModuleManager: Shutting down and abandoning module TargetDeviceServices (389)
[2020.01.14-19.57.11:377][931]LogModuleManager: Shutting down and abandoning module AutomationController (386)
[2020.01.14-19.57.11:377][931]LogModuleManager: Shutting down and abandoning module AutomationWindow (384)
[2020.01.14-19.57.11:377][931]LogModuleManager: Shutting down and abandoning module Layers (382)
[2020.01.14-19.57.11:378][931]LogModuleManager: Shutting down and abandoning module ComponentVisualizers (380)
[2020.01.14-19.57.11:378][931]LogModuleManager: Shutting down and abandoning module DetailCustomizations (378)
[2020.01.14-19.57.11:378][931]LogModuleManager: Shutting down and abandoning module PackagesDialog (376)
[2020.01.14-19.57.11:378][931]LogModuleManager: Shutting down and abandoning module Persona (374)
[2020.01.14-19.57.11:379][931]LogModuleManager: Shutting down and abandoning module AdvancedPreviewScene (373)
[2020.01.14-19.57.11:379][931]LogModuleManager: Shutting down and abandoning module AnimGraph (371)
[2020.01.14-19.57.11:379][931]LogModuleManager: Shutting down and abandoning module Kismet (368)
[2020.01.14-19.57.11:380][931]LogModuleManager: Shutting down and abandoning module ClassViewer (366)
[2020.01.14-19.57.11:380][931]LogModuleManager: Shutting down and abandoning module Toolbox (364)
[2020.01.14-19.57.11:380][931]LogModuleManager: Shutting down and abandoning module ModuleUI (362)
[2020.01.14-19.57.11:380][931]LogModuleManager: Shutting down and abandoning module MovieSceneTools (360)
[2020.01.14-19.57.11:380][931]LogModuleManager: Shutting down and abandoning module OutputLog (358)
[2020.01.14-19.57.11:380][931]LogModuleManager: Shutting down and abandoning module GammaUI (356)
[2020.01.14-19.57.11:380][931]LogModuleManager: Shutting down and abandoning module Documentation (354)
[2020.01.14-19.57.11:380][931]LogModuleManager: Shutting down and abandoning module MovieSceneTracks (352)
[2020.01.14-19.57.11:380][931]LogModuleManager: Shutting down and abandoning module MovieScene (350)
[2020.01.14-19.57.11:380][931]LogModuleManager: Shutting down and abandoning module Niagara (348)
[2020.01.14-19.57.11:380][931]LogModuleManager: Shutting down and abandoning module NiagaraEditor (347)
[2020.01.14-19.57.11:381][931]LogModuleManager: Shutting down and abandoning module StreamingPauseRendering (344)
[2020.01.14-19.57.11:381][931]LogModuleManager: Shutting down and abandoning module AnalyticsET (342)
[2020.01.14-19.57.11:381][931]LogModuleManager: Shutting down and abandoning module PortalServices (340)
[2020.01.14-19.57.11:381][931]LogModuleManager: Shutting down and abandoning module PortalRpc (338)
[2020.01.14-19.57.11:381][931]LogModuleManager: Shutting down and abandoning module MessagingRpc (336)
[2020.01.14-19.57.11:381][931]LogModuleManager: Shutting down and abandoning module AIModule (334)
[2020.01.14-19.57.11:381][931]LogModuleManager: Shutting down and abandoning module GameplayDebugger (333)
[2020.01.14-19.57.11:381][931]LogModuleManager: Shutting down and abandoning module AITestSuite (331)
[2020.01.14-19.57.11:381][931]LogModuleManager: Shutting down and abandoning module ProfilerService (328)
[2020.01.14-19.57.11:597][931]LogModuleManager: Shutting down and abandoning module TaskGraph (326)
[2020.01.14-19.57.11:597][931]LogModuleManager: Shutting down and abandoning module SteamVRController (324)
[2020.01.14-19.57.11:597][931]LogModuleManager: Shutting down and abandoning module SteamVR (322)
[2020.01.14-19.57.11:597][931]LogModuleManager: Shutting down and abandoning module ProceduralMeshComponentEditor (320)
[2020.01.14-19.57.11:597][931]LogModuleManager: Shutting down and abandoning module ProceduralMeshComponent (318)
[2020.01.14-19.57.11:597][931]LogModuleManager: Shutting down and abandoning module OculusLibrary (316)
[2020.01.14-19.57.11:597][931]LogModuleManager: Shutting down and abandoning module OculusInput (314)
[2020.01.14-19.57.11:597][931]LogModuleManager: Shutting down and abandoning module MobilePatchingUtils (312)
[2020.01.14-19.57.11:597][931]LogModuleManager: Shutting down and abandoning module CustomMeshComponent (310)
[2020.01.14-19.57.11:597][931]LogModuleManager: Shutting down and abandoning module CableComponent (308)
[2020.01.14-19.57.11:597][931]LogModuleManager: Shutting down and abandoning module ArchVisCharacter (306)
[2020.01.14-19.57.11:598][931]LogModuleManager: Shutting down and abandoning module AndroidPermission (304)
[2020.01.14-19.57.11:598][931]LogModuleManager: Shutting down and abandoning module MediaPlayerEditor (300)
[2020.01.14-19.57.11:598][931]LogModuleManager: Shutting down and abandoning module HTML5Networking (298)
[2020.01.14-19.57.11:598][931]LogModuleManager: Shutting down and abandoning module AlembicImporter (296)
[2020.01.14-19.57.11:598][931]LogModuleManager: Shutting down and abandoning module AlembicLibrary (295)
[2020.01.14-19.57.11:598][931]LogModuleManager: Shutting down and abandoning module GeometryCache (294)
[2020.01.14-19.57.11:598][931]LogModuleManager: Shutting down and abandoning module GeometryCacheEd (293)
[2020.01.14-19.57.11:598][931]LogModuleManager: Shutting down and abandoning module SuperSearchEditor (288)
[2020.01.14-19.57.11:598][931]LogModuleManager: Shutting down and abandoning module SuperSearch (287)
[2020.01.14-19.57.11:598][931]LogModuleManager: Shutting down and abandoning module SpeedTreeImporter (284)
[2020.01.14-19.57.11:598][931]LogModuleManager: Shutting down and abandoning module PluginBrowser (282)
[2020.01.14-19.57.11:598][931]LogModuleManager: Shutting down and abandoning module MobileLauncherProfileWizard (280)
[2020.01.14-19.57.11:598][931]LogModuleManager: Shutting down and abandoning module VisualStudioSourceCodeAccess (278)
[2020.01.14-19.57.11:598][931]LogModuleManager: Shutting down and abandoning module DesktopPlatform (277)
[2020.01.14-19.57.11:598][931]LogModuleManager: Shutting down and abandoning module UObjectPlugin (274)
[2020.01.14-19.57.11:598][931]LogModuleManager: Shutting down and abandoning module SubversionSourceControl (272)
[2020.01.14-19.57.11:598][931]LogModuleManager: Shutting down and abandoning module PerforceSourceControl (270)
[2020.01.14-19.57.11:598][931]LogModuleManager: Shutting down and abandoning module GitSourceControl (268)
[2020.01.14-19.57.11:598][931]LogModuleManager: Shutting down and abandoning module SourceControl (267)
[2020.01.14-19.57.11:598][931]LogModuleManager: Shutting down and abandoning module LightPropagationVolumeEditor (264)
[2020.01.14-19.57.11:598][931]LogModuleManager: Shutting down and abandoning module PaperTiledImporter (262)
[2020.01.14-19.57.11:598][931]LogModuleManager: Shutting down and abandoning module PaperSpriteSheetImporter (260)
[2020.01.14-19.57.11:598][931]LogModuleManager: Shutting down and abandoning module Paper2DEditor (258)
[2020.01.14-19.57.11:598][931]LogModuleManager: Shutting down and abandoning module MeshPaint (257)
[2020.01.14-19.57.11:598][931]LogModuleManager: Shutting down and abandoning module LevelEditor (255)
[2020.01.14-19.57.11:599][931]LogModuleManager: Shutting down and abandoning module PixelInspectorModule (254)
[2020.01.14-19.57.11:599][931]LogModuleManager: Shutting down and abandoning module MainFrame (252)
[2020.01.14-19.57.11:599][931]LogModuleManager: Shutting down and abandoning module HotReload (251)
[2020.01.14-19.57.11:599][931]LogModuleManager: Shutting down and abandoning module PhysXVehiclesEditor (246)
[2020.01.14-19.57.11:599][931]LogModuleManager: Shutting down and abandoning module PhysXVehicles (244)
[2020.01.14-19.57.11:599][931]LogModuleManager: Shutting down and abandoning module LocationServicesBPLibrary (242)
[2020.01.14-19.57.11:599][931]LogModuleManager: Shutting down and abandoning module ImmediatePhysicsEditor (240)
[2020.01.14-19.57.11:599][931]LogModuleManager: Shutting down and abandoning module ImmediatePhysics (238)
[2020.01.14-19.57.11:599][931]LogModuleManager: Shutting down and abandoning module UdpMessaging (236)
[2020.01.14-19.57.11:700][931]LogModuleManager: Shutting down and abandoning module TcpMessaging (234)
[2020.01.14-19.57.11:801][931]LogModuleManager: Shutting down and abandoning module GameplayTagsEditor (232)
[2020.01.14-19.57.11:801][931]LogModuleManager: Shutting down and abandoning module FacialAnimationEditor (230)
[2020.01.14-19.57.11:801][931]LogModuleManager: Shutting down and abandoning module FacialAnimation (228)
[2020.01.14-19.57.11:801][931]LogModuleManager: Shutting down and abandoning module AssetManagerEditor (226)
[2020.01.14-19.57.11:801][931]LogModuleManager: Shutting down and abandoning module GraphEditor (225)
[2020.01.14-19.57.11:802][931]LogModuleManager: Shutting down and abandoning module ContentBrowser (223)
[2020.01.14-19.57.11:803][931]LogModuleManager: Shutting down and abandoning module LightPropagationVolumeRuntime (220)
[2020.01.14-19.57.11:803][931]LogModuleManager: Shutting down and abandoning module Paper2D (218)
[2020.01.14-19.57.11:803][931]LogModuleManager: Shutting down and abandoning module WindowsMoviePlayer (216)
[2020.01.14-19.57.11:803][931]LogModuleManager: Shutting down and abandoning module WmfMedia (214)
[2020.01.14-19.57.11:803][931]LogModuleManager: Shutting down and abandoning module ClothingSystemEditor (212)
[2020.01.14-19.57.11:803][931]LogModuleManager: Shutting down and abandoning module ClothingSystemRuntime (210)
[2020.01.14-19.57.11:803][931]LogModuleManager: Shutting down and abandoning module MediaAssets (208)
[2020.01.14-19.57.11:803][931]LogModuleManager: Shutting down and abandoning module GameLiveStreaming (206)
[2020.01.14-19.57.11:803][931]LogModuleManager: Shutting down and abandoning module VREditor (204)
[2020.01.14-19.57.11:803][931]LogModuleManager: Shutting down and abandoning module StringTableEditor (202)
[2020.01.14-19.57.11:804][931]LogModuleManager: Shutting down and abandoning module GameplayTasksEditor (200)
[2020.01.14-19.57.11:804][931]LogModuleManager: Shutting down and abandoning module BehaviorTreeEditor (198)
[2020.01.14-19.57.11:804][931]LogModuleManager: Shutting down and abandoning module FunctionalTesting (196)
[2020.01.14-19.57.11:804][931]LogModuleManager: Shutting down and abandoning module CollisionAnalyzer (194)
[2020.01.14-19.57.11:804][931]LogModuleManager: Shutting down and abandoning module UMG (192)
[2020.01.14-19.57.11:805][931]LogModuleManager: Shutting down and abandoning module UMGEditor (191)
[2020.01.14-19.57.11:805][931]LogModuleManager: Shutting down and abandoning module Sequencer (190)
[2020.01.14-19.57.11:805][931]LogModuleManager: Shutting down and abandoning module AssetTools (188)
[2020.01.14-19.57.11:806][931]LogModuleManager: Shutting down and abandoning module MessageLog (187)
[2020.01.14-19.57.11:806][931]LogModuleManager: Shutting down and abandoning module WorkspaceMenuStructure (186)
[2020.01.14-19.57.11:806][931]LogModuleManager: Shutting down and abandoning module SlateReflector (180)
[2020.01.14-19.57.11:806][931]LogModuleManager: Shutting down and abandoning module Slate (178)
[2020.01.14-19.57.11:806][931]LogModuleManager: Shutting down and abandoning module EditorStyle (176)
[2020.01.14-19.57.11:808][931]LogModuleManager: Shutting down and abandoning module SourceCodeAccess (174)
[2020.01.14-19.57.11:808][931]LogModuleManager: Shutting down and abandoning module HeadMountedDisplay (172)
[2020.01.14-19.57.11:808][931]LogModuleManager: Shutting down and abandoning module XAudio2 (170)
[2020.01.14-19.57.11:808][931]LogModuleManager: Shutting down and abandoning module Networking (168)
[2020.01.14-19.57.11:808][931]LogModuleManager: Shutting down and abandoning module Core (164)
[2020.01.14-19.57.11:808][931]LogModuleManager: Shutting down and abandoning module AssetRegistry (162)
[2020.01.14-19.57.11:982][931]LogDirectoryWatcher: A directory notification for '../../../Engine/Content/' was aborted.
[2020.01.14-19.57.11:982][931]LogDirectoryWatcher: A directory notification for '../../../../../../Users/Carlos Gómez/Desktop/videojuego_shooter/EntregaJuegoUnreal2/Content/' was aborted.
[2020.01.14-19.57.11:982][931]LogDirectoryWatcher: A directory notification for '../../../Engine/Plugins/2D/Paper2D/Content/' was aborted.
[2020.01.14-19.57.11:982][931]LogDirectoryWatcher: A directory notification for '../../../Engine/Plugins/Runtime/GearVR/Content/' was aborted.
[2020.01.14-19.57.11:985][931]LogModuleManager: Shutting down and abandoning module DirectoryWatcher (161)
[2020.01.14-19.57.11:986][931]LogModuleManager: Shutting down and abandoning module KismetCompiler (158)
[2020.01.14-19.57.11:986][931]LogModuleManager: Shutting down and abandoning module LevelSequence (156)
[2020.01.14-19.57.11:986][931]LogModuleManager: Shutting down and abandoning module PhysXFormats (154)
[2020.01.14-19.57.11:986][931]LogModuleManager: Shutting down and abandoning module MeshUtilities (152)
[2020.01.14-19.57.11:986][931]LogModuleManager: Shutting down and abandoning module SimplygonSwarm (151)
[2020.01.14-19.57.11:986][931]LogModuleManager: Shutting down and abandoning module SimplygonMeshReduction (149)
[2020.01.14-19.57.11:986][931]LogModuleManager: Shutting down and abandoning module QuadricMeshReduction (147)
[2020.01.14-19.57.11:986][931]LogModuleManager: Shutting down and abandoning module DerivedDataCache (144)
[2020.01.14-19.57.12:448][931]LogDerivedDataCache: Shutdown
[2020.01.14-19.57.12:448][931]LogModuleManager: Shutting down and abandoning module TargetPlatform (142)
[2020.01.14-19.57.12:448][931]LogModuleManager: Shutting down and abandoning module VulkanShaderFormat (141)
[2020.01.14-19.57.12:448][931]LogModuleManager: Shutting down and abandoning module ShaderFormatVectorVM (139)
[2020.01.14-19.57.12:448][931]LogModuleManager: Shutting down and abandoning module ShaderFormatOpenGL (137)
[2020.01.14-19.57.12:448][931]LogModuleManager: Shutting down and abandoning module ShaderFormatD3D (135)
[2020.01.14-19.57.12:448][931]LogModuleManager: Shutting down and abandoning module MetalShaderFormat (133)
[2020.01.14-19.57.12:449][931]LogModuleManager: Shutting down and abandoning module TextureFormatUncompressed (131)
[2020.01.14-19.57.12:449][931]LogModuleManager: Shutting down and abandoning module TextureFormatPVR (129)
[2020.01.14-19.57.12:449][931]LogModuleManager: Shutting down and abandoning module TextureFormatDXT (127)
[2020.01.14-19.57.12:449][931]LogModuleManager: Shutting down and abandoning module TextureFormatIntelISPCTexComp (125)
[2020.01.14-19.57.12:449][931]LogModuleManager: Shutting down and abandoning module TextureFormatASTC (123)
[2020.01.14-19.57.12:449][931]LogModuleManager: Shutting down and abandoning module ImageWrapper (122)
[2020.01.14-19.57.12:449][931]LogModuleManager: Shutting down and abandoning module TextureFormatAndroid (119)
[2020.01.14-19.57.12:449][931]LogModuleManager: Shutting down and abandoning module AudioFormatOpus (117)
[2020.01.14-19.57.12:449][931]LogModuleManager: Shutting down and abandoning module AudioFormatOgg (115)
[2020.01.14-19.57.12:449][931]LogModuleManager: Shutting down and abandoning module AudioFormatADPCM (113)
[2020.01.14-19.57.12:449][931]LogModuleManager: Shutting down and abandoning module LinuxTargetPlatform (111)
[2020.01.14-19.57.12:449][931]LogModuleManager: Shutting down and abandoning module LinuxServerTargetPlatform (109)
[2020.01.14-19.57.12:449][931]LogModuleManager: Shutting down and abandoning module LinuxNoEditorTargetPlatform (107)
[2020.01.14-19.57.12:449][931]LogModuleManager: Shutting down and abandoning module LinuxClientTargetPlatform (105)
[2020.01.14-19.57.12:449][931]LogModuleManager: Shutting down and abandoning module TVOSTargetPlatform (103)
[2020.01.14-19.57.12:449][931]LogModuleManager: Shutting down and abandoning module Messaging (101)
[2020.01.14-19.57.12:449][931]LogModuleManager: Shutting down and abandoning module IOSTargetPlatform (99)
[2020.01.14-19.57.12:449][931]LogModuleManager: Shutting down and abandoning module HTML5TargetPlatform (97)
[2020.01.14-19.57.12:449][931]LogModuleManager: Shutting down and abandoning module Android_PVRTCTargetPlatform (95)
[2020.01.14-19.57.12:449][931]LogModuleManager: Shutting down and abandoning module Android_MultiTargetPlatform (93)
[2020.01.14-19.57.12:449][931]LogModuleManager: Shutting down and abandoning module Android_ETC2TargetPlatform (91)
[2020.01.14-19.57.12:449][931]LogModuleManager: Shutting down and abandoning module Android_ETC1TargetPlatform (89)
[2020.01.14-19.57.12:449][931]LogModuleManager: Shutting down and abandoning module Android_DXTTargetPlatform (87)
[2020.01.14-19.57.12:449][931]LogModuleManager: Shutting down and abandoning module Android_ATCTargetPlatform (85)
[2020.01.14-19.57.12:449][931]LogModuleManager: Shutting down and abandoning module Android_ASTCTargetPlatform (83)
[2020.01.14-19.57.12:449][931]LogModuleManager: Shutting down and abandoning module AndroidTargetPlatform (81)
[2020.01.14-19.57.12:449][931]LogModuleManager: Shutting down and abandoning module WindowsTargetPlatform (79)
[2020.01.14-19.57.12:449][931]LogModuleManager: Shutting down and abandoning module WindowsServerTargetPlatform (77)
[2020.01.14-19.57.12:449][931]LogModuleManager: Shutting down and abandoning module WindowsNoEditorTargetPlatform (75)
[2020.01.14-19.57.12:449][931]LogModuleManager: Shutting down and abandoning module WindowsClientTargetPlatform (73)
[2020.01.14-19.57.12:449][931]LogModuleManager: Shutting down and abandoning module MacTargetPlatform (71)
[2020.01.14-19.57.12:449][931]LogModuleManager: Shutting down and abandoning module MacServerTargetPlatform (69)
[2020.01.14-19.57.12:449][931]LogModuleManager: Shutting down and abandoning module MacNoEditorTargetPlatform (67)
[2020.01.14-19.57.12:449][931]LogModuleManager: Shutting down and abandoning module MacClientTargetPlatform (65)
[2020.01.14-19.57.12:449][931]LogModuleManager: Shutting down and abandoning module AllDesktopTargetPlatform (63)
[2020.01.14-19.57.12:449][931]LogModuleManager: Shutting down and abandoning module InputCore (60)
[2020.01.14-19.57.12:449][931]LogModuleManager: Shutting down and abandoning module Settings (58)
[2020.01.14-19.57.12:449][931]LogModuleManager: Shutting down and abandoning module OculusRift (56)
[2020.01.14-19.57.12:449][931]LogModuleManager: Shutting down and abandoning module GearVRController (54)
[2020.01.14-19.57.12:449][931]LogModuleManager: Shutting down and abandoning module GearVR (52)
[2020.01.14-19.57.12:449][931]LogModuleManager: Shutting down and abandoning module ExampleDeviceProfileSelector (50)
[2020.01.14-19.57.12:449][931]LogModuleManager: Shutting down and abandoning module OnlineBlueprintSupport (48)
[2020.01.14-19.57.12:449][931]LogModuleManager: Shutting down and abandoning module OnlineSubsystem (44)
[2020.01.14-19.57.12:449][931]LogOnline:Display: Unloading online subsystem: NULL
[2020.01.14-19.57.12:449][931]LogModuleManager: Shutting down and abandoning module XMPP (43)
[2020.01.14-19.57.12:450][931]LogModuleManager: Shutting down and abandoning module HTTP (41)
[2020.01.14-19.57.12:450][931]LogHttp:Display: Http module shutting down, but needs to wait on 1 outstanding Http requests:
[2020.01.14-19.57.12:450][931]LogHttp:Display: 	verb=[POST] url=[https://datarouter.ol.epicgames.com/datarouter/api/v1/public/data?SessionID=%7B8111E62D-4E60-6BC7-33BC-16B292F33927%7D&AppID=UEEditor.Rocket.Release&AppVersion=4.16.3-3561208%2B%2B%2BUE4%2BRelease-4.16&UserID=96c22fcc4a13df48a702c0b25280ec08%7C5727c0aceda34a2a8745d0ddd25f12e5%7C2451b241-4f41-47a9-baf2-594cddf6b242&AppEnvironment=datacollector-binary&UploadType=eteventstream] status=Processing
[2020.01.14-19.57.12:466][931]LogModuleManager: Shutting down and abandoning module SSL (40)
[2020.01.14-19.57.12:467][931]LogModuleManager: Shutting down and abandoning module HTTPChunkInstaller (36)
[2020.01.14-19.57.12:467][931]LogModuleManager: Shutting down and abandoning module AnimationModifiers (34)
[2020.01.14-19.57.12:467][931]LogModuleManager: Shutting down and abandoning module PropertyEditor (33)
[2020.01.14-19.57.12:467][931]LogModuleManager: Shutting down and abandoning module AudioEditor (30)
[2020.01.14-19.57.12:468][931]LogModuleManager: Shutting down and abandoning module TextureCompressor (28)
[2020.01.14-19.57.12:468][931]LogModuleManager: Shutting down and abandoning module ShaderCore (26)
[2020.01.14-19.57.12:468][931]LogModuleManager: Shutting down and abandoning module Landscape (24)
[2020.01.14-19.57.12:468][931]LogModuleManager: Shutting down and abandoning module SlateRHIRenderer (22)
[2020.01.14-19.57.12:468][931]LogModuleManager: Shutting down and abandoning module OpenGLDrv (20)
[2020.01.14-19.57.12:469][931]LogModuleManager: Shutting down and abandoning module D3D11RHI (18)
[2020.01.14-19.57.12:469][931]LogModuleManager: Shutting down and abandoning module AnimGraphRuntime (16)
[2020.01.14-19.57.12:469][931]LogModuleManager: Shutting down and abandoning module Renderer (14)
[2020.01.14-19.57.12:469][931]LogModuleManager: Shutting down and abandoning module Engine (12)
[2020.01.14-19.57.12:469][931]LogModuleManager: Shutting down and abandoning module CoreUObject (10)
[2020.01.14-19.57.12:469][931]LogModuleManager: Shutting down and abandoning module NetworkFile (8)
[2020.01.14-19.57.12:469][931]LogModuleManager: Shutting down and abandoning module StreamingFile (6)
[2020.01.14-19.57.12:469][931]LogModuleManager: Shutting down and abandoning module SandboxFile (4)
[2020.01.14-19.57.12:469][931]LogModuleManager: Shutting down and abandoning module PakFile (2)
[2020.01.14-19.57.12:471][931]LogExit: Exiting.
[2020.01.14-19.57.12:498][931]Log file closed, 01/14/20 20:57:12
