Log file open, 01/18/20 18:02:22
LogInit:Display: Running engine for game: EntregaJuegoUnreal2
LogPlatformFile: Not using cached read wrapper
LogInit:Display: RandInit(-406162712) SRandInit(-406162712).
LogTaskGraph: Started task graph with 5 named threads and 8 total threads with 1 sets of task threads.
LogStats: Stats thread started at 0.099545
LogInit: Using libcurl 7.47.1
LogInit:  - built for x86_64-pc-win32
LogInit:  - supports SSL with OpenSSL/1.0.2g
LogInit:  - supports HTTP deflate (compression) using libz 1.2.8
LogInit:  - other features:
LogInit:      CURL_VERSION_SSL
LogInit:      CURL_VERSION_LIBZ
LogInit:      CURL_VERSION_IPV6
LogInit:      CURL_VERSION_ASYNCHDNS
LogInit:      CURL_VERSION_LARGEFILE
LogInit:      CURL_VERSION_IDN
LogInit:  CurlRequestOptions (configurable via config and command line):
LogInit:  - bVerifyPeer = false  - Libcurl will NOT verify peer certificate
LogInit:  - bUseHttpProxy = false  - Libcurl will NOT use HTTP proxy
LogInit:  - bDontReuseConnections = false  - Libcurl will reuse connections
LogInit:  - CertBundlePath = nullptr  - Libcurl will use whatever was configured at build time.
LogInit: Build: ++UE4+Release-4.16-CL-3561208
LogInit: Engine Version: 4.16.3-3561208+++UE4+Release-4.16
LogInit: Compatible Engine Version: 4.16.0-3452394+++UE4+Release-4.16
LogInit: Net CL: 3452394
LogDevObjectVersion: Number of dev versions registered: 16
LogDevObjectVersion:   Dev-Blueprints (B0D832E4-1F89-4F0D-ACCF-7EB736FD4AA2): 9
LogDevObjectVersion:   Dev-Build (E1C64328-A22C-4D53-A36C-8E866417BD8C): 0
LogDevObjectVersion:   Dev-Core (375EC13C-06E4-48FB-B500-84F0262A717E): 2
LogDevObjectVersion:   Dev-Editor (E4B068ED-F494-42E9-A231-DA0B2E46BB41): 17
LogDevObjectVersion:   Dev-Framework (CFFC743F-43B0-4480-9391-14DF171D2073): 23
LogDevObjectVersion:   Dev-Mobile (B02B49B5-BB20-44E9-A304-32B752E40360): 0
LogDevObjectVersion:   Dev-Networking (A4E4105C-59A1-49B5-A7C5-40C4547EDFEE): 0
LogDevObjectVersion:   Dev-Online (39C831C9-5AE6-47DC-9A44-9C173E1C8E7C): 0
LogDevObjectVersion:   Dev-Physics (78F01B33-EBEA-4F98-B9B4-84EACCB95AA2): 0
LogDevObjectVersion:   Dev-Platform (6631380F-2D4D-43E0-8009-CF276956A95A): 0
LogDevObjectVersion:   Dev-Rendering (12F88B9F-8875-4AFC-A67C-D90C383ABD29): 15
LogDevObjectVersion:   Dev-Sequencer (7B5AE74C-D270-4C10-A958-57980B212A5A): 4
LogDevObjectVersion:   Dev-VR (D7296918-1DD6-4BDD-9DE2-64A83CC13884): 0
LogDevObjectVersion:   Dev-LoadTimes (C2A15278-BFE7-4AFE-6C17-90FF531DF755): 1
LogDevObjectVersion:   Private-Geometry (6EACA3D4-40EC-4CC1-B786-8BED09428FC5): 1
LogDevObjectVersion:   Dev-AnimPhys (29E575DD-E0A3-4627-9D10-D276232CDCEA): 3
LogInit: Compiled (64-bit): Jul 28 2017 11:49:47
LogInit: Compiled with Visual C++: 19.00.24215.01
LogInit: Build Configuration: Development
LogInit: Branch Name: ++UE4+Release-4.16
LogInit: Command line:  
LogInit: Base directory: D:/Program Files (x86)/Epic Games/UE_4.16/Engine/Binaries/Win64/
LogInit: Installed Engine Build: 1
LogInit: Presizing for max 8388607 objects, including 0 objects not considered by GC, pre-allocating 0 bytes for permanent pool.
LogInit: Object subsystem initialized
[2020.01.18-17.02.23:057][  0]LogInit: Selected Device Profile: [Windows]
[2020.01.18-17.02.23:057][  0]LogInit: Applying CVar settings loaded from the selected device profile: [Windows]
[2020.01.18-17.02.23:109][  0]LogInit: Computer: DESKTOP-JHFJI5B
[2020.01.18-17.02.23:109][  0]LogInit: User: DiegoTrapiello
[2020.01.18-17.02.23:109][  0]LogInit: CPU Page size=4096, Cores=4
[2020.01.18-17.02.23:109][  0]LogInit: High frequency timer resolution =3.914067 MHz
[2020.01.18-17.02.23:109][  0]LogMemory: Memory total: Physical=16.0GB (16GB approx)
[2020.01.18-17.02.23:109][  0]LogMemory: Platform Memory Stats for Windows
[2020.01.18-17.02.23:109][  0]LogMemory: Process Physical Memory: 274.75 MB used, 274.75 MB peak
[2020.01.18-17.02.23:109][  0]LogMemory: Process Virtual Memory: 262.96 MB used, 262.96 MB peak
[2020.01.18-17.02.23:109][  0]LogMemory: Physical Memory: 8550.34 MB used,  7793.08 MB free, 16343.42 MB total
[2020.01.18-17.02.23:109][  0]LogMemory: Virtual Memory: 4757.66 MB used,  7793.08 MB free, 134217728.00 MB total
[2020.01.18-17.02.23:320][  0]LogInit: Overriding language with editor language configuration option (en).
[2020.01.18-17.02.23:320][  0]LogInit: Overriding locale with editor locale configuration option (en).
[2020.01.18-17.02.27:708][  0]LogD3D11RHI: D3D11 adapters:
[2020.01.18-17.02.27:791][  0]LogD3D11RHI:    0. 'NVIDIA GeForce GTX 1070' (Feature Level 11_0)
[2020.01.18-17.02.27:791][  0]LogD3D11RHI:       8088/0/8171 MB DedicatedVideo/DedicatedSystem/SharedSystem, Outputs:1, VendorId:0x10de
[2020.01.18-17.02.27:793][  0]LogD3D11RHI:    1. 'Microsoft Basic Render Driver' (Feature Level 11_0)
[2020.01.18-17.02.27:793][  0]LogD3D11RHI:       0/0/8171 MB DedicatedVideo/DedicatedSystem/SharedSystem, Outputs:0, VendorId:0x1414
[2020.01.18-17.02.27:793][  0]LogD3D11RHI: Chosen D3D11 Adapter: 0
[2020.01.18-17.02.27:802][  0]LogD3D11RHI: Creating new Direct3DDevice
[2020.01.18-17.02.27:802][  0]LogD3D11RHI:     GPU DeviceId: 0x1b81 (for the marketing name, search the web for "GPU Device Id")
[2020.01.18-17.02.27:802][  0]LogWindows: EnumDisplayDevices:
[2020.01.18-17.02.27:802][  0]LogWindows:    0. 'NVIDIA GeForce GTX 1070' (P:1 D:1)
[2020.01.18-17.02.27:802][  0]LogWindows:    1. 'NVIDIA GeForce GTX 1070' (P:0 D:0)
[2020.01.18-17.02.27:803][  0]LogWindows:    2. 'NVIDIA GeForce GTX 1070' (P:0 D:0)
[2020.01.18-17.02.27:803][  0]LogWindows:    3. 'NVIDIA GeForce GTX 1070' (P:0 D:0)
[2020.01.18-17.02.27:803][  0]LogWindows: DebugString: GetVideoDriverDetailsInvalid PrimaryIsNotTheChoosenAdapter GetVideoDriverDetailsInvalid PrimaryIsNotTheChoosenAdapter GetVideoDriverDetailsInvalid PrimaryIsNotTheChoosenAdapter GetVideoDriverDetailsInvalid PrimaryIsNotTheChoosenAdapter FoundDriverCount:0 
[2020.01.18-17.02.27:803][  0]LogD3D11RHI:     Adapter Name: NVIDIA GeForce GTX 1070
[2020.01.18-17.02.27:803][  0]LogD3D11RHI:   Driver Version: Unknown (internal:Unknown, unified:Unknown)
[2020.01.18-17.02.27:803][  0]LogD3D11RHI:      Driver Date: Unknown
[2020.01.18-17.02.27:803][  0]LogRHI: Texture pool is 1361 MB (70% of 1945 MB)
[2020.01.18-17.02.27:902][  0]LogD3D11RHI: Async texture creation enabled
[2020.01.18-17.02.27:917][  0]LogD3D11RHI: GPU Timing Frequency: 1000.000000 (Debug: 2 1)
[2020.01.18-17.02.27:919][  0]LogShaderCompilers: Guid format shader working directory is -43 characters bigger than the processId version (../../../../../../Diego Trapiello/Documents/Unreal Projects/videojuego_shooter/EntregaJuegoUnreal2/Intermediate/Shaders/WorkingDirectory/20556/).
[2020.01.18-17.02.27:919][  0]LogShaderCompilers: Cleaned the shader compiler working directory 'C:/Users/Diego Trapiello/AppData/Local/Temp/UnrealShaderWorkingDir/5063677B4D90CB13869655A7C2BED66C/'.
[2020.01.18-17.02.27:919][  0]LogShaderCompilers:Display: Using Local Shader Compiler.
[2020.01.18-17.02.29:663][  0]LogTemp:Display: Loaded TP AllDesktopTargetPlatform
[2020.01.18-17.02.29:718][  0]LogTemp:Display: Loaded TP MacClientTargetPlatform
[2020.01.18-17.02.29:781][  0]LogTemp:Display: Loaded TP MacNoEditorTargetPlatform
[2020.01.18-17.02.29:843][  0]LogTemp:Display: Loaded TP MacServerTargetPlatform
[2020.01.18-17.02.29:931][  0]LogTemp:Display: Loaded TP MacTargetPlatform
[2020.01.18-17.02.29:987][  0]LogTemp:Display: Loaded TP WindowsClientTargetPlatform
[2020.01.18-17.02.30:048][  0]LogTemp:Display: Loaded TP WindowsNoEditorTargetPlatform
[2020.01.18-17.02.30:103][  0]LogTemp:Display: Loaded TP WindowsServerTargetPlatform
[2020.01.18-17.02.30:155][  0]LogTemp:Display: Loaded TP WindowsTargetPlatform
[2020.01.18-17.02.30:221][  0]LogTemp:Display: Loaded TP AndroidTargetPlatform
[2020.01.18-17.02.30:281][  0]LogTemp:Display: Loaded TP Android_ASTCTargetPlatform
[2020.01.18-17.02.30:336][  0]LogTemp:Display: Loaded TP Android_ATCTargetPlatform
[2020.01.18-17.02.30:398][  0]LogTemp:Display: Loaded TP Android_DXTTargetPlatform
[2020.01.18-17.02.30:455][  0]LogTemp:Display: Loaded TP Android_ETC1TargetPlatform
[2020.01.18-17.02.30:511][  0]LogTemp:Display: Loaded TP Android_ETC2TargetPlatform
[2020.01.18-17.02.30:628][  0]LogTemp:Display: Loaded TP Android_MultiTargetPlatform
[2020.01.18-17.02.30:628][  0]LogTemp:Display: Loaded TP Android_PVRTCTargetPlatform
[2020.01.18-17.02.30:682][  0]LogTemp:Display: Loaded TP HTML5TargetPlatform
[2020.01.18-17.02.30:827][  0]LogTemp:Display: Loaded TP IOSTargetPlatform
[2020.01.18-17.02.30:857][  0]LogTemp:Display: Loaded TP TVOSTargetPlatform
[2020.01.18-17.02.30:917][  0]LogTemp:Display: Loaded TP LinuxClientTargetPlatform
[2020.01.18-17.02.30:973][  0]LogTemp:Display: Loaded TP LinuxNoEditorTargetPlatform
[2020.01.18-17.02.31:029][  0]LogTemp:Display: Loaded TP LinuxServerTargetPlatform
[2020.01.18-17.02.31:093][  0]LogTemp:Display: Loaded TP LinuxTargetPlatform
[2020.01.18-17.02.31:093][  0]LogTargetPlatformManager:Display: Building Assets For Windows
[2020.01.18-17.02.32:052][  0]LogDerivedDataCache:Display: Max Cache Size: 512 MB
[2020.01.18-17.02.32:378][  0]LogDerivedDataCache: Loaded boot cache 0.33s 90MB C:/Users/Diego Trapiello/AppData/Local/UnrealEngine/4.16/DerivedDataCache/Boot.ddc.
[2020.01.18-17.02.32:378][  0]LogDerivedDataCache:Display: Loaded Boot cache: C:/Users/Diego Trapiello/AppData/Local/UnrealEngine/4.16/DerivedDataCache/Boot.ddc
[2020.01.18-17.02.32:378][  0]LogDerivedDataCache: FDerivedDataBackendGraph:  Pak pak cache file ../../../../../../Diego Trapiello/Documents/Unreal Projects/videojuego_shooter/EntregaJuegoUnreal2/DerivedDataCache/DDC.ddp not found, will not use a pak cache.
[2020.01.18-17.02.32:378][  0]LogDerivedDataCache: Unable to find inner node Pak for hierarchical cache Hierarchy.
[2020.01.18-17.02.32:378][  0]LogDerivedDataCache: FDerivedDataBackendGraph:  CompressedPak pak cache file ../../../../../../Diego Trapiello/Documents/Unreal Projects/videojuego_shooter/EntregaJuegoUnreal2/DerivedDataCache/Compressed.ddp not found, will not use a pak cache.
[2020.01.18-17.02.32:378][  0]LogDerivedDataCache: Unable to find inner node CompressedPak for hierarchical cache Hierarchy.
[2020.01.18-17.02.32:408][  0]LogDerivedDataCache:Display: Pak cache opened for reading ../../../Engine/DerivedDataCache/Compressed.ddp.
[2020.01.18-17.02.32:420][  0]LogDerivedDataCache: Using Local data cache path C:/Users/Diego Trapiello/AppData/Local/UnrealEngine/Common/DerivedDataCache: Writable
[2020.01.18-17.02.32:428][  0]LogMaterial: Verifying Global Shaders for PCD3D_SM5
[2020.01.18-17.02.32:429][  0]LogSlate: Using Freetype 2.6.0
[2020.01.18-17.02.32:469][  0]LogSlate: SlateFontCache - WITH_FREETYPE: 1, WITH_HARFBUZZ: 1
[2020.01.18-17.02.32:469][  0]LogSlate: SlateFontCache - WITH_FREETYPE: 1, WITH_HARFBUZZ: 1
[2020.01.18-17.02.35:479][  0]LogInit: Selected Device Profile: [Windows]
[2020.01.18-17.02.35:660][  0]LogContentStreaming: Texture pool size is 0.00 MB
[2020.01.18-17.02.35:909][  0]LogMeshUtilities: Using QuadricMeshReduction for automatic static mesh reduction
[2020.01.18-17.02.35:993][  0]LogSimplygon: Simplygon DLL not present - disabling.
[2020.01.18-17.02.36:075][  0]LogMeshUtilities: Using SimplygonSwarm for distributed automatic mesh merging
[2020.01.18-17.02.36:075][  0]LogMeshUtilities: No automatic skeletal mesh reduction module available
[2020.01.18-17.02.36:075][  0]LogMeshUtilities: No automatic mesh merging module available
[2020.01.18-17.02.37:819][  0]LogNetVersion: EntregaJuegoUnreal2 , NetCL: 3452394, EngineNetVer: 2, GameNetVer: 0 (Checksum: 2631086534)
[2020.01.18-17.02.37:921][  0]LogAssetRegistry: FAssetRegistry took 0.0252 seconds to start up
[2020.01.18-17.02.37:963][  0]LogPackageLocalizationCache: Processed 4 localized package path(s) for 1 prioritized culture(s) in 0.022920 seconds
[2020.01.18-17.02.37:968][  0]LogUObjectArray: 34194 objects as part of root set at end of initial load.
[2020.01.18-17.02.37:968][  0]LogUObjectAllocator: 7260424 out of 0 bytes used by permanent object pool.
[2020.01.18-17.02.37:968][  0]LogUObjectArray: CloseDisregardForGC: 0/0 objects in disregard for GC pool
[2020.01.18-17.02.38:036][  0]LogInit: WinSock: version 1.1 (2.2), MaxSocks=32767, MaxUdp=65467
[2020.01.18-17.02.55:712][  0]LogTcpMessaging: Initializing TcpMessaging bridge
[2020.01.18-17.02.55:788][  0]LogUdpMessaging: Initializing bridge on interface 0.0.0.0:0 to multicast group 230.0.0.1:6666.
[2020.01.18-17.02.57:344][  0]LogMaterial: Uniform references updated for custom material expression Custom.
[2020.01.18-17.02.57:994][  0]SourceControl: Info Source control is disabled
[2020.01.18-17.02.57:995][  0]SourceControl: Info Source control is disabled
[2020.01.18-17.02.58:112][  0]SourceControl: Info Source control is disabled
[2020.01.18-17.02.58:223][  0]SourceControl: Info Source control is disabled
[2020.01.18-17.03.00:026][  0]LogAndroidPermission: UAndroidPermissionCallbackProxy::GetInstance
[2020.01.18-17.03.01:543][  0]LogEngine: Initializing Engine...
[2020.01.18-17.03.01:544][  0]LogHMD: Failed to initialize OpenVR with code 110
[2020.01.18-17.03.01:850][  0]LogStats: UGameplayTagsManager::ConstructGameplayTagTree: Construct from data asset -  0.000 s
[2020.01.18-17.03.01:850][  0]LogStats: UGameplayTagsManager::ConstructGameplayTagTree: GameplayTagTreeChangedEvent.Broadcast -  0.000 s
[2020.01.18-17.03.02:039][  0]LogAIModule: Creating AISystem for world Untitled
[2020.01.18-17.03.02:078][  0]LogInit: XAudio2 using 'Altavoces (Realtek High Definition Audio)' : 4 channels at 44.1 kHz using 16 bits per sample (channel mask 0x33)
[2020.01.18-17.03.02:144][  0]LogInit: FAudioDevice initialized.
[2020.01.18-17.03.02:187][  0]LogDerivedDataCache: Saved boot cache 0.04s 90MB C:/Users/Diego Trapiello/AppData/Local/UnrealEngine/4.16/DerivedDataCache/Boot.ddc.
[2020.01.18-17.03.02:197][  0]LogInit: Texture streaming: Enabled
[2020.01.18-17.03.02:377][  0]LogEngineSessionManager: EngineSessionManager initialized
[2020.01.18-17.03.02:392][  0]LogEngineSessionManager: EngineSessionManager sent abnormal shutdown report. Type=AbnormalShutdown, SessionId={B165BBFB-411E-CC5A-4BB5-918D7F40877A}
[2020.01.18-17.03.02:859][  0]LogInit: Transaction tracking system initialized
[2020.01.18-17.03.03:379][  0]BlueprintLog: New page: Editor Load
[2020.01.18-17.03.05:157][  0]LocalizationService: Info Localization service is disabled
[2020.01.18-17.03.06:517][  0]LogConsoleResponse:Display: 
[2020.01.18-17.03.07:176][  0]LogCook:Display: Max memory allowance for cook 16384mb min free memory 0mb
[2020.01.18-17.03.07:176][  0]LogCook:Display: Mobile HDR setting 1
[2020.01.18-17.03.07:895][  0]LogFileCache: Scanning file cache for directory 'D:/Diego Trapiello/Documents/Unreal Projects/videojuego_shooter/EntregaJuegoUnreal2/Content/' took 0.03s
[2020.01.18-17.03.09:339][  0]SourceControl: Info Source control is disabled
[2020.01.18-17.03.09:339][  0]LightingResults: New page: Lighting Build
[2020.01.18-17.03.09:387][  0]MapCheck: New page: Map Check
[2020.01.18-17.03.09:387][  0]LightingResults: New page: Lighting Build
[2020.01.18-17.03.13:285][  0]LogStaticMesh: Building static mesh FenceBricks+Barrots...
[2020.01.18-17.03.13:383][  0]LogStaticMesh: Built static mesh [0.11s] /Game/City_Pack/Meshes/FenceBricks+Barrots.FenceBricks+Barrots
[2020.01.18-17.03.13:734][  0]LogAIModule: Creating AISystem for world FirstPersonExampleMap
[2020.01.18-17.03.13:751][  0]LogEditorServer: Finished looking for orphan Actors (0.000 secs)
[2020.01.18-17.03.13:775][  0]Cmd: MAP CHECKDEP NOCLEARLOG
[2020.01.18-17.03.13:917][  0]MapCheck: Info Map check complete: 0 Error(s), 0 Warning(s), took 141.579ms to complete.
[2020.01.18-17.03.13:917][  0]LogFileHelpers: Loading map 'FirstPersonExampleMap' took 4.578
[2020.01.18-17.03.14:125][  0]LogCollectionManager: Loaded 0 collections in 0.002468 seconds
[2020.01.18-17.03.14:216][  0]LogFileCache: Scanning file cache for directory 'D:/Diego Trapiello/Documents/Unreal Projects/videojuego_shooter/EntregaJuegoUnreal2/Saved/Collections/' took 0.01s
[2020.01.18-17.03.14:216][  0]LogFileCache: Scanning file cache for directory 'D:/Diego Trapiello/Documents/Unreal Projects/videojuego_shooter/EntregaJuegoUnreal2/Content/Developers/DiegoTrapiello/Collections/' took 0.01s
[2020.01.18-17.03.14:216][  0]LogFileCache: Scanning file cache for directory 'D:/Diego Trapiello/Documents/Unreal Projects/videojuego_shooter/EntregaJuegoUnreal2/Content/Collections/' took 0.01s
[2020.01.18-17.03.14:216][  0]LogCollectionManager: Rebuilt the GUID cache for 0 collections in 0.000002 seconds
[2020.01.18-17.03.14:224][  0]LogContentBrowser: Native class hierarchy populated in 0.0077 seconds. Added 2329 classes and 491 folders.
[2020.01.18-17.03.14:293][  0]LogContentBrowser: Native class hierarchy updated for 'WidgetCarousel' in 0.0008 seconds. Added 0 classes and 0 folders.
[2020.01.18-17.03.15:057][  0]LogContentBrowser: Native class hierarchy updated for 'AddContentDialog' in 0.0008 seconds. Added 0 classes and 0 folders.
[2020.01.18-17.03.15:139][  0]LogContentBrowser: Native class hierarchy updated for 'SceneOutliner' in 0.0008 seconds. Added 1 classes and 2 folders.
[2020.01.18-17.03.15:194][  0]LogCrashTracker: Crashtracker disabled due to settings.
[2020.01.18-17.03.15:201][  0]LogUObjectGlobals:Warning: Failed to find object 'Class None.'
[2020.01.18-17.03.15:291][  0]LogContentBrowser: Native class hierarchy updated for 'HierarchicalLODOutliner' in 0.0016 seconds. Added 1 classes and 2 folders.
[2020.01.18-17.03.15:291][  0]LogLoad: (Engine Initialization) Total time: 54.56 seconds
[2020.01.18-17.03.15:291][  0]LogLoad: (Engine Initialization) Total Blueprint compile time: 0.56 seconds
[2020.01.18-17.03.15:291][  0]LogExternalProfiler: Found external profiler: VSPerf
[2020.01.18-17.03.15:291][  0]LogExternalProfiler: Using external profiler: VSPerf
[2020.01.18-17.03.15:631][  0]LogOcInput: OculusInput pre-init called
[2020.01.18-17.03.15:631][  0]LogHMD: Starting GearVRController plugin
[2020.01.18-17.03.15:665][  0]LogContentStreaming: Texture pool size now 1000 MB
[2020.01.18-17.03.15:695][  0]LogSlate: Took 0.028689 seconds to synchronously load lazily loaded font '../../../Engine/Content/Slate/Fonts/Roboto-Regular.ttf' (155K)
[2020.01.18-17.03.15:721][  0]LogSlate: Took 0.025130 seconds to synchronously load lazily loaded font '../../../Engine/Content/Slate/Fonts/Roboto-Bold.ttf' (160K)
[2020.01.18-17.03.15:757][  0]LogSlate: Took 0.029423 seconds to synchronously load lazily loaded font '../../../Engine/Content/Editor/Slate/Fonts/FontAwesome.ttf' (139K)
[2020.01.18-17.03.16:026][  0]LogRenderer: Reallocating scene render targets to support 688x564 NumSamples 1 (Frame:1).
[2020.01.18-17.03.16:026][  0]LogSlate: Took 0.032164 seconds to synchronously load lazily loaded font '../../../Engine/Content/Slate/Fonts/Roboto-Light.ttf' (159K)
[2020.01.18-17.03.16:064][  1]LogAssetRegistry: Asset discovery search completed in 38.1646 seconds
[2020.01.18-17.03.16:066][  1]LogCollectionManager: Rebuilt the object cache for 0 collections in 0.000001 seconds (found 0 objects)
[2020.01.18-17.03.16:066][  1]LogCollectionManager: Fixed up redirectors for 0 collections in 0.000036 seconds (updated 0 objects)
[2020.01.18-17.03.21:392][ 17]LogFileCache: Retrieving MD5 hashes for directory 'D:/Diego Trapiello/Documents/Unreal Projects/videojuego_shooter/EntregaJuegoUnreal2/Content/' took 5.75s
[2020.01.18-17.03.45:435][244]LogTemp: Repeting last play command: Selected Viewport
[2020.01.18-17.03.45:702][244]LogBlueprintUserMessages: Early PlayInEditor Detection: Level '/Game/FirstPersonBP/Maps/FirstPersonExampleMap.FirstPersonExampleMap:PersistentLevel' has LevelScriptBlueprint '/Game/FirstPersonBP/Maps/FirstPersonExampleMap.FirstPersonExampleMap:PersistentLevel.FirstPersonExampleMap' with GeneratedClass '/Game/FirstPersonBP/Maps/FirstPersonExampleMap.FirstPersonExampleMap_C' with ClassGeneratedBy '/Game/FirstPersonBP/Maps/FirstPersonExampleMap.FirstPersonExampleMap:PersistentLevel.FirstPersonExampleMap'
[2020.01.18-17.03.45:702][244]LogPlayLevel: PlayLevel: No blueprints needed recompiling
[2020.01.18-17.03.45:702][244]PIE: New page: PIE session: FirstPersonExampleMap (Jan 18, 2020, 7:03:45 PM)
[2020.01.18-17.03.45:702][244]LogPlayLevel: Creating play world package: /Game/FirstPersonBP/Maps/UEDPIE_0_FirstPersonExampleMap
[2020.01.18-17.03.45:738][244]LogPlayLevel: PIE: StaticDuplicateObject took: (0.035575s)
[2020.01.18-17.03.45:738][244]LogAIModule: Creating AISystem for world FirstPersonExampleMap
[2020.01.18-17.03.45:739][244]LogPlayLevel: PIE: World Init took: (0.000773s)
[2020.01.18-17.03.45:739][244]LogPlayLevel: PIE: Created PIE world by copying editor world from /Game/FirstPersonBP/Maps/FirstPersonExampleMap.FirstPersonExampleMap to /Game/FirstPersonBP/Maps/UEDPIE_0_FirstPersonExampleMap.FirstPersonExampleMap (0.036665s)
[2020.01.18-17.03.45:781][244]LogInit: XAudio2 using 'Altavoces (Realtek High Definition Audio)' : 4 channels at 44.1 kHz using 16 bits per sample (channel mask 0x33)
[2020.01.18-17.03.45:835][244]LogInit: FAudioDevice initialized.
[2020.01.18-17.03.45:878][244]LogLoad: Game class is 'FirstPersonGameMode_C'
[2020.01.18-17.03.45:884][244]LogWorld: Bringing World /Game/FirstPersonBP/Maps/UEDPIE_0_FirstPersonExampleMap.FirstPersonExampleMap up for play (max tick rate 0) at 2020.01.18-18.03.45
[2020.01.18-17.03.45:901][244]LogWorld: Bringing up level for play took: 0.021216
[2020.01.18-17.03.45:953][244]LogContentBrowser: Native class hierarchy updated for 'MovieSceneCapture' in 0.0007 seconds. Added 11 classes and 0 folders.
[2020.01.18-17.03.45:956][244]PIE: Info Play in editor start time for /Game/FirstPersonBP/Maps/UEDPIE_0_FirstPersonExampleMap -0.343
[2020.01.18-17.03.45:956][244]LogBlueprintUserMessages: Late PlayInEditor Detection: Level '/Game/FirstPersonBP/Maps/FirstPersonExampleMap.FirstPersonExampleMap:PersistentLevel' has LevelScriptBlueprint '/Game/FirstPersonBP/Maps/FirstPersonExampleMap.FirstPersonExampleMap:PersistentLevel.FirstPersonExampleMap' with GeneratedClass '/Game/FirstPersonBP/Maps/FirstPersonExampleMap.FirstPersonExampleMap_C' with ClassGeneratedBy '/Game/FirstPersonBP/Maps/FirstPersonExampleMap.FirstPersonExampleMap:PersistentLevel.FirstPersonExampleMap'
[2020.01.18-17.03.45:959][244]LogBlueprintUserMessages: [FirstPersonExampleMap_C_0] PUNTOS AÑADIDOS
[2020.01.18-17.03.47:693][448]LogBlueprintUserMessages: [ZombieSimple_92] atacando
[2020.01.18-17.03.48:094][494]LogBlueprintUserMessages: [ZombieFuerte_131] atacando
[2020.01.18-17.03.48:685][564]LogBlueprintUserMessages: [MuroZombies2] 150
[2020.01.18-17.03.50:185][744]LogBlueprintUserMessages: [MuroZombies2] 100
[2020.01.18-17.03.50:685][804]LogBlueprintUserMessages: [ZombieSimple_92] atacando
[2020.01.18-17.03.51:686][924]LogBlueprintUserMessages: [MuroZombies2] 50
[2020.01.18-17.03.52:186][984]LogBlueprintUserMessages: [ZombieSimple_92] atacando
[2020.01.18-17.03.53:187][104]LogBlueprintUserMessages: [MuroZombies2] 0
[2020.01.18-17.03.55:590][391]LogScriptCore:Warning: Script Msg: Attempted to access index 14 from array ArrayPuntosSpawn of length 14!
[2020.01.18-17.03.55:590][391]LogScript:Warning: Accessed None trying to read property CallFunc_Array_Get_Item
	ZombieSpawner_C /Game/FirstPersonBP/Maps/UEDPIE_0_FirstPersonExampleMap.FirstPersonExampleMap:PersistentLevel.ZombieSpawner_98
	Function /Game/Enemigos/ZombieSpawner.ZombieSpawner_C:ExecuteUbergraph_ZombieSpawner:03D0
[2020.01.18-17.03.55:590][391]PIE:Error: Error Blueprint Runtime Error: Accessed None trying to read property CallFunc_Array_Get_Item from function: 'ExecuteUbergraph_ZombieSpawner' from node: SpawnActor Zombie Enano in graph: EventGraph in object: ZombieSpawner with description: Accessed None trying to read property CallFunc_Array_Get_Item
[2020.01.18-17.03.58:099][692]LogBlueprintUserMessages: [ZombieSimple_92] atacando
[2020.01.18-17.04.00:077][929]LogBlueprintUserMessages: [ZombieSimple_92] atacando
[2020.01.18-17.04.01:898][147]LogBlueprintUserMessages: [ZombieFuerte_131] atacando
[2020.01.18-17.04.02:374][204]LogBlueprintUserMessages: [ZombieSimple_92] atacando
[2020.01.18-17.04.04:443][452]LogBlueprintUserMessages: [ZombieSimple_92] atacando
[2020.01.18-17.04.07:212][784]LogBlueprintUserMessages: [ZombieSimple_92] atacando
[2020.01.18-17.04.07:579][828]LogBlueprintUserMessages: [ZombieFuerte_131] atacando
[2020.01.18-17.04.14:359][637]LogBlueprintUserMessages: [ZombieSimple_92] atacando
[2020.01.18-17.04.15:353][756]LogBlueprintUserMessages: [MuroZombies_275] 150
[2020.01.18-17.04.16:484][889]LogBlueprintUserMessages: [ZombieEnano_C_1] atacando
[2020.01.18-17.04.16:484][889]LogBlueprintUserMessages: [ZombieEnano_C_3] atacando
[2020.01.18-17.04.16:510][892]LogBlueprintUserMessages: [ZombieEnano_C_0] atacando
[2020.01.18-17.04.16:536][895]LogBlueprintUserMessages: [ZombieEnano_C_2] atacando
[2020.01.18-17.04.16:622][905]LogBlueprintUserMessages: [ZombieEnano_C_4] atacando
[2020.01.18-17.04.16:856][933]LogBlueprintUserMessages: [MuroZombies_275] 100
[2020.01.18-17.04.17:356][993]LogBlueprintUserMessages: [ZombieSimple_92] atacando
[2020.01.18-17.04.18:363][113]LogBlueprintUserMessages: [MuroZombies_275] 50
[2020.01.18-17.04.18:855][172]LogBlueprintUserMessages: [ZombieSimple_92] atacando
[2020.01.18-17.04.19:247][219]LogBlueprintUserMessages: [ZombieEnano_C_0] atacando
[2020.01.18-17.04.19:356][232]LogBlueprintUserMessages: [ZombieEnano_C_2] atacando
[2020.01.18-17.04.19:364][233]LogBlueprintUserMessages: [ZombieEnano_C_1] atacando
[2020.01.18-17.04.19:449][243]LogBlueprintUserMessages: [ZombieEnano_C_3] atacando
[2020.01.18-17.04.19:465][245]LogBlueprintUserMessages: [ZombieEnano_C_4] atacando
[2020.01.18-17.04.19:858][292]LogBlueprintUserMessages: [MuroZombies_275] 0
[2020.01.18-17.04.20:358][352]LogBlueprintUserMessages: [ZombieSimple_92] atacando
[2020.01.18-17.04.20:593][380]LogScriptCore:Warning: Script Msg: Attempted to access index 14 from array ArrayPuntosSpawn of length 14!
[2020.01.18-17.04.20:593][380]LogScript:Warning: Accessed None trying to read property CallFunc_Array_Get_Item
	ZombieSpawner_C /Game/FirstPersonBP/Maps/UEDPIE_0_FirstPersonExampleMap.FirstPersonExampleMap:PersistentLevel.ZombieSpawner_98
	Function /Game/Enemigos/ZombieSpawner.ZombieSpawner_C:ExecuteUbergraph_ZombieSpawner:04E4
[2020.01.18-17.04.20:593][380]PIE:Error: Error Blueprint Runtime Error: Accessed None trying to read property CallFunc_Array_Get_Item from function: 'ExecuteUbergraph_ZombieSpawner' from node: SpawnActor Zombie Enano in graph: EventGraph in object: ZombieSpawner with description: Accessed None trying to read property CallFunc_Array_Get_Item
[2020.01.18-17.04.21:893][536]LogBlueprintUserMessages: [ZombieFuerte_131] atacando
[2020.01.18-17.04.22:780][642]LogBlueprintUserMessages: [ZombieSimple_92] atacando
[2020.01.18-17.04.24:280][822]LogBlueprintUserMessages: [ZombieSimple_92] atacando
[2020.01.18-17.04.25:498][968]LogBlueprintUserMessages: [ZombieFuerte_131] atacando
[2020.01.18-17.04.25:783][  2]LogBlueprintUserMessages: [ZombieSimple_92] atacando
[2020.01.18-17.04.27:286][182]LogBlueprintUserMessages: [ZombieSimple_92] atacando
[2020.01.18-17.04.28:788][360]LogBlueprintUserMessages: [ZombieSimple_92] atacando
[2020.01.18-17.04.29:105][398]LogBlueprintUserMessages: [ZombieFuerte_131] atacando
[2020.01.18-17.04.30:288][540]LogBlueprintUserMessages: [ZombieSimple_92] atacando
[2020.01.18-17.04.31:791][720]LogBlueprintUserMessages: [ZombieSimple_92] atacando
[2020.01.18-17.04.32:708][830]LogBlueprintUserMessages: [ZombieFuerte_131] atacando
[2020.01.18-17.04.34:585][ 54]LogBlueprintUserMessages: [ZombieSimple_92] atacando
[2020.01.18-17.04.38:008][463]LogBlueprintUserMessages: [ZombieEnano_C_9] atacando
[2020.01.18-17.04.38:226][489]LogBlueprintUserMessages: [ZombieEnano_C_0] atacando
[2020.01.18-17.04.38:233][490]LogBlueprintUserMessages: [ZombieEnano_C_8] atacando
[2020.01.18-17.04.39:330][619]LogBlueprintUserMessages: [ZombieSimple_92] atacando
[2020.01.18-17.04.40:723][782]LogBlueprintUserMessages: [ZombieEnano_C_3] atacando
[2020.01.18-17.04.40:765][787]LogBlueprintUserMessages: [ZombieEnano_C_7] atacando
[2020.01.18-17.04.40:773][788]LogBlueprintUserMessages: [ZombieEnano_C_4] atacando
[2020.01.18-17.04.40:831][795]LogBlueprintUserMessages: [ZombieSimple_92] atacando
[2020.01.18-17.04.40:890][802]LogBlueprintUserMessages: [ZombieEnano_C_2] atacando
[2020.01.18-17.04.41:889][922]LogBlueprintUserMessages: [ZombieEnano_C_8] atacando
[2020.01.18-17.04.42:332][975]LogBlueprintUserMessages: [ZombieSimple_92] atacando
[2020.01.18-17.04.43:325][ 94]LogBlueprintUserMessages: [ZombieEnano_C_3] atacando
[2020.01.18-17.04.43:426][106]LogBlueprintUserMessages: [ZombieEnano_C_7] atacando
[2020.01.18-17.04.43:835][155]LogBlueprintUserMessages: [ZombieSimple_92] atacando
[2020.01.18-17.04.44:494][234]LogBlueprintUserMessages: [ZombieEnano_C_8] atacando
[2020.01.18-17.04.45:335][335]LogBlueprintUserMessages: [ZombieSimple_92] atacando
[2020.01.18-17.04.45:801][390]LogBlueprintUserMessages: [ZombieEnano_C_10] atacando
[2020.01.18-17.04.45:927][405]LogBlueprintUserMessages: [ZombieEnano_C_3] atacando
[2020.01.18-17.04.46:026][417]LogBlueprintUserMessages: [ZombieEnano_C_7] atacando
[2020.01.18-17.04.46:843][515]LogBlueprintUserMessages: [ZombieSimple_92] atacando
[2020.01.18-17.04.47:001][534]LogBlueprintUserMessages: [ZombieFuerte_131] atacando
[2020.01.18-17.04.47:102][546]LogBlueprintUserMessages: [ZombieEnano_C_8] atacando
[2020.01.18-17.04.48:345][695]LogBlueprintUserMessages: [ZombieSimple_92] atacando
[2020.01.18-17.04.48:404][702]LogBlueprintUserMessages: [ZombieEnano_C_10] atacando
[2020.01.18-17.04.48:531][717]LogBlueprintUserMessages: [ZombieEnano_C_3] atacando
[2020.01.18-17.04.48:631][729]LogBlueprintUserMessages: [ZombieEnano_C_7] atacando
[2020.01.18-17.04.49:709][858]LogBlueprintUserMessages: [ZombieEnano_C_8] atacando
[2020.01.18-17.04.49:850][875]LogBlueprintUserMessages: [ZombieSimple_92] atacando
[2020.01.18-17.04.50:609][966]LogBlueprintUserMessages: [ZombieFuerte_131] atacando
[2020.01.18-17.04.51:010][ 14]LogBlueprintUserMessages: [ZombieEnano_C_10] atacando
[2020.01.18-17.04.51:134][ 29]LogBlueprintUserMessages: [ZombieEnano_C_3] atacando
[2020.01.18-17.04.51:234][ 41]LogBlueprintUserMessages: [ZombieEnano_C_7] atacando
[2020.01.18-17.04.51:350][ 55]LogBlueprintUserMessages: [ZombieSimple_92] atacando
[2020.01.18-17.04.52:310][170]LogBlueprintUserMessages: [ZombieEnano_C_8] atacando
[2020.01.18-17.04.52:852][235]LogBlueprintUserMessages: [ZombieSimple_92] atacando
[2020.01.18-17.04.53:612][326]LogBlueprintUserMessages: [ZombieEnano_C_10] atacando
[2020.01.18-17.04.53:737][341]LogBlueprintUserMessages: [ZombieEnano_C_3] atacando
[2020.01.18-17.04.53:837][353]LogBlueprintUserMessages: [ZombieEnano_C_7] atacando
[2020.01.18-17.04.54:212][398]LogBlueprintUserMessages: [ZombieFuerte_131] atacando
[2020.01.18-17.04.54:354][415]LogBlueprintUserMessages: [ZombieSimple_92] atacando
[2020.01.18-17.04.54:914][482]LogBlueprintUserMessages: [ZombieEnano_C_8] atacando
[2020.01.18-17.04.55:858][595]LogBlueprintUserMessages: [ZombieSimple_92] atacando
[2020.01.18-17.04.56:216][638]LogBlueprintUserMessages: [ZombieEnano_C_10] atacando
[2020.01.18-17.04.56:342][653]LogBlueprintUserMessages: [ZombieEnano_C_3] atacando
[2020.01.18-17.04.56:441][665]LogBlueprintUserMessages: [ZombieEnano_C_7] atacando
[2020.01.18-17.04.57:359][775]LogBlueprintUserMessages: [ZombieSimple_92] atacando
[2020.01.18-17.04.57:517][794]LogBlueprintUserMessages: [ZombieEnano_C_8] atacando
[2020.01.18-17.04.57:817][830]LogBlueprintUserMessages: [ZombieFuerte_131] atacando
[2020.01.18-17.04.58:819][950]LogBlueprintUserMessages: [ZombieEnano_C_10] atacando
[2020.01.18-17.04.58:860][955]LogBlueprintUserMessages: [ZombieSimple_92] atacando
[2020.01.18-17.04.58:944][965]LogBlueprintUserMessages: [ZombieEnano_C_3] atacando
[2020.01.18-17.04.59:045][977]LogBlueprintUserMessages: [ZombieEnano_C_7] atacando
[2020.01.18-17.05.00:127][106]LogBlueprintUserMessages: [ZombieEnano_C_8] atacando
[2020.01.18-17.05.00:364][134]LogBlueprintUserMessages: [ZombieSimple_92] atacando
[2020.01.18-17.05.01:418][260]LogBlueprintUserMessages: [ZombieFuerte_131] atacando
[2020.01.18-17.05.01:427][261]LogBlueprintUserMessages: [ZombieEnano_C_10] atacando
[2020.01.18-17.05.01:553][276]LogBlueprintUserMessages: [ZombieEnano_C_3] atacando
[2020.01.18-17.05.01:653][288]LogBlueprintUserMessages: [ZombieEnano_C_7] atacando
[2020.01.18-17.05.01:870][314]LogBlueprintUserMessages: [ZombieSimple_92] atacando
[2020.01.18-17.05.02:730][417]LogBlueprintUserMessages: [ZombieEnano_C_8] atacando
[2020.01.18-17.05.03:372][494]LogBlueprintUserMessages: [ZombieSimple_92] atacando
[2020.01.18-17.05.04:033][573]LogBlueprintUserMessages: [ZombieEnano_C_10] atacando
[2020.01.18-17.05.04:159][588]LogBlueprintUserMessages: [ZombieEnano_C_3] atacando
[2020.01.18-17.05.04:259][600]LogBlueprintUserMessages: [ZombieEnano_C_7] atacando
[2020.01.18-17.05.04:878][674]LogBlueprintUserMessages: [ZombieSimple_92] atacando
[2020.01.18-17.05.05:020][691]LogBlueprintUserMessages: [ZombieFuerte_131] atacando
[2020.01.18-17.05.05:338][729]LogBlueprintUserMessages: [ZombieEnano_C_8] atacando
[2020.01.18-17.05.05:588][759]LogScriptCore:Warning: Script Msg: Attempted to access index 14 from array ArrayPuntosSpawn of length 14!
[2020.01.18-17.05.05:588][759]LogScript:Warning: Accessed None trying to read property CallFunc_Array_Get_Item
	ZombieSpawner_C /Game/FirstPersonBP/Maps/UEDPIE_0_FirstPersonExampleMap.FirstPersonExampleMap:PersistentLevel.ZombieSpawner_98
	Function /Game/Enemigos/ZombieSpawner.ZombieSpawner_C:ExecuteUbergraph_ZombieSpawner:03D0
[2020.01.18-17.05.05:588][759]PIE:Error: Error Blueprint Runtime Error: Accessed None trying to read property CallFunc_Array_Get_Item from function: 'ExecuteUbergraph_ZombieSpawner' from node: SpawnActor Zombie Enano in graph: EventGraph in object: ZombieSpawner with description: Accessed None trying to read property CallFunc_Array_Get_Item
[2020.01.18-17.05.06:383][854]LogBlueprintUserMessages: [ZombieSimple_92] atacando
[2020.01.18-17.05.06:633][884]LogBlueprintUserMessages: [ZombieEnano_C_10] atacando
[2020.01.18-17.05.06:760][899]LogBlueprintUserMessages: [ZombieEnano_C_3] atacando
[2020.01.18-17.05.06:861][911]LogBlueprintUserMessages: [ZombieEnano_C_7] atacando
[2020.01.18-17.05.07:887][ 34]LogBlueprintUserMessages: [ZombieSimple_92] atacando
[2020.01.18-17.05.07:956][ 41]LogBlueprintUserMessages: [ZombieEnano_C_8] atacando
[2020.01.18-17.05.08:628][116]LogBlueprintUserMessages: [ZombieFuerte_131] atacando
[2020.01.18-17.05.09:239][189]LogBlueprintUserMessages: [ZombieEnano_C_10] atacando
[2020.01.18-17.05.09:365][204]LogBlueprintUserMessages: [ZombieEnano_C_3] atacando
[2020.01.18-17.05.09:389][207]LogBlueprintUserMessages: [ZombieSimple_92] atacando
[2020.01.18-17.05.09:466][216]LogBlueprintUserMessages: [ZombieEnano_C_7] atacando
[2020.01.18-17.05.10:554][346]LogBlueprintUserMessages: [ZombieEnano_C_8] atacando
[2020.01.18-17.05.10:588][350]LogScriptCore:Warning: Script Msg: Attempted to access index 14 from array ArrayPuntosSpawn of length 14!
[2020.01.18-17.05.10:588][350]LogScript:Warning: Accessed None trying to read property CallFunc_Array_Get_Item
	ZombieSpawner_C /Game/FirstPersonBP/Maps/UEDPIE_0_FirstPersonExampleMap.FirstPersonExampleMap:PersistentLevel.ZombieSpawner_98
	Function /Game/Enemigos/ZombieSpawner.ZombieSpawner_C:ExecuteUbergraph_ZombieSpawner:03D0
[2020.01.18-17.05.10:588][350]PIE:Error: Error Blueprint Runtime Error: Accessed None trying to read property CallFunc_Array_Get_Item from function: 'ExecuteUbergraph_ZombieSpawner' from node: SpawnActor Zombie Enano in graph: EventGraph in object: ZombieSpawner with description: Accessed None trying to read property CallFunc_Array_Get_Item
[2020.01.18-17.05.10:588][350]LogScriptCore:Warning: Script Msg: Attempted to access index 14 from array ArrayPuntosSpawn of length 14!
[2020.01.18-17.05.10:588][350]LogScript:Warning: Accessed None trying to read property CallFunc_Array_Get_Item
	ZombieSpawner_C /Game/FirstPersonBP/Maps/UEDPIE_0_FirstPersonExampleMap.FirstPersonExampleMap:PersistentLevel.ZombieSpawner_98
	Function /Game/Enemigos/ZombieSpawner.ZombieSpawner_C:ExecuteUbergraph_ZombieSpawner:04E4
[2020.01.18-17.05.10:588][350]PIE:Error: Error Blueprint Runtime Error: Accessed None trying to read property CallFunc_Array_Get_Item from function: 'ExecuteUbergraph_ZombieSpawner' from node: SpawnActor Zombie Enano in graph: EventGraph in object: ZombieSpawner with description: Accessed None trying to read property CallFunc_Array_Get_Item
[2020.01.18-17.05.10:896][387]LogBlueprintUserMessages: [ZombieSimple_92] atacando
[2020.01.18-17.05.11:842][500]LogBlueprintUserMessages: [ZombieEnano_C_10] atacando
[2020.01.18-17.05.11:966][515]LogBlueprintUserMessages: [ZombieEnano_C_3] atacando
[2020.01.18-17.05.12:067][527]LogBlueprintUserMessages: [ZombieEnano_C_7] atacando
[2020.01.18-17.05.12:233][547]LogBlueprintUserMessages: [ZombieFuerte_131] atacando
[2020.01.18-17.05.12:402][567]LogBlueprintUserMessages: [ZombieSimple_92] atacando
[2020.01.18-17.05.13:160][657]LogBlueprintUserMessages: [ZombieEnano_C_8] atacando
[2020.01.18-17.05.13:902][746]LogBlueprintUserMessages: [ZombieSimple_92] atacando
[2020.01.18-17.05.14:445][811]LogBlueprintUserMessages: [ZombieEnano_C_10] atacando
[2020.01.18-17.05.14:570][826]LogBlueprintUserMessages: [ZombieEnano_C_3] atacando
[2020.01.18-17.05.14:670][838]LogBlueprintUserMessages: [ZombieEnano_C_7] atacando
[2020.01.18-17.05.15:406][926]LogBlueprintUserMessages: [ZombieSimple_92] atacando
[2020.01.18-17.05.15:760][968]LogBlueprintUserMessages: [ZombieEnano_C_8] atacando
[2020.01.18-17.05.15:836][977]LogBlueprintUserMessages: [ZombieFuerte_131] atacando
[2020.01.18-17.05.16:915][106]LogBlueprintUserMessages: [ZombieSimple_92] atacando
[2020.01.18-17.05.17:048][122]LogBlueprintUserMessages: [ZombieEnano_C_10] atacando
[2020.01.18-17.05.17:174][137]LogBlueprintUserMessages: [ZombieEnano_C_3] atacando
[2020.01.18-17.05.17:275][149]LogBlueprintUserMessages: [ZombieEnano_C_7] atacando
[2020.01.18-17.05.18:361][279]LogBlueprintUserMessages: [ZombieEnano_C_8] atacando
[2020.01.18-17.05.18:419][286]LogBlueprintUserMessages: [ZombieSimple_92] atacando
[2020.01.18-17.05.19:443][405]LogBlueprintUserMessages: [ZombieFuerte_131] atacando
[2020.01.18-17.05.19:651][430]LogBlueprintUserMessages: [ZombieEnano_C_10] atacando
[2020.01.18-17.05.19:777][445]LogBlueprintUserMessages: [ZombieEnano_C_3] atacando
[2020.01.18-17.05.19:877][457]LogBlueprintUserMessages: [ZombieEnano_C_7] atacando
[2020.01.18-17.05.19:920][462]LogBlueprintUserMessages: [ZombieSimple_92] atacando
[2020.01.18-17.05.20:969][587]LogBlueprintUserMessages: [ZombieEnano_C_8] atacando
[2020.01.18-17.05.21:428][642]LogBlueprintUserMessages: [ZombieSimple_92] atacando
[2020.01.18-17.05.21:838][691]LogBlueprintUserMessages: Early EndPlayMap Detection: Level '/Game/FirstPersonBP/Maps/FirstPersonExampleMap.FirstPersonExampleMap:PersistentLevel' has LevelScriptBlueprint '/Game/FirstPersonBP/Maps/FirstPersonExampleMap.FirstPersonExampleMap:PersistentLevel.FirstPersonExampleMap' with GeneratedClass '/Game/FirstPersonBP/Maps/FirstPersonExampleMap.FirstPersonExampleMap_C' with ClassGeneratedBy '/Game/FirstPersonBP/Maps/FirstPersonExampleMap.FirstPersonExampleMap:PersistentLevel.FirstPersonExampleMap'
[2020.01.18-17.05.21:875][691]LogBlueprintUserMessages: Late EndPlayMap Detection: Level '/Game/FirstPersonBP/Maps/FirstPersonExampleMap.FirstPersonExampleMap:PersistentLevel' has LevelScriptBlueprint '/Game/FirstPersonBP/Maps/FirstPersonExampleMap.FirstPersonExampleMap:PersistentLevel.FirstPersonExampleMap' with GeneratedClass '/Game/FirstPersonBP/Maps/FirstPersonExampleMap.FirstPersonExampleMap_C' with ClassGeneratedBy '/Game/FirstPersonBP/Maps/FirstPersonExampleMap.FirstPersonExampleMap:PersistentLevel.FirstPersonExampleMap'
[2020.01.18-17.05.23:086][801]LogWindowsTextInputMethodSystem:Display: IME system now deactivated.
[2020.01.18-17.05.23:270][802]Cmd: QUIT_EDITOR
[2020.01.18-17.05.23:375][802]LogExit: Preparing to exit.
[2020.01.18-17.05.23:981][802]LogDirectoryWatcher: A directory notification for 'D:/Diego Trapiello/Documents/Unreal Projects/videojuego_shooter/EntregaJuegoUnreal2/Content/' was aborted.
[2020.01.18-17.05.24:013][802]LogExit: Editor shut down
[2020.01.18-17.05.24:014][802]LogExit: Transaction tracking system shut down
[2020.01.18-17.05.24:068][802]LogObj: Freed 0b from 0 cluster array pools.
[2020.01.18-17.05.24:068][802]LogExit: Object subsystem successfully closed.
[2020.01.18-17.05.24:087][802]LogD3D11RHI: Shutdown
[2020.01.18-17.05.24:087][802]LogD3D11RHI: CleanupD3DDevice
[2020.01.18-17.05.24:151][802]LogD3D11RHI: ~FD3D11DynamicRHI
[2020.01.18-17.05.24:160][802]LogModuleManager: Shutting down and abandoning module MovieSceneCapture (526)
[2020.01.18-17.05.24:160][802]LogModuleManager: Shutting down and abandoning module HierarchicalLODOutliner (524)
[2020.01.18-17.05.24:160][802]LogModuleManager: Shutting down and abandoning module CrashTracker (522)
[2020.01.18-17.05.24:160][802]LogModuleManager: Shutting down and abandoning module SceneOutliner (520)
[2020.01.18-17.05.24:160][802]LogModuleManager: Shutting down and abandoning module AddContentDialog (518)
[2020.01.18-17.05.24:160][802]LogDirectoryWatcher: A directory notification for 'D:/Program Files (x86)/Epic Games/UE_4.16/FeaturePacks/' was aborted.
[2020.01.18-17.05.24:161][802]LogModuleManager: Shutting down and abandoning module WidgetCarousel (517)
[2020.01.18-17.05.24:161][802]LogModuleManager: Shutting down and abandoning module EditorWidgets (514)
[2020.01.18-17.05.24:161][802]LogModuleManager: Shutting down and abandoning module CollectionManager (512)
[2020.01.18-17.05.24:161][802]LogDirectoryWatcher: A directory notification for 'D:/Diego Trapiello/Documents/Unreal Projects/videojuego_shooter/EntregaJuegoUnreal2/Content/Collections/' was aborted.
[2020.01.18-17.05.24:161][802]LogDirectoryWatcher: A directory notification for 'D:/Diego Trapiello/Documents/Unreal Projects/videojuego_shooter/EntregaJuegoUnreal2/Content/Developers/DiegoTrapiello/Collections/' was aborted.
[2020.01.18-17.05.24:161][802]LogDirectoryWatcher: A directory notification for 'D:/Diego Trapiello/Documents/Unreal Projects/videojuego_shooter/EntregaJuegoUnreal2/Saved/Collections/' was aborted.
[2020.01.18-17.05.24:162][802]LogModuleManager: Shutting down and abandoning module StatsViewer (510)
[2020.01.18-17.05.24:162][802]LogModuleManager: Shutting down and abandoning module FoliageEdit (508)
[2020.01.18-17.05.24:162][802]LogModuleManager: Shutting down and abandoning module LandscapeEditor (506)
[2020.01.18-17.05.24:162][802]LogModuleManager: Shutting down and abandoning module MeshPaintMode (504)
[2020.01.18-17.05.24:162][802]LogModuleManager: Shutting down and abandoning module SceneDepthPickerMode (502)
[2020.01.18-17.05.24:162][802]LogModuleManager: Shutting down and abandoning module ActorPickerMode (500)
[2020.01.18-17.05.24:162][802]LogModuleManager: Shutting down and abandoning module GeometryMode (498)
[2020.01.18-17.05.24:162][802]LogModuleManager: Shutting down and abandoning module TextureAlignMode (496)
[2020.01.18-17.05.24:162][802]LogModuleManager: Shutting down and abandoning module BspMode (494)
[2020.01.18-17.05.24:162][802]LogModuleManager: Shutting down and abandoning module HardwareSurvey (492)
[2020.01.18-17.05.24:162][802]LogModuleManager: Shutting down and abandoning module SequenceRecorderSections (490)
[2020.01.18-17.05.24:162][802]LogModuleManager: Shutting down and abandoning module AutomationWorker (488)
[2020.01.18-17.05.24:162][802]LogModuleManager: Shutting down and abandoning module MatineeToLevelSequence (486)
[2020.01.18-17.05.24:162][802]LogModuleManager: Shutting down and abandoning module LevelSequenceEditor (484)
[2020.01.18-17.05.24:162][802]LogModuleManager: Shutting down and abandoning module PlacementMode (483)
[2020.01.18-17.05.24:162][802]LogModuleManager: Shutting down and abandoning module WmfMediaFactory (480)
[2020.01.18-17.05.24:162][802]LogModuleManager: Shutting down and abandoning module WmfMediaEditor (478)
[2020.01.18-17.05.24:162][802]LogModuleManager: Shutting down and abandoning module AvfMediaFactory (476)
[2020.01.18-17.05.24:162][802]LogModuleManager: Shutting down and abandoning module AvfMediaEditor (474)
[2020.01.18-17.05.24:162][802]LogModuleManager: Shutting down and abandoning module AndroidMediaFactory (472)
[2020.01.18-17.05.24:162][802]LogModuleManager: Shutting down and abandoning module Media (471)
[2020.01.18-17.05.24:162][802]LogModuleManager: Shutting down and abandoning module AndroidMediaEditor (468)
[2020.01.18-17.05.24:162][802]LogModuleManager: Shutting down and abandoning module CharacterAI (466)
[2020.01.18-17.05.24:162][802]LogModuleManager: Shutting down and abandoning module AudioCapture (464)
[2020.01.18-17.05.24:162][802]LogModuleManager: Shutting down and abandoning module SequenceRecorder (463)
[2020.01.18-17.05.24:162][802]LogModuleManager: Shutting down and abandoning module SmartSnapping (460)
[2020.01.18-17.05.24:162][802]LogModuleManager: Shutting down and abandoning module SessionServices (458)
[2020.01.18-17.05.24:162][802]LogModuleManager: Shutting down and abandoning module ViewportSnapping (456)
[2020.01.18-17.05.24:162][802]LogModuleManager: Shutting down and abandoning module ViewportInteraction (454)
[2020.01.18-17.05.24:162][802]LogModuleManager: Shutting down and abandoning module ClothPainter (452)
[2020.01.18-17.05.24:162][802]LogModuleManager: Shutting down and abandoning module LogVisualizer (450)
[2020.01.18-17.05.24:162][802]LogModuleManager: Shutting down and abandoning module IntroTutorials (448)
[2020.01.18-17.05.24:162][802]LogModuleManager: Shutting down and abandoning module GameProjectGeneration (447)
[2020.01.18-17.05.24:162][802]LogModuleManager: Shutting down and abandoning module EditorLiveStreaming (444)
[2020.01.18-17.05.24:162][802]LogModuleManager: Shutting down and abandoning module IOSPlatformEditor (442)
[2020.01.18-17.05.24:162][802]LogModuleManager: Shutting down and abandoning module HTML5PlatformEditor (440)
[2020.01.18-17.05.24:162][802]LogModuleManager: Shutting down and abandoning module AndroidPlatformEditor (438)
[2020.01.18-17.05.24:162][802]LogModuleManager: Shutting down and abandoning module AndroidDeviceDetection (437)
[2020.01.18-17.05.25:021][802]LogModuleManager: Shutting down and abandoning module IOSRuntimeSettings (434)
[2020.01.18-17.05.25:021][802]LogModuleManager: Shutting down and abandoning module AndroidRuntimeSettings (432)
[2020.01.18-17.05.25:021][802]LogModuleManager: Shutting down and abandoning module InputBindingEditor (430)
[2020.01.18-17.05.25:021][802]LogModuleManager: Shutting down and abandoning module MergeActors (428)
[2020.01.18-17.05.25:021][802]LogModuleManager: Shutting down and abandoning module SizeMap (426)
[2020.01.18-17.05.25:021][802]LogModuleManager: Shutting down and abandoning module TreeMap (424)
[2020.01.18-17.05.25:021][802]LogModuleManager: Shutting down and abandoning module ReferenceViewer (422)
[2020.01.18-17.05.25:021][802]LogModuleManager: Shutting down and abandoning module LocalizationDashboard (420)
[2020.01.18-17.05.25:021][802]LogModuleManager: Shutting down and abandoning module LocalizationService (419)
[2020.01.18-17.05.25:021][802]LogModuleManager: Shutting down and abandoning module HardwareTargeting (416)
[2020.01.18-17.05.25:021][802]LogModuleManager: Shutting down and abandoning module DeviceProfileEditor (414)
[2020.01.18-17.05.25:021][802]LogModuleManager: Shutting down and abandoning module UndoHistory (412)
[2020.01.18-17.05.25:021][802]LogModuleManager: Shutting down and abandoning module UserFeedback (410)
[2020.01.18-17.05.25:021][802]LogModuleManager: Shutting down and abandoning module XmlParser (408)
[2020.01.18-17.05.25:021][802]LogModuleManager: Shutting down and abandoning module Blutility (406)
[2020.01.18-17.05.25:021][802]LogModuleManager: Shutting down and abandoning module ProjectSettingsViewer (404)
[2020.01.18-17.05.25:021][802]LogModuleManager: Shutting down and abandoning module ProjectTargetPlatformEditor (403)
[2020.01.18-17.05.25:021][802]LogModuleManager: Shutting down and abandoning module EditorSettingsViewer (400)
[2020.01.18-17.05.25:021][802]LogModuleManager: Shutting down and abandoning module SettingsEditor (398)
[2020.01.18-17.05.25:022][802]LogModuleManager: Shutting down and abandoning module ProjectLauncher (396)
[2020.01.18-17.05.25:022][802]LogModuleManager: Shutting down and abandoning module SessionFrontend (394)
[2020.01.18-17.05.25:022][802]LogModuleManager: Shutting down and abandoning module ProfilerClient (392)
[2020.01.18-17.05.25:022][802]LogModuleManager: Shutting down and abandoning module DeviceManager (390)
[2020.01.18-17.05.25:022][802]LogModuleManager: Shutting down and abandoning module TargetDeviceServices (389)
[2020.01.18-17.05.25:088][802]LogModuleManager: Shutting down and abandoning module AutomationController (386)
[2020.01.18-17.05.25:088][802]LogModuleManager: Shutting down and abandoning module AutomationWindow (384)
[2020.01.18-17.05.25:088][802]LogModuleManager: Shutting down and abandoning module Layers (382)
[2020.01.18-17.05.25:088][802]LogModuleManager: Shutting down and abandoning module ComponentVisualizers (380)
[2020.01.18-17.05.25:088][802]LogModuleManager: Shutting down and abandoning module DetailCustomizations (378)
[2020.01.18-17.05.25:088][802]LogModuleManager: Shutting down and abandoning module PackagesDialog (376)
[2020.01.18-17.05.25:088][802]LogModuleManager: Shutting down and abandoning module Persona (374)
[2020.01.18-17.05.25:088][802]LogModuleManager: Shutting down and abandoning module AdvancedPreviewScene (373)
[2020.01.18-17.05.25:088][802]LogModuleManager: Shutting down and abandoning module AnimGraph (371)
[2020.01.18-17.05.25:088][802]LogModuleManager: Shutting down and abandoning module Kismet (368)
[2020.01.18-17.05.25:089][802]LogModuleManager: Shutting down and abandoning module ClassViewer (366)
[2020.01.18-17.05.25:089][802]LogModuleManager: Shutting down and abandoning module Toolbox (364)
[2020.01.18-17.05.25:089][802]LogModuleManager: Shutting down and abandoning module ModuleUI (362)
[2020.01.18-17.05.25:089][802]LogModuleManager: Shutting down and abandoning module MovieSceneTools (360)
[2020.01.18-17.05.25:089][802]LogModuleManager: Shutting down and abandoning module OutputLog (358)
[2020.01.18-17.05.25:089][802]LogModuleManager: Shutting down and abandoning module GammaUI (356)
[2020.01.18-17.05.25:089][802]LogModuleManager: Shutting down and abandoning module Documentation (354)
[2020.01.18-17.05.25:089][802]LogModuleManager: Shutting down and abandoning module MovieSceneTracks (352)
[2020.01.18-17.05.25:089][802]LogModuleManager: Shutting down and abandoning module MovieScene (350)
[2020.01.18-17.05.25:089][802]LogModuleManager: Shutting down and abandoning module Niagara (348)
[2020.01.18-17.05.25:089][802]LogModuleManager: Shutting down and abandoning module NiagaraEditor (347)
[2020.01.18-17.05.25:089][802]LogModuleManager: Shutting down and abandoning module StreamingPauseRendering (344)
[2020.01.18-17.05.25:089][802]LogModuleManager: Shutting down and abandoning module AnalyticsET (342)
[2020.01.18-17.05.25:089][802]LogModuleManager: Shutting down and abandoning module PortalServices (340)
[2020.01.18-17.05.25:089][802]LogModuleManager: Shutting down and abandoning module PortalRpc (338)
[2020.01.18-17.05.25:089][802]LogModuleManager: Shutting down and abandoning module MessagingRpc (336)
[2020.01.18-17.05.25:089][802]LogModuleManager: Shutting down and abandoning module AIModule (334)
[2020.01.18-17.05.25:089][802]LogModuleManager: Shutting down and abandoning module GameplayDebugger (333)
[2020.01.18-17.05.25:089][802]LogModuleManager: Shutting down and abandoning module AITestSuite (331)
[2020.01.18-17.05.25:089][802]LogModuleManager: Shutting down and abandoning module ProfilerService (328)
[2020.01.18-17.05.25:290][802]LogModuleManager: Shutting down and abandoning module TaskGraph (326)
[2020.01.18-17.05.25:290][802]LogModuleManager: Shutting down and abandoning module SteamVRController (324)
[2020.01.18-17.05.25:290][802]LogModuleManager: Shutting down and abandoning module SteamVR (322)
[2020.01.18-17.05.25:290][802]LogModuleManager: Shutting down and abandoning module ProceduralMeshComponentEditor (320)
[2020.01.18-17.05.25:290][802]LogModuleManager: Shutting down and abandoning module ProceduralMeshComponent (318)
[2020.01.18-17.05.25:290][802]LogModuleManager: Shutting down and abandoning module OculusLibrary (316)
[2020.01.18-17.05.25:290][802]LogModuleManager: Shutting down and abandoning module OculusInput (314)
[2020.01.18-17.05.25:290][802]LogModuleManager: Shutting down and abandoning module MobilePatchingUtils (312)
[2020.01.18-17.05.25:290][802]LogModuleManager: Shutting down and abandoning module CustomMeshComponent (310)
[2020.01.18-17.05.25:290][802]LogModuleManager: Shutting down and abandoning module CableComponent (308)
[2020.01.18-17.05.25:290][802]LogModuleManager: Shutting down and abandoning module ArchVisCharacter (306)
[2020.01.18-17.05.25:290][802]LogModuleManager: Shutting down and abandoning module AndroidPermission (304)
[2020.01.18-17.05.25:290][802]LogModuleManager: Shutting down and abandoning module MediaPlayerEditor (300)
[2020.01.18-17.05.25:290][802]LogModuleManager: Shutting down and abandoning module HTML5Networking (298)
[2020.01.18-17.05.25:290][802]LogModuleManager: Shutting down and abandoning module AlembicImporter (296)
[2020.01.18-17.05.25:290][802]LogModuleManager: Shutting down and abandoning module AlembicLibrary (295)
[2020.01.18-17.05.25:290][802]LogModuleManager: Shutting down and abandoning module GeometryCache (294)
[2020.01.18-17.05.25:290][802]LogModuleManager: Shutting down and abandoning module GeometryCacheEd (293)
[2020.01.18-17.05.25:290][802]LogModuleManager: Shutting down and abandoning module SuperSearchEditor (288)
[2020.01.18-17.05.25:290][802]LogModuleManager: Shutting down and abandoning module SuperSearch (287)
[2020.01.18-17.05.25:290][802]LogModuleManager: Shutting down and abandoning module SpeedTreeImporter (284)
[2020.01.18-17.05.25:290][802]LogModuleManager: Shutting down and abandoning module PluginBrowser (282)
[2020.01.18-17.05.25:290][802]LogModuleManager: Shutting down and abandoning module MobileLauncherProfileWizard (280)
[2020.01.18-17.05.25:290][802]LogModuleManager: Shutting down and abandoning module VisualStudioSourceCodeAccess (278)
[2020.01.18-17.05.25:290][802]LogModuleManager: Shutting down and abandoning module DesktopPlatform (277)
[2020.01.18-17.05.25:290][802]LogModuleManager: Shutting down and abandoning module UObjectPlugin (274)
[2020.01.18-17.05.25:291][802]LogModuleManager: Shutting down and abandoning module SubversionSourceControl (272)
[2020.01.18-17.05.25:291][802]LogModuleManager: Shutting down and abandoning module PerforceSourceControl (270)
[2020.01.18-17.05.25:291][802]LogModuleManager: Shutting down and abandoning module GitSourceControl (268)
[2020.01.18-17.05.25:291][802]LogModuleManager: Shutting down and abandoning module SourceControl (267)
[2020.01.18-17.05.25:291][802]LogModuleManager: Shutting down and abandoning module LightPropagationVolumeEditor (264)
[2020.01.18-17.05.25:291][802]LogModuleManager: Shutting down and abandoning module PaperTiledImporter (262)
[2020.01.18-17.05.25:291][802]LogModuleManager: Shutting down and abandoning module PaperSpriteSheetImporter (260)
[2020.01.18-17.05.25:291][802]LogModuleManager: Shutting down and abandoning module Paper2DEditor (258)
[2020.01.18-17.05.25:291][802]LogModuleManager: Shutting down and abandoning module MeshPaint (257)
[2020.01.18-17.05.25:291][802]LogModuleManager: Shutting down and abandoning module LevelEditor (255)
[2020.01.18-17.05.25:291][802]LogModuleManager: Shutting down and abandoning module PixelInspectorModule (254)
[2020.01.18-17.05.25:291][802]LogModuleManager: Shutting down and abandoning module MainFrame (252)
[2020.01.18-17.05.25:291][802]LogModuleManager: Shutting down and abandoning module HotReload (251)
[2020.01.18-17.05.25:292][802]LogModuleManager: Shutting down and abandoning module PhysXVehiclesEditor (246)
[2020.01.18-17.05.25:292][802]LogModuleManager: Shutting down and abandoning module PhysXVehicles (244)
[2020.01.18-17.05.25:292][802]LogModuleManager: Shutting down and abandoning module LocationServicesBPLibrary (242)
[2020.01.18-17.05.25:292][802]LogModuleManager: Shutting down and abandoning module ImmediatePhysicsEditor (240)
[2020.01.18-17.05.25:292][802]LogModuleManager: Shutting down and abandoning module ImmediatePhysics (238)
[2020.01.18-17.05.25:292][802]LogModuleManager: Shutting down and abandoning module UdpMessaging (236)
[2020.01.18-17.05.25:393][802]LogModuleManager: Shutting down and abandoning module TcpMessaging (234)
[2020.01.18-17.05.25:494][802]LogModuleManager: Shutting down and abandoning module GameplayTagsEditor (232)
[2020.01.18-17.05.25:494][802]LogModuleManager: Shutting down and abandoning module FacialAnimationEditor (230)
[2020.01.18-17.05.25:494][802]LogModuleManager: Shutting down and abandoning module FacialAnimation (228)
[2020.01.18-17.05.25:494][802]LogModuleManager: Shutting down and abandoning module AssetManagerEditor (226)
[2020.01.18-17.05.25:494][802]LogModuleManager: Shutting down and abandoning module GraphEditor (225)
[2020.01.18-17.05.25:494][802]LogModuleManager: Shutting down and abandoning module ContentBrowser (223)
[2020.01.18-17.05.25:494][802]LogModuleManager: Shutting down and abandoning module LightPropagationVolumeRuntime (220)
[2020.01.18-17.05.25:494][802]LogModuleManager: Shutting down and abandoning module Paper2D (218)
[2020.01.18-17.05.25:494][802]LogModuleManager: Shutting down and abandoning module WindowsMoviePlayer (216)
[2020.01.18-17.05.25:494][802]LogModuleManager: Shutting down and abandoning module WmfMedia (214)
[2020.01.18-17.05.25:496][802]LogModuleManager: Shutting down and abandoning module ClothingSystemEditor (212)
[2020.01.18-17.05.25:496][802]LogModuleManager: Shutting down and abandoning module ClothingSystemRuntime (210)
[2020.01.18-17.05.25:496][802]LogModuleManager: Shutting down and abandoning module MediaAssets (208)
[2020.01.18-17.05.25:496][802]LogModuleManager: Shutting down and abandoning module GameLiveStreaming (206)
[2020.01.18-17.05.25:496][802]LogModuleManager: Shutting down and abandoning module VREditor (204)
[2020.01.18-17.05.25:496][802]LogModuleManager: Shutting down and abandoning module StringTableEditor (202)
[2020.01.18-17.05.25:496][802]LogModuleManager: Shutting down and abandoning module GameplayTasksEditor (200)
[2020.01.18-17.05.25:496][802]LogModuleManager: Shutting down and abandoning module BehaviorTreeEditor (198)
[2020.01.18-17.05.25:496][802]LogModuleManager: Shutting down and abandoning module FunctionalTesting (196)
[2020.01.18-17.05.25:496][802]LogModuleManager: Shutting down and abandoning module CollisionAnalyzer (194)
[2020.01.18-17.05.25:496][802]LogModuleManager: Shutting down and abandoning module UMG (192)
[2020.01.18-17.05.25:496][802]LogModuleManager: Shutting down and abandoning module UMGEditor (191)
[2020.01.18-17.05.25:496][802]LogModuleManager: Shutting down and abandoning module Sequencer (190)
[2020.01.18-17.05.25:496][802]LogModuleManager: Shutting down and abandoning module AssetTools (188)
[2020.01.18-17.05.25:496][802]LogModuleManager: Shutting down and abandoning module MessageLog (187)
[2020.01.18-17.05.25:496][802]LogModuleManager: Shutting down and abandoning module WorkspaceMenuStructure (186)
[2020.01.18-17.05.25:496][802]LogModuleManager: Shutting down and abandoning module SlateReflector (180)
[2020.01.18-17.05.25:496][802]LogModuleManager: Shutting down and abandoning module Slate (178)
[2020.01.18-17.05.25:496][802]LogModuleManager: Shutting down and abandoning module EditorStyle (176)
[2020.01.18-17.05.25:498][802]LogModuleManager: Shutting down and abandoning module SourceCodeAccess (174)
[2020.01.18-17.05.25:498][802]LogModuleManager: Shutting down and abandoning module HeadMountedDisplay (172)
[2020.01.18-17.05.25:498][802]LogModuleManager: Shutting down and abandoning module XAudio2 (170)
[2020.01.18-17.05.25:498][802]LogModuleManager: Shutting down and abandoning module Networking (168)
[2020.01.18-17.05.25:498][802]LogModuleManager: Shutting down and abandoning module Core (164)
[2020.01.18-17.05.25:498][802]LogModuleManager: Shutting down and abandoning module AssetRegistry (162)
[2020.01.18-17.05.25:601][802]LogDirectoryWatcher: A directory notification for '../../../Engine/Content/' was aborted.
[2020.01.18-17.05.25:601][802]LogDirectoryWatcher: A directory notification for '../../../../../../Diego Trapiello/Documents/Unreal Projects/videojuego_shooter/EntregaJuegoUnreal2/Content/' was aborted.
[2020.01.18-17.05.25:601][802]LogDirectoryWatcher: A directory notification for '../../../Engine/Plugins/2D/Paper2D/Content/' was aborted.
[2020.01.18-17.05.25:601][802]LogDirectoryWatcher: A directory notification for '../../../Engine/Plugins/Runtime/GearVR/Content/' was aborted.
[2020.01.18-17.05.25:604][802]LogModuleManager: Shutting down and abandoning module DirectoryWatcher (161)
[2020.01.18-17.05.25:604][802]LogModuleManager: Shutting down and abandoning module KismetCompiler (158)
[2020.01.18-17.05.25:604][802]LogModuleManager: Shutting down and abandoning module LevelSequence (156)
[2020.01.18-17.05.25:604][802]LogModuleManager: Shutting down and abandoning module PhysXFormats (154)
[2020.01.18-17.05.25:604][802]LogModuleManager: Shutting down and abandoning module MeshUtilities (152)
[2020.01.18-17.05.25:604][802]LogModuleManager: Shutting down and abandoning module SimplygonSwarm (151)
[2020.01.18-17.05.25:604][802]LogModuleManager: Shutting down and abandoning module SimplygonMeshReduction (149)
[2020.01.18-17.05.25:604][802]LogModuleManager: Shutting down and abandoning module QuadricMeshReduction (147)
[2020.01.18-17.05.25:604][802]LogModuleManager: Shutting down and abandoning module DerivedDataCache (144)
[2020.01.18-17.05.25:619][802]LogDerivedDataCache: Shutdown
[2020.01.18-17.05.25:619][802]LogModuleManager: Shutting down and abandoning module TargetPlatform (142)
[2020.01.18-17.05.25:619][802]LogModuleManager: Shutting down and abandoning module VulkanShaderFormat (141)
[2020.01.18-17.05.25:619][802]LogModuleManager: Shutting down and abandoning module ShaderFormatVectorVM (139)
[2020.01.18-17.05.25:619][802]LogModuleManager: Shutting down and abandoning module ShaderFormatOpenGL (137)
[2020.01.18-17.05.25:619][802]LogModuleManager: Shutting down and abandoning module ShaderFormatD3D (135)
[2020.01.18-17.05.25:619][802]LogModuleManager: Shutting down and abandoning module MetalShaderFormat (133)
[2020.01.18-17.05.25:619][802]LogModuleManager: Shutting down and abandoning module TextureFormatUncompressed (131)
[2020.01.18-17.05.25:619][802]LogModuleManager: Shutting down and abandoning module TextureFormatPVR (129)
[2020.01.18-17.05.25:619][802]LogModuleManager: Shutting down and abandoning module TextureFormatDXT (127)
[2020.01.18-17.05.25:619][802]LogModuleManager: Shutting down and abandoning module TextureFormatIntelISPCTexComp (125)
[2020.01.18-17.05.25:619][802]LogModuleManager: Shutting down and abandoning module TextureFormatASTC (123)
[2020.01.18-17.05.25:619][802]LogModuleManager: Shutting down and abandoning module ImageWrapper (122)
[2020.01.18-17.05.25:619][802]LogModuleManager: Shutting down and abandoning module TextureFormatAndroid (119)
[2020.01.18-17.05.25:619][802]LogModuleManager: Shutting down and abandoning module AudioFormatOpus (117)
[2020.01.18-17.05.25:619][802]LogModuleManager: Shutting down and abandoning module AudioFormatOgg (115)
[2020.01.18-17.05.25:619][802]LogModuleManager: Shutting down and abandoning module AudioFormatADPCM (113)
[2020.01.18-17.05.25:619][802]LogModuleManager: Shutting down and abandoning module LinuxTargetPlatform (111)
[2020.01.18-17.05.25:619][802]LogModuleManager: Shutting down and abandoning module LinuxServerTargetPlatform (109)
[2020.01.18-17.05.25:619][802]LogModuleManager: Shutting down and abandoning module LinuxNoEditorTargetPlatform (107)
[2020.01.18-17.05.25:619][802]LogModuleManager: Shutting down and abandoning module LinuxClientTargetPlatform (105)
[2020.01.18-17.05.25:619][802]LogModuleManager: Shutting down and abandoning module TVOSTargetPlatform (103)
[2020.01.18-17.05.25:619][802]LogModuleManager: Shutting down and abandoning module Messaging (101)
[2020.01.18-17.05.25:620][802]LogModuleManager: Shutting down and abandoning module IOSTargetPlatform (99)
[2020.01.18-17.05.25:620][802]LogModuleManager: Shutting down and abandoning module HTML5TargetPlatform (97)
[2020.01.18-17.05.25:620][802]LogModuleManager: Shutting down and abandoning module Android_PVRTCTargetPlatform (95)
[2020.01.18-17.05.25:620][802]LogModuleManager: Shutting down and abandoning module Android_MultiTargetPlatform (93)
[2020.01.18-17.05.25:620][802]LogModuleManager: Shutting down and abandoning module Android_ETC2TargetPlatform (91)
[2020.01.18-17.05.25:620][802]LogModuleManager: Shutting down and abandoning module Android_ETC1TargetPlatform (89)
[2020.01.18-17.05.25:620][802]LogModuleManager: Shutting down and abandoning module Android_DXTTargetPlatform (87)
[2020.01.18-17.05.25:620][802]LogModuleManager: Shutting down and abandoning module Android_ATCTargetPlatform (85)
[2020.01.18-17.05.25:620][802]LogModuleManager: Shutting down and abandoning module Android_ASTCTargetPlatform (83)
[2020.01.18-17.05.25:620][802]LogModuleManager: Shutting down and abandoning module AndroidTargetPlatform (81)
[2020.01.18-17.05.25:620][802]LogModuleManager: Shutting down and abandoning module WindowsTargetPlatform (79)
[2020.01.18-17.05.25:620][802]LogModuleManager: Shutting down and abandoning module WindowsServerTargetPlatform (77)
[2020.01.18-17.05.25:620][802]LogModuleManager: Shutting down and abandoning module WindowsNoEditorTargetPlatform (75)
[2020.01.18-17.05.25:620][802]LogModuleManager: Shutting down and abandoning module WindowsClientTargetPlatform (73)
[2020.01.18-17.05.25:620][802]LogModuleManager: Shutting down and abandoning module MacTargetPlatform (71)
[2020.01.18-17.05.25:620][802]LogModuleManager: Shutting down and abandoning module MacServerTargetPlatform (69)
[2020.01.18-17.05.25:620][802]LogModuleManager: Shutting down and abandoning module MacNoEditorTargetPlatform (67)
[2020.01.18-17.05.25:620][802]LogModuleManager: Shutting down and abandoning module MacClientTargetPlatform (65)
[2020.01.18-17.05.25:620][802]LogModuleManager: Shutting down and abandoning module AllDesktopTargetPlatform (63)
[2020.01.18-17.05.25:620][802]LogModuleManager: Shutting down and abandoning module InputCore (60)
[2020.01.18-17.05.25:620][802]LogModuleManager: Shutting down and abandoning module Settings (58)
[2020.01.18-17.05.25:620][802]LogModuleManager: Shutting down and abandoning module OculusRift (56)
[2020.01.18-17.05.25:620][802]LogModuleManager: Shutting down and abandoning module GearVRController (54)
[2020.01.18-17.05.25:620][802]LogModuleManager: Shutting down and abandoning module GearVR (52)
[2020.01.18-17.05.25:620][802]LogModuleManager: Shutting down and abandoning module ExampleDeviceProfileSelector (50)
[2020.01.18-17.05.25:620][802]LogModuleManager: Shutting down and abandoning module OnlineBlueprintSupport (48)
[2020.01.18-17.05.25:620][802]LogModuleManager: Shutting down and abandoning module OnlineSubsystem (44)
[2020.01.18-17.05.25:620][802]LogOnline:Display: Unloading online subsystem: NULL
[2020.01.18-17.05.25:620][802]LogModuleManager: Shutting down and abandoning module XMPP (43)
[2020.01.18-17.05.25:620][802]LogModuleManager: Shutting down and abandoning module HTTP (41)
[2020.01.18-17.05.25:620][802]LogHttp:Display: Http module shutting down, but needs to wait on 1 outstanding Http requests:
[2020.01.18-17.05.25:620][802]LogHttp:Display: 	verb=[POST] url=[https://datarouter.ol.epicgames.com/datarouter/api/v1/public/data?SessionID=%7BCC5B4CDA-4A01-397E-9C62-FDB79A9F5601%7D&AppID=UEEditor.Rocket.Release&AppVersion=4.16.3-3561208%2B%2B%2BUE4%2BRelease-4.16&UserID=9e57c2c64b20593d5bf76f8216e1211c%7C3da654c4b0e74fa6a45970f2e66751cc%7Ca00a1342-5ee5-46c1-94e0-465cecb1bc04&AppEnvironment=datacollector-binary&UploadType=eteventstream] status=Processing
[2020.01.18-17.05.25:653][802]LogModuleManager: Shutting down and abandoning module SSL (40)
[2020.01.18-17.05.25:654][802]LogModuleManager: Shutting down and abandoning module HTTPChunkInstaller (36)
[2020.01.18-17.05.25:654][802]LogModuleManager: Shutting down and abandoning module AnimationModifiers (34)
[2020.01.18-17.05.25:654][802]LogModuleManager: Shutting down and abandoning module PropertyEditor (33)
[2020.01.18-17.05.25:654][802]LogModuleManager: Shutting down and abandoning module AudioEditor (30)
[2020.01.18-17.05.25:654][802]LogModuleManager: Shutting down and abandoning module TextureCompressor (28)
[2020.01.18-17.05.25:654][802]LogModuleManager: Shutting down and abandoning module ShaderCore (26)
[2020.01.18-17.05.25:654][802]LogModuleManager: Shutting down and abandoning module Landscape (24)
[2020.01.18-17.05.25:654][802]LogModuleManager: Shutting down and abandoning module SlateRHIRenderer (22)
[2020.01.18-17.05.25:654][802]LogModuleManager: Shutting down and abandoning module OpenGLDrv (20)
[2020.01.18-17.05.25:654][802]LogModuleManager: Shutting down and abandoning module D3D11RHI (18)
[2020.01.18-17.05.25:654][802]LogModuleManager: Shutting down and abandoning module AnimGraphRuntime (16)
[2020.01.18-17.05.25:654][802]LogModuleManager: Shutting down and abandoning module Renderer (14)
[2020.01.18-17.05.25:654][802]LogModuleManager: Shutting down and abandoning module Engine (12)
[2020.01.18-17.05.25:654][802]LogModuleManager: Shutting down and abandoning module CoreUObject (10)
[2020.01.18-17.05.25:654][802]LogModuleManager: Shutting down and abandoning module NetworkFile (8)
[2020.01.18-17.05.25:654][802]LogModuleManager: Shutting down and abandoning module StreamingFile (6)
[2020.01.18-17.05.25:654][802]LogModuleManager: Shutting down and abandoning module SandboxFile (4)
[2020.01.18-17.05.25:654][802]LogModuleManager: Shutting down and abandoning module PakFile (2)
[2020.01.18-17.05.25:656][802]LogExit: Exiting.
[2020.01.18-17.05.25:673][802]Log file closed, 01/18/20 18:05:25
